[ 33%] Built target dynamic_object
[ 66%] Built target dynamic_ball
[35m[1mConsolidate compiler generated dependencies of target sim_node[0m
[ 83%] [32mBuilding CXX object CMakeFiles/sim_node.dir/src/run_sim.cpp.o[0m
[01m[K/home/hollis/cu/5254_final/src/amp_sim/src/run_sim.cpp:[m[K In constructor â€˜[01m[KSimNode::SimNode()[m[Kâ€™:
[01m[K/home/hollis/cu/5254_final/src/amp_sim/src/run_sim.cpp:38:92:[m[K [01;31m[Kerror: [m[Kno matching function for call to â€˜[01m[Kempty()[m[Kâ€™
   38 |             dynamic_objects.push_back(new DynamicBall(ball_damping, 1, "ball_1", [01;31m[Kstd::empty()[m[K));
      |                                                                                  [01;31m[K~~~~~~~~~~^~[m[K
In file included from [01m[K/usr/include/c++/11/string:54[m[K,
                 from [01m[K/usr/include/c++/11/bits/locale_classes.h:40[m[K,
                 from [01m[K/usr/include/c++/11/bits/ios_base.h:41[m[K,
                 from [01m[K/usr/include/c++/11/ios:42[m[K,
                 from [01m[K/usr/include/c++/11/istream:38[m[K,
                 from [01m[K/usr/include/c++/11/sstream:38[m[K,
                 from [01m[K/usr/include/c++/11/complex:45[m[K,
                 from [01m[K/usr/include/eigen3/Eigen/Core:50[m[K,
                 from [01m[K/usr/include/eigen3/Eigen/Dense:1[m[K,
                 from [01m[K/home/hollis/cu/5254_final/src/amp_sim/include/amp_sim/dynamic_ball.hpp:3[m[K,
                 from [01m[K/home/hollis/cu/5254_final/src/amp_sim/src/run_sim.cpp:3[m[K:
[01m[K/usr/include/c++/11/bits/range_access.h:263:5:[m[K [01;36m[Knote: [m[Kcandidate: â€˜[01m[Ktemplate<class _Container> constexpr decltype (__cont.empty()) std::empty(const _Container&)[m[Kâ€™
  263 |     [01;36m[Kempty[m[K(const _Container& __cont) noexcept(noexcept(__cont.empty()))
      |     [01;36m[K^~~~~[m[K
[01m[K/usr/include/c++/11/bits/range_access.h:263:5:[m[K [01;36m[Knote: [m[K  template argument deduction/substitution failed:
[01m[K/home/hollis/cu/5254_final/src/amp_sim/src/run_sim.cpp:38:92:[m[K [01;36m[Knote: [m[K  candidate expects 1 argument, 0 provided
   38 |             dynamic_objects.push_back(new DynamicBall(ball_damping, 1, "ball_1", [01;36m[Kstd::empty()[m[K));
      |                                                                                  [01;36m[K~~~~~~~~~~^~[m[K
In file included from [01m[K/usr/include/c++/11/string:54[m[K,
                 from [01m[K/usr/include/c++/11/bits/locale_classes.h:40[m[K,
                 from [01m[K/usr/include/c++/11/bits/ios_base.h:41[m[K,
                 from [01m[K/usr/include/c++/11/ios:42[m[K,
                 from [01m[K/usr/include/c++/11/istream:38[m[K,
                 from [01m[K/usr/include/c++/11/sstream:38[m[K,
                 from [01m[K/usr/include/c++/11/complex:45[m[K,
                 from [01m[K/usr/include/eigen3/Eigen/Core:50[m[K,
                 from [01m[K/usr/include/eigen3/Eigen/Dense:1[m[K,
                 from [01m[K/home/hollis/cu/5254_final/src/amp_sim/include/amp_sim/dynamic_ball.hpp:3[m[K,
                 from [01m[K/home/hollis/cu/5254_final/src/amp_sim/src/run_sim.cpp:3[m[K:
[01m[K/usr/include/c++/11/bits/range_access.h:272:5:[m[K [01;36m[Knote: [m[Kcandidate: â€˜[01m[Ktemplate<class _Tp, long unsigned int _Nm> constexpr bool std::empty(const _Tp (&)[_Nm])[m[Kâ€™
  272 |     [01;36m[Kempty[m[K(const _Tp (&)[_Nm]) noexcept
      |     [01;36m[K^~~~~[m[K
[01m[K/usr/include/c++/11/bits/range_access.h:272:5:[m[K [01;36m[Knote: [m[K  template argument deduction/substitution failed:
[01m[K/home/hollis/cu/5254_final/src/amp_sim/src/run_sim.cpp:38:92:[m[K [01;36m[Knote: [m[K  candidate expects 1 argument, 0 provided
   38 |             dynamic_objects.push_back(new DynamicBall(ball_damping, 1, "ball_1", [01;36m[Kstd::empty()[m[K));
      |                                                                                  [01;36m[K~~~~~~~~~~^~[m[K
In file included from [01m[K/usr/include/c++/11/string:54[m[K,
                 from [01m[K/usr/include/c++/11/bits/locale_classes.h:40[m[K,
                 from [01m[K/usr/include/c++/11/bits/ios_base.h:41[m[K,
                 from [01m[K/usr/include/c++/11/ios:42[m[K,
                 from [01m[K/usr/include/c++/11/istream:38[m[K,
                 from [01m[K/usr/include/c++/11/sstream:38[m[K,
                 from [01m[K/usr/include/c++/11/complex:45[m[K,
                 from [01m[K/usr/include/eigen3/Eigen/Core:50[m[K,
                 from [01m[K/usr/include/eigen3/Eigen/Dense:1[m[K,
                 from [01m[K/home/hollis/cu/5254_final/src/amp_sim/include/amp_sim/dynamic_ball.hpp:3[m[K,
                 from [01m[K/home/hollis/cu/5254_final/src/amp_sim/src/run_sim.cpp:3[m[K:
[01m[K/usr/include/c++/11/bits/range_access.h:281:5:[m[K [01;36m[Knote: [m[Kcandidate: â€˜[01m[Ktemplate<class _Tp> constexpr bool std::empty(std::initializer_list<_Tp>)[m[Kâ€™
  281 |     [01;36m[Kempty[m[K(initializer_list<_Tp> __il) noexcept
      |     [01;36m[K^~~~~[m[K
[01m[K/usr/include/c++/11/bits/range_access.h:281:5:[m[K [01;36m[Knote: [m[K  template argument deduction/substitution failed:
[01m[K/home/hollis/cu/5254_final/src/amp_sim/src/run_sim.cpp:38:92:[m[K [01;36m[Knote: [m[K  candidate expects 1 argument, 0 provided
   38 |             dynamic_objects.push_back(new DynamicBall(ball_damping, 1, "ball_1", [01;36m[Kstd::empty()[m[K));
      |                                                                                  [01;36m[K~~~~~~~~~~^~[m[K
[01m[K/home/hollis/cu/5254_final/src/amp_sim/src/run_sim.cpp:[m[K In member function â€˜[01m[Kvoid SimNode::launch_ball_cb(amp_msgs::msg::LaunchBall)[m[Kâ€™:
[01m[K/home/hollis/cu/5254_final/src/amp_sim/src/run_sim.cpp:76:55:[m[K [01;35m[Kwarning: [m[Kunused parameter â€˜[01m[Kmsg[m[Kâ€™ [[01;35m[K]8;;https://gcc.gnu.org/onlinedocs/gcc/Warning-Options.html#index-Wunused-parameter-Wunused-parameter]8;;[m[K]
   76 |         void launch_ball_cb([01;35m[Kamp_msgs::msg::LaunchBall msg[m[K){
      |                             [01;35m[K~~~~~~~~~~~~~~~~~~~~~~~~~~^~~[m[K
gmake[2]: *** [CMakeFiles/sim_node.dir/build.make:76: CMakeFiles/sim_node.dir/src/run_sim.cpp.o] Error 1
gmake[1]: *** [CMakeFiles/Makefile2:194: CMakeFiles/sim_node.dir/all] Error 2
gmake: *** [Makefile:146: all] Error 2
