[01m[K/home/hollis/cu/5254_final/src/amp_agents/src/agent_backend.cpp:[m[K In member function â€˜[01m[Kgeometry_msgs::msg::TransformStamped AgentBackend::getBallTransform(int)[m[Kâ€™:
[01m[K/home/hollis/cu/5254_final/src/amp_agents/src/agent_backend.cpp:77:26:[m[K [01;35m[Kwarning: [m[Kcomparison of integer expressions of different signedness: â€˜[01m[Kint[m[Kâ€™ and â€˜[01m[Kstd::vector<int>::size_type[m[Kâ€™ {aka â€˜[01m[Klong unsigned int[m[Kâ€™} [[01;35m[K]8;;https://gcc.gnu.org/onlinedocs/gcc/Warning-Options.html#index-Wsign-compare-Wsign-compare]8;;[m[K]
   77 |         for(int i = 0; [01;35m[Ki < valid_ball_frames.size()[m[K; i++){
      |                        [01;35m[K~~^~~~~~~~~~~~~~~~~~~~~~~~~~[m[K
In file included from [01m[K/opt/ros/humble/include/rclcpp/rclcpp/logging.hpp:24[m[K,
                 from [01m[K/opt/ros/humble/include/rclcpp/rclcpp/client.hpp:40[m[K,
                 from [01m[K/opt/ros/humble/include/rclcpp/rclcpp/callback_group.hpp:24[m[K,
                 from [01m[K/opt/ros/humble/include/rclcpp/rclcpp/any_executable.hpp:20[m[K,
                 from [01m[K/opt/ros/humble/include/rclcpp/rclcpp/memory_strategy.hpp:25[m[K,
                 from [01m[K/opt/ros/humble/include/rclcpp/rclcpp/memory_strategies.hpp:18[m[K,
                 from [01m[K/opt/ros/humble/include/rclcpp/rclcpp/executor_options.hpp:20[m[K,
                 from [01m[K/opt/ros/humble/include/rclcpp/rclcpp/executor.hpp:37[m[K,
                 from [01m[K/opt/ros/humble/include/rclcpp/rclcpp/executors/multi_threaded_executor.hpp:25[m[K,
                 from [01m[K/opt/ros/humble/include/rclcpp/rclcpp/executors.hpp:21[m[K,
                 from [01m[K/opt/ros/humble/include/rclcpp/rclcpp/rclcpp.hpp:155[m[K,
                 from [01m[K/home/hollis/cu/5254_final/src/amp_agents/include/amp_agents/agent_backend.hpp:9[m[K,
                 from [01m[K/home/hollis/cu/5254_final/src/amp_agents/src/agent_backend.cpp:1[m[K:
[01m[K/home/hollis/cu/5254_final/src/amp_agents/src/agent_backend.cpp:[m[K In member function â€˜[01m[Kgeometry_msgs::msg::TransformStamped AgentBackend::getTransform(std::string, std::string)[m[Kâ€™:
[01m[K/home/hollis/cu/5254_final/src/amp_agents/src/agent_backend.cpp:106:35:[m[K [01;35m[Kwarning: [m[Kformat â€˜[01m[K%s[m[Kâ€™ expects argument of type â€˜[01m[Kchar*[m[Kâ€™, but argument 5 has type â€˜[01m[Kstd::string[m[Kâ€™ {aka â€˜[01m[Kstd::__cxx11::basic_string<char>[m[Kâ€™} [[01;35m[K]8;;https://gcc.gnu.org/onlinedocs/gcc/Warning-Options.html#index-Wformat=-Wformat=]8;;[m[K]
  106 |         RCLCPP_WARN(get_logger(), [01;35m[K"Could not transform %s to %s: %s"[m[K, to_frame, from_frame, ex.what());
      |                                   [01;35m[K^~~~~~~~~~~~~~~~~~~~~~~~~~~~~~~~~~[m[K
[01m[K/home/hollis/cu/5254_final/src/amp_agents/src/agent_backend.cpp:106:57:[m[K [01;36m[Knote: [m[Kformat string is defined here
  106 |         RCLCPP_WARN(get_logger(), "Could not transform [01;36m[K%s[m[K to %s: %s", to_frame, from_frame, ex.what());
      |                                                        [01;36m[K~^[m[K
      |                                                         [01;36m[K|[m[K
      |                                                         [01;36m[Kchar*[m[K
In file included from [01m[K/opt/ros/humble/include/rclcpp/rclcpp/logging.hpp:24[m[K,
                 from [01m[K/opt/ros/humble/include/rclcpp/rclcpp/client.hpp:40[m[K,
                 from [01m[K/opt/ros/humble/include/rclcpp/rclcpp/callback_group.hpp:24[m[K,
                 from [01m[K/opt/ros/humble/include/rclcpp/rclcpp/any_executable.hpp:20[m[K,
                 from [01m[K/opt/ros/humble/include/rclcpp/rclcpp/memory_strategy.hpp:25[m[K,
                 from [01m[K/opt/ros/humble/include/rclcpp/rclcpp/memory_strategies.hpp:18[m[K,
                 from [01m[K/opt/ros/humble/include/rclcpp/rclcpp/executor_options.hpp:20[m[K,
                 from [01m[K/opt/ros/humble/include/rclcpp/rclcpp/executor.hpp:37[m[K,
                 from [01m[K/opt/ros/humble/include/rclcpp/rclcpp/executors/multi_threaded_executor.hpp:25[m[K,
                 from [01m[K/opt/ros/humble/include/rclcpp/rclcpp/executors.hpp:21[m[K,
                 from [01m[K/opt/ros/humble/include/rclcpp/rclcpp/rclcpp.hpp:155[m[K,
                 from [01m[K/home/hollis/cu/5254_final/src/amp_agents/include/amp_agents/agent_backend.hpp:9[m[K,
                 from [01m[K/home/hollis/cu/5254_final/src/amp_agents/src/agent_backend.cpp:1[m[K:
[01m[K/home/hollis/cu/5254_final/src/amp_agents/src/agent_backend.cpp:106:35:[m[K [01;35m[Kwarning: [m[Kformat â€˜[01m[K%s[m[Kâ€™ expects argument of type â€˜[01m[Kchar*[m[Kâ€™, but argument 6 has type â€˜[01m[Kstd::string[m[Kâ€™ {aka â€˜[01m[Kstd::__cxx11::basic_string<char>[m[Kâ€™} [[01;35m[K]8;;https://gcc.gnu.org/onlinedocs/gcc/Warning-Options.html#index-Wformat=-Wformat=]8;;[m[K]
  106 |         RCLCPP_WARN(get_logger(), [01;35m[K"Could not transform %s to %s: %s"[m[K, to_frame, from_frame, ex.what());
      |                                   [01;35m[K^~~~~~~~~~~~~~~~~~~~~~~~~~~~~~~~~~[m[K
[01m[K/home/hollis/cu/5254_final/src/amp_agents/src/agent_backend.cpp:106:63:[m[K [01;36m[Knote: [m[Kformat string is defined here
  106 |         RCLCPP_WARN(get_logger(), "Could not transform %s to [01;36m[K%s[m[K: %s", to_frame, from_frame, ex.what());
      |                                                              [01;36m[K~^[m[K
      |                                                               [01;36m[K|[m[K
      |                                                               [01;36m[Kchar*[m[K
[01m[K/home/hollis/cu/5254_final/src/amp_agents/src/agent_backend.cpp:[m[K In member function â€˜[01m[Kvirtual void AgentBackend::generate_tree(int, BallCatchEnvironment)[m[Kâ€™:
[01m[K/home/hollis/cu/5254_final/src/amp_agents/src/agent_backend.cpp:153:38:[m[K [01;35m[Kwarning: [m[Kunused parameter â€˜[01m[Knumber_of_nodes[m[Kâ€™ [[01;35m[K]8;;https://gcc.gnu.org/onlinedocs/gcc/Warning-Options.html#index-Wunused-parameter-Wunused-parameter]8;;[m[K]
  153 | void AgentBackend::generate_tree([01;35m[Kint number_of_nodes[m[K, BallCatchEnvironment env){
      |                                  [01;35m[K~~~~^~~~~~~~~~~~~~~[m[K
[01m[K/home/hollis/cu/5254_final/src/amp_agents/src/agent_backend.cpp:153:76:[m[K [01;35m[Kwarning: [m[Kunused parameter â€˜[01m[Kenv[m[Kâ€™ [[01;35m[K]8;;https://gcc.gnu.org/onlinedocs/gcc/Warning-Options.html#index-Wunused-parameter-Wunused-parameter]8;;[m[K]
  153 |  AgentBackend::generate_tree(int number_of_nodes, [01;35m[KBallCatchEnvironment env[m[K){
      |                                                   [01;35m[K~~~~~~~~~~~~~~~~~~~~~^~~[m[K

/usr/bin/ld: libbackend.a(agent_backend.cpp.o): in function `getYawQuat(double)':
agent_backend.cpp:(.text+0x69): multiple definition of `getYawQuat(double)'; CMakeFiles/run.dir/src/run_agent.cpp.o:run_agent.cpp:(.text+0x0): first defined here
/usr/bin/ld: libsst_tree.a(propagate_sst.cpp.o): in function `getYawQuat(double)':
propagate_sst.cpp:(.text+0x0): multiple definition of `getYawQuat(double)'; CMakeFiles/run.dir/src/run_agent.cpp.o:run_agent.cpp:(.text+0x0): first defined here
/usr/bin/ld: cannot find -ldynamic_object: No such file or directory
/usr/bin/ld: cannot find -lomni_agent: No such file or directory
collect2: error: ld returned 1 exit status
gmake[2]: *** [CMakeFiles/run.dir/build.make:213: run] Error 1
gmake[1]: *** [CMakeFiles/Makefile2:222: CMakeFiles/run.dir/all] Error 2
gmake: *** [Makefile:146: all] Error 2
