[0.006s] Invoking command in '/home/hollis/cu/5254_final/build/amp_agents': CMAKE_PREFIX_PATH=/home/hollis/cu/5254_final/install/amp_sim:/home/hollis/cu/5254_final/install/amp_msgs:/home/hollis/cu/5254_final/install/amp_viz:/home/hollis/cu/5254_final/install/amp_agents:/opt/ros/humble LD_LIBRARY_PATH=/home/hollis/cu/5254_final/install/amp_msgs/lib:/home/hollis/cu/5254_final/install/amp_viz/lib:/home/hollis/cu/5254_final/install/amp_sim/lib:/opt/ros/humble/opt/rviz_ogre_vendor/lib:/opt/ros/humble/lib/x86_64-linux-gnu:/opt/ros/humble/lib /usr/bin/cmake --build /home/hollis/cu/5254_final/build/amp_agents -- -j24 -l24
[0.020s] -- Found ament_cmake: 1.3.12 (/opt/ros/humble/share/ament_cmake/cmake)
[0.085s] -- Found rclcpp: 16.0.15 (/opt/ros/humble/share/rclcpp/cmake)
[0.098s] -- Found rosidl_generator_c: 3.1.7 (/opt/ros/humble/share/rosidl_generator_c/cmake)
[0.099s] -- Found rosidl_adapter: 3.1.7 (/opt/ros/humble/share/rosidl_adapter/cmake)
[0.102s] -- Found rosidl_generator_cpp: 3.1.7 (/opt/ros/humble/share/rosidl_generator_cpp/cmake)
[0.106s] -- Using all available rosidl_typesupport_c: rosidl_typesupport_fastrtps_c;rosidl_typesupport_introspection_c
[0.112s] -- Using all available rosidl_typesupport_cpp: rosidl_typesupport_fastrtps_cpp;rosidl_typesupport_introspection_cpp
[0.126s] -- Found rmw_implementation_cmake: 6.1.2 (/opt/ros/humble/share/rmw_implementation_cmake/cmake)
[0.126s] -- Found rmw_fastrtps_cpp: 6.2.8 (/opt/ros/humble/share/rmw_fastrtps_cpp/cmake)
[0.179s] -- Using RMW implementation 'rmw_fastrtps_cpp' as default
[0.204s] -- Found geometry_msgs: 4.9.0 (/opt/ros/humble/share/geometry_msgs/cmake)
[0.211s] -- Found tf2: 0.25.16 (/opt/ros/humble/share/tf2/cmake)
[0.214s] -- Found tf2_ros: 0.25.16 (/opt/ros/humble/share/tf2_ros/cmake)
[0.257s] -- Found amp_msgs: 0.0.0 (/home/hollis/cu/5254_final/install/amp_msgs/share/amp_msgs/cmake)
[0.261s] -- Found amp_sim: 0.0.0 (/home/hollis/cu/5254_final/install/amp_sim/share/amp_sim/cmake)
[0.263s] -- Found ament_lint_auto: 0.12.14 (/opt/ros/humble/share/ament_lint_auto/cmake)
[0.305s] -- Added test 'cppcheck' to perform static code analysis on C / C++ code
[0.305s] -- Configured cppcheck include dirs: /home/hollis/cu/5254_final/src/amp_agents/include/amp_agents
[0.305s] -- Configured cppcheck exclude dirs and/or files: 
[0.306s] -- Added test 'lint_cmake' to check CMake code style
[0.306s] -- Added test 'uncrustify' to check C / C++ code style
[0.306s] -- Configured uncrustify additional arguments: 
[0.306s] -- Added test 'xmllint' to check XML markup files
[0.307s] -- Configuring done
[0.308s] [33mCMake Warning (dev) at CMakeLists.txt:28 (add_library):
[0.308s]   Policy CMP0115 is not set: Source file extensions must be explicit.  Run
[0.308s]   "cmake --help-policy CMP0115" for policy details.  Use the cmake_policy
[0.308s]   command to set the policy and suppress this warning.
[0.308s] 
[0.308s]   File:
[0.308s] 
[0.308s]     /home/hollis/cu/5254_final/src/amp_agents/src/propagate_sst.cpp
[0.308s] This warning is for project developers.  Use -Wno-dev to suppress it.
[0.309s] [0m
[0.315s] -- Generating done
[0.319s] -- Build files have been written to: /home/hollis/cu/5254_final/build/amp_agents
[0.343s] [35m[1mConsolidate compiler generated dependencies of target backend[0m
[0.344s] [ 16%] [32mBuilding CXX object CMakeFiles/sst_tree.dir/src/propagate_sst.cpp.o[0m
[0.354s] [ 50%] Built target backend
[0.360s] [35m[1mConsolidate compiler generated dependencies of target run[0m
[0.374s] [ 83%] Built target run
[0.801s] In file included from [01m[K/home/hollis/cu/5254_final/src/amp_agents/src/propagate_sst.cpp:1[m[K:
[0.801s] [01m[K/home/hollis/cu/5254_final/src/amp_agents/include/amp_agents/propagate_sst.hpp:127:30:[m[K [01;31m[Kerror: [m[Kâ€˜[01m[KV12[m[Kâ€™ has not been declared
[0.801s]   127 |         bool propagate_agent([01;31m[KV12[m[K controls, double duration);
[0.801s]       |                              [01;31m[K^~~[m[K
[0.803s] [01m[K/home/hollis/cu/5254_final/src/amp_agents/src/propagate_sst.cpp:[m[K In member function â€˜[01m[KV13d SstTree::generate_random_sample()[m[Kâ€™:
[0.803s] [01m[K/home/hollis/cu/5254_final/src/amp_agents/src/propagate_sst.cpp:48:1:[m[K [01;35m[Kwarning: [m[Kno return statement in function returning non-void [[01;35m[K]8;;https://gcc.gnu.org/onlinedocs/gcc/Warning-Options.html#index-Wreturn-type-Wreturn-type]8;;[m[K]
[0.803s]    48 | [01;35m[K}[m[K
[0.803s]       | [01;35m[K^[m[K
[0.808s] [01m[K/home/hollis/cu/5254_final/src/amp_agents/src/propagate_sst.cpp:[m[K In member function â€˜[01m[KSstNode* SstTree::getLowestCostNodeWithinRange(V13d)[m[Kâ€™:
[0.808s] [01m[K/home/hollis/cu/5254_final/src/amp_agents/src/propagate_sst.cpp:92:28:[m[K [01;31m[Kerror: [m[Krequest for member â€˜[01m[Kcost_from_source[m[Kâ€™ in â€˜[01m[K* it.std::_List_iterator<SstNode*>::operator->()[m[Kâ€™, which is of pointer type â€˜[01m[KSstNode*[m[Kâ€™ (maybe you meant to use â€˜[01m[K->[m[Kâ€™ ?)
[0.808s]    92 |                 cost = it->[01;31m[Kcost_from_source[m[K;
[0.808s]       |                            [01;31m[K^~~~~~~~~~~~~~~~[m[K
[0.808s] [01m[K/home/hollis/cu/5254_final/src/amp_agents/src/propagate_sst.cpp:99:31:[m[K [01;31m[Kerror: [m[Kcannot convert â€˜[01m[KSstNode**[m[Kâ€™ to â€˜[01m[KSstNode*[m[Kâ€™ in assignment
[0.808s]    99 |                 lowest_node = [01;31m[K&(*it)[m[K;
[0.808s]       |                               [01;31m[K^~~~~~[m[K
[0.808s]       |                               [01;31m[K|[m[K
[0.808s]       |                               [01;31m[KSstNode**[m[K
[0.808s] [01m[K/home/hollis/cu/5254_final/src/amp_agents/src/propagate_sst.cpp:[m[K In member function â€˜[01m[KV12d SstTree::generate_random_controls()[m[Kâ€™:
[0.808s] [01m[K/home/hollis/cu/5254_final/src/amp_agents/src/propagate_sst.cpp:119:22:[m[K [01;35m[Kwarning: [m[Kcomparison of integer expressions of different signedness: â€˜[01m[Kint[m[Kâ€™ and â€˜[01m[Kstd::vector<std::pair<double, double> >::size_type[m[Kâ€™ {aka â€˜[01m[Klong unsigned int[m[Kâ€™} [[01;35m[K]8;;https://gcc.gnu.org/onlinedocs/gcc/Warning-Options.html#index-Wsign-compare-Wsign-compare]8;;[m[K]
[0.809s]   119 |     for(int i = 0; [01;35m[Ki < env.control_limits.size()[m[K; i++){
[0.809s]       |                    [01;35m[K~~^~~~~~~~~~~~~~~~~~~~~~~~~~~[m[K
[0.809s] [01m[K/home/hollis/cu/5254_final/src/amp_agents/src/propagate_sst.cpp:[m[K At global scope:
[0.809s] [01m[K/home/hollis/cu/5254_final/src/amp_agents/src/propagate_sst.cpp:130:6:[m[K [01;31m[Kerror: [m[Kno declaration matches â€˜[01m[Kbool SstTree::propagate_agent(V12d, double)[m[Kâ€™
[0.809s]   130 | bool [01;31m[KSstTree[m[K::propagate_agent(V12d controls, double duration){
[0.809s]       |      [01;31m[K^~~~~~~[m[K
[0.809s] In file included from [01m[K/home/hollis/cu/5254_final/src/amp_agents/src/propagate_sst.cpp:1[m[K:
[0.809s] [01m[K/home/hollis/cu/5254_final/src/amp_agents/include/amp_agents/propagate_sst.hpp:127:14:[m[K [01;36m[Knote: [m[Kcandidate is: â€˜[01m[Kbool SstTree::propagate_agent(int, double)[m[Kâ€™
[0.809s]   127 |         bool [01;36m[Kpropagate_agent[m[K(V12 controls, double duration);
[0.809s]       |              [01;36m[K^~~~~~~~~~~~~~~[m[K
[0.809s] [01m[K/home/hollis/cu/5254_final/src/amp_agents/include/amp_agents/propagate_sst.hpp:95:7:[m[K [01;36m[Knote: [m[Kâ€˜[01m[Kclass SstTree[m[Kâ€™ defined here
[0.809s]    95 | class [01;36m[KSstTree[m[K{
[0.809s]       |       [01;36m[K^~~~~~~[m[K
[0.809s] [01m[K/home/hollis/cu/5254_final/src/amp_agents/src/propagate_sst.cpp:[m[K In member function â€˜[01m[KSstNode SstTree::generateNewNode()[m[Kâ€™:
[0.809s] [01m[K/home/hollis/cu/5254_final/src/amp_agents/src/propagate_sst.cpp:193:29:[m[K [01;31m[Kerror: [m[Kcannot convert â€˜[01m[KV12d[m[Kâ€™ {aka â€˜[01m[KEigen::Matrix<double, 12, 1>[m[Kâ€™} to â€˜[01m[Kint[m[Kâ€™
[0.809s]   193 |         if(!propagate_agent([01;31m[Kcontrol[m[K, duration)){
[0.809s]       |                             [01;31m[K^~~~~~~[m[K
[0.809s]       |                             [01;31m[K|[m[K
[0.809s]       |                             [01;31m[KV12d {aka Eigen::Matrix<double, 12, 1>}[m[K
[0.809s] In file included from [01m[K/home/hollis/cu/5254_final/src/amp_agents/src/propagate_sst.cpp:1[m[K:
[0.809s] [01m[K/home/hollis/cu/5254_final/src/amp_agents/include/amp_agents/propagate_sst.hpp:127:34:[m[K [01;36m[Knote: [m[K  initializing argument 1 of â€˜[01m[Kbool SstTree::propagate_agent(int, double)[m[Kâ€™
[0.809s]   127 |         bool propagate_agent([01;36m[KV12 controls[m[K, double duration);
[0.809s]       |                              [01;36m[K~~~~^~~~~~~~[m[K
[0.854s] In file included from [01m[K/usr/include/eigen3/Eigen/Core:164[m[K,
[0.854s]                  from [01m[K/usr/include/eigen3/Eigen/Dense:1[m[K,
[0.854s]                  from [01m[K/home/hollis/cu/5254_final/src/amp_agents/include/amp_agents/propagate_sst.hpp:3[m[K,
[0.854s]                  from [01m[K/home/hollis/cu/5254_final/src/amp_agents/src/propagate_sst.cpp:1[m[K:
[0.854s] /usr/include/eigen3/Eigen/src/Core/PlainObjectBase.h: In instantiation of â€˜[01m[KEigen::PlainObjectBase<Derived>::PlainObjectBase(const Scalar&, const Scalar&, const Scalar&, const Scalar&, const ArgTypes& ...) [with ArgTypes = {double, double, double, int, double, double, int, int, int, double}; Derived = Eigen::Matrix<double, 13, 1>; Eigen::PlainObjectBase<Derived>::Scalar = double][m[Kâ€™:
[0.854s] [01m[K/usr/include/eigen3/Eigen/src/Core/Matrix.h:297:37:[m[K   required from â€˜[01m[KEigen::Matrix<_Scalar, _Rows, _Cols, _Options, _MaxRows, _MaxCols>::Matrix(const Scalar&, const Scalar&, const Scalar&, const Scalar&, const ArgTypes& ...) [with ArgTypes = {double, double, double, int, double, double, int, int, int, double}; _Scalar = double; int _Rows = 13; int _Cols = 1; int _Options = 0; int _MaxRows = 13; int _MaxCols = 1; Eigen::Matrix<_Scalar, _Rows, _Cols, _Options, _MaxRows, _MaxCols>::Scalar = double][m[Kâ€™
[0.854s] [01m[K/home/hollis/cu/5254_final/src/amp_agents/src/propagate_sst.cpp:41:78:[m[K   required from here
[0.854s] [01m[K/usr/include/eigen3/Eigen/src/Core/util/StaticAssert.h:158:77:[m[K [01;31m[Kerror: [m[Kstatic assertion failed: THIS_METHOD_IS_ONLY_FOR_VECTORS_OF_A_SPECIFIC_SIZE
[0.854s]   158 | _ASSERT(TYPE::IsVectorAtCompileTime && TYPE::SizeAtCompileTime==SIZE, \
[0.854s] 
[0.854s] [01m[K/usr/include/eigen3/Eigen/src/Core/util/StaticAssert.h:33:54:[m[K [01;36m[Knote: [m[Kin definition of macro â€˜[01m[KEIGEN_STATIC_ASSERT[m[Kâ€™
[0.854s]    33 |     #define EIGEN_STATIC_ASSERT(X,MSG) static_assert([01;36m[KX[m[K,#MSG);
[0.854s]       |                                                      [01;36m[K^[m[K
[0.854s] [01m[K/usr/include/eigen3/Eigen/src/Core/PlainObjectBase.h:538:7:[m[K [01;36m[Knote: [m[Kin expansion of macro â€˜[01m[KEIGEN_STATIC_ASSERT_VECTOR_SPECIFIC_SIZE[m[Kâ€™
[0.854s]   538 |       [01;36m[KEIGEN_STATIC_ASSERT_VECTOR_SPECIFIC_SIZE[m[K(PlainObjectBase, sizeof...(args) + 4);
[0.854s]       |       [01;36m[K^~~~~~~~~~~~~~~~~~~~~~~~~~~~~~~~~~~~~~~~[m[K
[0.854s] [01m[K/usr/include/eigen3/Eigen/src/Core/util/StaticAssert.h:158:77:[m[K [01;36m[Knote: [m[Kâ€˜[01m[K(((long unsigned int)((int)Eigen::DenseBase<Eigen::Matrix<double, 13, 1> >::SizeAtCompileTime)) == (10 + 4))[m[Kâ€™ evaluates to false
[0.854s]   158 | _ASSERT(TYPE::IsVectorAtCompileTime && TYPE::SizeAtCompileTime==SIZE, \
[0.854s] 
[0.854s] [01m[K/usr/include/eigen3/Eigen/src/Core/util/StaticAssert.h:33:54:[m[K [01;36m[Knote: [m[Kin definition of macro â€˜[01m[KEIGEN_STATIC_ASSERT[m[Kâ€™
[0.854s]    33 |     #define EIGEN_STATIC_ASSERT(X,MSG) static_assert([01;36m[KX[m[K,#MSG);
[0.854s]       |                                                      [01;36m[K^[m[K
[0.854s] [01m[K/usr/include/eigen3/Eigen/src/Core/PlainObjectBase.h:538:7:[m[K [01;36m[Knote: [m[Kin expansion of macro â€˜[01m[KEIGEN_STATIC_ASSERT_VECTOR_SPECIFIC_SIZE[m[Kâ€™
[0.854s]   538 |       [01;36m[KEIGEN_STATIC_ASSERT_VECTOR_SPECIFIC_SIZE[m[K(PlainObjectBase, sizeof...(args) + 4);
[0.854s]       |       [01;36m[K^~~~~~~~~~~~~~~~~~~~~~~~~~~~~~~~~~~~~~~~[m[K
[0.884s] /usr/include/eigen3/Eigen/src/Core/AssignEvaluator.h: In instantiation of â€˜[01m[Kvoid Eigen::internal::call_assignment_no_alias(Dst&, const Src&, const Func&) [with Dst = Eigen::Matrix<double, 13, 1>; Src = Eigen::Matrix<double, 3, 1>; Func = Eigen::internal::assign_op<double, double>][m[Kâ€™:
[0.884s] [01m[K/usr/include/eigen3/Eigen/src/Core/PlainObjectBase.h:797:41:[m[K   required from â€˜[01m[KDerived& Eigen::PlainObjectBase<Derived>::_set_noalias(const Eigen::DenseBase<OtherDerived>&) [with OtherDerived = Eigen::Matrix<double, 3, 1>; Derived = Eigen::Matrix<double, 13, 1>][m[Kâ€™
[0.884s] [01m[K/usr/include/eigen3/Eigen/src/Core/PlainObjectBase.h:594:19:[m[K   required from â€˜[01m[KEigen::PlainObjectBase<Derived>::PlainObjectBase(const Eigen::DenseBase<OtherDerived>&) [with OtherDerived = Eigen::Matrix<double, 3, 1>; Derived = Eigen::Matrix<double, 13, 1>][m[Kâ€™
[0.884s] [01m[K/usr/include/eigen3/Eigen/src/Core/Matrix.h:423:29:[m[K   required from â€˜[01m[KEigen::Matrix<_Scalar, _Rows, _Cols, _Options, _MaxRows, _MaxCols>::Matrix(const Eigen::EigenBase<OtherDerived>&) [with OtherDerived = Eigen::Matrix<double, 3, 1>; _Scalar = double; int _Rows = 13; int _Cols = 1; int _Options = 0; int _MaxRows = 13; int _MaxCols = 1][m[Kâ€™
[0.884s] [01m[K/home/hollis/cu/5254_final/src/amp_agents/src/propagate_sst.cpp:222:40:[m[K   required from here
[0.884s] [01m[K/usr/include/eigen3/Eigen/src/Core/util/StaticAssert.h:177:5:[m[K [01;31m[Kerror: [m[Kstatic assertion failed: YOU_MIXED_MATRICES_OF_DIFFERENT_SIZES
[0.884s]   175 |      [01;31m[K( \[m[K
[0.884s]       |      [01;31m[K~~~[m[K
[0.884s]   176 | [01;31m[K        (int(Eigen::internal::size_of_xpr_at_compile_time<TYPE0>::ret)==0 && int(Eigen::internal::size_of_xpr_at_compile_time<TYPE1>::ret)==0) \[m[K
[0.884s]       |         [01;31m[K~~~~~~~~~~~~~~~~~~~~~~~~~~~~~~~~~~~~~~~~~~~~~~~~~~~~~~~~~~~~~~~~~~~~~~~~~~~~~~~~~~~~~~~~~~~~~~~~~~~~~~~~~~~~~~~~~~~~~~~~~~~~~~~~~~~~~~~~[m[K
[0.884s]   177 | [01;31m[K    || (\[m[K
[0.884s]       |     [01;31m[K^~~~~[m[K
[0.884s]   178 | [01;31m[K          (int(TYPE0::RowsAtCompileTime)==Eigen::Dynamic \[m[K
[0.884s]       |           [01;31m[K~~~~~~~~~~~~~~~~~~~~~~~~~~~~~~~~~~~~~~~~~~~~~~~~[m[K
[0.884s]   179 | [01;31m[K        || int(TYPE1::RowsAtCompileTime)==Eigen::Dynamic \[m[K
[0.884s]       |         [01;31m[K~~~~~~~~~~~~~~~~~~~~~~~~~~~~~~~~~~~~~~~~~~~~~~~~~~[m[K
[0.884s]   180 | [01;31m[K        || int(TYPE0::RowsAtCompileTime)==int(TYPE1::RowsAtCompileTime)) \[m[K
[0.884s]       |         [01;31m[K~~~~~~~~~~~~~~~~~~~~~~~~~~~~~~~~~~~~~~~~~~~~~~~~~~~~~~~~~~~~~~~~~~[m[K
[0.884s]   181 | [01;31m[K      &&  (int(TYPE0::ColsAtCompileTime)==Eigen::Dynamic \[m[K
[0.884s]       |       [01;31m[K~~~~~~~~~~~~~~~~~~~~~~~~~~~~~~~~~~~~~~~~~~~~~~~~~~~~[m[K
[0.884s]   182 | [01;31m[K        || int(TYPE1::ColsAtCompileTime)==Eigen::Dynamic \[m[K
[0.884s]       |         [01;31m[K~~~~~~~~~~~~~~~~~~~~~~~~~~~~~~~~~~~~~~~~~~~~~~~~~~[m[K
[0.884s]   183 | [01;31m[K        || int(TYPE0::ColsAtCompileTime)==int(TYPE1::ColsAtCompileTime))\[m[K
[0.884s]       |         [01;31m[K~~~~~~~~~~~~~~~~~~~~~~~~~~~~~~~~~~~~~~~~~~~~~~~~~~~~~~~~~~~~~~~~~[m[K
[0.884s]   184 | [01;31m[K       ) \[m[K
[0.884s]       |        [01;31m[K~~~[m[K
[0.884s]   185 | [01;31m[K     )[m[K
[0.884s]       |      [01;31m[K~[m[K
[0.884s] [01m[K/usr/include/eigen3/Eigen/src/Core/util/StaticAssert.h:33:54:[m[K [01;36m[Knote: [m[Kin definition of macro â€˜[01m[KEIGEN_STATIC_ASSERT[m[Kâ€™
[0.884s]    33 |     #define EIGEN_STATIC_ASSERT(X,MSG) static_assert([01;36m[KX[m[K,#MSG);
[0.884s]       |                                                      [01;36m[K^[m[K
[0.884s] [01m[K/usr/include/eigen3/Eigen/src/Core/util/StaticAssert.h:194:6:[m[K [01;36m[Knote: [m[Kin expansion of macro â€˜[01m[KEIGEN_PREDICATE_SAME_MATRIX_SIZE[m[Kâ€™
[0.884s]   194 |      [01;36m[KEIGEN_PREDICATE_SAME_MATRIX_SIZE[m[K(TYPE0,TYPE1),\
[0.884s]       |      [01;36m[K^~~~~~~~~~~~~~~~~~~~~~~~~~~~~~~~[m[K
[0.884s] [01m[K/usr/include/eigen3/Eigen/src/Core/AssignEvaluator.h:887:3:[m[K [01;36m[Knote: [m[Kin expansion of macro â€˜[01m[KEIGEN_STATIC_ASSERT_SAME_MATRIX_SIZE[m[Kâ€™
[0.884s]   887 |   [01;36m[KEIGEN_STATIC_ASSERT_SAME_MATRIX_SIZE[m[K(ActualDstTypeCleaned,Src)
[0.884s]       |   [01;36m[K^~~~~~~~~~~~~~~~~~~~~~~~~~~~~~~~~~~~[m[K
[0.884s] [01m[K/usr/include/eigen3/Eigen/src/Core/util/StaticAssert.h:177:5:[m[K [01;36m[Knote: [m[Kâ€˜[01m[K(((((int)Eigen::internal::size_of_xpr_at_compile_time<Eigen::Matrix<double, 13, 1> >::ret) == 0) && (((int)Eigen::internal::size_of_xpr_at_compile_time<Eigen::Matrix<double, 3, 1> >::ret) == 0)) || ((((((int)Eigen::Matrix<double, 13, 1>::RowsAtCompileTime) == ((int)Eigen::Dynamic)) || (((int)Eigen::Matrix<double, 3, 1>::RowsAtCompileTime) == ((int)Eigen::Dynamic))) || (((int)Eigen::Matrix<double, 13, 1>::RowsAtCompileTime) == ((int)Eigen::Matrix<double, 3, 1>::RowsAtCompileTime))) && (((((int)Eigen::Matrix<double, 13, 1>::ColsAtCompileTime) == ((int)Eigen::Dynamic)) || (((int)Eigen::Matrix<double, 3, 1>::ColsAtCompileTime) == ((int)Eigen::Dynamic))) || (((int)Eigen::Matrix<double, 13, 1>::ColsAtCompileTime) == ((int)Eigen::Matrix<double, 3, 1>::ColsAtCompileTime)))))[m[Kâ€™ evaluates to false
[0.884s]   175 |      [01;36m[K( \[m[K
[0.884s]       |      [01;36m[K~~~[m[K
[0.884s]   176 | [01;36m[K        (int(Eigen::internal::size_of_xpr_at_compile_time<TYPE0>::ret)==0 && int(Eigen::internal::size_of_xpr_at_compile_time<TYPE1>::ret)==0) \[m[K
[0.884s]       |         [01;36m[K~~~~~~~~~~~~~~~~~~~~~~~~~~~~~~~~~~~~~~~~~~~~~~~~~~~~~~~~~~~~~~~~~~~~~~~~~~~~~~~~~~~~~~~~~~~~~~~~~~~~~~~~~~~~~~~~~~~~~~~~~~~~~~~~~~~~~~~~[m[K
[0.884s]   177 | [01;36m[K    || (\[m[K
[0.884s]       |     [01;36m[K^~~~~[m[K
[0.884s]   178 | [01;36m[K          (int(TYPE0::RowsAtCompileTime)==Eigen::Dynamic \[m[K
[0.884s]       |           [01;36m[K~~~~~~~~~~~~~~~~~~~~~~~~~~~~~~~~~~~~~~~~~~~~~~~~[m[K
[0.885s]   179 | [01;36m[K        || int(TYPE1::RowsAtCompileTime)==Eigen::Dynamic \[m[K
[0.885s]       |         [01;36m[K~~~~~~~~~~~~~~~~~~~~~~~~~~~~~~~~~~~~~~~~~~~~~~~~~~[m[K
[0.885s]   180 | [01;36m[K        || int(TYPE0::RowsAtCompileTime)==int(TYPE1::RowsAtCompileTime)) \[m[K
[0.885s]       |         [01;36m[K~~~~~~~~~~~~~~~~~~~~~~~~~~~~~~~~~~~~~~~~~~~~~~~~~~~~~~~~~~~~~~~~~~[m[K
[0.885s]   181 | [01;36m[K      &&  (int(TYPE0::ColsAtCompileTime)==Eigen::Dynamic \[m[K
[0.885s]       |       [01;36m[K~~~~~~~~~~~~~~~~~~~~~~~~~~~~~~~~~~~~~~~~~~~~~~~~~~~~[m[K
[0.885s]   182 | [01;36m[K        || int(TYPE1::ColsAtCompileTime)==Eigen::Dynamic \[m[K
[0.885s]       |         [01;36m[K~~~~~~~~~~~~~~~~~~~~~~~~~~~~~~~~~~~~~~~~~~~~~~~~~~[m[K
[0.885s]   183 | [01;36m[K        || int(TYPE0::ColsAtCompileTime)==int(TYPE1::ColsAtCompileTime))\[m[K
[0.885s]       |         [01;36m[K~~~~~~~~~~~~~~~~~~~~~~~~~~~~~~~~~~~~~~~~~~~~~~~~~~~~~~~~~~~~~~~~~[m[K
[0.885s]   184 | [01;36m[K       ) \[m[K
[0.885s]       |        [01;36m[K~~~[m[K
[0.885s]   185 | [01;36m[K     )[m[K
[0.885s]       |      [01;36m[K~[m[K
[0.885s] [01m[K/usr/include/eigen3/Eigen/src/Core/util/StaticAssert.h:33:54:[m[K [01;36m[Knote: [m[Kin definition of macro â€˜[01m[KEIGEN_STATIC_ASSERT[m[Kâ€™
[0.885s]    33 |     #define EIGEN_STATIC_ASSERT(X,MSG) static_assert([01;36m[KX[m[K,#MSG);
[0.885s]       |                                                      [01;36m[K^[m[K
[0.885s] [01m[K/usr/include/eigen3/Eigen/src/Core/util/StaticAssert.h:194:6:[m[K [01;36m[Knote: [m[Kin expansion of macro â€˜[01m[KEIGEN_PREDICATE_SAME_MATRIX_SIZE[m[Kâ€™
[0.885s]   194 |      [01;36m[KEIGEN_PREDICATE_SAME_MATRIX_SIZE[m[K(TYPE0,TYPE1),\
[0.885s]       |      [01;36m[K^~~~~~~~~~~~~~~~~~~~~~~~~~~~~~~~[m[K
[0.885s] [01m[K/usr/include/eigen3/Eigen/src/Core/AssignEvaluator.h:887:3:[m[K [01;36m[Knote: [m[Kin expansion of macro â€˜[01m[KEIGEN_STATIC_ASSERT_SAME_MATRIX_SIZE[m[Kâ€™
[0.885s]   887 |   [01;36m[KEIGEN_STATIC_ASSERT_SAME_MATRIX_SIZE[m[K(ActualDstTypeCleaned,Src)
[0.885s]       |   [01;36m[K^~~~~~~~~~~~~~~~~~~~~~~~~~~~~~~~~~~~[m[K
[0.925s] gmake[2]: *** [CMakeFiles/sst_tree.dir/build.make:76: CMakeFiles/sst_tree.dir/src/propagate_sst.cpp.o] Error 1
[0.925s] gmake[1]: *** [CMakeFiles/Makefile2:141: CMakeFiles/sst_tree.dir/all] Error 2
[0.925s] gmake: *** [Makefile:146: all] Error 2
[0.927s] Invoked command in '/home/hollis/cu/5254_final/build/amp_agents' returned '2': CMAKE_PREFIX_PATH=/home/hollis/cu/5254_final/install/amp_sim:/home/hollis/cu/5254_final/install/amp_msgs:/home/hollis/cu/5254_final/install/amp_viz:/home/hollis/cu/5254_final/install/amp_agents:/opt/ros/humble LD_LIBRARY_PATH=/home/hollis/cu/5254_final/install/amp_msgs/lib:/home/hollis/cu/5254_final/install/amp_viz/lib:/home/hollis/cu/5254_final/install/amp_sim/lib:/opt/ros/humble/opt/rviz_ogre_vendor/lib:/opt/ros/humble/lib/x86_64-linux-gnu:/opt/ros/humble/lib /usr/bin/cmake --build /home/hollis/cu/5254_final/build/amp_agents -- -j24 -l24
