[0.008s] Invoking command in '/home/hollis/cu/5254_final/build/amp_sim': CMAKE_PREFIX_PATH=/home/hollis/cu/5254_final/install/amp_msgs:/home/hollis/cu/5254_final/install/amp_viz:/home/hollis/cu/5254_final/install/amp_agents:/home/hollis/cu/5254_final/install/amp_sim:/opt/ros/humble LD_LIBRARY_PATH=/home/hollis/cu/5254_final/install/amp_msgs/lib:/home/hollis/cu/5254_final/install/amp_viz/lib:/home/hollis/cu/5254_final/install/amp_sim/lib:/opt/ros/humble/opt/rviz_ogre_vendor/lib:/opt/ros/humble/lib/x86_64-linux-gnu:/opt/ros/humble/lib /usr/bin/cmake --build /home/hollis/cu/5254_final/build/amp_sim -- -j24 -l24
[0.027s] -- Found ament_cmake: 1.3.12 (/opt/ros/humble/share/ament_cmake/cmake)
[0.107s] -- Found rclcpp: 16.0.15 (/opt/ros/humble/share/rclcpp/cmake)
[0.123s] -- Found rosidl_generator_c: 3.1.7 (/opt/ros/humble/share/rosidl_generator_c/cmake)
[0.126s] -- Found rosidl_adapter: 3.1.7 (/opt/ros/humble/share/rosidl_adapter/cmake)
[0.129s] -- Found rosidl_generator_cpp: 3.1.7 (/opt/ros/humble/share/rosidl_generator_cpp/cmake)
[0.134s] -- Using all available rosidl_typesupport_c: rosidl_typesupport_fastrtps_c;rosidl_typesupport_introspection_c
[0.141s] -- Using all available rosidl_typesupport_cpp: rosidl_typesupport_fastrtps_cpp;rosidl_typesupport_introspection_cpp
[0.168s] -- Found rmw_implementation_cmake: 6.1.2 (/opt/ros/humble/share/rmw_implementation_cmake/cmake)
[0.170s] -- Found rmw_fastrtps_cpp: 6.2.8 (/opt/ros/humble/share/rmw_fastrtps_cpp/cmake)
[0.244s] -- Using RMW implementation 'rmw_fastrtps_cpp' as default
[0.288s] -- Found geometry_msgs: 4.9.0 (/opt/ros/humble/share/geometry_msgs/cmake)
[0.302s] -- Found tf2: 0.25.16 (/opt/ros/humble/share/tf2/cmake)
[0.309s] -- Found tf2_ros: 0.25.16 (/opt/ros/humble/share/tf2_ros/cmake)
[0.376s] -- Found amp_msgs: 0.0.0 (/home/hollis/cu/5254_final/install/amp_msgs/share/amp_msgs/cmake)
[0.386s] -- Found ament_lint_auto: 0.12.14 (/opt/ros/humble/share/ament_lint_auto/cmake)
[0.429s] -- Added test 'cppcheck' to perform static code analysis on C / C++ code
[0.429s] -- Configured cppcheck include dirs: $<BUILD_INTERFACE:/home/hollis/cu/5254_final/src/amp_sim/include>
[0.429s] -- Configured cppcheck exclude dirs and/or files: 
[0.429s] -- Added test 'lint_cmake' to check CMake code style
[0.430s] -- Added test 'uncrustify' to check C / C++ code style
[0.430s] -- Configured uncrustify additional arguments: 
[0.430s] -- Added test 'xmllint' to check XML markup files
[0.430s] -- Configuring done
[0.438s] -- Generating done
[0.441s] -- Build files have been written to: /home/hollis/cu/5254_final/build/amp_sim
[0.463s] [35m[1mConsolidate compiler generated dependencies of target dynamic_object[0m
[0.470s] [ 25%] Built target dynamic_object
[0.476s] [35m[1mConsolidate compiler generated dependencies of target dynamic_ball[0m
[0.476s] [35m[1mConsolidate compiler generated dependencies of target omni_agent[0m
[0.489s] [ 75%] Built target omni_agent
[0.489s] [ 75%] Built target dynamic_ball
[0.495s] [35m[1mConsolidate compiler generated dependencies of target sim_node[0m
[0.506s] [ 87%] [32mBuilding CXX object CMakeFiles/sim_node.dir/src/run_sim.cpp.o[0m
[2.451s] [01m[K/home/hollis/cu/5254_final/src/amp_sim/src/run_sim.cpp:[m[K In member function â€˜[01m[Kvoid SimNode::handle_new_agent_path(amp_msgs::msg::IdealPath)[m[Kâ€™:
[2.451s] [01m[K/home/hollis/cu/5254_final/src/amp_sim/src/run_sim.cpp:71:31:[m[K [01;31m[Kerror: [m[Kno match for â€˜[01m[Koperator<[m[Kâ€™ (operand types are â€˜[01m[Kamp_msgs::msg::IdealPath_<std::allocator<void> >::_start_time_type[m[Kâ€™ {aka â€˜[01m[Kbuiltin_interfaces::msg::Time_<std::allocator<void> >[m[Kâ€™} and â€˜[01m[Kdouble[m[Kâ€™)
[2.452s]    71 |             if([32m[Kmsg.start_time[m[K [01;31m[K<[m[K [34m[Kget_current_time()[m[K){
[2.452s]       |                [32m[K~~~~~~~~~~~~~~[m[K [01;31m[K^[m[K [34m[K~~~~~~~~~~~~~~~~~~[m[K
[2.452s]       |                    [32m[K|[m[K                            [34m[K|[m[K
[2.452s]       |                    [32m[K|[m[K                            [34m[Kdouble[m[K
[2.452s]       |                    [32m[Kamp_msgs::msg::IdealPath_<std::allocator<void> >::_start_time_type {aka builtin_interfaces::msg::Time_<std::allocator<void> >}[m[K
[2.452s] In file included from [01m[K/usr/include/c++/11/bits/stl_algobase.h:64[m[K,
[2.452s]                  from [01m[K/usr/include/c++/11/bits/specfun.h:45[m[K,
[2.452s]                  from [01m[K/usr/include/c++/11/cmath:1935[m[K,
[2.452s]                  from [01m[K/usr/include/eigen3/Eigen/src/Core/util/Macros.h:679[m[K,
[2.452s]                  from [01m[K/usr/include/eigen3/Eigen/Core:19[m[K,
[2.452s]                  from [01m[K/usr/include/eigen3/Eigen/Dense:1[m[K,
[2.452s]                  from [01m[K/home/hollis/cu/5254_final/src/amp_sim/src/run_sim.cpp:3[m[K:
[2.452s] [01m[K/usr/include/c++/11/bits/stl_pair.h:489:5:[m[K [01;36m[Knote: [m[Kcandidate: â€˜[01m[Ktemplate<class _T1, class _T2> constexpr bool std::operator<(const std::pair<_T1, _T2>&, const std::pair<_T1, _T2>&)[m[Kâ€™
[2.452s]   489 |     [01;36m[Koperator[m[K<(const pair<_T1, _T2>& __x, const pair<_T1, _T2>& __y)
[2.452s]       |     [01;36m[K^~~~~~~~[m[K
[2.452s] [01m[K/usr/include/c++/11/bits/stl_pair.h:489:5:[m[K [01;36m[Knote: [m[K  template argument deduction/substitution failed:
[2.452s] [01m[K/home/hollis/cu/5254_final/src/amp_sim/src/run_sim.cpp:71:50:[m[K [01;36m[Knote: [m[K  â€˜[01m[Kamp_msgs::msg::IdealPath_<std::allocator<void> >::_start_time_type[m[Kâ€™ {aka â€˜[01m[Kbuiltin_interfaces::msg::Time_<std::allocator<void> >[m[Kâ€™} is not derived from â€˜[01m[Kconst std::pair<_T1, _T2>[m[Kâ€™
[2.452s]    71 |             if(msg.start_time < get_current_time([01;36m[K)[m[K){
[2.452s]       |                                                  [01;36m[K^[m[K
[2.452s] In file included from [01m[K/usr/include/c++/11/bits/stl_algobase.h:67[m[K,
[2.452s]                  from [01m[K/usr/include/c++/11/bits/specfun.h:45[m[K,
[2.452s]                  from [01m[K/usr/include/c++/11/cmath:1935[m[K,
[2.453s]                  from [01m[K/usr/include/eigen3/Eigen/src/Core/util/Macros.h:679[m[K,
[2.453s]                  from [01m[K/usr/include/eigen3/Eigen/Core:19[m[K,
[2.453s]                  from [01m[K/usr/include/eigen3/Eigen/Dense:1[m[K,
[2.453s]                  from [01m[K/home/hollis/cu/5254_final/src/amp_sim/src/run_sim.cpp:3[m[K:
[2.453s] [01m[K/usr/include/c++/11/bits/stl_iterator.h:426:5:[m[K [01;36m[Knote: [m[Kcandidate: â€˜[01m[Ktemplate<class _Iterator> constexpr bool std::operator<(const std::reverse_iterator<_Iterator>&, const std::reverse_iterator<_Iterator>&)[m[Kâ€™
[2.453s]   426 |     [01;36m[Koperator[m[K<(const reverse_iterator<_Iterator>& __x,
[2.453s]       |     [01;36m[K^~~~~~~~[m[K
[2.453s] [01m[K/usr/include/c++/11/bits/stl_iterator.h:426:5:[m[K [01;36m[Knote: [m[K  template argument deduction/substitution failed:
[2.453s] [01m[K/home/hollis/cu/5254_final/src/amp_sim/src/run_sim.cpp:71:50:[m[K [01;36m[Knote: [m[K  â€˜[01m[Kamp_msgs::msg::IdealPath_<std::allocator<void> >::_start_time_type[m[Kâ€™ {aka â€˜[01m[Kbuiltin_interfaces::msg::Time_<std::allocator<void> >[m[Kâ€™} is not derived from â€˜[01m[Kconst std::reverse_iterator<_Iterator>[m[Kâ€™
[2.453s]    71 |             if(msg.start_time < get_current_time([01;36m[K)[m[K){
[2.453s]       |                                                  [01;36m[K^[m[K
[2.453s] In file included from [01m[K/usr/include/c++/11/bits/stl_algobase.h:67[m[K,
[2.453s]                  from [01m[K/usr/include/c++/11/bits/specfun.h:45[m[K,
[2.453s]                  from [01m[K/usr/include/c++/11/cmath:1935[m[K,
[2.453s]                  from [01m[K/usr/include/eigen3/Eigen/src/Core/util/Macros.h:679[m[K,
[2.453s]                  from [01m[K/usr/include/eigen3/Eigen/Core:19[m[K,
[2.453s]                  from [01m[K/usr/include/eigen3/Eigen/Dense:1[m[K,
[2.453s]                  from [01m[K/home/hollis/cu/5254_final/src/amp_sim/src/run_sim.cpp:3[m[K:
[2.453s] [01m[K/usr/include/c++/11/bits/stl_iterator.h:465:5:[m[K [01;36m[Knote: [m[Kcandidate: â€˜[01m[Ktemplate<class _IteratorL, class _IteratorR> constexpr bool std::operator<(const std::reverse_iterator<_Iterator>&, const std::reverse_iterator<_IteratorR>&)[m[Kâ€™
[2.453s]   465 |     [01;36m[Koperator[m[K<(const reverse_iterator<_IteratorL>& __x,
[2.453s]       |     [01;36m[K^~~~~~~~[m[K
[2.453s] [01m[K/usr/include/c++/11/bits/stl_iterator.h:465:5:[m[K [01;36m[Knote: [m[K  template argument deduction/substitution failed:
[2.453s] [01m[K/home/hollis/cu/5254_final/src/amp_sim/src/run_sim.cpp:71:50:[m[K [01;36m[Knote: [m[K  â€˜[01m[Kamp_msgs::msg::IdealPath_<std::allocator<void> >::_start_time_type[m[Kâ€™ {aka â€˜[01m[Kbuiltin_interfaces::msg::Time_<std::allocator<void> >[m[Kâ€™} is not derived from â€˜[01m[Kconst std::reverse_iterator<_Iterator>[m[Kâ€™
[2.456s]    71 |             if(msg.start_time < get_current_time([01;36m[K)[m[K){
[2.456s]       |                                                  [01;36m[K^[m[K
[2.456s] In file included from [01m[K/usr/include/c++/11/bits/stl_algobase.h:67[m[K,
[2.456s]                  from [01m[K/usr/include/c++/11/bits/specfun.h:45[m[K,
[2.457s]                  from [01m[K/usr/include/c++/11/cmath:1935[m[K,
[2.457s]                  from [01m[K/usr/include/eigen3/Eigen/src/Core/util/Macros.h:679[m[K,
[2.457s]                  from [01m[K/usr/include/eigen3/Eigen/Core:19[m[K,
[2.457s]                  from [01m[K/usr/include/eigen3/Eigen/Dense:1[m[K,
[2.457s]                  from [01m[K/home/hollis/cu/5254_final/src/amp_sim/src/run_sim.cpp:3[m[K:
[2.457s] [01m[K/usr/include/c++/11/bits/stl_iterator.h:1609:5:[m[K [01;36m[Knote: [m[Kcandidate: â€˜[01m[Ktemplate<class _IteratorL, class _IteratorR> constexpr bool std::operator<(const std::move_iterator<_IteratorL>&, const std::move_iterator<_IteratorR>&)[m[Kâ€™
[2.457s]  1609 |     [01;36m[Koperator[m[K<(const move_iterator<_IteratorL>& __x,
[2.457s]       |     [01;36m[K^~~~~~~~[m[K
[2.457s] [01m[K/usr/include/c++/11/bits/stl_iterator.h:1609:5:[m[K [01;36m[Knote: [m[K  template argument deduction/substitution failed:
[2.457s] [01m[K/home/hollis/cu/5254_final/src/amp_sim/src/run_sim.cpp:71:50:[m[K [01;36m[Knote: [m[K  â€˜[01m[Kamp_msgs::msg::IdealPath_<std::allocator<void> >::_start_time_type[m[Kâ€™ {aka â€˜[01m[Kbuiltin_interfaces::msg::Time_<std::allocator<void> >[m[Kâ€™} is not derived from â€˜[01m[Kconst std::move_iterator<_IteratorL>[m[Kâ€™
[2.457s]    71 |             if(msg.start_time < get_current_time([01;36m[K)[m[K){
[2.457s]       |                                                  [01;36m[K^[m[K
[2.457s] In file included from [01m[K/usr/include/c++/11/bits/stl_algobase.h:67[m[K,
[2.457s]                  from [01m[K/usr/include/c++/11/bits/specfun.h:45[m[K,
[2.457s]                  from [01m[K/usr/include/c++/11/cmath:1935[m[K,
[2.457s]                  from [01m[K/usr/include/eigen3/Eigen/src/Core/util/Macros.h:679[m[K,
[2.457s]                  from [01m[K/usr/include/eigen3/Eigen/Core:19[m[K,
[2.457s]                  from [01m[K/usr/include/eigen3/Eigen/Dense:1[m[K,
[2.457s]                  from [01m[K/home/hollis/cu/5254_final/src/amp_sim/src/run_sim.cpp:3[m[K:
[2.457s] [01m[K/usr/include/c++/11/bits/stl_iterator.h:1667:5:[m[K [01;36m[Knote: [m[Kcandidate: â€˜[01m[Ktemplate<class _Iterator> constexpr bool std::operator<(const std::move_iterator<_IteratorL>&, const std::move_iterator<_IteratorL>&)[m[Kâ€™
[2.457s]  1667 |     [01;36m[Koperator[m[K<(const move_iterator<_Iterator>& __x,
[2.457s]       |     [01;36m[K^~~~~~~~[m[K
[2.457s] [01m[K/usr/include/c++/11/bits/stl_iterator.h:1667:5:[m[K [01;36m[Knote: [m[K  template argument deduction/substitution failed:
[2.457s] [01m[K/home/hollis/cu/5254_final/src/amp_sim/src/run_sim.cpp:71:50:[m[K [01;36m[Knote: [m[K  â€˜[01m[Kamp_msgs::msg::IdealPath_<std::allocator<void> >::_start_time_type[m[Kâ€™ {aka â€˜[01m[Kbuiltin_interfaces::msg::Time_<std::allocator<void> >[m[Kâ€™} is not derived from â€˜[01m[Kconst std::move_iterator<_IteratorL>[m[Kâ€™
[2.457s]    71 |             if(msg.start_time < get_current_time([01;36m[K)[m[K){
[2.457s]       |                                                  [01;36m[K^[m[K
[2.457s] In file included from [01m[K/usr/include/c++/11/bits/basic_string.h:48[m[K,
[2.457s]                  from [01m[K/usr/include/c++/11/string:55[m[K,
[2.457s]                  from [01m[K/usr/include/c++/11/bits/locale_classes.h:40[m[K,
[2.457s]                  from [01m[K/usr/include/c++/11/bits/ios_base.h:41[m[K,
[2.457s]                  from [01m[K/usr/include/c++/11/ios:42[m[K,
[2.457s]                  from [01m[K/usr/include/c++/11/istream:38[m[K,
[2.457s]                  from [01m[K/usr/include/c++/11/sstream:38[m[K,
[2.457s]                  from [01m[K/usr/include/c++/11/complex:45[m[K,
[2.457s]                  from [01m[K/usr/include/eigen3/Eigen/Core:50[m[K,
[2.457s]                  from [01m[K/usr/include/eigen3/Eigen/Dense:1[m[K,
[2.457s]                  from [01m[K/home/hollis/cu/5254_final/src/amp_sim/src/run_sim.cpp:3[m[K:
[2.457s] [01m[K/usr/include/c++/11/string_view:589:5:[m[K [01;36m[Knote: [m[Kcandidate: â€˜[01m[Ktemplate<class _CharT, class _Traits> constexpr bool std::operator<(std::basic_string_view<_CharT, _Traits>, std::basic_string_view<_CharT, _Traits>)[m[Kâ€™
[2.457s]   589 |     [01;36m[Koperator[m[K< (basic_string_view<_CharT, _Traits> __x,
[2.458s]       |     [01;36m[K^~~~~~~~[m[K
[2.458s] [01m[K/usr/include/c++/11/string_view:589:5:[m[K [01;36m[Knote: [m[K  template argument deduction/substitution failed:
[2.458s] [01m[K/home/hollis/cu/5254_final/src/amp_sim/src/run_sim.cpp:71:50:[m[K [01;36m[Knote: [m[K  â€˜[01m[Kbuiltin_interfaces::msg::Time_<std::allocator<void> >[m[Kâ€™ is not derived from â€˜[01m[Kstd::basic_string_view<_CharT, _Traits>[m[Kâ€™
[2.458s]    71 |             if(msg.start_time < get_current_time([01;36m[K)[m[K){
[2.458s]       |                                                  [01;36m[K^[m[K
[2.458s] In file included from [01m[K/usr/include/c++/11/bits/basic_string.h:48[m[K,
[2.458s]                  from [01m[K/usr/include/c++/11/string:55[m[K,
[2.458s]                  from [01m[K/usr/include/c++/11/bits/locale_classes.h:40[m[K,
[2.458s]                  from [01m[K/usr/include/c++/11/bits/ios_base.h:41[m[K,
[2.458s]                  from [01m[K/usr/include/c++/11/ios:42[m[K,
[2.458s]                  from [01m[K/usr/include/c++/11/istream:38[m[K,
[2.458s]                  from [01m[K/usr/include/c++/11/sstream:38[m[K,
[2.458s]                  from [01m[K/usr/include/c++/11/complex:45[m[K,
[2.458s]                  from [01m[K/usr/include/eigen3/Eigen/Core:50[m[K,
[2.458s]                  from [01m[K/usr/include/eigen3/Eigen/Dense:1[m[K,
[2.458s]                  from [01m[K/home/hollis/cu/5254_final/src/amp_sim/src/run_sim.cpp:3[m[K:
[2.458s] [01m[K/usr/include/c++/11/string_view:595:5:[m[K [01;36m[Knote: [m[Kcandidate: â€˜[01m[Ktemplate<class _CharT, class _Traits> constexpr bool std::operator<(std::basic_string_view<_CharT, _Traits>, std::__type_identity_t<std::basic_string_view<_CharT, _Traits> >)[m[Kâ€™
[2.458s]   595 |     [01;36m[Koperator[m[K< (basic_string_view<_CharT, _Traits> __x,
[2.458s]       |     [01;36m[K^~~~~~~~[m[K
[2.458s] [01m[K/usr/include/c++/11/string_view:595:5:[m[K [01;36m[Knote: [m[K  template argument deduction/substitution failed:
[2.458s] [01m[K/home/hollis/cu/5254_final/src/amp_sim/src/run_sim.cpp:71:50:[m[K [01;36m[Knote: [m[K  â€˜[01m[Kbuiltin_interfaces::msg::Time_<std::allocator<void> >[m[Kâ€™ is not derived from â€˜[01m[Kstd::basic_string_view<_CharT, _Traits>[m[Kâ€™
[2.458s]    71 |             if(msg.start_time < get_current_time([01;36m[K)[m[K){
[2.458s]       |                                                  [01;36m[K^[m[K
[2.458s] In file included from [01m[K/usr/include/c++/11/bits/basic_string.h:48[m[K,
[2.458s]                  from [01m[K/usr/include/c++/11/string:55[m[K,
[2.458s]                  from [01m[K/usr/include/c++/11/bits/locale_classes.h:40[m[K,
[2.458s]                  from [01m[K/usr/include/c++/11/bits/ios_base.h:41[m[K,
[2.458s]                  from [01m[K/usr/include/c++/11/ios:42[m[K,
[2.458s]                  from [01m[K/usr/include/c++/11/istream:38[m[K,
[2.458s]                  from [01m[K/usr/include/c++/11/sstream:38[m[K,
[2.458s]                  from [01m[K/usr/include/c++/11/complex:45[m[K,
[2.458s]                  from [01m[K/usr/include/eigen3/Eigen/Core:50[m[K,
[2.458s]                  from [01m[K/usr/include/eigen3/Eigen/Dense:1[m[K,
[2.458s]                  from [01m[K/home/hollis/cu/5254_final/src/amp_sim/src/run_sim.cpp:3[m[K:
[2.458s] [01m[K/usr/include/c++/11/string_view:602:5:[m[K [01;36m[Knote: [m[Kcandidate: â€˜[01m[Ktemplate<class _CharT, class _Traits> constexpr bool std::operator<(std::__type_identity_t<std::basic_string_view<_CharT, _Traits> >, std::basic_string_view<_CharT, _Traits>)[m[Kâ€™
[2.458s]   602 |     [01;36m[Koperator[m[K< (__type_identity_t<basic_string_view<_CharT, _Traits>> __x,
[2.458s]       |     [01;36m[K^~~~~~~~[m[K
[2.458s] [01m[K/usr/include/c++/11/string_view:602:5:[m[K [01;36m[Knote: [m[K  template argument deduction/substitution failed:
[2.458s] [01m[K/home/hollis/cu/5254_final/src/amp_sim/src/run_sim.cpp:71:50:[m[K [01;36m[Knote: [m[K  mismatched types â€˜[01m[Kstd::basic_string_view<_CharT, _Traits>[m[Kâ€™ and â€˜[01m[Kdouble[m[Kâ€™
[2.458s]    71 |             if(msg.start_time < get_current_time([01;36m[K)[m[K){
[2.458s]       |                                                  [01;36m[K^[m[K
[2.458s] In file included from [01m[K/usr/include/c++/11/string:55[m[K,
[2.458s]                  from [01m[K/usr/include/c++/11/bits/locale_classes.h:40[m[K,
[2.458s]                  from [01m[K/usr/include/c++/11/bits/ios_base.h:41[m[K,
[2.458s]                  from [01m[K/usr/include/c++/11/ios:42[m[K,
[2.458s]                  from [01m[K/usr/include/c++/11/istream:38[m[K,
[2.458s]                  from [01m[K/usr/include/c++/11/sstream:38[m[K,
[2.458s]                  from [01m[K/usr/include/c++/11/complex:45[m[K,
[2.459s]                  from [01m[K/usr/include/eigen3/Eigen/Core:50[m[K,
[2.459s]                  from [01m[K/usr/include/eigen3/Eigen/Dense:1[m[K,
[2.459s]                  from [01m[K/home/hollis/cu/5254_final/src/amp_sim/src/run_sim.cpp:3[m[K:
[2.459s] [01m[K/usr/include/c++/11/bits/basic_string.h:6340:5:[m[K [01;36m[Knote: [m[Kcandidate: â€˜[01m[Ktemplate<class _CharT, class _Traits, class _Alloc> bool std::operator<(const std::__cxx11::basic_string<_CharT, _Traits, _Allocator>&, const std::__cxx11::basic_string<_CharT, _Traits, _Allocator>&)[m[Kâ€™
[2.459s]  6340 |     [01;36m[Koperator[m[K<(const basic_string<_CharT, _Traits, _Alloc>& __lhs,
[2.459s]       |     [01;36m[K^~~~~~~~[m[K
[2.459s] [01m[K/usr/include/c++/11/bits/basic_string.h:6340:5:[m[K [01;36m[Knote: [m[K  template argument deduction/substitution failed:
[2.459s] [01m[K/home/hollis/cu/5254_final/src/amp_sim/src/run_sim.cpp:71:50:[m[K [01;36m[Knote: [m[K  â€˜[01m[Kamp_msgs::msg::IdealPath_<std::allocator<void> >::_start_time_type[m[Kâ€™ {aka â€˜[01m[Kbuiltin_interfaces::msg::Time_<std::allocator<void> >[m[Kâ€™} is not derived from â€˜[01m[Kconst std::__cxx11::basic_string<_CharT, _Traits, _Allocator>[m[Kâ€™
[2.459s]    71 |             if(msg.start_time < get_current_time([01;36m[K)[m[K){
[2.459s]       |                                                  [01;36m[K^[m[K
[2.459s] In file included from [01m[K/usr/include/c++/11/string:55[m[K,
[2.459s]                  from [01m[K/usr/include/c++/11/bits/locale_classes.h:40[m[K,
[2.459s]                  from [01m[K/usr/include/c++/11/bits/ios_base.h:41[m[K,
[2.459s]                  from [01m[K/usr/include/c++/11/ios:42[m[K,
[2.459s]                  from [01m[K/usr/include/c++/11/istream:38[m[K,
[2.459s]                  from [01m[K/usr/include/c++/11/sstream:38[m[K,
[2.459s]                  from [01m[K/usr/include/c++/11/complex:45[m[K,
[2.459s]                  from [01m[K/usr/include/eigen3/Eigen/Core:50[m[K,
[2.459s]                  from [01m[K/usr/include/eigen3/Eigen/Dense:1[m[K,
[2.459s]                  from [01m[K/home/hollis/cu/5254_final/src/amp_sim/src/run_sim.cpp:3[m[K:
[2.459s] [01m[K/usr/include/c++/11/bits/basic_string.h:6353:5:[m[K [01;36m[Knote: [m[Kcandidate: â€˜[01m[Ktemplate<class _CharT, class _Traits, class _Alloc> bool std::operator<(const std::__cxx11::basic_string<_CharT, _Traits, _Allocator>&, const _CharT*)[m[Kâ€™
[2.459s]  6353 |     [01;36m[Koperator[m[K<(const basic_string<_CharT, _Traits, _Alloc>& __lhs,
[2.459s]       |     [01;36m[K^~~~~~~~[m[K
[2.459s] [01m[K/usr/include/c++/11/bits/basic_string.h:6353:5:[m[K [01;36m[Knote: [m[K  template argument deduction/substitution failed:
[2.459s] [01m[K/home/hollis/cu/5254_final/src/amp_sim/src/run_sim.cpp:71:50:[m[K [01;36m[Knote: [m[K  â€˜[01m[Kamp_msgs::msg::IdealPath_<std::allocator<void> >::_start_time_type[m[Kâ€™ {aka â€˜[01m[Kbuiltin_interfaces::msg::Time_<std::allocator<void> >[m[Kâ€™} is not derived from â€˜[01m[Kconst std::__cxx11::basic_string<_CharT, _Traits, _Allocator>[m[Kâ€™
[2.459s]    71 |             if(msg.start_time < get_current_time([01;36m[K)[m[K){
[2.459s]       |                                                  [01;36m[K^[m[K
[2.459s] In file included from [01m[K/usr/include/c++/11/string:55[m[K,
[2.459s]                  from [01m[K/usr/include/c++/11/bits/locale_classes.h:40[m[K,
[2.459s]                  from [01m[K/usr/include/c++/11/bits/ios_base.h:41[m[K,
[2.459s]                  from [01m[K/usr/include/c++/11/ios:42[m[K,
[2.459s]                  from [01m[K/usr/include/c++/11/istream:38[m[K,
[2.459s]                  from [01m[K/usr/include/c++/11/sstream:38[m[K,
[2.459s]                  from [01m[K/usr/include/c++/11/complex:45[m[K,
[2.459s]                  from [01m[K/usr/include/eigen3/Eigen/Core:50[m[K,
[2.459s]                  from [01m[K/usr/include/eigen3/Eigen/Dense:1[m[K,
[2.459s]                  from [01m[K/home/hollis/cu/5254_final/src/amp_sim/src/run_sim.cpp:3[m[K:
[2.459s] [01m[K/usr/include/c++/11/bits/basic_string.h:6365:5:[m[K [01;36m[Knote: [m[Kcandidate: â€˜[01m[Ktemplate<class _CharT, class _Traits, class _Alloc> bool std::operator<(const _CharT*, const std::__cxx11::basic_string<_CharT, _Traits, _Allocator>&)[m[Kâ€™
[2.459s]  6365 |     [01;36m[Koperator[m[K<(const _CharT* __lhs,
[2.459s]       |     [01;36m[K^~~~~~~~[m[K
[2.459s] [01m[K/usr/include/c++/11/bits/basic_string.h:6365:5:[m[K [01;36m[Knote: [m[K  template argument deduction/substitution failed:
[2.459s] [01m[K/home/hollis/cu/5254_final/src/amp_sim/src/run_sim.cpp:71:50:[m[K [01;36m[Knote: [m[K  mismatched types â€˜[01m[Kconst _CharT*[m[Kâ€™ and â€˜[01m[Kbuiltin_interfaces::msg::Time_<std::allocator<void> >[m[Kâ€™
[2.459s]    71 |             if(msg.start_time < get_current_time([01;36m[K)[m[K){
[2.459s]       |                                                  [01;36m[K^[m[K
[2.459s] In file included from [01m[K/usr/include/c++/11/tuple:39[m[K,
[2.459s]                  from [01m[K/usr/include/c++/11/functional:54[m[K,
[2.459s]                  from [01m[K/usr/include/eigen3/Eigen/Core:85[m[K,
[2.459s]                  from [01m[K/usr/include/eigen3/Eigen/Dense:1[m[K,
[2.460s]                  from [01m[K/home/hollis/cu/5254_final/src/amp_sim/src/run_sim.cpp:3[m[K:
[2.460s] [01m[K/usr/include/c++/11/array:311:5:[m[K [01;36m[Knote: [m[Kcandidate: â€˜[01m[Ktemplate<class _Tp, long unsigned int _Nm> bool std::operator<(const std::array<_Tp, _Nm>&, const std::array<_Tp, _Nm>&)[m[Kâ€™
[2.460s]   311 |     [01;36m[Koperator[m[K<(const array<_Tp, _Nm>& __a, const array<_Tp, _Nm>& __b)
[2.460s]       |     [01;36m[K^~~~~~~~[m[K
[2.460s] [01m[K/usr/include/c++/11/array:311:5:[m[K [01;36m[Knote: [m[K  template argument deduction/substitution failed:
[2.460s] [01m[K/home/hollis/cu/5254_final/src/amp_sim/src/run_sim.cpp:71:50:[m[K [01;36m[Knote: [m[K  â€˜[01m[Kamp_msgs::msg::IdealPath_<std::allocator<void> >::_start_time_type[m[Kâ€™ {aka â€˜[01m[Kbuiltin_interfaces::msg::Time_<std::allocator<void> >[m[Kâ€™} is not derived from â€˜[01m[Kconst std::array<_Tp, _Nm>[m[Kâ€™
[2.460s]    71 |             if(msg.start_time < get_current_time([01;36m[K)[m[K){
[2.460s]       |                                                  [01;36m[K^[m[K
[2.460s] In file included from [01m[K/usr/include/c++/11/functional:54[m[K,
[2.460s]                  from [01m[K/usr/include/eigen3/Eigen/Core:85[m[K,
[2.460s]                  from [01m[K/usr/include/eigen3/Eigen/Dense:1[m[K,
[2.460s]                  from [01m[K/home/hollis/cu/5254_final/src/amp_sim/src/run_sim.cpp:3[m[K:
[2.460s] [01m[K/usr/include/c++/11/tuple:1566:5:[m[K [01;36m[Knote: [m[Kcandidate: â€˜[01m[Ktemplate<class ... _TElements, class ... _UElements> constexpr bool std::operator<(const std::tuple<_Tps ...>&, const std::tuple<_UTypes ...>&)[m[Kâ€™
[2.460s]  1566 |     [01;36m[Koperator[m[K<(const tuple<_TElements...>& __t,
[2.460s]       |     [01;36m[K^~~~~~~~[m[K
[2.460s] [01m[K/usr/include/c++/11/tuple:1566:5:[m[K [01;36m[Knote: [m[K  template argument deduction/substitution failed:
[2.460s] [01m[K/home/hollis/cu/5254_final/src/amp_sim/src/run_sim.cpp:71:50:[m[K [01;36m[Knote: [m[K  â€˜[01m[Kamp_msgs::msg::IdealPath_<std::allocator<void> >::_start_time_type[m[Kâ€™ {aka â€˜[01m[Kbuiltin_interfaces::msg::Time_<std::allocator<void> >[m[Kâ€™} is not derived from â€˜[01m[Kconst std::tuple<_Tps ...>[m[Kâ€™
[2.460s]    71 |             if(msg.start_time < get_current_time([01;36m[K)[m[K){
[2.460s]       |                                                  [01;36m[K^[m[K
[2.460s] In file included from [01m[K/usr/include/c++/11/vector:67[m[K,
[2.460s]                  from [01m[K/usr/include/c++/11/functional:62[m[K,
[2.460s]                  from [01m[K/usr/include/eigen3/Eigen/Core:85[m[K,
[2.460s]                  from [01m[K/usr/include/eigen3/Eigen/Dense:1[m[K,
[2.460s]                  from [01m[K/home/hollis/cu/5254_final/src/amp_sim/src/run_sim.cpp:3[m[K:
[2.460s] [01m[K/usr/include/c++/11/bits/stl_vector.h:1930:5:[m[K [01;36m[Knote: [m[Kcandidate: â€˜[01m[Ktemplate<class _Tp, class _Alloc> bool std::operator<(const std::vector<_Tp, _Alloc>&, const std::vector<_Tp, _Alloc>&)[m[Kâ€™
[2.460s]  1930 |     [01;36m[Koperator[m[K<(const vector<_Tp, _Alloc>& __x, const vector<_Tp, _Alloc>& __y)
[2.460s]       |     [01;36m[K^~~~~~~~[m[K
[2.460s] [01m[K/usr/include/c++/11/bits/stl_vector.h:1930:5:[m[K [01;36m[Knote: [m[K  template argument deduction/substitution failed:
[2.460s] [01m[K/home/hollis/cu/5254_final/src/amp_sim/src/run_sim.cpp:71:50:[m[K [01;36m[Knote: [m[K  â€˜[01m[Kamp_msgs::msg::IdealPath_<std::allocator<void> >::_start_time_type[m[Kâ€™ {aka â€˜[01m[Kbuiltin_interfaces::msg::Time_<std::allocator<void> >[m[Kâ€™} is not derived from â€˜[01m[Kconst std::vector<_Tp, _Alloc>[m[Kâ€™
[2.460s]    71 |             if(msg.start_time < get_current_time([01;36m[K)[m[K){
[2.460s]       |                                                  [01;36m[K^[m[K
[2.460s] In file included from [01m[K/usr/include/c++/11/memory:76[m[K,
[2.460s]                  from [01m[K/opt/ros/humble/include/rclcpp/rclcpp/rclcpp.hpp:153[m[K,
[2.460s]                  from [01m[K/home/hollis/cu/5254_final/src/amp_sim/src/run_sim.cpp:12[m[K:
[2.460s] [01m[K/usr/include/c++/11/bits/unique_ptr.h:795:5:[m[K [01;36m[Knote: [m[Kcandidate: â€˜[01m[Ktemplate<class _Tp, class _Dp, class _Up, class _Ep> bool std::operator<(const std::unique_ptr<_Tp, _Dp>&, const std::unique_ptr<_Up, _Ep>&)[m[Kâ€™
[2.460s]   795 |     [01;36m[Koperator[m[K<(const unique_ptr<_Tp, _Dp>& __x,
[2.460s]       |     [01;36m[K^~~~~~~~[m[K
[2.460s] [01m[K/usr/include/c++/11/bits/unique_ptr.h:795:5:[m[K [01;36m[Knote: [m[K  template argument deduction/substitution failed:
[2.460s] [01m[K/home/hollis/cu/5254_final/src/amp_sim/src/run_sim.cpp:71:50:[m[K [01;36m[Knote: [m[K  â€˜[01m[Kamp_msgs::msg::IdealPath_<std::allocator<void> >::_start_time_type[m[Kâ€™ {aka â€˜[01m[Kbuiltin_interfaces::msg::Time_<std::allocator<void> >[m[Kâ€™} is not derived from â€˜[01m[Kconst std::unique_ptr<_Tp, _Dp>[m[Kâ€™
[2.460s]    71 |             if(msg.start_time < get_current_time([01;36m[K)[m[K){
[2.460s]       |                                                  [01;36m[K^[m[K
[2.460s] In file included from [01m[K/usr/include/c++/11/memory:76[m[K,
[2.460s]                  from [01m[K/opt/ros/humble/include/rclcpp/rclcpp/rclcpp.hpp:153[m[K,
[2.460s]                  from [01m[K/home/hollis/cu/5254_final/src/amp_sim/src/run_sim.cpp:12[m[K:
[2.460s] [01m[K/usr/include/c++/11/bits/unique_ptr.h:807:5:[m[K [01;36m[Knote: [m[Kcandidate: â€˜[01m[Ktemplate<class _Tp, class _Dp> bool std::operator<(const std::unique_ptr<_Tp, _Dp>&, std::nullptr_t)[m[Kâ€™
[2.460s]   807 |     [01;36m[Koperator[m[K<(const unique_ptr<_Tp, _Dp>& __x, nullptr_t)
[2.460s]       |     [01;36m[K^~~~~~~~[m[K
[2.460s] [01m[K/usr/include/c++/11/bits/unique_ptr.h:807:5:[m[K [01;36m[Knote: [m[K  template argument deduction/substitution failed:
[2.460s] [01m[K/home/hollis/cu/5254_final/src/amp_sim/src/run_sim.cpp:71:50:[m[K [01;36m[Knote: [m[K  â€˜[01m[Kamp_msgs::msg::IdealPath_<std::allocator<void> >::_start_time_type[m[Kâ€™ {aka â€˜[01m[Kbuiltin_interfaces::msg::Time_<std::allocator<void> >[m[Kâ€™} is not derived from â€˜[01m[Kconst std::unique_ptr<_Tp, _Dp>[m[Kâ€™
[2.461s]    71 |             if(msg.start_time < get_current_time([01;36m[K)[m[K){
[2.461s]       |                                                  [01;36m[K^[m[K
[2.461s] In file included from [01m[K/usr/include/c++/11/memory:76[m[K,
[2.461s]                  from [01m[K/opt/ros/humble/include/rclcpp/rclcpp/rclcpp.hpp:153[m[K,
[2.461s]                  from [01m[K/home/hollis/cu/5254_final/src/amp_sim/src/run_sim.cpp:12[m[K:
[2.461s] [01m[K/usr/include/c++/11/bits/unique_ptr.h:816:5:[m[K [01;36m[Knote: [m[Kcandidate: â€˜[01m[Ktemplate<class _Tp, class _Dp> bool std::operator<(std::nullptr_t, const std::unique_ptr<_Tp, _Dp>&)[m[Kâ€™
[2.461s]   816 |     [01;36m[Koperator[m[K<(nullptr_t, const unique_ptr<_Tp, _Dp>& __x)
[2.461s]       |     [01;36m[K^~~~~~~~[m[K
[2.461s] [01m[K/usr/include/c++/11/bits/unique_ptr.h:816:5:[m[K [01;36m[Knote: [m[K  template argument deduction/substitution failed:
[2.461s] [01m[K/home/hollis/cu/5254_final/src/amp_sim/src/run_sim.cpp:71:50:[m[K [01;36m[Knote: [m[K  mismatched types â€˜[01m[Kconst std::unique_ptr<_Tp, _Dp>[m[Kâ€™ and â€˜[01m[Kdouble[m[Kâ€™
[2.461s]    71 |             if(msg.start_time < get_current_time([01;36m[K)[m[K){
[2.461s]       |                                                  [01;36m[K^[m[K
[2.461s] In file included from [01m[K/usr/include/c++/11/bits/shared_ptr.h:53[m[K,
[2.461s]                  from [01m[K/usr/include/c++/11/memory:77[m[K,
[2.461s]                  from [01m[K/opt/ros/humble/include/rclcpp/rclcpp/rclcpp.hpp:153[m[K,
[2.461s]                  from [01m[K/home/hollis/cu/5254_final/src/amp_sim/src/run_sim.cpp:12[m[K:
[2.461s] [01m[K/usr/include/c++/11/bits/shared_ptr_base.h:1457:5:[m[K [01;36m[Knote: [m[Kcandidate: â€˜[01m[Ktemplate<class _Tp, class _Up, __gnu_cxx::_Lock_policy _Lp> bool std::operator<(const std::__shared_ptr<_Tp1, _Lp>&, const std::__shared_ptr<_Tp2, _Lp>&)[m[Kâ€™
[2.461s]  1457 |     [01;36m[Koperator[m[K<(const __shared_ptr<_Tp, _Lp>& __a,
[2.461s]       |     [01;36m[K^~~~~~~~[m[K
[2.461s] [01m[K/usr/include/c++/11/bits/shared_ptr_base.h:1457:5:[m[K [01;36m[Knote: [m[K  template argument deduction/substitution failed:
[2.461s] [01m[K/home/hollis/cu/5254_final/src/amp_sim/src/run_sim.cpp:71:50:[m[K [01;36m[Knote: [m[K  â€˜[01m[Kamp_msgs::msg::IdealPath_<std::allocator<void> >::_start_time_type[m[Kâ€™ {aka â€˜[01m[Kbuiltin_interfaces::msg::Time_<std::allocator<void> >[m[Kâ€™} is not derived from â€˜[01m[Kconst std::__shared_ptr<_Tp1, _Lp>[m[Kâ€™
[2.461s]    71 |             if(msg.start_time < get_current_time([01;36m[K)[m[K){
[2.461s]       |                                                  [01;36m[K^[m[K
[2.461s] In file included from [01m[K/usr/include/c++/11/bits/shared_ptr.h:53[m[K,
[2.461s]                  from [01m[K/usr/include/c++/11/memory:77[m[K,
[2.461s]                  from [01m[K/opt/ros/humble/include/rclcpp/rclcpp/rclcpp.hpp:153[m[K,
[2.461s]                  from [01m[K/home/hollis/cu/5254_final/src/amp_sim/src/run_sim.cpp:12[m[K:
[2.461s] [01m[K/usr/include/c++/11/bits/shared_ptr_base.h:1468:5:[m[K [01;36m[Knote: [m[Kcandidate: â€˜[01m[Ktemplate<class _Tp, __gnu_cxx::_Lock_policy _Lp> bool std::operator<(const std::__shared_ptr<_Tp, _Lp>&, std::nullptr_t)[m[Kâ€™
[2.461s]  1468 |     [01;36m[Koperator[m[K<(const __shared_ptr<_Tp, _Lp>& __a, nullptr_t) noexcept
[2.461s]       |     [01;36m[K^~~~~~~~[m[K
[2.461s] [01m[K/usr/include/c++/11/bits/shared_ptr_base.h:1468:5:[m[K [01;36m[Knote: [m[K  template argument deduction/substitution failed:
[2.461s] [01m[K/home/hollis/cu/5254_final/src/amp_sim/src/run_sim.cpp:71:50:[m[K [01;36m[Knote: [m[K  â€˜[01m[Kamp_msgs::msg::IdealPath_<std::allocator<void> >::_start_time_type[m[Kâ€™ {aka â€˜[01m[Kbuiltin_interfaces::msg::Time_<std::allocator<void> >[m[Kâ€™} is not derived from â€˜[01m[Kconst std::__shared_ptr<_Tp, _Lp>[m[Kâ€™
[2.461s]    71 |             if(msg.start_time < get_current_time([01;36m[K)[m[K){
[2.461s]       |                                                  [01;36m[K^[m[K
[2.461s] In file included from [01m[K/usr/include/c++/11/bits/shared_ptr.h:53[m[K,
[2.461s]                  from [01m[K/usr/include/c++/11/memory:77[m[K,
[2.461s]                  from [01m[K/opt/ros/humble/include/rclcpp/rclcpp/rclcpp.hpp:153[m[K,
[2.461s]                  from [01m[K/home/hollis/cu/5254_final/src/amp_sim/src/run_sim.cpp:12[m[K:
[2.461s] [01m[K/usr/include/c++/11/bits/shared_ptr_base.h:1476:5:[m[K [01;36m[Knote: [m[Kcandidate: â€˜[01m[Ktemplate<class _Tp, __gnu_cxx::_Lock_policy _Lp> bool std::operator<(std::nullptr_t, const std::__shared_ptr<_Tp, _Lp>&)[m[Kâ€™
[2.461s]  1476 |     [01;36m[Koperator[m[K<(nullptr_t, const __shared_ptr<_Tp, _Lp>& __a) noexcept
[2.461s]       |     [01;36m[K^~~~~~~~[m[K
[2.461s] [01m[K/usr/include/c++/11/bits/shared_ptr_base.h:1476:5:[m[K [01;36m[Knote: [m[K  template argument deduction/substitution failed:
[2.461s] [01m[K/home/hollis/cu/5254_final/src/amp_sim/src/run_sim.cpp:71:50:[m[K [01;36m[Knote: [m[K  mismatched types â€˜[01m[Kconst std::__shared_ptr<_Tp, _Lp>[m[Kâ€™ and â€˜[01m[Kdouble[m[Kâ€™
[2.461s]    71 |             if(msg.start_time < get_current_time([01;36m[K)[m[K){
[2.461s]       |                                                  [01;36m[K^[m[K
[2.461s] In file included from [01m[K/usr/include/c++/11/memory:77[m[K,
[2.461s]                  from [01m[K/opt/ros/humble/include/rclcpp/rclcpp/rclcpp.hpp:153[m[K,
[2.461s]                  from [01m[K/home/hollis/cu/5254_final/src/amp_sim/src/run_sim.cpp:12[m[K:
[2.462s] [01m[K/usr/include/c++/11/bits/shared_ptr.h:488:5:[m[K [01;36m[Knote: [m[Kcandidate: â€˜[01m[Ktemplate<class _Tp, class _Up> bool std::operator<(const std::shared_ptr<_Tp>&, const std::shared_ptr<_Tp>&)[m[Kâ€™
[2.462s]   488 |     [01;36m[Koperator[m[K<(const shared_ptr<_Tp>& __a, const shared_ptr<_Up>& __b) noexcept
[2.462s]       |     [01;36m[K^~~~~~~~[m[K
[2.462s] [01m[K/usr/include/c++/11/bits/shared_ptr.h:488:5:[m[K [01;36m[Knote: [m[K  template argument deduction/substitution failed:
[2.462s] [01m[K/home/hollis/cu/5254_final/src/amp_sim/src/run_sim.cpp:71:50:[m[K [01;36m[Knote: [m[K  â€˜[01m[Kamp_msgs::msg::IdealPath_<std::allocator<void> >::_start_time_type[m[Kâ€™ {aka â€˜[01m[Kbuiltin_interfaces::msg::Time_<std::allocator<void> >[m[Kâ€™} is not derived from â€˜[01m[Kconst std::shared_ptr<_Tp>[m[Kâ€™
[2.462s]    71 |             if(msg.start_time < get_current_time([01;36m[K)[m[K){
[2.462s]       |                                                  [01;36m[K^[m[K
[2.462s] In file included from [01m[K/usr/include/c++/11/memory:77[m[K,
[2.462s]                  from [01m[K/opt/ros/humble/include/rclcpp/rclcpp/rclcpp.hpp:153[m[K,
[2.462s]                  from [01m[K/home/hollis/cu/5254_final/src/amp_sim/src/run_sim.cpp:12[m[K:
[2.462s] [01m[K/usr/include/c++/11/bits/shared_ptr.h:499:5:[m[K [01;36m[Knote: [m[Kcandidate: â€˜[01m[Ktemplate<class _Tp> bool std::operator<(const std::shared_ptr<_Tp>&, std::nullptr_t)[m[Kâ€™
[2.462s]   499 |     [01;36m[Koperator[m[K<(const shared_ptr<_Tp>& __a, nullptr_t) noexcept
[2.462s]       |     [01;36m[K^~~~~~~~[m[K
[2.462s] [01m[K/usr/include/c++/11/bits/shared_ptr.h:499:5:[m[K [01;36m[Knote: [m[K  template argument deduction/substitution failed:
[2.462s] [01m[K/home/hollis/cu/5254_final/src/amp_sim/src/run_sim.cpp:71:50:[m[K [01;36m[Knote: [m[K  â€˜[01m[Kamp_msgs::msg::IdealPath_<std::allocator<void> >::_start_time_type[m[Kâ€™ {aka â€˜[01m[Kbuiltin_interfaces::msg::Time_<std::allocator<void> >[m[Kâ€™} is not derived from â€˜[01m[Kconst std::shared_ptr<_Tp>[m[Kâ€™
[2.462s]    71 |             if(msg.start_time < get_current_time([01;36m[K)[m[K){
[2.462s]       |                                                  [01;36m[K^[m[K
[2.462s] In file included from [01m[K/usr/include/c++/11/memory:77[m[K,
[2.462s]                  from [01m[K/opt/ros/humble/include/rclcpp/rclcpp/rclcpp.hpp:153[m[K,
[2.462s]                  from [01m[K/home/hollis/cu/5254_final/src/amp_sim/src/run_sim.cpp:12[m[K:
[2.462s] [01m[K/usr/include/c++/11/bits/shared_ptr.h:508:5:[m[K [01;36m[Knote: [m[Kcandidate: â€˜[01m[Ktemplate<class _Tp> bool std::operator<(std::nullptr_t, const std::shared_ptr<_Tp>&)[m[Kâ€™
[2.462s]   508 |     [01;36m[Koperator[m[K<(nullptr_t, const shared_ptr<_Tp>& __a) noexcept
[2.462s]       |     [01;36m[K^~~~~~~~[m[K
[2.462s] [01m[K/usr/include/c++/11/bits/shared_ptr.h:508:5:[m[K [01;36m[Knote: [m[K  template argument deduction/substitution failed:
[2.462s] [01m[K/home/hollis/cu/5254_final/src/amp_sim/src/run_sim.cpp:71:50:[m[K [01;36m[Knote: [m[K  mismatched types â€˜[01m[Kconst std::shared_ptr<_Tp>[m[Kâ€™ and â€˜[01m[Kdouble[m[Kâ€™
[2.462s]    71 |             if(msg.start_time < get_current_time([01;36m[K)[m[K){
[2.462s]       |                                                  [01;36m[K^[m[K
[2.462s] In file included from [01m[K/usr/include/c++/11/set:61[m[K,
[2.462s]                  from [01m[K/opt/ros/humble/include/rclcpp/rclcpp/executors/multi_threaded_executor.hpp:21[m[K,
[2.462s]                  from [01m[K/opt/ros/humble/include/rclcpp/rclcpp/executors.hpp:21[m[K,
[2.462s]                  from [01m[K/opt/ros/humble/include/rclcpp/rclcpp/rclcpp.hpp:155[m[K,
[2.462s]                  from [01m[K/home/hollis/cu/5254_final/src/amp_sim/src/run_sim.cpp:12[m[K:
[2.462s] [01m[K/usr/include/c++/11/bits/stl_set.h:1023:5:[m[K [01;36m[Knote: [m[Kcandidate: â€˜[01m[Ktemplate<class _Key, class _Compare, class _Alloc> bool std::operator<(const std::set<_Key, _Compare, _Allocator>&, const std::set<_Key, _Compare, _Allocator>&)[m[Kâ€™
[2.462s]  1023 |     [01;36m[Koperator[m[K<(const set<_Key, _Compare, _Alloc>& __x,
[2.462s]       |     [01;36m[K^~~~~~~~[m[K
[2.462s] [01m[K/usr/include/c++/11/bits/stl_set.h:1023:5:[m[K [01;36m[Knote: [m[K  template argument deduction/substitution failed:
[2.462s] [01m[K/home/hollis/cu/5254_final/src/amp_sim/src/run_sim.cpp:71:50:[m[K [01;36m[Knote: [m[K  â€˜[01m[Kamp_msgs::msg::IdealPath_<std::allocator<void> >::_start_time_type[m[Kâ€™ {aka â€˜[01m[Kbuiltin_interfaces::msg::Time_<std::allocator<void> >[m[Kâ€™} is not derived from â€˜[01m[Kconst std::set<_Key, _Compare, _Allocator>[m[Kâ€™
[2.462s]    71 |             if(msg.start_time < get_current_time([01;36m[K)[m[K){
[2.462s]       |                                                  [01;36m[K^[m[K
[2.462s] In file included from [01m[K/usr/include/c++/11/set:62[m[K,
[2.462s]                  from [01m[K/opt/ros/humble/include/rclcpp/rclcpp/executors/multi_threaded_executor.hpp:21[m[K,
[2.462s]                  from [01m[K/opt/ros/humble/include/rclcpp/rclcpp/executors.hpp:21[m[K,
[2.462s]                  from [01m[K/opt/ros/humble/include/rclcpp/rclcpp/rclcpp.hpp:155[m[K,
[2.462s]                  from [01m[K/home/hollis/cu/5254_final/src/amp_sim/src/run_sim.cpp:12[m[K:
[2.462s] [01m[K/usr/include/c++/11/bits/stl_multiset.h:1009:5:[m[K [01;36m[Knote: [m[Kcandidate: â€˜[01m[Ktemplate<class _Key, class _Compare, class _Alloc> bool std::operator<(const std::multiset<_Key, _Compare, _Allocator>&, const std::multiset<_Key, _Compare, _Allocator>&)[m[Kâ€™
[2.462s]  1009 |     [01;36m[Koperator[m[K<(const multiset<_Key, _Compare, _Alloc>& __x,
[2.463s]       |     [01;36m[K^~~~~~~~[m[K
[2.463s] [01m[K/usr/include/c++/11/bits/stl_multiset.h:1009:5:[m[K [01;36m[Knote: [m[K  template argument deduction/substitution failed:
[2.463s] [01m[K/home/hollis/cu/5254_final/src/amp_sim/src/run_sim.cpp:71:50:[m[K [01;36m[Knote: [m[K  â€˜[01m[Kamp_msgs::msg::IdealPath_<std::allocator<void> >::_start_time_type[m[Kâ€™ {aka â€˜[01m[Kbuiltin_interfaces::msg::Time_<std::allocator<void> >[m[Kâ€™} is not derived from â€˜[01m[Kconst std::multiset<_Key, _Compare, _Allocator>[m[Kâ€™
[2.463s]    71 |             if(msg.start_time < get_current_time([01;36m[K)[m[K){
[2.463s]       |                                                  [01;36m[K^[m[K
[2.463s] In file included from [01m[K/usr/include/c++/11/list:63[m[K,
[2.463s]                  from [01m[K/opt/ros/humble/include/rclcpp/rclcpp/executor.hpp:23[m[K,
[2.463s]                  from [01m[K/opt/ros/humble/include/rclcpp/rclcpp/executors/multi_threaded_executor.hpp:25[m[K,
[2.463s]                  from [01m[K/opt/ros/humble/include/rclcpp/rclcpp/executors.hpp:21[m[K,
[2.463s]                  from [01m[K/opt/ros/humble/include/rclcpp/rclcpp/rclcpp.hpp:155[m[K,
[2.463s]                  from [01m[K/home/hollis/cu/5254_final/src/amp_sim/src/run_sim.cpp:12[m[K:
[2.463s] [01m[K/usr/include/c++/11/bits/stl_list.h:2085:5:[m[K [01;36m[Knote: [m[Kcandidate: â€˜[01m[Ktemplate<class _Tp, class _Alloc> bool std::operator<(const std::__cxx11::list<_Tp, _Alloc>&, const std::__cxx11::list<_Tp, _Alloc>&)[m[Kâ€™
[2.463s]  2085 |     [01;36m[Koperator[m[K<(const list<_Tp, _Alloc>& __x, const list<_Tp, _Alloc>& __y)
[2.463s]       |     [01;36m[K^~~~~~~~[m[K
[2.463s] [01m[K/usr/include/c++/11/bits/stl_list.h:2085:5:[m[K [01;36m[Knote: [m[K  template argument deduction/substitution failed:
[2.463s] [01m[K/home/hollis/cu/5254_final/src/amp_sim/src/run_sim.cpp:71:50:[m[K [01;36m[Knote: [m[K  â€˜[01m[Kamp_msgs::msg::IdealPath_<std::allocator<void> >::_start_time_type[m[Kâ€™ {aka â€˜[01m[Kbuiltin_interfaces::msg::Time_<std::allocator<void> >[m[Kâ€™} is not derived from â€˜[01m[Kconst std::__cxx11::list<_Tp, _Alloc>[m[Kâ€™
[2.463s]    71 |             if(msg.start_time < get_current_time([01;36m[K)[m[K){
[2.463s]       |                                                  [01;36m[K^[m[K
[2.463s] In file included from [01m[K/usr/include/c++/11/map:61[m[K,
[2.463s]                  from [01m[K/opt/ros/humble/include/rclcpp/rclcpp/executor.hpp:24[m[K,
[2.463s]                  from [01m[K/opt/ros/humble/include/rclcpp/rclcpp/executors/multi_threaded_executor.hpp:25[m[K,
[2.463s]                  from [01m[K/opt/ros/humble/include/rclcpp/rclcpp/executors.hpp:21[m[K,
[2.463s]                  from [01m[K/opt/ros/humble/include/rclcpp/rclcpp/rclcpp.hpp:155[m[K,
[2.463s]                  from [01m[K/home/hollis/cu/5254_final/src/amp_sim/src/run_sim.cpp:12[m[K:
[2.463s] [01m[K/usr/include/c++/11/bits/stl_map.h:1501:5:[m[K [01;36m[Knote: [m[Kcandidate: â€˜[01m[Ktemplate<class _Key, class _Tp, class _Compare, class _Alloc> bool std::operator<(const std::map<_Key, _Tp, _Compare, _Allocator>&, const std::map<_Key, _Tp, _Compare, _Allocator>&)[m[Kâ€™
[2.463s]  1501 |     [01;36m[Koperator[m[K<(const map<_Key, _Tp, _Compare, _Alloc>& __x,
[2.463s]       |     [01;36m[K^~~~~~~~[m[K
[2.463s] [01m[K/usr/include/c++/11/bits/stl_map.h:1501:5:[m[K [01;36m[Knote: [m[K  template argument deduction/substitution failed:
[2.463s] [01m[K/home/hollis/cu/5254_final/src/amp_sim/src/run_sim.cpp:71:50:[m[K [01;36m[Knote: [m[K  â€˜[01m[Kamp_msgs::msg::IdealPath_<std::allocator<void> >::_start_time_type[m[Kâ€™ {aka â€˜[01m[Kbuiltin_interfaces::msg::Time_<std::allocator<void> >[m[Kâ€™} is not derived from â€˜[01m[Kconst std::map<_Key, _Tp, _Compare, _Allocator>[m[Kâ€™
[2.463s]    71 |             if(msg.start_time < get_current_time([01;36m[K)[m[K){
[2.463s]       |                                                  [01;36m[K^[m[K
[2.463s] In file included from [01m[K/usr/include/c++/11/map:62[m[K,
[2.463s]                  from [01m[K/opt/ros/humble/include/rclcpp/rclcpp/executor.hpp:24[m[K,
[2.463s]                  from [01m[K/opt/ros/humble/include/rclcpp/rclcpp/executors/multi_threaded_executor.hpp:25[m[K,
[2.463s]                  from [01m[K/opt/ros/humble/include/rclcpp/rclcpp/executors.hpp:21[m[K,
[2.463s]                  from [01m[K/opt/ros/humble/include/rclcpp/rclcpp/rclcpp.hpp:155[m[K,
[2.463s]                  from [01m[K/home/hollis/cu/5254_final/src/amp_sim/src/run_sim.cpp:12[m[K:
[2.463s] [01m[K/usr/include/c++/11/bits/stl_multimap.h:1166:5:[m[K [01;36m[Knote: [m[Kcandidate: â€˜[01m[Ktemplate<class _Key, class _Tp, class _Compare, class _Alloc> bool std::operator<(const std::multimap<_Key, _Tp, _Compare, _Allocator>&, const std::multimap<_Key, _Tp, _Compare, _Allocator>&)[m[Kâ€™
[2.463s]  1166 |     [01;36m[Koperator[m[K<(const multimap<_Key, _Tp, _Compare, _Alloc>& __x,
[2.463s]       |     [01;36m[K^~~~~~~~[m[K
[2.463s] [01m[K/usr/include/c++/11/bits/stl_multimap.h:1166:5:[m[K [01;36m[Knote: [m[K  template argument deduction/substitution failed:
[2.463s] [01m[K/home/hollis/cu/5254_final/src/amp_sim/src/run_sim.cpp:71:50:[m[K [01;36m[Knote: [m[K  â€˜[01m[Kamp_msgs::msg::IdealPath_<std::allocator<void> >::_start_time_type[m[Kâ€™ {aka â€˜[01m[Kbuiltin_interfaces::msg::Time_<std::allocator<void> >[m[Kâ€™} is not derived from â€˜[01m[Kconst std::multimap<_Key, _Tp, _Compare, _Allocator>[m[Kâ€™
[2.463s]    71 |             if(msg.start_time < get_current_time([01;36m[K)[m[K){
[2.463s]       |                                                  [01;36m[K^[m[K
[2.463s] In file included from [01m[K/opt/ros/humble/include/rclcpp/rclcpp/client.hpp:23[m[K,
[2.463s]                  from [01m[K/opt/ros/humble/include/rclcpp/rclcpp/callback_group.hpp:24[m[K,
[2.463s]                  from [01m[K/opt/ros/humble/include/rclcpp/rclcpp/any_executable.hpp:20[m[K,
[2.463s]                  from [01m[K/opt/ros/humble/include/rclcpp/rclcpp/memory_strategy.hpp:25[m[K,
[2.463s]                  from [01m[K/opt/ros/humble/include/rclcpp/rclcpp/memory_strategies.hpp:18[m[K,
[2.464s]                  from [01m[K/opt/ros/humble/include/rclcpp/rclcpp/executor_options.hpp:20[m[K,
[2.464s]                  from [01m[K/opt/ros/humble/include/rclcpp/rclcpp/executor.hpp:37[m[K,
[2.464s]                  from [01m[K/opt/ros/humble/include/rclcpp/rclcpp/executors/multi_threaded_executor.hpp:25[m[K,
[2.464s]                  from [01m[K/opt/ros/humble/include/rclcpp/rclcpp/executors.hpp:21[m[K,
[2.464s]                  from [01m[K/opt/ros/humble/include/rclcpp/rclcpp/rclcpp.hpp:155[m[K,
[2.464s]                  from [01m[K/home/hollis/cu/5254_final/src/amp_sim/src/run_sim.cpp:12[m[K:
[2.464s] [01m[K/usr/include/c++/11/optional:1063:5:[m[K [01;36m[Knote: [m[Kcandidate: â€˜[01m[Ktemplate<class _Tp, class _Up> constexpr std::__optional_lt_t<_Tp, _Up> std::operator<(const std::optional<_Tp>&, const std::optional<_Up>&)[m[Kâ€™
[2.464s]  1063 |     [01;36m[Koperator[m[K<(const optional<_Tp>& __lhs, const optional<_Up>& __rhs)
[2.464s]       |     [01;36m[K^~~~~~~~[m[K
[2.464s] [01m[K/usr/include/c++/11/optional:1063:5:[m[K [01;36m[Knote: [m[K  template argument deduction/substitution failed:
[2.464s] [01m[K/home/hollis/cu/5254_final/src/amp_sim/src/run_sim.cpp:71:50:[m[K [01;36m[Knote: [m[K  â€˜[01m[Kamp_msgs::msg::IdealPath_<std::allocator<void> >::_start_time_type[m[Kâ€™ {aka â€˜[01m[Kbuiltin_interfaces::msg::Time_<std::allocator<void> >[m[Kâ€™} is not derived from â€˜[01m[Kconst std::optional<_Tp>[m[Kâ€™
[2.464s]    71 |             if(msg.start_time < get_current_time([01;36m[K)[m[K){
[2.464s]       |                                                  [01;36m[K^[m[K
[2.464s] In file included from [01m[K/opt/ros/humble/include/rclcpp/rclcpp/client.hpp:23[m[K,
[2.464s]                  from [01m[K/opt/ros/humble/include/rclcpp/rclcpp/callback_group.hpp:24[m[K,
[2.464s]                  from [01m[K/opt/ros/humble/include/rclcpp/rclcpp/any_executable.hpp:20[m[K,
[2.464s]                  from [01m[K/opt/ros/humble/include/rclcpp/rclcpp/memory_strategy.hpp:25[m[K,
[2.464s]                  from [01m[K/opt/ros/humble/include/rclcpp/rclcpp/memory_strategies.hpp:18[m[K,
[2.464s]                  from [01m[K/opt/ros/humble/include/rclcpp/rclcpp/executor_options.hpp:20[m[K,
[2.464s]                  from [01m[K/opt/ros/humble/include/rclcpp/rclcpp/executor.hpp:37[m[K,
[2.464s]                  from [01m[K/opt/ros/humble/include/rclcpp/rclcpp/executors/multi_threaded_executor.hpp:25[m[K,
[2.464s]                  from [01m[K/opt/ros/humble/include/rclcpp/rclcpp/executors.hpp:21[m[K,
[2.464s]                  from [01m[K/opt/ros/humble/include/rclcpp/rclcpp/rclcpp.hpp:155[m[K,
[2.464s]                  from [01m[K/home/hollis/cu/5254_final/src/amp_sim/src/run_sim.cpp:12[m[K:
[2.464s] [01m[K/usr/include/c++/11/optional:1131:5:[m[K [01;36m[Knote: [m[Kcandidate: â€˜[01m[Ktemplate<class _Tp> constexpr bool std::operator<(const std::optional<_Tp>&, std::nullopt_t)[m[Kâ€™
[2.464s]  1131 |     [01;36m[Koperator[m[K<(const optional<_Tp>& /* __lhs */, nullopt_t) noexcept
[2.464s]       |     [01;36m[K^~~~~~~~[m[K
[2.464s] [01m[K/usr/include/c++/11/optional:1131:5:[m[K [01;36m[Knote: [m[K  template argument deduction/substitution failed:
[2.464s] [01m[K/home/hollis/cu/5254_final/src/amp_sim/src/run_sim.cpp:71:50:[m[K [01;36m[Knote: [m[K  â€˜[01m[Kamp_msgs::msg::IdealPath_<std::allocator<void> >::_start_time_type[m[Kâ€™ {aka â€˜[01m[Kbuiltin_interfaces::msg::Time_<std::allocator<void> >[m[Kâ€™} is not derived from â€˜[01m[Kconst std::optional<_Tp>[m[Kâ€™
[2.464s]    71 |             if(msg.start_time < get_current_time([01;36m[K)[m[K){
[2.464s]       |                                                  [01;36m[K^[m[K
[2.464s] In file included from [01m[K/opt/ros/humble/include/rclcpp/rclcpp/client.hpp:23[m[K,
[2.464s]                  from [01m[K/opt/ros/humble/include/rclcpp/rclcpp/callback_group.hpp:24[m[K,
[2.464s]                  from [01m[K/opt/ros/humble/include/rclcpp/rclcpp/any_executable.hpp:20[m[K,
[2.464s]                  from [01m[K/opt/ros/humble/include/rclcpp/rclcpp/memory_strategy.hpp:25[m[K,
[2.464s]                  from [01m[K/opt/ros/humble/include/rclcpp/rclcpp/memory_strategies.hpp:18[m[K,
[2.464s]                  from [01m[K/opt/ros/humble/include/rclcpp/rclcpp/executor_options.hpp:20[m[K,
[2.464s]                  from [01m[K/opt/ros/humble/include/rclcpp/rclcpp/executor.hpp:37[m[K,
[2.464s]                  from [01m[K/opt/ros/humble/include/rclcpp/rclcpp/executors/multi_threaded_executor.hpp:25[m[K,
[2.464s]                  from [01m[K/opt/ros/humble/include/rclcpp/rclcpp/executors.hpp:21[m[K,
[2.464s]                  from [01m[K/opt/ros/humble/include/rclcpp/rclcpp/rclcpp.hpp:155[m[K,
[2.464s]                  from [01m[K/home/hollis/cu/5254_final/src/amp_sim/src/run_sim.cpp:12[m[K:
[2.464s] [01m[K/usr/include/c++/11/optional:1136:5:[m[K [01;36m[Knote: [m[Kcandidate: â€˜[01m[Ktemplate<class _Tp> constexpr bool std::operator<(std::nullopt_t, const std::optional<_Tp>&)[m[Kâ€™
[2.464s]  1136 |     [01;36m[Koperator[m[K<(nullopt_t, const optional<_Tp>& __rhs) noexcept
[2.464s]       |     [01;36m[K^~~~~~~~[m[K
[2.464s] [01m[K/usr/include/c++/11/optional:1136:5:[m[K [01;36m[Knote: [m[K  template argument deduction/substitution failed:
[2.464s] [01m[K/home/hollis/cu/5254_final/src/amp_sim/src/run_sim.cpp:71:50:[m[K [01;36m[Knote: [m[K  mismatched types â€˜[01m[Kconst std::optional<_Tp>[m[Kâ€™ and â€˜[01m[Kdouble[m[Kâ€™
[2.464s]    71 |             if(msg.start_time < get_current_time([01;36m[K)[m[K){
[2.465s]       |                                                  [01;36m[K^[m[K
[2.465s] In file included from [01m[K/opt/ros/humble/include/rclcpp/rclcpp/client.hpp:23[m[K,
[2.465s]                  from [01m[K/opt/ros/humble/include/rclcpp/rclcpp/callback_group.hpp:24[m[K,
[2.465s]                  from [01m[K/opt/ros/humble/include/rclcpp/rclcpp/any_executable.hpp:20[m[K,
[2.465s]                  from [01m[K/opt/ros/humble/include/rclcpp/rclcpp/memory_strategy.hpp:25[m[K,
[2.465s]                  from [01m[K/opt/ros/humble/include/rclcpp/rclcpp/memory_strategies.hpp:18[m[K,
[2.465s]                  from [01m[K/opt/ros/humble/include/rclcpp/rclcpp/executor_options.hpp:20[m[K,
[2.465s]                  from [01m[K/opt/ros/humble/include/rclcpp/rclcpp/executor.hpp:37[m[K,
[2.465s]                  from [01m[K/opt/ros/humble/include/rclcpp/rclcpp/executors/multi_threaded_executor.hpp:25[m[K,
[2.465s]                  from [01m[K/opt/ros/humble/include/rclcpp/rclcpp/executors.hpp:21[m[K,
[2.465s]                  from [01m[K/opt/ros/humble/include/rclcpp/rclcpp/rclcpp.hpp:155[m[K,
[2.465s]                  from [01m[K/home/hollis/cu/5254_final/src/amp_sim/src/run_sim.cpp:12[m[K:
[2.465s] [01m[K/usr/include/c++/11/optional:1197:5:[m[K [01;36m[Knote: [m[Kcandidate: â€˜[01m[Ktemplate<class _Tp, class _Up> constexpr std::__optional_lt_t<_Tp, _Up> std::operator<(const std::optional<_Tp>&, const _Up&)[m[Kâ€™
[2.465s]  1197 |     [01;36m[Koperator[m[K<(const optional<_Tp>& __lhs, const _Up& __rhs)
[2.465s]       |     [01;36m[K^~~~~~~~[m[K
[2.465s] [01m[K/usr/include/c++/11/optional:1197:5:[m[K [01;36m[Knote: [m[K  template argument deduction/substitution failed:
[2.465s] [01m[K/home/hollis/cu/5254_final/src/amp_sim/src/run_sim.cpp:71:50:[m[K [01;36m[Knote: [m[K  â€˜[01m[Kamp_msgs::msg::IdealPath_<std::allocator<void> >::_start_time_type[m[Kâ€™ {aka â€˜[01m[Kbuiltin_interfaces::msg::Time_<std::allocator<void> >[m[Kâ€™} is not derived from â€˜[01m[Kconst std::optional<_Tp>[m[Kâ€™
[2.465s]    71 |             if(msg.start_time < get_current_time([01;36m[K)[m[K){
[2.465s]       |                                                  [01;36m[K^[m[K
[2.465s] In file included from [01m[K/opt/ros/humble/include/rclcpp/rclcpp/client.hpp:23[m[K,
[2.465s]                  from [01m[K/opt/ros/humble/include/rclcpp/rclcpp/callback_group.hpp:24[m[K,
[2.465s]                  from [01m[K/opt/ros/humble/include/rclcpp/rclcpp/any_executable.hpp:20[m[K,
[2.465s]                  from [01m[K/opt/ros/humble/include/rclcpp/rclcpp/memory_strategy.hpp:25[m[K,
[2.465s]                  from [01m[K/opt/ros/humble/include/rclcpp/rclcpp/memory_strategies.hpp:18[m[K,
[2.465s]                  from [01m[K/opt/ros/humble/include/rclcpp/rclcpp/executor_options.hpp:20[m[K,
[2.465s]                  from [01m[K/opt/ros/humble/include/rclcpp/rclcpp/executor.hpp:37[m[K,
[2.465s]                  from [01m[K/opt/ros/humble/include/rclcpp/rclcpp/executors/multi_threaded_executor.hpp:25[m[K,
[2.465s]                  from [01m[K/opt/ros/humble/include/rclcpp/rclcpp/executors.hpp:21[m[K,
[2.465s]                  from [01m[K/opt/ros/humble/include/rclcpp/rclcpp/rclcpp.hpp:155[m[K,
[2.465s]                  from [01m[K/home/hollis/cu/5254_final/src/amp_sim/src/run_sim.cpp:12[m[K:
[2.465s] [01m[K/usr/include/c++/11/optional:1203:5:[m[K [01;36m[Knote: [m[Kcandidate: â€˜[01m[Ktemplate<class _Tp, class _Up> constexpr std::__optional_lt_t<_Up, _Tp> std::operator<(const _Up&, const std::optional<_Tp>&)[m[Kâ€™
[2.465s]  1203 |     [01;36m[Koperator[m[K<(const _Up& __lhs, const optional<_Tp>& __rhs)
[2.465s]       |     [01;36m[K^~~~~~~~[m[K
[2.465s] [01m[K/usr/include/c++/11/optional:1203:5:[m[K [01;36m[Knote: [m[K  template argument deduction/substitution failed:
[2.465s] [01m[K/home/hollis/cu/5254_final/src/amp_sim/src/run_sim.cpp:71:50:[m[K [01;36m[Knote: [m[K  mismatched types â€˜[01m[Kconst std::optional<_Tp>[m[Kâ€™ and â€˜[01m[Kdouble[m[Kâ€™
[2.465s]    71 |             if(msg.start_time < get_current_time([01;36m[K)[m[K){
[2.465s]       |                                                  [01;36m[K^[m[K
[2.465s] In file included from [01m[K/opt/ros/humble/include/rclcpp/rclcpp/client.hpp:28[m[K,
[2.465s]                  from [01m[K/opt/ros/humble/include/rclcpp/rclcpp/callback_group.hpp:24[m[K,
[2.465s]                  from [01m[K/opt/ros/humble/include/rclcpp/rclcpp/any_executable.hpp:20[m[K,
[2.465s]                  from [01m[K/opt/ros/humble/include/rclcpp/rclcpp/memory_strategy.hpp:25[m[K,
[2.465s]                  from [01m[K/opt/ros/humble/include/rclcpp/rclcpp/memory_strategies.hpp:18[m[K,
[2.465s]                  from [01m[K/opt/ros/humble/include/rclcpp/rclcpp/executor_options.hpp:20[m[K,
[2.465s]                  from [01m[K/opt/ros/humble/include/rclcpp/rclcpp/executor.hpp:37[m[K,
[2.465s]                  from [01m[K/opt/ros/humble/include/rclcpp/rclcpp/executors/multi_threaded_executor.hpp:25[m[K,
[2.465s]                  from [01m[K/opt/ros/humble/include/rclcpp/rclcpp/executors.hpp:21[m[K,
[2.465s]                  from [01m[K/opt/ros/humble/include/rclcpp/rclcpp/rclcpp.hpp:155[m[K,
[2.465s]                  from [01m[K/home/hollis/cu/5254_final/src/amp_sim/src/run_sim.cpp:12[m[K:
[2.466s] [01m[K/usr/include/c++/11/variant:1230:3:[m[K [01;36m[Knote: [m[Kcandidate: â€˜[01m[Ktemplate<class ... _Types> constexpr bool std::operator<(const std::variant<_Types ...>&, const std::variant<_Types ...>&)[m[Kâ€™
[2.466s]  1230 |   [01;36m[K_VARIANT_RELATION_FUNCTION_TEMPLATE[m[K(<, less)
[2.466s]       |   [01;36m[K^~~~~~~~~~~~~~~~~~~~~~~~~~~~~~~~~~~[m[K
[2.466s] [01m[K/usr/include/c++/11/variant:1230:3:[m[K [01;36m[Knote: [m[K  template argument deduction/substitution failed:
[2.466s] [01m[K/home/hollis/cu/5254_final/src/amp_sim/src/run_sim.cpp:71:50:[m[K [01;36m[Knote: [m[K  â€˜[01m[Kamp_msgs::msg::IdealPath_<std::allocator<void> >::_start_time_type[m[Kâ€™ {aka â€˜[01m[Kbuiltin_interfaces::msg::Time_<std::allocator<void> >[m[Kâ€™} is not derived from â€˜[01m[Kconst std::variant<_Types ...>[m[Kâ€™
[2.466s]    71 |             if(msg.start_time < get_current_time([01;36m[K)[m[K){
[2.466s]       |                                                  [01;36m[K^[m[K
[2.466s] In file included from [01m[K/usr/include/c++/11/bits/ios_base.h:46[m[K,
[2.466s]                  from [01m[K/usr/include/c++/11/ios:42[m[K,
[2.466s]                  from [01m[K/usr/include/c++/11/istream:38[m[K,
[2.466s]                  from [01m[K/usr/include/c++/11/sstream:38[m[K,
[2.466s]                  from [01m[K/usr/include/c++/11/complex:45[m[K,
[2.466s]                  from [01m[K/usr/include/eigen3/Eigen/Core:50[m[K,
[2.466s]                  from [01m[K/usr/include/eigen3/Eigen/Dense:1[m[K,
[2.466s]                  from [01m[K/home/hollis/cu/5254_final/src/amp_sim/src/run_sim.cpp:3[m[K:
[2.466s] [01m[K/usr/include/c++/11/system_error:269:3:[m[K [01;36m[Knote: [m[Kcandidate: â€˜[01m[Kbool std::operator<(const std::error_code&, const std::error_code&)[m[Kâ€™
[2.466s]   269 |   [01;36m[Koperator[m[K<(const error_code& __lhs, const error_code& __rhs) noexcept
[2.466s]       |   [01;36m[K^~~~~~~~[m[K
[2.466s] [01m[K/usr/include/c++/11/system_error:269:31:[m[K [01;36m[Knote: [m[K  no known conversion for argument 1 from â€˜[01m[Kamp_msgs::msg::IdealPath_<std::allocator<void> >::_start_time_type[m[Kâ€™ {aka â€˜[01m[Kbuiltin_interfaces::msg::Time_<std::allocator<void> >[m[Kâ€™} to â€˜[01m[Kconst std::error_code&[m[Kâ€™
[2.466s]   269 |   operator<([01;36m[Kconst error_code& __lhs[m[K, const error_code& __rhs) noexcept
[2.466s]       |             [01;36m[K~~~~~~~~~~~~~~~~~~^~~~~[m[K
[2.466s] [01m[K/usr/include/c++/11/system_error:398:3:[m[K [01;36m[Knote: [m[Kcandidate: â€˜[01m[Kbool std::operator<(const std::error_condition&, const std::error_condition&)[m[Kâ€™
[2.466s]   398 |   [01;36m[Koperator[m[K<(const error_condition& __lhs,
[2.466s]       |   [01;36m[K^~~~~~~~[m[K
[2.466s] [01m[K/usr/include/c++/11/system_error:398:36:[m[K [01;36m[Knote: [m[K  no known conversion for argument 1 from â€˜[01m[Kamp_msgs::msg::IdealPath_<std::allocator<void> >::_start_time_type[m[Kâ€™ {aka â€˜[01m[Kbuiltin_interfaces::msg::Time_<std::allocator<void> >[m[Kâ€™} to â€˜[01m[Kconst std::error_condition&[m[Kâ€™
[2.466s]   398 |   operator<([01;36m[Kconst error_condition& __lhs[m[K,
[2.466s]       |             [01;36m[K~~~~~~~~~~~~~~~~~~~~~~~^~~~~[m[K
[2.466s] In file included from [01m[K/opt/ros/humble/include/rclcpp/rclcpp/executors/multi_threaded_executor.hpp:22[m[K,
[2.466s]                  from [01m[K/opt/ros/humble/include/rclcpp/rclcpp/executors.hpp:21[m[K,
[2.466s]                  from [01m[K/opt/ros/humble/include/rclcpp/rclcpp/rclcpp.hpp:155[m[K,
[2.466s]                  from [01m[K/home/hollis/cu/5254_final/src/amp_sim/src/run_sim.cpp:12[m[K:
[2.466s] [01m[K/usr/include/c++/11/thread:70:3:[m[K [01;36m[Knote: [m[Kcandidate: â€˜[01m[Kbool std::operator<(std::thread::id, std::thread::id)[m[Kâ€™
[2.466s]    70 |   [01;36m[Koperator[m[K<(thread::id __x, thread::id __y) noexcept
[2.466s]       |   [01;36m[K^~~~~~~~[m[K
[2.466s] [01m[K/usr/include/c++/11/thread:70:24:[m[K [01;36m[Knote: [m[K  no known conversion for argument 1 from â€˜[01m[Kamp_msgs::msg::IdealPath_<std::allocator<void> >::_start_time_type[m[Kâ€™ {aka â€˜[01m[Kbuiltin_interfaces::msg::Time_<std::allocator<void> >[m[Kâ€™} to â€˜[01m[Kstd::thread::id[m[Kâ€™
[2.466s]    70 |   operator<([01;36m[Kthread::id __x[m[K, thread::id __y) noexcept
[2.466s]       |             [01;36m[K~~~~~~~~~~~^~~[m[K
[2.466s] In file included from [01m[K/opt/ros/humble/include/rclcpp/rclcpp/client.hpp:28[m[K,
[2.466s]                  from [01m[K/opt/ros/humble/include/rclcpp/rclcpp/callback_group.hpp:24[m[K,
[2.466s]                  from [01m[K/opt/ros/humble/include/rclcpp/rclcpp/any_executable.hpp:20[m[K,
[2.466s]                  from [01m[K/opt/ros/humble/include/rclcpp/rclcpp/memory_strategy.hpp:25[m[K,
[2.466s]                  from [01m[K/opt/ros/humble/include/rclcpp/rclcpp/memory_strategies.hpp:18[m[K,
[2.466s]                  from [01m[K/opt/ros/humble/include/rclcpp/rclcpp/executor_options.hpp:20[m[K,
[2.466s]                  from [01m[K/opt/ros/humble/include/rclcpp/rclcpp/executor.hpp:37[m[K,
[2.466s]                  from [01m[K/opt/ros/humble/include/rclcpp/rclcpp/executors/multi_threaded_executor.hpp:25[m[K,
[2.467s]                  from [01m[K/opt/ros/humble/include/rclcpp/rclcpp/executors.hpp:21[m[K,
[2.467s]                  from [01m[K/opt/ros/humble/include/rclcpp/rclcpp/rclcpp.hpp:155[m[K,
[2.467s]                  from [01m[K/home/hollis/cu/5254_final/src/amp_sim/src/run_sim.cpp:12[m[K:
[2.467s] [01m[K/usr/include/c++/11/variant:1272:18:[m[K [01;36m[Knote: [m[Kcandidate: â€˜[01m[Kconstexpr bool std::operator<(std::monostate, std::monostate)[m[Kâ€™
[2.467s]  1272 |   constexpr bool [01;36m[Koperator[m[K<(monostate, monostate) noexcept { return false; }
[2.467s]       |                  [01;36m[K^~~~~~~~[m[K
[2.467s] [01m[K/usr/include/c++/11/variant:1272:28:[m[K [01;36m[Knote: [m[K  no known conversion for argument 1 from â€˜[01m[Kamp_msgs::msg::IdealPath_<std::allocator<void> >::_start_time_type[m[Kâ€™ {aka â€˜[01m[Kbuiltin_interfaces::msg::Time_<std::allocator<void> >[m[Kâ€™} to â€˜[01m[Kstd::monostate[m[Kâ€™
[2.467s]  1272 |   constexpr bool operator<([01;36m[Kmonostate[m[K, monostate) noexcept { return false; }
[2.467s]       |                            [01;36m[K^~~~~~~~~[m[K
[2.467s] [01m[K/home/hollis/cu/5254_final/src/amp_sim/src/run_sim.cpp:82:30:[m[K [01;35m[Kwarning: [m[Kcomparison of integer expressions of different signedness: â€˜[01m[Kint[m[Kâ€™ and â€˜[01m[Kstd::vector<float>::size_type[m[Kâ€™ {aka â€˜[01m[Klong unsigned int[m[Kâ€™} [[01;35m[K]8;;https://gcc.gnu.org/onlinedocs/gcc/Warning-Options.html#index-Wsign-compare-Wsign-compare]8;;[m[K]
[2.467s]    82 |             for(int i = 0; [01;35m[Ki < msg.duration_array.size()[m[K; i++){
[2.467s]       |                            [01;35m[K~~^~~~~~~~~~~~~~~~~~~~~~~~~~~[m[K
[2.467s] [01m[K/home/hollis/cu/5254_final/src/amp_sim/src/run_sim.cpp:89:62:[m[K [01;31m[Kerror: [m[Kno match for â€˜[01m[Koperator+[m[Kâ€™ (operand types are â€˜[01m[Kdouble[m[Kâ€™ and â€˜[01m[Kamp_msgs::msg::IdealPath_<std::allocator<void> >::_start_time_type[m[Kâ€™ {aka â€˜[01m[Kbuiltin_interfaces::msg::Time_<std::allocator<void> >[m[Kâ€™})
[2.467s]    89 |                 agent_path_step_times.push_back([32m[Kduration_sum[m[K [01;31m[K+[m[K [34m[Kmsg.start_time[m[K);
[2.467s]       |                                                 [32m[K~~~~~~~~~~~~[m[K [01;31m[K^[m[K [34m[K~~~~~~~~~~~~~~[m[K
[2.467s]       |                                                 [32m[K|[m[K                  [34m[K|[m[K
[2.467s]       |                                                 [32m[Kdouble[m[K             [34m[Kamp_msgs::msg::IdealPath_<std::allocator<void> >::_start_time_type {aka builtin_interfaces::msg::Time_<std::allocator<void> >}[m[K
[2.467s] In file included from [01m[K/usr/include/c++/11/bits/stl_algobase.h:67[m[K,
[2.467s]                  from [01m[K/usr/include/c++/11/bits/specfun.h:45[m[K,
[2.467s]                  from [01m[K/usr/include/c++/11/cmath:1935[m[K,
[2.467s]                  from [01m[K/usr/include/eigen3/Eigen/src/Core/util/Macros.h:679[m[K,
[2.467s]                  from [01m[K/usr/include/eigen3/Eigen/Core:19[m[K,
[2.467s]                  from [01m[K/usr/include/eigen3/Eigen/Dense:1[m[K,
[2.467s]                  from [01m[K/home/hollis/cu/5254_final/src/amp_sim/src/run_sim.cpp:3[m[K:
[2.467s] [01m[K/usr/include/c++/11/bits/stl_iterator.h:585:5:[m[K [01;36m[Knote: [m[Kcandidate: â€˜[01m[Ktemplate<class _Iterator> constexpr std::reverse_iterator<_Iterator> std::operator+(typename std::reverse_iterator<_Iterator>::difference_type, const std::reverse_iterator<_Iterator>&)[m[Kâ€™
[2.467s]   585 |     [01;36m[Koperator[m[K+(typename reverse_iterator<_Iterator>::difference_type __n,
[2.467s]       |     [01;36m[K^~~~~~~~[m[K
[2.467s] [01m[K/usr/include/c++/11/bits/stl_iterator.h:585:5:[m[K [01;36m[Knote: [m[K  template argument deduction/substitution failed:
[2.467s] [01m[K/home/hollis/cu/5254_final/src/amp_sim/src/run_sim.cpp:89:68:[m[K [01;36m[Knote: [m[K  â€˜[01m[Kamp_msgs::msg::IdealPath_<std::allocator<void> >::_start_time_type[m[Kâ€™ {aka â€˜[01m[Kbuiltin_interfaces::msg::Time_<std::allocator<void> >[m[Kâ€™} is not derived from â€˜[01m[Kconst std::reverse_iterator<_Iterator>[m[Kâ€™
[2.467s]    89 |                 agent_path_step_times.push_back(duration_sum + msg.[01;36m[Kstart_time[m[K);
[2.467s]       |                                                                    [01;36m[K^~~~~~~~~~[m[K
[2.467s] In file included from [01m[K/usr/include/c++/11/bits/stl_algobase.h:67[m[K,
[2.468s]                  from [01m[K/usr/include/c++/11/bits/specfun.h:45[m[K,
[2.468s]                  from [01m[K/usr/include/c++/11/cmath:1935[m[K,
[2.468s]                  from [01m[K/usr/include/eigen3/Eigen/src/Core/util/Macros.h:679[m[K,
[2.468s]                  from [01m[K/usr/include/eigen3/Eigen/Core:19[m[K,
[2.468s]                  from [01m[K/usr/include/eigen3/Eigen/Dense:1[m[K,
[2.468s]                  from [01m[K/home/hollis/cu/5254_final/src/amp_sim/src/run_sim.cpp:3[m[K:
[2.468s] [01m[K/usr/include/c++/11/bits/stl_iterator.h:1700:5:[m[K [01;36m[Knote: [m[Kcandidate: â€˜[01m[Ktemplate<class _Iterator> constexpr std::move_iterator<_IteratorL> std::operator+(typename std::move_iterator<_IteratorL>::difference_type, const std::move_iterator<_IteratorL>&)[m[Kâ€™
[2.468s]  1700 |     [01;36m[Koperator[m[K+(typename move_iterator<_Iterator>::difference_type __n,
[2.468s]       |     [01;36m[K^~~~~~~~[m[K
[2.468s] [01m[K/usr/include/c++/11/bits/stl_iterator.h:1700:5:[m[K [01;36m[Knote: [m[K  template argument deduction/substitution failed:
[2.468s] [01m[K/home/hollis/cu/5254_final/src/amp_sim/src/run_sim.cpp:89:68:[m[K [01;36m[Knote: [m[K  â€˜[01m[Kamp_msgs::msg::IdealPath_<std::allocator<void> >::_start_time_type[m[Kâ€™ {aka â€˜[01m[Kbuiltin_interfaces::msg::Time_<std::allocator<void> >[m[Kâ€™} is not derived from â€˜[01m[Kconst std::move_iterator<_IteratorL>[m[Kâ€™
[2.468s]    89 |                 agent_path_step_times.push_back(duration_sum + msg.[01;36m[Kstart_time[m[K);
[2.468s]       |                                                                    [01;36m[K^~~~~~~~~~[m[K
[2.468s] In file included from [01m[K/usr/include/c++/11/string:55[m[K,
[2.468s]                  from [01m[K/usr/include/c++/11/bits/locale_classes.h:40[m[K,
[2.468s]                  from [01m[K/usr/include/c++/11/bits/ios_base.h:41[m[K,
[2.468s]                  from [01m[K/usr/include/c++/11/ios:42[m[K,
[2.468s]                  from [01m[K/usr/include/c++/11/istream:38[m[K,
[2.468s]                  from [01m[K/usr/include/c++/11/sstream:38[m[K,
[2.468s]                  from [01m[K/usr/include/c++/11/complex:45[m[K,
[2.468s]                  from [01m[K/usr/include/eigen3/Eigen/Core:50[m[K,
[2.468s]                  from [01m[K/usr/include/eigen3/Eigen/Dense:1[m[K,
[2.468s]                  from [01m[K/home/hollis/cu/5254_final/src/amp_sim/src/run_sim.cpp:3[m[K:
[2.468s] [01m[K/usr/include/c++/11/bits/basic_string.h:6095:5:[m[K [01;36m[Knote: [m[Kcandidate: â€˜[01m[Ktemplate<class _CharT, class _Traits, class _Alloc> std::__cxx11::basic_string<_CharT, _Traits, _Allocator> std::operator+(const std::__cxx11::basic_string<_CharT, _Traits, _Allocator>&, const std::__cxx11::basic_string<_CharT, _Traits, _Allocator>&)[m[Kâ€™
[2.468s]  6095 |     [01;36m[Koperator[m[K+(const basic_string<_CharT, _Traits, _Alloc>& __lhs,
[2.468s]       |     [01;36m[K^~~~~~~~[m[K
[2.468s] [01m[K/usr/include/c++/11/bits/basic_string.h:6095:5:[m[K [01;36m[Knote: [m[K  template argument deduction/substitution failed:
[2.468s] [01m[K/home/hollis/cu/5254_final/src/amp_sim/src/run_sim.cpp:89:68:[m[K [01;36m[Knote: [m[K  mismatched types â€˜[01m[Kconst std::__cxx11::basic_string<_CharT, _Traits, _Allocator>[m[Kâ€™ and â€˜[01m[Kdouble[m[Kâ€™
[2.468s]    89 |                 agent_path_step_times.push_back(duration_sum + msg.[01;36m[Kstart_time[m[K);
[2.468s]       |                                                                    [01;36m[K^~~~~~~~~~[m[K
[2.468s] In file included from [01m[K/usr/include/c++/11/string:56[m[K,
[2.468s]                  from [01m[K/usr/include/c++/11/bits/locale_classes.h:40[m[K,
[2.468s]                  from [01m[K/usr/include/c++/11/bits/ios_base.h:41[m[K,
[2.468s]                  from [01m[K/usr/include/c++/11/ios:42[m[K,
[2.468s]                  from [01m[K/usr/include/c++/11/istream:38[m[K,
[2.468s]                  from [01m[K/usr/include/c++/11/sstream:38[m[K,
[2.468s]                  from [01m[K/usr/include/c++/11/complex:45[m[K,
[2.468s]                  from [01m[K/usr/include/eigen3/Eigen/Core:50[m[K,
[2.468s]                  from [01m[K/usr/include/eigen3/Eigen/Dense:1[m[K,
[2.468s]                  from [01m[K/home/hollis/cu/5254_final/src/amp_sim/src/run_sim.cpp:3[m[K:
[2.468s] [01m[K/usr/include/c++/11/bits/basic_string.tcc:1169:5:[m[K [01;36m[Knote: [m[Kcandidate: â€˜[01m[Ktemplate<class _CharT, class _Traits, class _Alloc> std::__cxx11::basic_string<_CharT, _Traits, _Allocator> std::operator+(const _CharT*, const std::__cxx11::basic_string<_CharT, _Traits, _Allocator>&)[m[Kâ€™
[2.468s]  1169 |     [01;36m[Koperator[m[K+(const _CharT* __lhs,
[2.468s]       |     [01;36m[K^~~~~~~~[m[K
[2.468s] [01m[K/usr/include/c++/11/bits/basic_string.tcc:1169:5:[m[K [01;36m[Knote: [m[K  template argument deduction/substitution failed:
[2.468s] [01m[K/home/hollis/cu/5254_final/src/amp_sim/src/run_sim.cpp:89:68:[m[K [01;36m[Knote: [m[K  mismatched types â€˜[01m[Kconst _CharT*[m[Kâ€™ and â€˜[01m[Kdouble[m[Kâ€™
[2.468s]    89 |                 agent_path_step_times.push_back(duration_sum + msg.[01;36m[Kstart_time[m[K);
[2.469s]       |                                                                    [01;36m[K^~~~~~~~~~[m[K
[2.469s] In file included from [01m[K/usr/include/c++/11/string:56[m[K,
[2.469s]                  from [01m[K/usr/include/c++/11/bits/locale_classes.h:40[m[K,
[2.469s]                  from [01m[K/usr/include/c++/11/bits/ios_base.h:41[m[K,
[2.469s]                  from [01m[K/usr/include/c++/11/ios:42[m[K,
[2.469s]                  from [01m[K/usr/include/c++/11/istream:38[m[K,
[2.469s]                  from [01m[K/usr/include/c++/11/sstream:38[m[K,
[2.469s]                  from [01m[K/usr/include/c++/11/complex:45[m[K,
[2.469s]                  from [01m[K/usr/include/eigen3/Eigen/Core:50[m[K,
[2.469s]                  from [01m[K/usr/include/eigen3/Eigen/Dense:1[m[K,
[2.469s]                  from [01m[K/home/hollis/cu/5254_final/src/amp_sim/src/run_sim.cpp:3[m[K:
[2.469s] [01m[K/usr/include/c++/11/bits/basic_string.tcc:1189:5:[m[K [01;36m[Knote: [m[Kcandidate: â€˜[01m[Ktemplate<class _CharT, class _Traits, class _Alloc> std::__cxx11::basic_string<_CharT, _Traits, _Allocator> std::operator+(_CharT, const std::__cxx11::basic_string<_CharT, _Traits, _Allocator>&)[m[Kâ€™
[2.469s]  1189 |     [01;36m[Koperator[m[K+(_CharT __lhs, const basic_string<_CharT, _Traits, _Alloc>& __rhs)
[2.469s]       |     [01;36m[K^~~~~~~~[m[K
[2.469s] [01m[K/usr/include/c++/11/bits/basic_string.tcc:1189:5:[m[K [01;36m[Knote: [m[K  template argument deduction/substitution failed:
[2.469s] [01m[K/home/hollis/cu/5254_final/src/amp_sim/src/run_sim.cpp:89:68:[m[K [01;36m[Knote: [m[K  â€˜[01m[Kamp_msgs::msg::IdealPath_<std::allocator<void> >::_start_time_type[m[Kâ€™ {aka â€˜[01m[Kbuiltin_interfaces::msg::Time_<std::allocator<void> >[m[Kâ€™} is not derived from â€˜[01m[Kconst std::__cxx11::basic_string<_CharT, _Traits, _Allocator>[m[Kâ€™
[2.469s]    89 |                 agent_path_step_times.push_back(duration_sum + msg.[01;36m[Kstart_time[m[K);
[2.469s]       |                                                                    [01;36m[K^~~~~~~~~~[m[K
[2.469s] In file included from [01m[K/usr/include/c++/11/string:55[m[K,
[2.469s]                  from [01m[K/usr/include/c++/11/bits/locale_classes.h:40[m[K,
[2.469s]                  from [01m[K/usr/include/c++/11/bits/ios_base.h:41[m[K,
[2.469s]                  from [01m[K/usr/include/c++/11/ios:42[m[K,
[2.469s]                  from [01m[K/usr/include/c++/11/istream:38[m[K,
[2.469s]                  from [01m[K/usr/include/c++/11/sstream:38[m[K,
[2.469s]                  from [01m[K/usr/include/c++/11/complex:45[m[K,
[2.469s]                  from [01m[K/usr/include/eigen3/Eigen/Core:50[m[K,
[2.469s]                  from [01m[K/usr/include/eigen3/Eigen/Dense:1[m[K,
[2.469s]                  from [01m[K/home/hollis/cu/5254_final/src/amp_sim/src/run_sim.cpp:3[m[K:
[2.469s] [01m[K/usr/include/c++/11/bits/basic_string.h:6132:5:[m[K [01;36m[Knote: [m[Kcandidate: â€˜[01m[Ktemplate<class _CharT, class _Traits, class _Alloc> std::__cxx11::basic_string<_CharT, _Traits, _Allocator> std::operator+(const std::__cxx11::basic_string<_CharT, _Traits, _Allocator>&, const _CharT*)[m[Kâ€™
[2.469s]  6132 |     [01;36m[Koperator[m[K+(const basic_string<_CharT, _Traits, _Alloc>& __lhs,
[2.469s]       |     [01;36m[K^~~~~~~~[m[K
[2.469s] [01m[K/usr/include/c++/11/bits/basic_string.h:6132:5:[m[K [01;36m[Knote: [m[K  template argument deduction/substitution failed:
[2.469s] [01m[K/home/hollis/cu/5254_final/src/amp_sim/src/run_sim.cpp:89:68:[m[K [01;36m[Knote: [m[K  mismatched types â€˜[01m[Kconst std::__cxx11::basic_string<_CharT, _Traits, _Allocator>[m[Kâ€™ and â€˜[01m[Kdouble[m[Kâ€™
[2.469s]    89 |                 agent_path_step_times.push_back(duration_sum + msg.[01;36m[Kstart_time[m[K);
[2.469s]       |                                                                    [01;36m[K^~~~~~~~~~[m[K
[2.469s] In file included from [01m[K/usr/include/c++/11/string:55[m[K,
[2.469s]                  from [01m[K/usr/include/c++/11/bits/locale_classes.h:40[m[K,
[2.469s]                  from [01m[K/usr/include/c++/11/bits/ios_base.h:41[m[K,
[2.469s]                  from [01m[K/usr/include/c++/11/ios:42[m[K,
[2.469s]                  from [01m[K/usr/include/c++/11/istream:38[m[K,
[2.469s]                  from [01m[K/usr/include/c++/11/sstream:38[m[K,
[2.469s]                  from [01m[K/usr/include/c++/11/complex:45[m[K,
[2.469s]                  from [01m[K/usr/include/eigen3/Eigen/Core:50[m[K,
[2.469s]                  from [01m[K/usr/include/eigen3/Eigen/Dense:1[m[K,
[2.470s]                  from [01m[K/home/hollis/cu/5254_final/src/amp_sim/src/run_sim.cpp:3[m[K:
[2.470s] [01m[K/usr/include/c++/11/bits/basic_string.h:6148:5:[m[K [01;36m[Knote: [m[Kcandidate: â€˜[01m[Ktemplate<class _CharT, class _Traits, class _Alloc> std::__cxx11::basic_string<_CharT, _Traits, _Allocator> std::operator+(const std::__cxx11::basic_string<_CharT, _Traits, _Allocator>&, _CharT)[m[Kâ€™
[2.470s]  6148 |     [01;36m[Koperator[m[K+(const basic_string<_CharT, _Traits, _Alloc>& __lhs, _CharT __rhs)
[2.470s]       |     [01;36m[K^~~~~~~~[m[K
[2.470s] [01m[K/usr/include/c++/11/bits/basic_string.h:6148:5:[m[K [01;36m[Knote: [m[K  template argument deduction/substitution failed:
[2.470s] [01m[K/home/hollis/cu/5254_final/src/amp_sim/src/run_sim.cpp:89:68:[m[K [01;36m[Knote: [m[K  mismatched types â€˜[01m[Kconst std::__cxx11::basic_string<_CharT, _Traits, _Allocator>[m[Kâ€™ and â€˜[01m[Kdouble[m[Kâ€™
[2.470s]    89 |                 agent_path_step_times.push_back(duration_sum + msg.[01;36m[Kstart_time[m[K);
[2.470s]       |                                                                    [01;36m[K^~~~~~~~~~[m[K
[2.470s] In file included from [01m[K/usr/include/c++/11/string:55[m[K,
[2.470s]                  from [01m[K/usr/include/c++/11/bits/locale_classes.h:40[m[K,
[2.470s]                  from [01m[K/usr/include/c++/11/bits/ios_base.h:41[m[K,
[2.470s]                  from [01m[K/usr/include/c++/11/ios:42[m[K,
[2.470s]                  from [01m[K/usr/include/c++/11/istream:38[m[K,
[2.470s]                  from [01m[K/usr/include/c++/11/sstream:38[m[K,
[2.470s]                  from [01m[K/usr/include/c++/11/complex:45[m[K,
[2.470s]                  from [01m[K/usr/include/eigen3/Eigen/Core:50[m[K,
[2.470s]                  from [01m[K/usr/include/eigen3/Eigen/Dense:1[m[K,
[2.470s]                  from [01m[K/home/hollis/cu/5254_final/src/amp_sim/src/run_sim.cpp:3[m[K:
[2.470s] [01m[K/usr/include/c++/11/bits/basic_string.h:6160:5:[m[K [01;36m[Knote: [m[Kcandidate: â€˜[01m[Ktemplate<class _CharT, class _Traits, class _Alloc> std::__cxx11::basic_string<_CharT, _Traits, _Allocator> std::operator+(std::__cxx11::basic_string<_CharT, _Traits, _Allocator>&&, const std::__cxx11::basic_string<_CharT, _Traits, _Allocator>&)[m[Kâ€™
[2.470s]  6160 |     [01;36m[Koperator[m[K+(basic_string<_CharT, _Traits, _Alloc>&& __lhs,
[2.470s]       |     [01;36m[K^~~~~~~~[m[K
[2.470s] [01m[K/usr/include/c++/11/bits/basic_string.h:6160:5:[m[K [01;36m[Knote: [m[K  template argument deduction/substitution failed:
[2.470s] [01m[K/home/hollis/cu/5254_final/src/amp_sim/src/run_sim.cpp:89:68:[m[K [01;36m[Knote: [m[K  mismatched types â€˜[01m[Kstd::__cxx11::basic_string<_CharT, _Traits, _Allocator>[m[Kâ€™ and â€˜[01m[Kdouble[m[Kâ€™
[2.470s]    89 |                 agent_path_step_times.push_back(duration_sum + msg.[01;36m[Kstart_time[m[K);
[2.470s]       |                                                                    [01;36m[K^~~~~~~~~~[m[K
[2.470s] In file included from [01m[K/usr/include/c++/11/string:55[m[K,
[2.470s]                  from [01m[K/usr/include/c++/11/bits/locale_classes.h:40[m[K,
[2.470s]                  from [01m[K/usr/include/c++/11/bits/ios_base.h:41[m[K,
[2.470s]                  from [01m[K/usr/include/c++/11/ios:42[m[K,
[2.470s]                  from [01m[K/usr/include/c++/11/istream:38[m[K,
[2.470s]                  from [01m[K/usr/include/c++/11/sstream:38[m[K,
[2.470s]                  from [01m[K/usr/include/c++/11/complex:45[m[K,
[2.470s]                  from [01m[K/usr/include/eigen3/Eigen/Core:50[m[K,
[2.470s]                  from [01m[K/usr/include/eigen3/Eigen/Dense:1[m[K,
[2.470s]                  from [01m[K/home/hollis/cu/5254_final/src/amp_sim/src/run_sim.cpp:3[m[K:
[2.470s] [01m[K/usr/include/c++/11/bits/basic_string.h:6166:5:[m[K [01;36m[Knote: [m[Kcandidate: â€˜[01m[Ktemplate<class _CharT, class _Traits, class _Alloc> std::__cxx11::basic_string<_CharT, _Traits, _Allocator> std::operator+(const std::__cxx11::basic_string<_CharT, _Traits, _Allocator>&, std::__cxx11::basic_string<_CharT, _Traits, _Allocator>&&)[m[Kâ€™
[2.470s]  6166 |     [01;36m[Koperator[m[K+(const basic_string<_CharT, _Traits, _Alloc>& __lhs,
[2.470s]       |     [01;36m[K^~~~~~~~[m[K
[2.470s] [01m[K/usr/include/c++/11/bits/basic_string.h:6166:5:[m[K [01;36m[Knote: [m[K  template argument deduction/substitution failed:
[2.470s] [01m[K/home/hollis/cu/5254_final/src/amp_sim/src/run_sim.cpp:89:68:[m[K [01;36m[Knote: [m[K  mismatched types â€˜[01m[Kconst std::__cxx11::basic_string<_CharT, _Traits, _Allocator>[m[Kâ€™ and â€˜[01m[Kdouble[m[Kâ€™
[2.470s]    89 |                 agent_path_step_times.push_back(duration_sum + msg.[01;36m[Kstart_time[m[K);
[2.470s]       |                                                                    [01;36m[K^~~~~~~~~~[m[K
[2.470s] In file included from [01m[K/usr/include/c++/11/string:55[m[K,
[2.470s]                  from [01m[K/usr/include/c++/11/bits/locale_classes.h:40[m[K,
[2.470s]                  from [01m[K/usr/include/c++/11/bits/ios_base.h:41[m[K,
[2.470s]                  from [01m[K/usr/include/c++/11/ios:42[m[K,
[2.470s]                  from [01m[K/usr/include/c++/11/istream:38[m[K,
[2.471s]                  from [01m[K/usr/include/c++/11/sstream:38[m[K,
[2.471s]                  from [01m[K/usr/include/c++/11/complex:45[m[K,
[2.471s]                  from [01m[K/usr/include/eigen3/Eigen/Core:50[m[K,
[2.471s]                  from [01m[K/usr/include/eigen3/Eigen/Dense:1[m[K,
[2.471s]                  from [01m[K/home/hollis/cu/5254_final/src/amp_sim/src/run_sim.cpp:3[m[K:
[2.471s] [01m[K/usr/include/c++/11/bits/basic_string.h:6172:5:[m[K [01;36m[Knote: [m[Kcandidate: â€˜[01m[Ktemplate<class _CharT, class _Traits, class _Alloc> std::__cxx11::basic_string<_CharT, _Traits, _Allocator> std::operator+(std::__cxx11::basic_string<_CharT, _Traits, _Allocator>&&, std::__cxx11::basic_string<_CharT, _Traits, _Allocator>&&)[m[Kâ€™
[2.471s]  6172 |     [01;36m[Koperator[m[K+(basic_string<_CharT, _Traits, _Alloc>&& __lhs,
[2.471s]       |     [01;36m[K^~~~~~~~[m[K
[2.471s] [01m[K/usr/include/c++/11/bits/basic_string.h:6172:5:[m[K [01;36m[Knote: [m[K  template argument deduction/substitution failed:
[2.471s] [01m[K/home/hollis/cu/5254_final/src/amp_sim/src/run_sim.cpp:89:68:[m[K [01;36m[Knote: [m[K  mismatched types â€˜[01m[Kstd::__cxx11::basic_string<_CharT, _Traits, _Allocator>[m[Kâ€™ and â€˜[01m[Kdouble[m[Kâ€™
[2.471s]    89 |                 agent_path_step_times.push_back(duration_sum + msg.[01;36m[Kstart_time[m[K);
[2.471s]       |                                                                    [01;36m[K^~~~~~~~~~[m[K
[2.471s] In file included from [01m[K/usr/include/c++/11/string:55[m[K,
[2.471s]                  from [01m[K/usr/include/c++/11/bits/locale_classes.h:40[m[K,
[2.471s]                  from [01m[K/usr/include/c++/11/bits/ios_base.h:41[m[K,
[2.471s]                  from [01m[K/usr/include/c++/11/ios:42[m[K,
[2.471s]                  from [01m[K/usr/include/c++/11/istream:38[m[K,
[2.471s]                  from [01m[K/usr/include/c++/11/sstream:38[m[K,
[2.471s]                  from [01m[K/usr/include/c++/11/complex:45[m[K,
[2.471s]                  from [01m[K/usr/include/eigen3/Eigen/Core:50[m[K,
[2.471s]                  from [01m[K/usr/include/eigen3/Eigen/Dense:1[m[K,
[2.471s]                  from [01m[K/home/hollis/cu/5254_final/src/amp_sim/src/run_sim.cpp:3[m[K:
[2.471s] [01m[K/usr/include/c++/11/bits/basic_string.h:6194:5:[m[K [01;36m[Knote: [m[Kcandidate: â€˜[01m[Ktemplate<class _CharT, class _Traits, class _Alloc> std::__cxx11::basic_string<_CharT, _Traits, _Allocator> std::operator+(const _CharT*, std::__cxx11::basic_string<_CharT, _Traits, _Allocator>&&)[m[Kâ€™
[2.471s]  6194 |     [01;36m[Koperator[m[K+(const _CharT* __lhs,
[2.471s]       |     [01;36m[K^~~~~~~~[m[K
[2.471s] [01m[K/usr/include/c++/11/bits/basic_string.h:6194:5:[m[K [01;36m[Knote: [m[K  template argument deduction/substitution failed:
[2.471s] [01m[K/home/hollis/cu/5254_final/src/amp_sim/src/run_sim.cpp:89:68:[m[K [01;36m[Knote: [m[K  mismatched types â€˜[01m[Kconst _CharT*[m[Kâ€™ and â€˜[01m[Kdouble[m[Kâ€™
[2.471s]    89 |                 agent_path_step_times.push_back(duration_sum + msg.[01;36m[Kstart_time[m[K);
[2.471s]       |                                                                    [01;36m[K^~~~~~~~~~[m[K
[2.471s] In file included from [01m[K/usr/include/c++/11/string:55[m[K,
[2.471s]                  from [01m[K/usr/include/c++/11/bits/locale_classes.h:40[m[K,
[2.471s]                  from [01m[K/usr/include/c++/11/bits/ios_base.h:41[m[K,
[2.471s]                  from [01m[K/usr/include/c++/11/ios:42[m[K,
[2.471s]                  from [01m[K/usr/include/c++/11/istream:38[m[K,
[2.471s]                  from [01m[K/usr/include/c++/11/sstream:38[m[K,
[2.471s]                  from [01m[K/usr/include/c++/11/complex:45[m[K,
[2.471s]                  from [01m[K/usr/include/eigen3/Eigen/Core:50[m[K,
[2.471s]                  from [01m[K/usr/include/eigen3/Eigen/Dense:1[m[K,
[2.471s]                  from [01m[K/home/hollis/cu/5254_final/src/amp_sim/src/run_sim.cpp:3[m[K:
[2.471s] [01m[K/usr/include/c++/11/bits/basic_string.h:6200:5:[m[K [01;36m[Knote: [m[Kcandidate: â€˜[01m[Ktemplate<class _CharT, class _Traits, class _Alloc> std::__cxx11::basic_string<_CharT, _Traits, _Allocator> std::operator+(_CharT, std::__cxx11::basic_string<_CharT, _Traits, _Allocator>&&)[m[Kâ€™
[2.471s]  6200 |     [01;36m[Koperator[m[K+(_CharT __lhs,
[2.471s]       |     [01;36m[K^~~~~~~~[m[K
[2.471s] [01m[K/usr/include/c++/11/bits/basic_string.h:6200:5:[m[K [01;36m[Knote: [m[K  template argument deduction/substitution failed:
[2.471s] [01m[K/home/hollis/cu/5254_final/src/amp_sim/src/run_sim.cpp:89:68:[m[K [01;36m[Knote: [m[K  â€˜[01m[Kamp_msgs::msg::IdealPath_<std::allocator<void> >::_start_time_type[m[Kâ€™ {aka â€˜[01m[Kbuiltin_interfaces::msg::Time_<std::allocator<void> >[m[Kâ€™} is not derived from â€˜[01m[Kstd::__cxx11::basic_string<_CharT, _Traits, _Allocator>[m[Kâ€™
[2.471s]    89 |                 agent_path_step_times.push_back(duration_sum + msg.[01;36m[Kstart_time[m[K);
[2.471s]       |                                                                    [01;36m[K^~~~~~~~~~[m[K
[2.471s] In file included from [01m[K/usr/include/c++/11/string:55[m[K,
[2.471s]                  from [01m[K/usr/include/c++/11/bits/locale_classes.h:40[m[K,
[2.472s]                  from [01m[K/usr/include/c++/11/bits/ios_base.h:41[m[K,
[2.472s]                  from [01m[K/usr/include/c++/11/ios:42[m[K,
[2.472s]                  from [01m[K/usr/include/c++/11/istream:38[m[K,
[2.472s]                  from [01m[K/usr/include/c++/11/sstream:38[m[K,
[2.472s]                  from [01m[K/usr/include/c++/11/complex:45[m[K,
[2.472s]                  from [01m[K/usr/include/eigen3/Eigen/Core:50[m[K,
[2.472s]                  from [01m[K/usr/include/eigen3/Eigen/Dense:1[m[K,
[2.472s]                  from [01m[K/home/hollis/cu/5254_final/src/amp_sim/src/run_sim.cpp:3[m[K:
[2.472s] [01m[K/usr/include/c++/11/bits/basic_string.h:6206:5:[m[K [01;36m[Knote: [m[Kcandidate: â€˜[01m[Ktemplate<class _CharT, class _Traits, class _Alloc> std::__cxx11::basic_string<_CharT, _Traits, _Allocator> std::operator+(std::__cxx11::basic_string<_CharT, _Traits, _Allocator>&&, const _CharT*)[m[Kâ€™
[2.472s]  6206 |     [01;36m[Koperator[m[K+(basic_string<_CharT, _Traits, _Alloc>&& __lhs,
[2.472s]       |     [01;36m[K^~~~~~~~[m[K
[2.472s] [01m[K/usr/include/c++/11/bits/basic_string.h:6206:5:[m[K [01;36m[Knote: [m[K  template argument deduction/substitution failed:
[2.472s] [01m[K/home/hollis/cu/5254_final/src/amp_sim/src/run_sim.cpp:89:68:[m[K [01;36m[Knote: [m[K  mismatched types â€˜[01m[Kstd::__cxx11::basic_string<_CharT, _Traits, _Allocator>[m[Kâ€™ and â€˜[01m[Kdouble[m[Kâ€™
[2.472s]    89 |                 agent_path_step_times.push_back(duration_sum + msg.[01;36m[Kstart_time[m[K);
[2.472s]       |                                                                    [01;36m[K^~~~~~~~~~[m[K
[2.472s] In file included from [01m[K/usr/include/c++/11/string:55[m[K,
[2.472s]                  from [01m[K/usr/include/c++/11/bits/locale_classes.h:40[m[K,
[2.472s]                  from [01m[K/usr/include/c++/11/bits/ios_base.h:41[m[K,
[2.472s]                  from [01m[K/usr/include/c++/11/ios:42[m[K,
[2.472s]                  from [01m[K/usr/include/c++/11/istream:38[m[K,
[2.472s]                  from [01m[K/usr/include/c++/11/sstream:38[m[K,
[2.472s]                  from [01m[K/usr/include/c++/11/complex:45[m[K,
[2.472s]                  from [01m[K/usr/include/eigen3/Eigen/Core:50[m[K,
[2.472s]                  from [01m[K/usr/include/eigen3/Eigen/Dense:1[m[K,
[2.472s]                  from [01m[K/home/hollis/cu/5254_final/src/amp_sim/src/run_sim.cpp:3[m[K:
[2.472s] [01m[K/usr/include/c++/11/bits/basic_string.h:6212:5:[m[K [01;36m[Knote: [m[Kcandidate: â€˜[01m[Ktemplate<class _CharT, class _Traits, class _Alloc> std::__cxx11::basic_string<_CharT, _Traits, _Allocator> std::operator+(std::__cxx11::basic_string<_CharT, _Traits, _Allocator>&&, _CharT)[m[Kâ€™
[2.472s]  6212 |     [01;36m[Koperator[m[K+(basic_string<_CharT, _Traits, _Alloc>&& __lhs,
[2.472s]       |     [01;36m[K^~~~~~~~[m[K
[2.472s] [01m[K/usr/include/c++/11/bits/basic_string.h:6212:5:[m[K [01;36m[Knote: [m[K  template argument deduction/substitution failed:
[2.472s] [01m[K/home/hollis/cu/5254_final/src/amp_sim/src/run_sim.cpp:89:68:[m[K [01;36m[Knote: [m[K  mismatched types â€˜[01m[Kstd::__cxx11::basic_string<_CharT, _Traits, _Allocator>[m[Kâ€™ and â€˜[01m[Kdouble[m[Kâ€™
[2.472s]    89 |                 agent_path_step_times.push_back(duration_sum + msg.[01;36m[Kstart_time[m[K);
[2.472s]       |                                                                    [01;36m[K^~~~~~~~~~[m[K
[2.472s] In file included from [01m[K/usr/include/eigen3/Eigen/Core:50[m[K,
[2.472s]                  from [01m[K/usr/include/eigen3/Eigen/Dense:1[m[K,
[2.472s]                  from [01m[K/home/hollis/cu/5254_final/src/amp_sim/src/run_sim.cpp:3[m[K:
[2.472s] [01m[K/usr/include/c++/11/complex:332:5:[m[K [01;36m[Knote: [m[Kcandidate: â€˜[01m[Ktemplate<class _Tp> std::complex<_Tp> std::operator+(const std::complex<_Tp>&, const std::complex<_Tp>&)[m[Kâ€™
[2.472s]   332 |     [01;36m[Koperator[m[K+(const complex<_Tp>& __x, const complex<_Tp>& __y)
[2.472s]       |     [01;36m[K^~~~~~~~[m[K
[2.472s] [01m[K/usr/include/c++/11/complex:332:5:[m[K [01;36m[Knote: [m[K  template argument deduction/substitution failed:
[2.472s] [01m[K/home/hollis/cu/5254_final/src/amp_sim/src/run_sim.cpp:89:68:[m[K [01;36m[Knote: [m[K  mismatched types â€˜[01m[Kconst std::complex<_Tp>[m[Kâ€™ and â€˜[01m[Kdouble[m[Kâ€™
[2.472s]    89 |                 agent_path_step_times.push_back(duration_sum + msg.[01;36m[Kstart_time[m[K);
[2.472s]       |                                                                    [01;36m[K^~~~~~~~~~[m[K
[2.472s] In file included from [01m[K/usr/include/eigen3/Eigen/Core:50[m[K,
[2.472s]                  from [01m[K/usr/include/eigen3/Eigen/Dense:1[m[K,
[2.472s]                  from [01m[K/home/hollis/cu/5254_final/src/amp_sim/src/run_sim.cpp:3[m[K:
[2.472s] [01m[K/usr/include/c++/11/complex:341:5:[m[K [01;36m[Knote: [m[Kcandidate: â€˜[01m[Ktemplate<class _Tp> std::complex<_Tp> std::operator+(const std::complex<_Tp>&, const _Tp&)[m[Kâ€™
[2.473s]   341 |     [01;36m[Koperator[m[K+(const complex<_Tp>& __x, const _Tp& __y)
[2.473s]       |     [01;36m[K^~~~~~~~[m[K
[2.473s] [01m[K/usr/include/c++/11/complex:341:5:[m[K [01;36m[Knote: [m[K  template argument deduction/substitution failed:
[2.473s] [01m[K/home/hollis/cu/5254_final/src/amp_sim/src/run_sim.cpp:89:68:[m[K [01;36m[Knote: [m[K  mismatched types â€˜[01m[Kconst std::complex<_Tp>[m[Kâ€™ and â€˜[01m[Kdouble[m[Kâ€™
[2.473s]    89 |                 agent_path_step_times.push_back(duration_sum + msg.[01;36m[Kstart_time[m[K);
[2.473s]       |                                                                    [01;36m[K^~~~~~~~~~[m[K
[2.473s] In file included from [01m[K/usr/include/eigen3/Eigen/Core:50[m[K,
[2.473s]                  from [01m[K/usr/include/eigen3/Eigen/Dense:1[m[K,
[2.473s]                  from [01m[K/home/hollis/cu/5254_final/src/amp_sim/src/run_sim.cpp:3[m[K:
[2.473s] [01m[K/usr/include/c++/11/complex:350:5:[m[K [01;36m[Knote: [m[Kcandidate: â€˜[01m[Ktemplate<class _Tp> std::complex<_Tp> std::operator+(const _Tp&, const std::complex<_Tp>&)[m[Kâ€™
[2.473s]   350 |     [01;36m[Koperator[m[K+(const _Tp& __x, const complex<_Tp>& __y)
[2.473s]       |     [01;36m[K^~~~~~~~[m[K
[2.473s] [01m[K/usr/include/c++/11/complex:350:5:[m[K [01;36m[Knote: [m[K  template argument deduction/substitution failed:
[2.473s] [01m[K/home/hollis/cu/5254_final/src/amp_sim/src/run_sim.cpp:89:68:[m[K [01;36m[Knote: [m[K  â€˜[01m[Kamp_msgs::msg::IdealPath_<std::allocator<void> >::_start_time_type[m[Kâ€™ {aka â€˜[01m[Kbuiltin_interfaces::msg::Time_<std::allocator<void> >[m[Kâ€™} is not derived from â€˜[01m[Kconst std::complex<_Tp>[m[Kâ€™
[2.473s]    89 |                 agent_path_step_times.push_back(duration_sum + msg.[01;36m[Kstart_time[m[K);
[2.473s]       |                                                                    [01;36m[K^~~~~~~~~~[m[K
[2.473s] In file included from [01m[K/usr/include/eigen3/Eigen/Core:50[m[K,
[2.473s]                  from [01m[K/usr/include/eigen3/Eigen/Dense:1[m[K,
[2.473s]                  from [01m[K/home/hollis/cu/5254_final/src/amp_sim/src/run_sim.cpp:3[m[K:
[2.473s] [01m[K/usr/include/c++/11/complex:451:5:[m[K [01;36m[Knote: [m[Kcandidate: â€˜[01m[Ktemplate<class _Tp> std::complex<_Tp> std::operator+(const std::complex<_Tp>&)[m[Kâ€™
[2.473s]   451 |     [01;36m[Koperator[m[K+(const complex<_Tp>& __x)
[2.473s]       |     [01;36m[K^~~~~~~~[m[K
[2.473s] [01m[K/usr/include/c++/11/complex:451:5:[m[K [01;36m[Knote: [m[K  template argument deduction/substitution failed:
[2.473s] [01m[K/home/hollis/cu/5254_final/src/amp_sim/src/run_sim.cpp:89:68:[m[K [01;36m[Knote: [m[K  mismatched types â€˜[01m[Kconst std::complex<_Tp>[m[Kâ€™ and â€˜[01m[Kdouble[m[Kâ€™
[2.473s]    89 |                 agent_path_step_times.push_back(duration_sum + msg.[01;36m[Kstart_time[m[K);
[2.473s]       |                                                                    [01;36m[K^~~~~~~~~~[m[K
[2.473s] [01m[K/home/hollis/cu/5254_final/src/amp_sim/src/run_sim.cpp:97:41:[m[K [01;31m[Kerror: [m[Kcannot convert â€˜[01m[Kamp_msgs::msg::IdealPath_<std::allocator<void> >::_start_time_type[m[Kâ€™ {aka â€˜[01m[Kbuiltin_interfaces::msg::Time_<std::allocator<void> >[m[Kâ€™} to â€˜[01m[Kdouble[m[Kâ€™ in assignment
[2.473s]    97 |             agent_path_begin_time = [01;31m[Kmsg.start_time[m[K;
[2.473s]       |                                     [01;31m[K~~~~^~~~~~~~~~[m[K
[2.473s]       |                                         [01;31m[K|[m[K
[2.473s]       |                                         [01;31m[Kamp_msgs::msg::IdealPath_<std::allocator<void> >::_start_time_type {aka builtin_interfaces::msg::Time_<std::allocator<void> >}[m[K
[2.473s] [01m[K/home/hollis/cu/5254_final/src/amp_sim/src/run_sim.cpp:[m[K In member function â€˜[01m[KV12d SimNode::get_current_agent_control()[m[Kâ€™:
[2.473s] [01m[K/home/hollis/cu/5254_final/src/amp_sim/src/run_sim.cpp:119:40:[m[K [01;35m[Kwarning: [m[Kcomparison of integer expressions of different signedness: â€˜[01m[Kint[m[Kâ€™ and â€˜[01m[Kstd::vector<double, std::allocator<double> >::size_type[m[Kâ€™ {aka â€˜[01m[Klong unsigned int[m[Kâ€™} [[01;35m[K]8;;https://gcc.gnu.org/onlinedocs/gcc/Warning-Options.html#index-Wsign-compare-Wsign-compare]8;;[m[K]
[2.473s]   119 |                     if([01;35m[Kagent_path_step == agent_path_step_times.size()[m[K){
[2.473s]       |                        [01;35m[K~~~~~~~~~~~~~~~~^~~~~~~~~~~~~~~~~~~~~~~~~~~~~~~[m[K
[2.473s] [01m[K/home/hollis/cu/5254_final/src/amp_sim/src/run_sim.cpp:[m[K In member function â€˜[01m[Kvoid SimNode::tic_cb()[m[Kâ€™:
[2.473s] [01m[K/home/hollis/cu/5254_final/src/amp_sim/src/run_sim.cpp:160:30:[m[K [01;35m[Kwarning: [m[Kcomparison of integer expressions of different signedness: â€˜[01m[Kint[m[Kâ€™ and â€˜[01m[Kstd::vector<std::_List_iterator<DynamicObject*> >::size_type[m[Kâ€™ {aka â€˜[01m[Klong unsigned int[m[Kâ€™} [[01;35m[K]8;;https://gcc.gnu.org/onlinedocs/gcc/Warning-Options.html#index-Wsign-compare-Wsign-compare]8;;[m[K]
[2.473s]   160 |             for(int i = 0; [01;35m[Ki < to_erase.size()[m[K; i++){
[2.473s]       |                            [01;35m[K~~^~~~~~~~~~~~~~~~~[m[K
[5.942s] gmake[2]: *** [CMakeFiles/sim_node.dir/build.make:76: CMakeFiles/sim_node.dir/src/run_sim.cpp.o] Error 1
[5.942s] gmake[1]: *** [CMakeFiles/Makefile2:223: CMakeFiles/sim_node.dir/all] Error 2
[5.942s] gmake: *** [Makefile:146: all] Error 2
[5.944s] Invoked command in '/home/hollis/cu/5254_final/build/amp_sim' returned '2': CMAKE_PREFIX_PATH=/home/hollis/cu/5254_final/install/amp_msgs:/home/hollis/cu/5254_final/install/amp_viz:/home/hollis/cu/5254_final/install/amp_agents:/home/hollis/cu/5254_final/install/amp_sim:/opt/ros/humble LD_LIBRARY_PATH=/home/hollis/cu/5254_final/install/amp_msgs/lib:/home/hollis/cu/5254_final/install/amp_viz/lib:/home/hollis/cu/5254_final/install/amp_sim/lib:/opt/ros/humble/opt/rviz_ogre_vendor/lib:/opt/ros/humble/lib/x86_64-linux-gnu:/opt/ros/humble/lib /usr/bin/cmake --build /home/hollis/cu/5254_final/build/amp_sim -- -j24 -l24
