[0.005s] Invoking command in '/home/hollis/cu/5254_final/build/amp_agents': CMAKE_PREFIX_PATH=/home/hollis/cu/5254_final/install/amp_sim:/home/hollis/cu/5254_final/install/amp_msgs:/home/hollis/cu/5254_final/install/amp_viz:/home/hollis/cu/5254_final/install/amp_agents:/opt/ros/humble LD_LIBRARY_PATH=/home/hollis/cu/5254_final/install/amp_msgs/lib:/home/hollis/cu/5254_final/install/amp_viz/lib:/home/hollis/cu/5254_final/install/amp_sim/lib:/opt/ros/humble/opt/rviz_ogre_vendor/lib:/opt/ros/humble/lib/x86_64-linux-gnu:/opt/ros/humble/lib /usr/bin/cmake --build /home/hollis/cu/5254_final/build/amp_agents -- -j24 -l24
[0.025s] -- Found ament_cmake: 1.3.12 (/opt/ros/humble/share/ament_cmake/cmake)
[0.104s] -- Found rclcpp: 16.0.15 (/opt/ros/humble/share/rclcpp/cmake)
[0.121s] -- Found rosidl_generator_c: 3.1.7 (/opt/ros/humble/share/rosidl_generator_c/cmake)
[0.123s] -- Found rosidl_adapter: 3.1.7 (/opt/ros/humble/share/rosidl_adapter/cmake)
[0.127s] -- Found rosidl_generator_cpp: 3.1.7 (/opt/ros/humble/share/rosidl_generator_cpp/cmake)
[0.132s] -- Using all available rosidl_typesupport_c: rosidl_typesupport_fastrtps_c;rosidl_typesupport_introspection_c
[0.141s] -- Using all available rosidl_typesupport_cpp: rosidl_typesupport_fastrtps_cpp;rosidl_typesupport_introspection_cpp
[0.159s] -- Found rmw_implementation_cmake: 6.1.2 (/opt/ros/humble/share/rmw_implementation_cmake/cmake)
[0.160s] -- Found rmw_fastrtps_cpp: 6.2.8 (/opt/ros/humble/share/rmw_fastrtps_cpp/cmake)
[0.222s] -- Using RMW implementation 'rmw_fastrtps_cpp' as default
[0.250s] -- Found geometry_msgs: 4.9.0 (/opt/ros/humble/share/geometry_msgs/cmake)
[0.254s] -- Found tf2: 0.25.16 (/opt/ros/humble/share/tf2/cmake)
[0.257s] -- Found tf2_ros: 0.25.16 (/opt/ros/humble/share/tf2_ros/cmake)
[0.298s] -- Found amp_msgs: 0.0.0 (/home/hollis/cu/5254_final/install/amp_msgs/share/amp_msgs/cmake)
[0.303s] -- Found amp_sim: 0.0.0 (/home/hollis/cu/5254_final/install/amp_sim/share/amp_sim/cmake)
[0.310s] -- Found ament_lint_auto: 0.12.14 (/opt/ros/humble/share/ament_lint_auto/cmake)
[0.350s] -- Added test 'cppcheck' to perform static code analysis on C / C++ code
[0.350s] -- Configured cppcheck include dirs: $<BUILD_INTERFACE:/home/hollis/cu/5254_final/src/amp_agents/include>
[0.350s] -- Configured cppcheck exclude dirs and/or files: 
[0.350s] -- Added test 'lint_cmake' to check CMake code style
[0.350s] -- Added test 'uncrustify' to check C / C++ code style
[0.350s] -- Configured uncrustify additional arguments: 
[0.351s] -- Added test 'xmllint' to check XML markup files
[0.351s] -- Configuring done
[0.361s] -- Generating done
[0.364s] -- Build files have been written to: /home/hollis/cu/5254_final/build/amp_agents
[0.383s] [35m[1mConsolidate compiler generated dependencies of target sst_tree[0m
[0.386s] [35m[1mConsolidate compiler generated dependencies of target tree_visualizer[0m
[0.391s] [ 12%] [32mBuilding CXX object CMakeFiles/sst_tree.dir/src/propagate_sst.cpp.o[0m
[0.395s] [ 25%] [32mBuilding CXX object CMakeFiles/tree_visualizer.dir/src/visualize_tree.cpp.o[0m
[0.919s] [01m[K/home/hollis/cu/5254_final/src/amp_agents/src/propagate_sst.cpp:[m[K In member function â€˜[01m[KV13d SstTree::generate_random_sample()[m[Kâ€™:
[0.920s] [01m[K/home/hollis/cu/5254_final/src/amp_agents/src/propagate_sst.cpp:47:1:[m[K [01;35m[Kwarning: [m[Kno return statement in function returning non-void [[01;35m[K]8;;https://gcc.gnu.org/onlinedocs/gcc/Warning-Options.html#index-Wreturn-type-Wreturn-type]8;;[m[K]
[0.920s]    47 | [01;35m[K}[m[K
[0.920s]       | [01;35m[K^[m[K
[0.938s] [01m[K/home/hollis/cu/5254_final/src/amp_agents/src/propagate_sst.cpp:[m[K In member function â€˜[01m[KV12d SstTree::generate_random_controls()[m[Kâ€™:
[0.938s] [01m[K/home/hollis/cu/5254_final/src/amp_agents/src/propagate_sst.cpp:122:22:[m[K [01;35m[Kwarning: [m[Kcomparison of integer expressions of different signedness: â€˜[01m[Kint[m[Kâ€™ and â€˜[01m[Kstd::vector<std::pair<double, double> >::size_type[m[Kâ€™ {aka â€˜[01m[Klong unsigned int[m[Kâ€™} [[01;35m[K]8;;https://gcc.gnu.org/onlinedocs/gcc/Warning-Options.html#index-Wsign-compare-Wsign-compare]8;;[m[K]
[0.938s]   122 |     for(int i = 0; [01;35m[Ki < env.control_limits.size()[m[K; i++){
[0.938s]       |                    [01;35m[K~~^~~~~~~~~~~~~~~~~~~~~~~~~~~[m[K
[0.942s] [01m[K/home/hollis/cu/5254_final/src/amp_agents/src/propagate_sst.cpp:[m[K In constructor â€˜[01m[KSstPath::SstPath(SstNode, DynamicObject*, bool)[m[Kâ€™:
[0.942s] [01m[K/home/hollis/cu/5254_final/src/amp_agents/src/propagate_sst.cpp:276:22:[m[K [01;35m[Kwarning: [m[Kcomparison of integer expressions of different signedness: â€˜[01m[Kint[m[Kâ€™ and â€˜[01m[Kstd::vector<std::pair<double, Eigen::Matrix<double, 13, 1> > >::size_type[m[Kâ€™ {aka â€˜[01m[Klong unsigned int[m[Kâ€™} [[01;35m[K]8;;https://gcc.gnu.org/onlinedocs/gcc/Warning-Options.html#index-Wsign-compare-Wsign-compare]8;;[m[K]
[0.942s]   276 |     for(int i = 0; [01;35m[Ki < states.size()[m[K; i++){
[0.942s]       |                    [01;35m[K~~^~~~~~~~~~~~~~~[m[K
[0.942s] [01m[K/home/hollis/cu/5254_final/src/amp_agents/src/propagate_sst.cpp:282:22:[m[K [01;35m[Kwarning: [m[Kcomparison of integer expressions of different signedness: â€˜[01m[Kint[m[Kâ€™ and â€˜[01m[Kstd::vector<Eigen::Matrix<double, 12, 1> >::size_type[m[Kâ€™ {aka â€˜[01m[Klong unsigned int[m[Kâ€™} [[01;35m[K]8;;https://gcc.gnu.org/onlinedocs/gcc/Warning-Options.html#index-Wsign-compare-Wsign-compare]8;;[m[K]
[0.942s]   282 |     for(int i = 0; [01;35m[Ki < controls.size()[m[K; i++){
[0.942s]       |                    [01;35m[K~~^~~~~~~~~~~~~~~~~[m[K
[0.942s] [01m[K/home/hollis/cu/5254_final/src/amp_agents/src/propagate_sst.cpp:[m[K In member function â€˜[01m[Kvoid SstPath::create_forward_path(SstNode)[m[Kâ€™:
[0.942s] [01m[K/home/hollis/cu/5254_final/src/amp_agents/src/propagate_sst.cpp:299:26:[m[K [01;35m[Kwarning: [m[Kcomparison of integer expressions of different signedness: â€˜[01m[Kint[m[Kâ€™ and â€˜[01m[Kstd::vector<std::pair<double, Eigen::Matrix<double, 13, 1> > >::size_type[m[Kâ€™ {aka â€˜[01m[Klong unsigned int[m[Kâ€™} [[01;35m[K]8;;https://gcc.gnu.org/onlinedocs/gcc/Warning-Options.html#index-Wsign-compare-Wsign-compare]8;;[m[K]
[0.942s]   299 |         for(int i = 0; [01;35m[Ki < current->sub_states.size()[m[K; i++){
[0.942s]       |                        [01;35m[K~~^~~~~~~~~~~~~~~~~~~~~~~~~~~~[m[K
[1.408s] [ 37%] [32m[1mLinking CXX static library libsst_tree.a[0m
[1.436s] [ 37%] Built target sst_tree
[1.445s] [35m[1mConsolidate compiler generated dependencies of target backend[0m
[1.459s] [ 50%] [32mBuilding CXX object CMakeFiles/backend.dir/src/agent_backend.cpp.o[0m
[1.711s] [ 62%] [32m[1mLinking CXX static library libtree_visualizer.a[0m
[1.733s] [ 62%] Built target tree_visualizer
[3.602s] [01m[K/home/hollis/cu/5254_final/src/amp_agents/src/agent_backend.cpp:[m[K In member function â€˜[01m[Kgeometry_msgs::msg::TransformStamped AgentBackend::getBallTransform(int)[m[Kâ€™:
[3.602s] [01m[K/home/hollis/cu/5254_final/src/amp_agents/src/agent_backend.cpp:77:26:[m[K [01;35m[Kwarning: [m[Kcomparison of integer expressions of different signedness: â€˜[01m[Kint[m[Kâ€™ and â€˜[01m[Kstd::vector<int>::size_type[m[Kâ€™ {aka â€˜[01m[Klong unsigned int[m[Kâ€™} [[01;35m[K]8;;https://gcc.gnu.org/onlinedocs/gcc/Warning-Options.html#index-Wsign-compare-Wsign-compare]8;;[m[K]
[3.602s]    77 |         for(int i = 0; [01;35m[Ki < valid_ball_frames.size()[m[K; i++){
[3.603s]       |                        [01;35m[K~~^~~~~~~~~~~~~~~~~~~~~~~~~~[m[K
[3.603s] In file included from [01m[K/opt/ros/humble/include/rclcpp/rclcpp/logging.hpp:24[m[K,
[3.603s]                  from [01m[K/opt/ros/humble/include/rclcpp/rclcpp/client.hpp:40[m[K,
[3.603s]                  from [01m[K/opt/ros/humble/include/rclcpp/rclcpp/callback_group.hpp:24[m[K,
[3.603s]                  from [01m[K/opt/ros/humble/include/rclcpp/rclcpp/any_executable.hpp:20[m[K,
[3.603s]                  from [01m[K/opt/ros/humble/include/rclcpp/rclcpp/memory_strategy.hpp:25[m[K,
[3.603s]                  from [01m[K/opt/ros/humble/include/rclcpp/rclcpp/memory_strategies.hpp:18[m[K,
[3.603s]                  from [01m[K/opt/ros/humble/include/rclcpp/rclcpp/executor_options.hpp:20[m[K,
[3.603s]                  from [01m[K/opt/ros/humble/include/rclcpp/rclcpp/executor.hpp:37[m[K,
[3.603s]                  from [01m[K/opt/ros/humble/include/rclcpp/rclcpp/executors/multi_threaded_executor.hpp:25[m[K,
[3.603s]                  from [01m[K/opt/ros/humble/include/rclcpp/rclcpp/executors.hpp:21[m[K,
[3.603s]                  from [01m[K/opt/ros/humble/include/rclcpp/rclcpp/rclcpp.hpp:155[m[K,
[3.603s]                  from [01m[K/home/hollis/cu/5254_final/src/amp_agents/include/amp_agents/agent_backend.hpp:9[m[K,
[3.603s]                  from [01m[K/home/hollis/cu/5254_final/src/amp_agents/src/agent_backend.cpp:1[m[K:
[3.603s] [01m[K/home/hollis/cu/5254_final/src/amp_agents/src/agent_backend.cpp:[m[K In member function â€˜[01m[Kgeometry_msgs::msg::TransformStamped AgentBackend::getTransform(std::string, std::string)[m[Kâ€™:
[3.603s] [01m[K/home/hollis/cu/5254_final/src/amp_agents/src/agent_backend.cpp:106:35:[m[K [01;35m[Kwarning: [m[Kformat â€˜[01m[K%s[m[Kâ€™ expects argument of type â€˜[01m[Kchar*[m[Kâ€™, but argument 5 has type â€˜[01m[Kstd::string[m[Kâ€™ {aka â€˜[01m[Kstd::__cxx11::basic_string<char>[m[Kâ€™} [[01;35m[K]8;;https://gcc.gnu.org/onlinedocs/gcc/Warning-Options.html#index-Wformat=-Wformat=]8;;[m[K]
[3.603s]   106 |         RCLCPP_WARN(get_logger(), [01;35m[K"Could not transform %s to %s: %s"[m[K, to_frame, from_frame, ex.what());
[3.603s]       |                                   [01;35m[K^~~~~~~~~~~~~~~~~~~~~~~~~~~~~~~~~~[m[K
[3.603s] [01m[K/home/hollis/cu/5254_final/src/amp_agents/src/agent_backend.cpp:106:57:[m[K [01;36m[Knote: [m[Kformat string is defined here
[3.603s]   106 |         RCLCPP_WARN(get_logger(), "Could not transform [01;36m[K%s[m[K to %s: %s", to_frame, from_frame, ex.what());
[3.603s]       |                                                        [01;36m[K~^[m[K
[3.603s]       |                                                         [01;36m[K|[m[K
[3.603s]       |                                                         [01;36m[Kchar*[m[K
[3.603s] In file included from [01m[K/opt/ros/humble/include/rclcpp/rclcpp/logging.hpp:24[m[K,
[3.603s]                  from [01m[K/opt/ros/humble/include/rclcpp/rclcpp/client.hpp:40[m[K,
[3.603s]                  from [01m[K/opt/ros/humble/include/rclcpp/rclcpp/callback_group.hpp:24[m[K,
[3.603s]                  from [01m[K/opt/ros/humble/include/rclcpp/rclcpp/any_executable.hpp:20[m[K,
[3.603s]                  from [01m[K/opt/ros/humble/include/rclcpp/rclcpp/memory_strategy.hpp:25[m[K,
[3.603s]                  from [01m[K/opt/ros/humble/include/rclcpp/rclcpp/memory_strategies.hpp:18[m[K,
[3.603s]                  from [01m[K/opt/ros/humble/include/rclcpp/rclcpp/executor_options.hpp:20[m[K,
[3.603s]                  from [01m[K/opt/ros/humble/include/rclcpp/rclcpp/executor.hpp:37[m[K,
[3.604s]                  from [01m[K/opt/ros/humble/include/rclcpp/rclcpp/executors/multi_threaded_executor.hpp:25[m[K,
[3.604s]                  from [01m[K/opt/ros/humble/include/rclcpp/rclcpp/executors.hpp:21[m[K,
[3.604s]                  from [01m[K/opt/ros/humble/include/rclcpp/rclcpp/rclcpp.hpp:155[m[K,
[3.604s]                  from [01m[K/home/hollis/cu/5254_final/src/amp_agents/include/amp_agents/agent_backend.hpp:9[m[K,
[3.604s]                  from [01m[K/home/hollis/cu/5254_final/src/amp_agents/src/agent_backend.cpp:1[m[K:
[3.604s] [01m[K/home/hollis/cu/5254_final/src/amp_agents/src/agent_backend.cpp:106:35:[m[K [01;35m[Kwarning: [m[Kformat â€˜[01m[K%s[m[Kâ€™ expects argument of type â€˜[01m[Kchar*[m[Kâ€™, but argument 6 has type â€˜[01m[Kstd::string[m[Kâ€™ {aka â€˜[01m[Kstd::__cxx11::basic_string<char>[m[Kâ€™} [[01;35m[K]8;;https://gcc.gnu.org/onlinedocs/gcc/Warning-Options.html#index-Wformat=-Wformat=]8;;[m[K]
[3.604s]   106 |         RCLCPP_WARN(get_logger(), [01;35m[K"Could not transform %s to %s: %s"[m[K, to_frame, from_frame, ex.what());
[3.604s]       |                                   [01;35m[K^~~~~~~~~~~~~~~~~~~~~~~~~~~~~~~~~~[m[K
[3.604s] [01m[K/home/hollis/cu/5254_final/src/amp_agents/src/agent_backend.cpp:106:63:[m[K [01;36m[Knote: [m[Kformat string is defined here
[3.604s]   106 |         RCLCPP_WARN(get_logger(), "Could not transform %s to [01;36m[K%s[m[K: %s", to_frame, from_frame, ex.what());
[3.604s]       |                                                              [01;36m[K~^[m[K
[3.604s]       |                                                               [01;36m[K|[m[K
[3.604s]       |                                                               [01;36m[Kchar*[m[K
[3.615s] [01m[K/home/hollis/cu/5254_final/src/amp_agents/src/agent_backend.cpp:[m[K In member function â€˜[01m[Kvirtual void AgentBackend::generate_tree(int, BallCatchEnvironment)[m[Kâ€™:
[3.615s] [01m[K/home/hollis/cu/5254_final/src/amp_agents/src/agent_backend.cpp:153:38:[m[K [01;35m[Kwarning: [m[Kunused parameter â€˜[01m[Knumber_of_nodes[m[Kâ€™ [[01;35m[K]8;;https://gcc.gnu.org/onlinedocs/gcc/Warning-Options.html#index-Wunused-parameter-Wunused-parameter]8;;[m[K]
[3.615s]   153 | void AgentBackend::generate_tree([01;35m[Kint number_of_nodes[m[K, BallCatchEnvironment env){
[3.615s]       |                                  [01;35m[K~~~~^~~~~~~~~~~~~~~[m[K
[3.615s] [01m[K/home/hollis/cu/5254_final/src/amp_agents/src/agent_backend.cpp:153:76:[m[K [01;35m[Kwarning: [m[Kunused parameter â€˜[01m[Kenv[m[Kâ€™ [[01;35m[K]8;;https://gcc.gnu.org/onlinedocs/gcc/Warning-Options.html#index-Wunused-parameter-Wunused-parameter]8;;[m[K]
[3.615s]   153 |  AgentBackend::generate_tree(int number_of_nodes, [01;35m[KBallCatchEnvironment env[m[K){
[3.615s]       |                                                   [01;35m[K~~~~~~~~~~~~~~~~~~~~~^~~[m[K
[3.615s] 
[7.511s] [ 75%] [32m[1mLinking CXX static library libbackend.a[0m
[7.614s] [ 75%] Built target backend
[7.621s] [35m[1mConsolidate compiler generated dependencies of target run[0m
[7.636s] [ 87%] [32mBuilding CXX object CMakeFiles/run.dir/src/run_agent.cpp.o[0m
[10.081s] [100%] [32m[1mLinking CXX executable run[0m
[10.115s] /usr/bin/ld: libbackend.a(agent_backend.cpp.o): in function `getYawQuat(double)':
[10.116s] agent_backend.cpp:(.text+0x69): multiple definition of `getYawQuat(double)'; CMakeFiles/run.dir/src/run_agent.cpp.o:run_agent.cpp:(.text+0x0): first defined here
[10.200s] /usr/bin/ld: libsst_tree.a(propagate_sst.cpp.o): in function `getYawQuat(double)':
[10.200s] propagate_sst.cpp:(.text+0x0): multiple definition of `getYawQuat(double)'; CMakeFiles/run.dir/src/run_agent.cpp.o:run_agent.cpp:(.text+0x0): first defined here
[10.203s] /usr/bin/ld: cannot find -ldynamic_object: No such file or directory
[10.203s] /usr/bin/ld: cannot find -lomni_agent: No such file or directory
[10.221s] collect2: error: ld returned 1 exit status
[10.223s] gmake[2]: *** [CMakeFiles/run.dir/build.make:210: run] Error 1
[10.224s] gmake[1]: *** [CMakeFiles/Makefile2:222: CMakeFiles/run.dir/all] Error 2
[10.224s] gmake: *** [Makefile:146: all] Error 2
[10.226s] Invoked command in '/home/hollis/cu/5254_final/build/amp_agents' returned '2': CMAKE_PREFIX_PATH=/home/hollis/cu/5254_final/install/amp_sim:/home/hollis/cu/5254_final/install/amp_msgs:/home/hollis/cu/5254_final/install/amp_viz:/home/hollis/cu/5254_final/install/amp_agents:/opt/ros/humble LD_LIBRARY_PATH=/home/hollis/cu/5254_final/install/amp_msgs/lib:/home/hollis/cu/5254_final/install/amp_viz/lib:/home/hollis/cu/5254_final/install/amp_sim/lib:/opt/ros/humble/opt/rviz_ogre_vendor/lib:/opt/ros/humble/lib/x86_64-linux-gnu:/opt/ros/humble/lib /usr/bin/cmake --build /home/hollis/cu/5254_final/build/amp_agents -- -j24 -l24
