[ 16%] [34m[1mAutomatic MOC and UIC for target template_panel[0m
[ 16%] Built target template_panel_autogen
[35m[1mConsolidate compiler generated dependencies of target template_panel[0m
[ 33%] [32mBuilding CXX object CMakeFiles/template_panel.dir/include/amp_viz/moc_template_panel.cpp.o[0m
[ 50%] [32mBuilding CXX object CMakeFiles/template_panel.dir/src/template_panel.cpp.o[0m
In file included from [01m[K/home/hollis/cu/5254_final/build/amp_viz/include/amp_viz/moc_template_panel.cpp:10[m[K:
[01m[K/home/hollis/cu/5254_final/build/amp_viz/include/amp_viz/../../../../src/amp_viz/include/amp_viz/template_panel.hpp:18:36:[m[K [01;31m[Kerror: [m[Kâ€˜[01m[Kros_integration[m[Kâ€™ is not a member of â€˜[01m[Krviz_common[m[Kâ€™
   18 |       std::shared_ptr<rviz_common::[01;31m[Kros_integration[m[K::RosNodeAbstractionIface> node_ptr_;
      |                                    [01;31m[K^~~~~~~~~~~~~~~[m[K
[01m[K/home/hollis/cu/5254_final/build/amp_viz/include/amp_viz/../../../../src/amp_viz/include/amp_viz/template_panel.hpp:18:76:[m[K [01;31m[Kerror: [m[Ktemplate argument 1 is invalid
   18 |       std::shared_ptr<rviz_common::ros_integration::RosNodeAbstractionIface[01;31m[K>[m[K node_ptr_;
      |                                                                            [01;31m[K^[m[K
In file included from [01m[K/home/hollis/cu/5254_final/src/amp_viz/src/template_panel.cpp:1[m[K:
[01m[K/home/hollis/cu/5254_final/src/amp_viz/include/amp_viz/template_panel.hpp:18:36:[m[K [01;31m[Kerror: [m[Kâ€˜[01m[Kros_integration[m[Kâ€™ is not a member of â€˜[01m[Krviz_common[m[Kâ€™
   18 |       std::shared_ptr<rviz_common::[01;31m[Kros_integration[m[K::RosNodeAbstractionIface> node_ptr_;
      |                                    [01;31m[K^~~~~~~~~~~~~~~[m[K
[01m[K/home/hollis/cu/5254_final/src/amp_viz/include/amp_viz/template_panel.hpp:18:76:[m[K [01;31m[Kerror: [m[Ktemplate argument 1 is invalid
   18 |       std::shared_ptr<rviz_common::ros_integration::RosNodeAbstractionIface[01;31m[K>[m[K node_ptr_;
      |                                                                            [01;31m[K^[m[K
[01m[K/home/hollis/cu/5254_final/build/amp_viz/include/amp_viz/../../../../src/amp_viz/include/amp_viz/template_panel.hpp:20:7:[m[K [01;31m[Kerror: [m[Kâ€˜[01m[Krclcpp[m[Kâ€™ does not name a type
   20 |       [01;31m[Krclcpp[m[K::Node::SharedPtr getRosNode();
      |       [01;31m[K^~~~~~[m[K
[01m[K/home/hollis/cu/5254_final/src/amp_viz/include/amp_viz/template_panel.hpp:20:7:[m[K [01;31m[Kerror: [m[Kâ€˜[01m[Krclcpp[m[Kâ€™ does not name a type
   20 |       [01;31m[Krclcpp[m[K::Node::SharedPtr getRosNode();
      |       [01;31m[K^~~~~~[m[K
[01m[K/home/hollis/cu/5254_final/src/amp_viz/src/template_panel.cpp:[m[K In member function â€˜[01m[Kvirtual void TemplatePanel::onInitialize()[m[Kâ€™:
[01m[K/home/hollis/cu/5254_final/src/amp_viz/src/template_panel.cpp:16:36:[m[K [01;31m[Kerror: [m[Kinvalid use of incomplete type â€˜[01m[Kclass rviz_common::DisplayContext[m[Kâ€™
   16 |     node_ptr_ = getDisplayContext()[01;31m[K->[m[KgetRosNodeAbstraction().lock();
      |                                    [01;31m[K^~[m[K
In file included from [01m[K/home/hollis/cu/5254_final/src/amp_viz/include/amp_viz/template_panel.hpp:3[m[K,
                 from [01m[K/home/hollis/cu/5254_final/src/amp_viz/src/template_panel.cpp:1[m[K:
[01m[K/opt/ros/humble/include/rviz_common/rviz_common/panel.hpp:42:7:[m[K [01;36m[Knote: [m[Kforward declaration of â€˜[01m[Kclass rviz_common::DisplayContext[m[Kâ€™
   42 | class [01;36m[KDisplayContext[m[K;
      |       [01;36m[K^~~~~~~~~~~~~~[m[K
[01m[K/home/hollis/cu/5254_final/src/amp_viz/src/template_panel.cpp:20:5:[m[K [01;31m[Kerror: [m[Kâ€˜[01m[Krclcpp[m[Kâ€™ has not been declared
   20 |     [01;31m[Krclcpp[m[K::Node::SharedPtr node = getRosNode();
      |     [01;31m[K^~~~~~[m[K
[01m[K/home/hollis/cu/5254_final/src/amp_viz/src/template_panel.cpp:[m[K At global scope:
[01m[K/home/hollis/cu/5254_final/src/amp_viz/src/template_panel.cpp:31:1:[m[K [01;31m[Kerror: [m[Kâ€˜[01m[Krclcpp[m[Kâ€™ does not name a type
   31 | [01;31m[Krclcpp[m[K::Node::SharedPtr TemplatePanel::getRosNode(){
      | [01;31m[K^~~~~~[m[K
gmake[2]: *** [CMakeFiles/template_panel.dir/build.make:108: CMakeFiles/template_panel.dir/include/amp_viz/moc_template_panel.cpp.o] Error 1
gmake[2]: *** Waiting for unfinished jobs....
gmake[2]: *** [CMakeFiles/template_panel.dir/build.make:94: CMakeFiles/template_panel.dir/src/template_panel.cpp.o] Error 1
gmake[1]: *** [CMakeFiles/Makefile2:138: CMakeFiles/template_panel.dir/all] Error 2
gmake: *** [Makefile:146: all] Error 2
