[0.009s] Invoking command in '/home/hollis/cu/5254_final/build/amp_agents': CMAKE_PREFIX_PATH=/home/hollis/cu/5254_final/install/amp_sim:/home/hollis/cu/5254_final/install/amp_msgs:/home/hollis/cu/5254_final/install/amp_viz:/home/hollis/cu/5254_final/install/amp_agents:/opt/ros/humble LD_LIBRARY_PATH=/home/hollis/cu/5254_final/install/amp_msgs/lib:/home/hollis/cu/5254_final/install/amp_viz/lib:/home/hollis/cu/5254_final/install/amp_sim/lib:/opt/ros/humble/opt/rviz_ogre_vendor/lib:/opt/ros/humble/lib/x86_64-linux-gnu:/opt/ros/humble/lib /usr/bin/cmake --build /home/hollis/cu/5254_final/build/amp_agents -- -j24 -l24
[0.039s] [35m[1mConsolidate compiler generated dependencies of target tree_visualizer[0m
[0.041s] [35m[1mConsolidate compiler generated dependencies of target sst_tree[0m
[0.041s] [35m[1mConsolidate compiler generated dependencies of target backend[0m
[0.055s] [ 12%] [32mBuilding CXX object CMakeFiles/tree_visualizer.dir/src/visualize_tree.cpp.o[0m
[0.055s] [ 37%] Built target sst_tree
[0.059s] [ 62%] Built target backend
[0.080s] [ 75%] [32mBuilding CXX object CMakeFiles/run.dir/src/run_agent.cpp.o[0m
[1.648s] [ 87%] [32m[1mLinking CXX static library libtree_visualizer.a[0m
[1.676s] [ 87%] Built target tree_visualizer
[3.071s] [100%] [32m[1mLinking CXX executable run[0m
[3.112s] /usr/bin/ld: libbackend.a(agent_backend.cpp.o): in function `getYawQuat(double)':
[3.112s] agent_backend.cpp:(.text+0x69): multiple definition of `getYawQuat(double)'; CMakeFiles/run.dir/src/run_agent.cpp.o:run_agent.cpp:(.text+0x0): first defined here
[3.345s] /usr/bin/ld: libbackend.a(agent_backend.cpp.o): in function `AgentBackend::AgentBackend()':
[3.345s] agent_backend.cpp:(.text+0x273): undefined reference to `SstTree::SstTree(DynamicObject*, BallCatchEnvironment)'
[3.374s] collect2: error: ld returned 1 exit status
[3.376s] gmake[2]: *** [CMakeFiles/run.dir/build.make:206: run] Error 1
[3.376s] gmake[1]: *** [CMakeFiles/Makefile2:221: CMakeFiles/run.dir/all] Error 2
[3.376s] gmake: *** [Makefile:146: all] Error 2
[3.378s] Invoked command in '/home/hollis/cu/5254_final/build/amp_agents' returned '2': CMAKE_PREFIX_PATH=/home/hollis/cu/5254_final/install/amp_sim:/home/hollis/cu/5254_final/install/amp_msgs:/home/hollis/cu/5254_final/install/amp_viz:/home/hollis/cu/5254_final/install/amp_agents:/opt/ros/humble LD_LIBRARY_PATH=/home/hollis/cu/5254_final/install/amp_msgs/lib:/home/hollis/cu/5254_final/install/amp_viz/lib:/home/hollis/cu/5254_final/install/amp_sim/lib:/opt/ros/humble/opt/rviz_ogre_vendor/lib:/opt/ros/humble/lib/x86_64-linux-gnu:/opt/ros/humble/lib /usr/bin/cmake --build /home/hollis/cu/5254_final/build/amp_agents -- -j24 -l24
