[0.010s] Invoking command in '/home/hollis/cu/5254_final/build/amp_sim': CMAKE_PREFIX_PATH=/home/hollis/cu/5254_final/install/amp_msgs:/home/hollis/cu/5254_final/install/amp_viz:/home/hollis/cu/5254_final/install/amp_sim:/opt/ros/humble LD_LIBRARY_PATH=/home/hollis/cu/5254_final/install/amp_msgs/lib:/home/hollis/cu/5254_final/install/amp_viz/lib:/opt/ros/humble/opt/rviz_ogre_vendor/lib:/opt/ros/humble/lib/x86_64-linux-gnu:/opt/ros/humble/lib /usr/bin/cmake --build /home/hollis/cu/5254_final/build/amp_sim -- -j24 -l24
[0.050s] [ 33%] Built target dynamic_object
[0.058s] [35m[1mConsolidate compiler generated dependencies of target dynamic_ball[0m
[0.068s] [ 66%] Built target dynamic_ball
[0.078s] [35m[1mConsolidate compiler generated dependencies of target sim_node[0m
[0.089s] [ 83%] [32mBuilding CXX object CMakeFiles/sim_node.dir/src/run_sim.cpp.o[0m
[1.883s] [01m[K/home/hollis/cu/5254_final/src/amp_sim/src/run_sim.cpp:[m[K In member function â€˜[01m[Kvoid SimNode::tic_cb()[m[Kâ€™:
[1.883s] [01m[K/home/hollis/cu/5254_final/src/amp_sim/src/run_sim.cpp:68:30:[m[K [01;35m[Kwarning: [m[Kcomparison of integer expressions of different signedness: â€˜[01m[Kint[m[Kâ€™ and â€˜[01m[Kstd::vector<std::_List_iterator<DynamicObject*> >::size_type[m[Kâ€™ {aka â€˜[01m[Klong unsigned int[m[Kâ€™} [[01;35m[K]8;;https://gcc.gnu.org/onlinedocs/gcc/Warning-Options.html#index-Wsign-compare-Wsign-compare]8;;[m[K]
[1.883s]    68 |             for(int i = 0; [01;35m[Ki < to_erase.size()[m[K; i++){
[1.883s]       |                            [01;35m[K~~^~~~~~~~~~~~~~~~~[m[K
[1.911s] [01m[K/home/hollis/cu/5254_final/src/amp_sim/src/run_sim.cpp:[m[K In member function â€˜[01m[Kvoid SimNode::launch_ball_cb(amp_msgs::msg::LaunchBall)[m[Kâ€™:
[1.911s] [01m[K/home/hollis/cu/5254_final/src/amp_sim/src/run_sim.cpp:95:55:[m[K [01;31m[Kerror: [m[Kâ€˜[01m[Kball_damping[m[Kâ€™ was not declared in this scope
[1.912s]    95 |             dynamic_objects.push_back(new DynamicBall([01;31m[Kball_damping[m[K, 1, "ball_1", empty));
[1.912s]       |                                                       [01;31m[K^~~~~~~~~~~~[m[K
[1.912s] [01m[K/home/hollis/cu/5254_final/src/amp_sim/src/run_sim.cpp:95:82:[m[K [01;31m[Kerror: [m[Kâ€˜[01m[Kempty[m[Kâ€™ was not declared in this scope; did you mean â€˜[01m[Kstd::empty[m[Kâ€™?
[1.912s]    95 |             dynamic_objects.push_back(new DynamicBall(ball_damping, 1, "ball_1", [01;31m[Kempty[m[K));
[1.913s]       |                                                                                  [01;31m[K^~~~~[m[K
[1.913s]       |                                                                                  [32m[Kstd::empty[m[K
[1.913s] In file included from [01m[K/usr/include/c++/11/string:54[m[K,
[1.913s]                  from [01m[K/usr/include/c++/11/bits/locale_classes.h:40[m[K,
[1.913s]                  from [01m[K/usr/include/c++/11/bits/ios_base.h:41[m[K,
[1.913s]                  from [01m[K/usr/include/c++/11/ios:42[m[K,
[1.913s]                  from [01m[K/usr/include/c++/11/istream:38[m[K,
[1.914s]                  from [01m[K/usr/include/c++/11/sstream:38[m[K,
[1.916s]                  from [01m[K/usr/include/c++/11/complex:45[m[K,
[1.916s]                  from [01m[K/usr/include/eigen3/Eigen/Core:50[m[K,
[1.916s]                  from [01m[K/usr/include/eigen3/Eigen/Dense:1[m[K,
[1.916s]                  from [01m[K/home/hollis/cu/5254_final/src/amp_sim/src/run_sim.cpp:3[m[K:
[1.916s] [01m[K/usr/include/c++/11/bits/range_access.h:281:5:[m[K [01;36m[Knote: [m[Kâ€˜[01m[Kstd::empty[m[Kâ€™ declared here
[1.916s]   281 |     [01;36m[Kempty[m[K(initializer_list<_Tp> __il) noexcept
[1.916s]       |     [01;36m[K^~~~~[m[K
[1.916s] [01m[K/home/hollis/cu/5254_final/src/amp_sim/src/run_sim.cpp:96:29:[m[K [01;31m[Kerror: [m[Kâ€˜[01m[Kclass std::__cxx11::list<DynamicObject*>[m[Kâ€™ has no member named â€˜[01m[Kstate[m[Kâ€™
[1.916s]    96 |             dynamic_objects.[01;31m[Kstate[m[K[7] = launch_vector(0);
[1.916s]       |                             [01;31m[K^~~~~[m[K
[1.916s] [01m[K/home/hollis/cu/5254_final/src/amp_sim/src/run_sim.cpp:97:29:[m[K [01;31m[Kerror: [m[Kâ€˜[01m[Kclass std::__cxx11::list<DynamicObject*>[m[Kâ€™ has no member named â€˜[01m[Kstate[m[Kâ€™
[1.916s]    97 |             dynamic_objects.[01;31m[Kstate[m[K[8] = launch_vector(1);
[1.916s]       |                             [01;31m[K^~~~~[m[K
[1.916s] [01m[K/home/hollis/cu/5254_final/src/amp_sim/src/run_sim.cpp:98:29:[m[K [01;31m[Kerror: [m[Kâ€˜[01m[Kclass std::__cxx11::list<DynamicObject*>[m[Kâ€™ has no member named â€˜[01m[Kstate[m[Kâ€™
[1.916s]    98 |             dynamic_objects.[01;31m[Kstate[m[K[9] = launch_vector(2);
[1.916s]       |                             [01;31m[K^~~~~[m[K
[3.593s] gmake[2]: *** [CMakeFiles/sim_node.dir/build.make:76: CMakeFiles/sim_node.dir/src/run_sim.cpp.o] Error 1
[3.593s] gmake[1]: *** [CMakeFiles/Makefile2:194: CMakeFiles/sim_node.dir/all] Error 2
[3.593s] gmake: *** [Makefile:146: all] Error 2
[3.597s] Invoked command in '/home/hollis/cu/5254_final/build/amp_sim' returned '2': CMAKE_PREFIX_PATH=/home/hollis/cu/5254_final/install/amp_msgs:/home/hollis/cu/5254_final/install/amp_viz:/home/hollis/cu/5254_final/install/amp_sim:/opt/ros/humble LD_LIBRARY_PATH=/home/hollis/cu/5254_final/install/amp_msgs/lib:/home/hollis/cu/5254_final/install/amp_viz/lib:/opt/ros/humble/opt/rviz_ogre_vendor/lib:/opt/ros/humble/lib/x86_64-linux-gnu:/opt/ros/humble/lib /usr/bin/cmake --build /home/hollis/cu/5254_final/build/amp_sim -- -j24 -l24
