[35m[1mConsolidate compiler generated dependencies of target dynamic_object[0m
[ 33%] Built target dynamic_object
[35m[1mConsolidate compiler generated dependencies of target dynamic_ball[0m
[ 66%] Built target dynamic_ball
[35m[1mConsolidate compiler generated dependencies of target sim_node[0m
[ 83%] [32mBuilding CXX object CMakeFiles/sim_node.dir/src/run_sim.cpp.o[0m
[01m[K/home/hollis/cu/5254_final/src/amp_sim/src/run_sim.cpp:[m[K In member function â€˜[01m[Kvoid SimNode::tic_cb()[m[Kâ€™:
[01m[K/home/hollis/cu/5254_final/src/amp_sim/src/run_sim.cpp:52:47:[m[K [01;31m[Kerror: [m[Kcannot convert â€˜[01m[KDynamicObject::check_state_bounds[m[Kâ€™ from type â€˜[01m[Kbool (DynamicObject::)()[m[Kâ€™ to type â€˜[01m[Kbool[m[Kâ€™
   52 |                 if(!((**it).check_state_bounds[01;31m[K)[m[K){
      |                                               [01;31m[K^[m[K
[01m[K/home/hollis/cu/5254_final/src/amp_sim/src/run_sim.cpp:52:29:[m[K [01;31m[Kerror: [m[Kin argument to unary !
   52 |                 if(![01;31m[K((**it).check_state_bounds)[m[K){
      |                     [01;31m[K~~~~~~~~^~~~~~~~~~~~~~~~~~~[m[K
[01m[K/home/hollis/cu/5254_final/src/amp_sim/src/run_sim.cpp:58:34:[m[K [01;35m[Kwarning: [m[Kcomparison of integer expressions of different signedness: â€˜[01m[Kint[m[Kâ€™ and â€˜[01m[Kstd::__cxx11::list<DynamicBall*>::size_type[m[Kâ€™ {aka â€˜[01m[Klong unsigned int[m[Kâ€™} [[01;35m[K]8;;https://gcc.gnu.org/onlinedocs/gcc/Warning-Options.html#index-Wsign-compare-Wsign-compare]8;;[m[K]
   58 |                 for(int i = 0; [01;35m[Ki < dynamic_objects.size()[m[K; i++){
      |                                [01;35m[K~~^~~~~~~~~~~~~~~~~~~~~~~~[m[K
[01m[K/home/hollis/cu/5254_final/src/amp_sim/src/run_sim.cpp:59:53:[m[K [01;31m[Kerror: [m[Kâ€˜[01m[Kclass std::__cxx11::list<DynamicBall*>[m[Kâ€™ has no member named â€˜[01m[Kat[m[Kâ€™
   59 |                     publish_tf_pose(dynamic_objects.[01;31m[Kat[m[K(i)->state, dynamic_objects.at(i)->object_name);
      |                                                     [01;31m[K^~[m[K
[01m[K/home/hollis/cu/5254_final/src/amp_sim/src/run_sim.cpp:59:83:[m[K [01;31m[Kerror: [m[Kâ€˜[01m[Kclass std::__cxx11::list<DynamicBall*>[m[Kâ€™ has no member named â€˜[01m[Kat[m[Kâ€™
   59 |                     publish_tf_pose(dynamic_objects.at(i)->state, dynamic_objects.[01;31m[Kat[m[K(i)->object_name);
      |                                                                                   [01;31m[K^~[m[K
gmake[2]: *** [CMakeFiles/sim_node.dir/build.make:76: CMakeFiles/sim_node.dir/src/run_sim.cpp.o] Error 1
gmake[1]: *** [CMakeFiles/Makefile2:194: CMakeFiles/sim_node.dir/all] Error 2
gmake: *** [Makefile:146: all] Error 2
