[0.010s] Invoking command in '/home/hollis/cu/5254_final/build/amp_sim': CMAKE_PREFIX_PATH=/home/hollis/cu/5254_final/install/amp_msgs:/home/hollis/cu/5254_final/install/amp_viz:/home/hollis/cu/5254_final/install/amp_sim:/opt/ros/humble LD_LIBRARY_PATH=/home/hollis/cu/5254_final/install/amp_msgs/lib:/home/hollis/cu/5254_final/install/amp_viz/lib:/opt/ros/humble/opt/rviz_ogre_vendor/lib:/opt/ros/humble/lib/x86_64-linux-gnu:/opt/ros/humble/lib /usr/bin/cmake --build /home/hollis/cu/5254_final/build/amp_sim -- -j24 -l24
[0.064s] [ 33%] Built target dynamic_object
[0.089s] [ 66%] Built target dynamic_ball
[0.101s] [35m[1mConsolidate compiler generated dependencies of target sim_node[0m
[0.122s] [ 83%] [32mBuilding CXX object CMakeFiles/sim_node.dir/src/run_sim.cpp.o[0m
[2.042s] [01m[K/home/hollis/cu/5254_final/src/amp_sim/src/run_sim.cpp:[m[K In constructor â€˜[01m[KSimNode::SimNode()[m[Kâ€™:
[2.043s] [01m[K/home/hollis/cu/5254_final/src/amp_sim/src/run_sim.cpp:37:25:[m[K [01;31m[Kerror: [m[Kclass template argument deduction failed:
[2.043s]    37 |             std::vector [01;31m[Kempty[m[K;
[2.043s]       |                         [01;31m[K^~~~~[m[K
[2.043s] [01m[K/home/hollis/cu/5254_final/src/amp_sim/src/run_sim.cpp:37:25:[m[K [01;31m[Kerror: [m[Kno matching function for call to â€˜[01m[Kvector()[m[Kâ€™
[2.043s] In file included from [01m[K/usr/include/c++/11/vector:67[m[K,
[2.043s]                  from [01m[K/usr/include/c++/11/functional:62[m[K,
[2.043s]                  from [01m[K/usr/include/eigen3/Eigen/Core:85[m[K,
[2.043s]                  from [01m[K/usr/include/eigen3/Eigen/Dense:1[m[K,
[2.043s]                  from [01m[K/home/hollis/cu/5254_final/src/amp_sim/include/amp_sim/dynamic_ball.hpp:3[m[K,
[2.043s]                  from [01m[K/home/hollis/cu/5254_final/src/amp_sim/src/run_sim.cpp:3[m[K:
[2.043s] [01m[K/usr/include/c++/11/bits/stl_vector.h:653:9:[m[K [01;36m[Knote: [m[Kcandidate: â€˜[01m[Ktemplate<class _Tp, class _Alloc, class _InputIterator, class> vector(_InputIterator, _InputIterator, const _Alloc&)-> std::vector<_Tp, _Alloc>[m[Kâ€™
[2.043s]   653 |         [01;36m[Kvector[m[K(_InputIterator __first, _InputIterator __last,
[2.043s]       |         [01;36m[K^~~~~~[m[K
[2.043s] [01m[K/usr/include/c++/11/bits/stl_vector.h:653:9:[m[K [01;36m[Knote: [m[K  template argument deduction/substitution failed:
[2.043s] [01m[K/home/hollis/cu/5254_final/src/amp_sim/src/run_sim.cpp:37:25:[m[K [01;36m[Knote: [m[K  candidate expects 3 arguments, 0 provided
[2.043s]    37 |             std::vector [01;36m[Kempty[m[K;
[2.043s]       |                         [01;36m[K^~~~~[m[K
[2.043s] In file included from [01m[K/usr/include/c++/11/vector:67[m[K,
[2.043s]                  from [01m[K/usr/include/c++/11/functional:62[m[K,
[2.045s]                  from [01m[K/usr/include/eigen3/Eigen/Core:85[m[K,
[2.045s]                  from [01m[K/usr/include/eigen3/Eigen/Dense:1[m[K,
[2.045s]                  from [01m[K/home/hollis/cu/5254_final/src/amp_sim/include/amp_sim/dynamic_ball.hpp:3[m[K,
[2.045s]                  from [01m[K/home/hollis/cu/5254_final/src/amp_sim/src/run_sim.cpp:3[m[K:
[2.045s] [01m[K/usr/include/c++/11/bits/stl_vector.h:625:7:[m[K [01;36m[Knote: [m[Kcandidate: â€˜[01m[Ktemplate<class _Tp, class _Alloc> vector(std::initializer_list<_Tp>, const _Alloc&)-> std::vector<_Tp, _Alloc>[m[Kâ€™
[2.045s]   625 |       [01;36m[Kvector[m[K(initializer_list<value_type> __l,
[2.045s]       |       [01;36m[K^~~~~~[m[K
[2.045s] [01m[K/usr/include/c++/11/bits/stl_vector.h:625:7:[m[K [01;36m[Knote: [m[K  template argument deduction/substitution failed:
[2.045s] [01m[K/home/hollis/cu/5254_final/src/amp_sim/src/run_sim.cpp:37:25:[m[K [01;36m[Knote: [m[K  candidate expects 2 arguments, 0 provided
[2.045s]    37 |             std::vector [01;36m[Kempty[m[K;
[2.045s]       |                         [01;36m[K^~~~~[m[K
[2.045s] In file included from [01m[K/usr/include/c++/11/vector:67[m[K,
[2.045s]                  from [01m[K/usr/include/c++/11/functional:62[m[K,
[2.045s]                  from [01m[K/usr/include/eigen3/Eigen/Core:85[m[K,
[2.045s]                  from [01m[K/usr/include/eigen3/Eigen/Dense:1[m[K,
[2.045s]                  from [01m[K/home/hollis/cu/5254_final/src/amp_sim/include/amp_sim/dynamic_ball.hpp:3[m[K,
[2.045s]                  from [01m[K/home/hollis/cu/5254_final/src/amp_sim/src/run_sim.cpp:3[m[K:
[2.045s] [01m[K/usr/include/c++/11/bits/stl_vector.h:607:7:[m[K [01;36m[Knote: [m[Kcandidate: â€˜[01m[Ktemplate<class _Tp, class _Alloc> vector(std::vector<_Tp, _Alloc>&&, const _Alloc&)-> std::vector<_Tp, _Alloc>[m[Kâ€™
[2.045s]   607 |       [01;36m[Kvector[m[K(vector&& __rv, const allocator_type& __m)
[2.046s]       |       [01;36m[K^~~~~~[m[K
[2.046s] [01m[K/usr/include/c++/11/bits/stl_vector.h:607:7:[m[K [01;36m[Knote: [m[K  template argument deduction/substitution failed:
[2.046s] [01m[K/home/hollis/cu/5254_final/src/amp_sim/src/run_sim.cpp:37:25:[m[K [01;36m[Knote: [m[K  candidate expects 2 arguments, 0 provided
[2.046s]    37 |             std::vector [01;36m[Kempty[m[K;
[2.046s]       |                         [01;36m[K^~~~~[m[K
[2.046s] In file included from [01m[K/usr/include/c++/11/vector:67[m[K,
[2.046s]                  from [01m[K/usr/include/c++/11/functional:62[m[K,
[2.046s]                  from [01m[K/usr/include/eigen3/Eigen/Core:85[m[K,
[2.046s]                  from [01m[K/usr/include/eigen3/Eigen/Dense:1[m[K,
[2.046s]                  from [01m[K/home/hollis/cu/5254_final/src/amp_sim/include/amp_sim/dynamic_ball.hpp:3[m[K,
[2.046s]                  from [01m[K/home/hollis/cu/5254_final/src/amp_sim/src/run_sim.cpp:3[m[K:
[2.046s] [01m[K/usr/include/c++/11/bits/stl_vector.h:589:7:[m[K [01;36m[Knote: [m[Kcandidate: â€˜[01m[Ktemplate<class _Tp, class _Alloc> vector(std::vector<_Tp, _Alloc>&&, const _Alloc&, std::false_type)-> std::vector<_Tp, _Alloc>[m[Kâ€™
[2.046s]   589 |       [01;36m[Kvector[m[K(vector&& __rv, const allocator_type& __m, false_type)
[2.046s]       |       [01;36m[K^~~~~~[m[K
[2.046s] [01m[K/usr/include/c++/11/bits/stl_vector.h:589:7:[m[K [01;36m[Knote: [m[K  template argument deduction/substitution failed:
[2.046s] [01m[K/home/hollis/cu/5254_final/src/amp_sim/src/run_sim.cpp:37:25:[m[K [01;36m[Knote: [m[K  candidate expects 3 arguments, 0 provided
[2.046s]    37 |             std::vector [01;36m[Kempty[m[K;
[2.046s]       |                         [01;36m[K^~~~~[m[K
[2.046s] In file included from [01m[K/usr/include/c++/11/vector:67[m[K,
[2.046s]                  from [01m[K/usr/include/c++/11/functional:62[m[K,
[2.046s]                  from [01m[K/usr/include/eigen3/Eigen/Core:85[m[K,
[2.046s]                  from [01m[K/usr/include/eigen3/Eigen/Dense:1[m[K,
[2.046s]                  from [01m[K/home/hollis/cu/5254_final/src/amp_sim/include/amp_sim/dynamic_ball.hpp:3[m[K,
[2.046s]                  from [01m[K/home/hollis/cu/5254_final/src/amp_sim/src/run_sim.cpp:3[m[K:
[2.046s] [01m[K/usr/include/c++/11/bits/stl_vector.h:585:7:[m[K [01;36m[Knote: [m[Kcandidate: â€˜[01m[Ktemplate<class _Tp, class _Alloc> vector(std::vector<_Tp, _Alloc>&&, const _Alloc&, std::true_type)-> std::vector<_Tp, _Alloc>[m[Kâ€™
[2.046s]   585 |       [01;36m[Kvector[m[K(vector&& __rv, const allocator_type& __m, true_type) noexcept
[2.046s]       |       [01;36m[K^~~~~~[m[K
[2.046s] [01m[K/usr/include/c++/11/bits/stl_vector.h:585:7:[m[K [01;36m[Knote: [m[K  template argument deduction/substitution failed:
[2.046s] [01m[K/home/hollis/cu/5254_final/src/amp_sim/src/run_sim.cpp:37:25:[m[K [01;36m[Knote: [m[K  candidate expects 3 arguments, 0 provided
[2.046s]    37 |             std::vector [01;36m[Kempty[m[K;
[2.046s]       |                         [01;36m[K^~~~~[m[K
[2.046s] In file included from [01m[K/usr/include/c++/11/vector:67[m[K,
[2.046s]                  from [01m[K/usr/include/c++/11/functional:62[m[K,
[2.046s]                  from [01m[K/usr/include/eigen3/Eigen/Core:85[m[K,
[2.046s]                  from [01m[K/usr/include/eigen3/Eigen/Dense:1[m[K,
[2.046s]                  from [01m[K/home/hollis/cu/5254_final/src/amp_sim/include/amp_sim/dynamic_ball.hpp:3[m[K,
[2.046s]                  from [01m[K/home/hollis/cu/5254_final/src/amp_sim/src/run_sim.cpp:3[m[K:
[2.046s] [01m[K/usr/include/c++/11/bits/stl_vector.h:575:7:[m[K [01;36m[Knote: [m[Kcandidate: â€˜[01m[Ktemplate<class _Tp, class _Alloc> vector(const std::vector<_Tp, _Alloc>&, const _Alloc&)-> std::vector<_Tp, _Alloc>[m[Kâ€™
[2.046s]   575 |       [01;36m[Kvector[m[K(const vector& __x, const allocator_type& __a)
[2.046s]       |       [01;36m[K^~~~~~[m[K
[2.046s] [01m[K/usr/include/c++/11/bits/stl_vector.h:575:7:[m[K [01;36m[Knote: [m[K  template argument deduction/substitution failed:
[2.046s] [01m[K/home/hollis/cu/5254_final/src/amp_sim/src/run_sim.cpp:37:25:[m[K [01;36m[Knote: [m[K  candidate expects 2 arguments, 0 provided
[2.046s]    37 |             std::vector [01;36m[Kempty[m[K;
[2.046s]       |                         [01;36m[K^~~~~[m[K
[2.046s] In file included from [01m[K/usr/include/c++/11/vector:67[m[K,
[2.046s]                  from [01m[K/usr/include/c++/11/functional:62[m[K,
[2.046s]                  from [01m[K/usr/include/eigen3/Eigen/Core:85[m[K,
[2.046s]                  from [01m[K/usr/include/eigen3/Eigen/Dense:1[m[K,
[2.047s]                  from [01m[K/home/hollis/cu/5254_final/src/amp_sim/include/amp_sim/dynamic_ball.hpp:3[m[K,
[2.047s]                  from [01m[K/home/hollis/cu/5254_final/src/amp_sim/src/run_sim.cpp:3[m[K:
[2.047s] [01m[K/usr/include/c++/11/bits/stl_vector.h:572:7:[m[K [01;36m[Knote: [m[Kcandidate: â€˜[01m[Ktemplate<class _Tp, class _Alloc> vector(std::vector<_Tp, _Alloc>&&)-> std::vector<_Tp, _Alloc>[m[Kâ€™
[2.047s]   572 |       [01;36m[Kvector[m[K(vector&&) noexcept = default;
[2.047s]       |       [01;36m[K^~~~~~[m[K
[2.047s] [01m[K/usr/include/c++/11/bits/stl_vector.h:572:7:[m[K [01;36m[Knote: [m[K  template argument deduction/substitution failed:
[2.047s] [01m[K/home/hollis/cu/5254_final/src/amp_sim/src/run_sim.cpp:37:25:[m[K [01;36m[Knote: [m[K  candidate expects 1 argument, 0 provided
[2.047s]    37 |             std::vector [01;36m[Kempty[m[K;
[2.047s]       |                         [01;36m[K^~~~~[m[K
[2.047s] In file included from [01m[K/usr/include/c++/11/vector:67[m[K,
[2.047s]                  from [01m[K/usr/include/c++/11/functional:62[m[K,
[2.047s]                  from [01m[K/usr/include/eigen3/Eigen/Core:85[m[K,
[2.047s]                  from [01m[K/usr/include/eigen3/Eigen/Dense:1[m[K,
[2.047s]                  from [01m[K/home/hollis/cu/5254_final/src/amp_sim/include/amp_sim/dynamic_ball.hpp:3[m[K,
[2.047s]                  from [01m[K/home/hollis/cu/5254_final/src/amp_sim/src/run_sim.cpp:3[m[K:
[2.047s] [01m[K/usr/include/c++/11/bits/stl_vector.h:553:7:[m[K [01;36m[Knote: [m[Kcandidate: â€˜[01m[Ktemplate<class _Tp, class _Alloc> vector(const std::vector<_Tp, _Alloc>&)-> std::vector<_Tp, _Alloc>[m[Kâ€™
[2.047s]   553 |       [01;36m[Kvector[m[K(const vector& __x)
[2.047s]       |       [01;36m[K^~~~~~[m[K
[2.047s] [01m[K/usr/include/c++/11/bits/stl_vector.h:553:7:[m[K [01;36m[Knote: [m[K  template argument deduction/substitution failed:
[2.047s] [01m[K/home/hollis/cu/5254_final/src/amp_sim/src/run_sim.cpp:37:25:[m[K [01;36m[Knote: [m[K  candidate expects 1 argument, 0 provided
[2.047s]    37 |             std::vector [01;36m[Kempty[m[K;
[2.047s]       |                         [01;36m[K^~~~~[m[K
[2.047s] In file included from [01m[K/usr/include/c++/11/vector:67[m[K,
[2.047s]                  from [01m[K/usr/include/c++/11/functional:62[m[K,
[2.047s]                  from [01m[K/usr/include/eigen3/Eigen/Core:85[m[K,
[2.047s]                  from [01m[K/usr/include/eigen3/Eigen/Dense:1[m[K,
[2.047s]                  from [01m[K/home/hollis/cu/5254_final/src/amp_sim/include/amp_sim/dynamic_ball.hpp:3[m[K,
[2.047s]                  from [01m[K/home/hollis/cu/5254_final/src/amp_sim/src/run_sim.cpp:3[m[K:
[2.047s] [01m[K/usr/include/c++/11/bits/stl_vector.h:522:7:[m[K [01;36m[Knote: [m[Kcandidate: â€˜[01m[Ktemplate<class _Tp, class _Alloc> vector(std::size_t, const _Tp&, const _Alloc&)-> std::vector<_Tp, _Alloc>[m[Kâ€™
[2.047s]   522 |       [01;36m[Kvector[m[K(size_type __n, const value_type& __value,
[2.047s]       |       [01;36m[K^~~~~~[m[K
[2.047s] [01m[K/usr/include/c++/11/bits/stl_vector.h:522:7:[m[K [01;36m[Knote: [m[K  template argument deduction/substitution failed:
[2.047s] [01m[K/home/hollis/cu/5254_final/src/amp_sim/src/run_sim.cpp:37:25:[m[K [01;36m[Knote: [m[K  candidate expects 3 arguments, 0 provided
[2.047s]    37 |             std::vector [01;36m[Kempty[m[K;
[2.047s]       |                         [01;36m[K^~~~~[m[K
[2.047s] In file included from [01m[K/usr/include/c++/11/vector:67[m[K,
[2.047s]                  from [01m[K/usr/include/c++/11/functional:62[m[K,
[2.047s]                  from [01m[K/usr/include/eigen3/Eigen/Core:85[m[K,
[2.047s]                  from [01m[K/usr/include/eigen3/Eigen/Dense:1[m[K,
[2.047s]                  from [01m[K/home/hollis/cu/5254_final/src/amp_sim/include/amp_sim/dynamic_ball.hpp:3[m[K,
[2.047s]                  from [01m[K/home/hollis/cu/5254_final/src/amp_sim/src/run_sim.cpp:3[m[K:
[2.047s] [01m[K/usr/include/c++/11/bits/stl_vector.h:510:7:[m[K [01;36m[Knote: [m[Kcandidate: â€˜[01m[Ktemplate<class _Tp, class _Alloc> vector(std::size_t, const _Alloc&)-> std::vector<_Tp, _Alloc>[m[Kâ€™
[2.047s]   510 |       [01;36m[Kvector[m[K(size_type __n, const allocator_type& __a = allocator_type())
[2.047s]       |       [01;36m[K^~~~~~[m[K
[2.047s] [01m[K/usr/include/c++/11/bits/stl_vector.h:510:7:[m[K [01;36m[Knote: [m[K  template argument deduction/substitution failed:
[2.047s] [01m[K/home/hollis/cu/5254_final/src/amp_sim/src/run_sim.cpp:37:25:[m[K [01;36m[Knote: [m[K  candidate expects 2 arguments, 0 provided
[2.047s]    37 |             std::vector [01;36m[Kempty[m[K;
[2.047s]       |                         [01;36m[K^~~~~[m[K
[2.047s] In file included from [01m[K/usr/include/c++/11/vector:67[m[K,
[2.047s]                  from [01m[K/usr/include/c++/11/functional:62[m[K,
[2.048s]                  from [01m[K/usr/include/eigen3/Eigen/Core:85[m[K,
[2.048s]                  from [01m[K/usr/include/eigen3/Eigen/Dense:1[m[K,
[2.048s]                  from [01m[K/home/hollis/cu/5254_final/src/amp_sim/include/amp_sim/dynamic_ball.hpp:3[m[K,
[2.048s]                  from [01m[K/home/hollis/cu/5254_final/src/amp_sim/src/run_sim.cpp:3[m[K:
[2.048s] [01m[K/usr/include/c++/11/bits/stl_vector.h:497:7:[m[K [01;36m[Knote: [m[Kcandidate: â€˜[01m[Ktemplate<class _Tp, class _Alloc> vector(const _Alloc&)-> std::vector<_Tp, _Alloc>[m[Kâ€™
[2.048s]   497 |       [01;36m[Kvector[m[K(const allocator_type& __a) _GLIBCXX_NOEXCEPT
[2.048s]       |       [01;36m[K^~~~~~[m[K
[2.048s] [01m[K/usr/include/c++/11/bits/stl_vector.h:497:7:[m[K [01;36m[Knote: [m[K  template argument deduction/substitution failed:
[2.048s] [01m[K/home/hollis/cu/5254_final/src/amp_sim/src/run_sim.cpp:37:25:[m[K [01;36m[Knote: [m[K  candidate expects 1 argument, 0 provided
[2.048s]    37 |             std::vector [01;36m[Kempty[m[K;
[2.048s]       |                         [01;36m[K^~~~~[m[K
[2.048s] In file included from [01m[K/usr/include/c++/11/vector:67[m[K,
[2.048s]                  from [01m[K/usr/include/c++/11/functional:62[m[K,
[2.048s]                  from [01m[K/usr/include/eigen3/Eigen/Core:85[m[K,
[2.048s]                  from [01m[K/usr/include/eigen3/Eigen/Dense:1[m[K,
[2.048s]                  from [01m[K/home/hollis/cu/5254_final/src/amp_sim/include/amp_sim/dynamic_ball.hpp:3[m[K,
[2.048s]                  from [01m[K/home/hollis/cu/5254_final/src/amp_sim/src/run_sim.cpp:3[m[K:
[2.048s] [01m[K/usr/include/c++/11/bits/stl_vector.h:487:7:[m[K [01;36m[Knote: [m[Kcandidate: â€˜[01m[Ktemplate<class _Tp, class _Alloc> vector()-> std::vector<_Tp, _Alloc>[m[Kâ€™
[2.048s]   487 |       [01;36m[Kvector[m[K() = default;
[2.048s]       |       [01;36m[K^~~~~~[m[K
[2.048s] [01m[K/usr/include/c++/11/bits/stl_vector.h:487:7:[m[K [01;36m[Knote: [m[K  template argument deduction/substitution failed:
[2.048s] [01m[K/home/hollis/cu/5254_final/src/amp_sim/src/run_sim.cpp:37:25:[m[K [01;36m[Knote: [m[K  couldnâ€™t deduce template parameter â€˜[01m[K_Tp[m[Kâ€™
[2.048s]    37 |             std::vector [01;36m[Kempty[m[K;
[2.048s]       |                         [01;36m[K^~~~~[m[K
[2.048s] In file included from [01m[K/usr/include/c++/11/vector:67[m[K,
[2.048s]                  from [01m[K/usr/include/c++/11/functional:62[m[K,
[2.048s]                  from [01m[K/usr/include/eigen3/Eigen/Core:85[m[K,
[2.048s]                  from [01m[K/usr/include/eigen3/Eigen/Dense:1[m[K,
[2.048s]                  from [01m[K/home/hollis/cu/5254_final/src/amp_sim/include/amp_sim/dynamic_ball.hpp:3[m[K,
[2.048s]                  from [01m[K/home/hollis/cu/5254_final/src/amp_sim/src/run_sim.cpp:3[m[K:
[2.048s] [01m[K/usr/include/c++/11/bits/stl_vector.h:389:11:[m[K [01;36m[Knote: [m[Kcandidate: â€˜[01m[Ktemplate<class _Tp, class _Alloc> vector(std::vector<_Tp, _Alloc>)-> std::vector<_Tp, _Alloc>[m[Kâ€™
[2.048s]   389 |     class [01;36m[Kvector[m[K : protected _Vector_base<_Tp, _Alloc>
[2.048s]       |           [01;36m[K^~~~~~[m[K
[2.048s] [01m[K/usr/include/c++/11/bits/stl_vector.h:389:11:[m[K [01;36m[Knote: [m[K  template argument deduction/substitution failed:
[2.048s] [01m[K/home/hollis/cu/5254_final/src/amp_sim/src/run_sim.cpp:37:25:[m[K [01;36m[Knote: [m[K  candidate expects 1 argument, 0 provided
[2.052s]    37 |             std::vector [01;36m[Kempty[m[K;
[2.052s]       |                         [01;36m[K^~~~~[m[K
[2.052s] In file included from [01m[K/usr/include/c++/11/vector:67[m[K,
[2.052s]                  from [01m[K/usr/include/c++/11/functional:62[m[K,
[2.052s]                  from [01m[K/usr/include/eigen3/Eigen/Core:85[m[K,
[2.052s]                  from [01m[K/usr/include/eigen3/Eigen/Dense:1[m[K,
[2.052s]                  from [01m[K/home/hollis/cu/5254_final/src/amp_sim/include/amp_sim/dynamic_ball.hpp:3[m[K,
[2.052s]                  from [01m[K/home/hollis/cu/5254_final/src/amp_sim/src/run_sim.cpp:3[m[K:
[2.052s] [01m[K/usr/include/c++/11/bits/stl_vector.h:1876:5:[m[K [01;36m[Knote: [m[Kcandidate: â€˜[01m[Ktemplate<class _InputIterator, class _ValT, class _Allocator, class, class> std::vector(_InputIterator, _InputIterator, _Allocator)-> std::vector<_ValT, _Allocator>[m[Kâ€™
[2.052s]  1876 |     [01;36m[Kvector[m[K(_InputIterator, _InputIterator, _Allocator = _Allocator())
[2.052s]       |     [01;36m[K^~~~~~[m[K
[2.052s] [01m[K/usr/include/c++/11/bits/stl_vector.h:1876:5:[m[K [01;36m[Knote: [m[K  template argument deduction/substitution failed:
[2.052s] [01m[K/home/hollis/cu/5254_final/src/amp_sim/src/run_sim.cpp:37:25:[m[K [01;36m[Knote: [m[K  candidate expects 3 arguments, 0 provided
[2.052s]    37 |             std::vector [01;36m[Kempty[m[K;
[2.053s]       |                         [01;36m[K^~~~~[m[K
[2.060s] [01m[K/home/hollis/cu/5254_final/src/amp_sim/src/run_sim.cpp:[m[K In member function â€˜[01m[Kvoid SimNode::launch_ball_cb(amp_msgs::msg::LaunchBall)[m[Kâ€™:
[2.060s] [01m[K/home/hollis/cu/5254_final/src/amp_sim/src/run_sim.cpp:76:55:[m[K [01;35m[Kwarning: [m[Kunused parameter â€˜[01m[Kmsg[m[Kâ€™ [[01;35m[K]8;;https://gcc.gnu.org/onlinedocs/gcc/Warning-Options.html#index-Wunused-parameter-Wunused-parameter]8;;[m[K]
[2.060s]    76 |         void launch_ball_cb([01;35m[Kamp_msgs::msg::LaunchBall msg[m[K){
[2.060s]       |                             [01;35m[K~~~~~~~~~~~~~~~~~~~~~~~~~~^~~[m[K
[3.796s] gmake[2]: *** [CMakeFiles/sim_node.dir/build.make:76: CMakeFiles/sim_node.dir/src/run_sim.cpp.o] Error 1
[3.796s] gmake[1]: *** [CMakeFiles/Makefile2:194: CMakeFiles/sim_node.dir/all] Error 2
[3.796s] gmake: *** [Makefile:146: all] Error 2
[3.799s] Invoked command in '/home/hollis/cu/5254_final/build/amp_sim' returned '2': CMAKE_PREFIX_PATH=/home/hollis/cu/5254_final/install/amp_msgs:/home/hollis/cu/5254_final/install/amp_viz:/home/hollis/cu/5254_final/install/amp_sim:/opt/ros/humble LD_LIBRARY_PATH=/home/hollis/cu/5254_final/install/amp_msgs/lib:/home/hollis/cu/5254_final/install/amp_viz/lib:/opt/ros/humble/opt/rviz_ogre_vendor/lib:/opt/ros/humble/lib/x86_64-linux-gnu:/opt/ros/humble/lib /usr/bin/cmake --build /home/hollis/cu/5254_final/build/amp_sim -- -j24 -l24
