[0.000000] (-) TimerEvent: {}
[0.000121] (amp_msgs) JobQueued: {'identifier': 'amp_msgs', 'dependencies': OrderedDict()}
[0.000252] (amp_sim) JobQueued: {'identifier': 'amp_sim', 'dependencies': OrderedDict([('amp_msgs', '/home/hollis/cu/5254_final/install/amp_msgs')])}
[0.000265] (amp_agents) JobQueued: {'identifier': 'amp_agents', 'dependencies': OrderedDict([('amp_msgs', '/home/hollis/cu/5254_final/install/amp_msgs'), ('amp_sim', '/home/hollis/cu/5254_final/install/amp_sim')])}
[0.000274] (amp_viz) JobQueued: {'identifier': 'amp_viz', 'dependencies': OrderedDict([('amp_msgs', '/home/hollis/cu/5254_final/install/amp_msgs'), ('amp_sim', '/home/hollis/cu/5254_final/install/amp_sim')])}
[0.000517] (amp_msgs) JobStarted: {'identifier': 'amp_msgs'}
[0.004897] (amp_msgs) JobProgress: {'identifier': 'amp_msgs', 'progress': 'cmake'}
[0.005672] (amp_msgs) JobProgress: {'identifier': 'amp_msgs', 'progress': 'build'}
[0.005913] (amp_msgs) Command: {'cmd': ['/usr/bin/cmake', '--build', '/home/hollis/cu/5254_final/build/amp_msgs', '--', '-j24', '-l24'], 'cwd': '/home/hollis/cu/5254_final/build/amp_msgs', 'env': OrderedDict([('LESSOPEN', '| /usr/bin/lesspipe %s'), ('USER', 'hollis'), ('XDG_SESSION_TYPE', 'x11'), ('SHLVL', '1'), ('LD_LIBRARY_PATH', '/home/hollis/cu/5254_final/install/amp_viz/lib:/home/hollis/cu/5254_final/install/amp_sim/lib:/home/hollis/cu/5254_final/install/amp_msgs/lib:/opt/ros/humble/opt/rviz_ogre_vendor/lib:/opt/ros/humble/lib/x86_64-linux-gnu:/opt/ros/humble/lib'), ('HOME', '/home/hollis'), ('OLDPWD', '/home/hollis'), ('DESKTOP_SESSION', 'ubuntu-xorg'), ('ROS_PYTHON_VERSION', '3'), ('GNOME_SHELL_SESSION_MODE', 'ubuntu'), ('GTK_MODULES', 'gail:atk-bridge'), ('SYSTEMD_EXEC_PID', '2497'), ('DBUS_SESSION_BUS_ADDRESS', 'unix:path=/run/user/1000/bus'), ('COLORTERM', 'truecolor'), ('COLCON_PREFIX_PATH', '/home/hollis/cu/5254_final/install'), ('ROS_DISTRO', 'humble'), ('GTK_IM_MODULE', 'ibus'), ('LOGNAME', 'hollis'), ('_', '/usr/bin/colcon'), ('ROS_VERSION', '2'), ('XDG_SESSION_CLASS', 'user'), ('USERNAME', 'hollis'), ('TERM', 'xterm-256color'), ('GNOME_DESKTOP_SESSION_ID', 'this-is-deprecated'), ('ROS_LOCALHOST_ONLY', '0'), ('WINDOWPATH', '2'), ('PATH', '/opt/ros/humble/bin:/home/hollis/.local/bin:/usr/local/sbin:/usr/local/bin:/usr/sbin:/usr/bin:/sbin:/bin:/usr/games:/usr/local/games:/snap/bin:/snap/bin'), ('SESSION_MANAGER', 'local/blizzard:@/tmp/.ICE-unix/2478,unix/blizzard:/tmp/.ICE-unix/2478'), ('XDG_MENU_PREFIX', 'gnome-'), ('GNOME_TERMINAL_SCREEN', '/org/gnome/Terminal/screen/4bf07363_ae0e_4b29_b907_92ce43dfdfaf'), ('XDG_RUNTIME_DIR', '/run/user/1000'), ('DISPLAY', ':1'), ('LANG', 'en_US.UTF-8'), ('XDG_CURRENT_DESKTOP', 'ubuntu:GNOME'), ('XMODIFIERS', '@im=ibus'), ('XDG_SESSION_DESKTOP', 'ubuntu-xorg'), ('XAUTHORITY', '/run/user/1000/gdm/Xauthority'), ('LS_COLORS', 'rs=0:di=01;34:ln=01;36:mh=00:pi=40;33:so=01;35:do=01;35:bd=40;33;01:cd=40;33;01:or=40;31;01:mi=00:su=37;41:sg=30;43:ca=30;41:tw=30;42:ow=34;42:st=37;44:ex=01;32:*.tar=01;31:*.tgz=01;31:*.arc=01;31:*.arj=01;31:*.taz=01;31:*.lha=01;31:*.lz4=01;31:*.lzh=01;31:*.lzma=01;31:*.tlz=01;31:*.txz=01;31:*.tzo=01;31:*.t7z=01;31:*.zip=01;31:*.z=01;31:*.dz=01;31:*.gz=01;31:*.lrz=01;31:*.lz=01;31:*.lzo=01;31:*.xz=01;31:*.zst=01;31:*.tzst=01;31:*.bz2=01;31:*.bz=01;31:*.tbz=01;31:*.tbz2=01;31:*.tz=01;31:*.deb=01;31:*.rpm=01;31:*.jar=01;31:*.war=01;31:*.ear=01;31:*.sar=01;31:*.rar=01;31:*.alz=01;31:*.ace=01;31:*.zoo=01;31:*.cpio=01;31:*.7z=01;31:*.rz=01;31:*.cab=01;31:*.wim=01;31:*.swm=01;31:*.dwm=01;31:*.esd=01;31:*.jpg=01;35:*.jpeg=01;35:*.mjpg=01;35:*.mjpeg=01;35:*.gif=01;35:*.bmp=01;35:*.pbm=01;35:*.pgm=01;35:*.ppm=01;35:*.tga=01;35:*.xbm=01;35:*.xpm=01;35:*.tif=01;35:*.tiff=01;35:*.png=01;35:*.svg=01;35:*.svgz=01;35:*.mng=01;35:*.pcx=01;35:*.mov=01;35:*.mpg=01;35:*.mpeg=01;35:*.m2v=01;35:*.mkv=01;35:*.webm=01;35:*.webp=01;35:*.ogm=01;35:*.mp4=01;35:*.m4v=01;35:*.mp4v=01;35:*.vob=01;35:*.qt=01;35:*.nuv=01;35:*.wmv=01;35:*.asf=01;35:*.rm=01;35:*.rmvb=01;35:*.flc=01;35:*.avi=01;35:*.fli=01;35:*.flv=01;35:*.gl=01;35:*.dl=01;35:*.xcf=01;35:*.xwd=01;35:*.yuv=01;35:*.cgm=01;35:*.emf=01;35:*.ogv=01;35:*.ogx=01;35:*.aac=00;36:*.au=00;36:*.flac=00;36:*.m4a=00;36:*.mid=00;36:*.midi=00;36:*.mka=00;36:*.mp3=00;36:*.mpc=00;36:*.ogg=00;36:*.ra=00;36:*.wav=00;36:*.oga=00;36:*.opus=00;36:*.spx=00;36:*.xspf=00;36:'), ('GNOME_TERMINAL_SERVICE', ':1.103'), ('SSH_AGENT_LAUNCHER', 'gnome-keyring'), ('SSH_AUTH_SOCK', '/run/user/1000/keyring/ssh'), ('AMENT_PREFIX_PATH', '/home/hollis/cu/5254_final/install/amp_viz:/home/hollis/cu/5254_final/install/amp_agents:/home/hollis/cu/5254_final/install/amp_sim:/home/hollis/cu/5254_final/install/amp_msgs:/opt/ros/humble'), ('SHELL', '/bin/bash'), ('QT_ACCESSIBILITY', '1'), ('GDMSESSION', 'ubuntu-xorg'), ('LESSCLOSE', '/usr/bin/lesspipe %s %s'), ('GPG_AGENT_INFO', '/run/user/1000/gnupg/S.gpg-agent:0:1'), ('QT_IM_MODULE', 'ibus'), ('PWD', '/home/hollis/cu/5254_final/build/amp_msgs'), ('XDG_CONFIG_DIRS', '/etc/xdg/xdg-ubuntu-xorg:/etc/xdg'), ('PICO_SDK_PATH', '/home/hollis/pico/pico-sdk'), ('XDG_DATA_DIRS', '/usr/share/ubuntu-xorg:/usr/share/gnome:/usr/local/share/:/usr/share/:/var/lib/snapd/desktop'), ('PYTHONPATH', '/home/hollis/cu/5254_final/install/amp_msgs/local/lib/python3.10/dist-packages:/opt/ros/humble/lib/python3.10/site-packages:/opt/ros/humble/local/lib/python3.10/dist-packages'), ('COLCON', '1'), ('VTE_VERSION', '6800'), ('CMAKE_PREFIX_PATH', '/home/hollis/cu/5254_final/install/amp_viz:/home/hollis/cu/5254_final/install/amp_agents:/home/hollis/cu/5254_final/install/amp_sim:/home/hollis/cu/5254_final/install/amp_msgs:/opt/ros/humble')]), 'shell': False}
[0.020604] (amp_msgs) StdoutLine: {'line': b'-- Found ament_cmake: 1.3.12 (/opt/ros/humble/share/ament_cmake/cmake)\n'}
[0.094215] (amp_msgs) StdoutLine: {'line': b'-- Found builtin_interfaces: 1.2.2 (/opt/ros/humble/share/builtin_interfaces/cmake)\n'}
[0.099941] (-) TimerEvent: {}
[0.106970] (amp_msgs) StdoutLine: {'line': b'-- Found rosidl_generator_c: 3.1.7 (/opt/ros/humble/share/rosidl_generator_c/cmake)\n'}
[0.107967] (amp_msgs) StdoutLine: {'line': b'-- Found rosidl_adapter: 3.1.7 (/opt/ros/humble/share/rosidl_adapter/cmake)\n'}
[0.110638] (amp_msgs) StdoutLine: {'line': b'-- Found rosidl_generator_cpp: 3.1.7 (/opt/ros/humble/share/rosidl_generator_cpp/cmake)\n'}
[0.115436] (amp_msgs) StdoutLine: {'line': b'-- Using all available rosidl_typesupport_c: rosidl_typesupport_fastrtps_c;rosidl_typesupport_introspection_c\n'}
[0.122464] (amp_msgs) StdoutLine: {'line': b'-- Using all available rosidl_typesupport_cpp: rosidl_typesupport_fastrtps_cpp;rosidl_typesupport_introspection_cpp\n'}
[0.130771] (amp_msgs) StdoutLine: {'line': b'-- Found rosidl_default_generators: 1.2.0 (/opt/ros/humble/share/rosidl_default_generators/cmake)\n'}
[0.200069] (-) TimerEvent: {}
[0.281758] (amp_msgs) StdoutLine: {'line': b'-- Found ament_cmake_ros: 0.10.0 (/opt/ros/humble/share/ament_cmake_ros/cmake)\n'}
[0.300136] (-) TimerEvent: {}
[0.400376] (-) TimerEvent: {}
[0.441341] (amp_msgs) StdoutLine: {'line': b'-- Using all available rosidl_typesupport_c: rosidl_typesupport_fastrtps_c;rosidl_typesupport_introspection_c\n'}
[0.500488] (-) TimerEvent: {}
[0.515682] (amp_msgs) StdoutLine: {'line': b'-- Using all available rosidl_typesupport_cpp: rosidl_typesupport_fastrtps_cpp;rosidl_typesupport_introspection_cpp\n'}
[0.526879] (amp_msgs) StdoutLine: {'line': b'-- Found python_cmake_module: 0.10.0 (/opt/ros/humble/share/python_cmake_module/cmake)\n'}
[0.541260] (amp_msgs) StdoutLine: {'line': b'-- Using PYTHON_EXECUTABLE: /usr/bin/python3\n'}
[0.541435] (amp_msgs) StdoutLine: {'line': b'-- Using PYTHON_INCLUDE_DIRS: /usr/include/python3.10\n'}
[0.541481] (amp_msgs) StdoutLine: {'line': b'-- Using PYTHON_LIBRARIES: /usr/lib/x86_64-linux-gnu/libpython3.10.so\n'}
[0.547815] (amp_msgs) StdoutLine: {'line': b'-- Found ament_lint_auto: 0.12.14 (/opt/ros/humble/share/ament_lint_auto/cmake)\n'}
[0.551927] (amp_msgs) StdoutLine: {'line': b"-- Added test 'lint_cmake' to check CMake code style\n"}
[0.552269] (amp_msgs) StdoutLine: {'line': b"-- Added test 'xmllint' to check XML markup files\n"}
[0.553247] (amp_msgs) StdoutLine: {'line': b'-- Configuring done\n'}
[0.572737] (amp_msgs) StdoutLine: {'line': b'-- Generating done\n'}
[0.579727] (amp_msgs) StdoutLine: {'line': b'-- Build files have been written to: /home/hollis/cu/5254_final/build/amp_msgs\n'}
[0.596828] (amp_msgs) StdoutLine: {'line': b'[  1%] \x1b[34m\x1b[1mGenerating C code for ROS interfaces\x1b[0m\n'}
[0.600582] (-) TimerEvent: {}
[0.606305] (amp_msgs) StdoutLine: {'line': b'[  3%] \x1b[34m\x1b[1mGenerating C++ code for ROS interfaces\x1b[0m\n'}
[0.613827] (amp_msgs) StdoutLine: {'line': b'[  3%] Built target ament_cmake_python_copy_amp_msgs\n'}
[0.700677] (-) TimerEvent: {}
[0.762453] (amp_msgs) StdoutLine: {'line': b'running egg_info\n'}
[0.762865] (amp_msgs) StdoutLine: {'line': b'writing amp_msgs.egg-info/PKG-INFO\n'}
[0.763350] (amp_msgs) StdoutLine: {'line': b'writing dependency_links to amp_msgs.egg-info/dependency_links.txt\n'}
[0.763397] (amp_msgs) StdoutLine: {'line': b'writing top-level names to amp_msgs.egg-info/top_level.txt\n'}
[0.766032] (amp_msgs) StdoutLine: {'line': b"reading manifest file 'amp_msgs.egg-info/SOURCES.txt'\n"}
[0.766127] (amp_msgs) StdoutLine: {'line': b"writing manifest file 'amp_msgs.egg-info/SOURCES.txt'\n"}
[0.800427] (amp_msgs) StdoutLine: {'line': b'[  3%] Built target ament_cmake_python_build_amp_msgs_egg\n'}
[0.800733] (-) TimerEvent: {}
[0.879802] (amp_msgs) StdoutLine: {'line': b'\x1b[35m\x1b[1mConsolidate compiler generated dependencies of target amp_msgs__rosidl_generator_c\x1b[0m\n'}
[0.888023] (amp_msgs) StdoutLine: {'line': b'[  4%] \x1b[32mBuilding C object CMakeFiles/amp_msgs__rosidl_generator_c.dir/rosidl_generator_c/amp_msgs/msg/detail/agent_control__functions.c.o\x1b[0m\n'}
[0.888583] (amp_msgs) StdoutLine: {'line': b'[  6%] \x1b[32mBuilding C object CMakeFiles/amp_msgs__rosidl_generator_c.dir/rosidl_generator_c/amp_msgs/msg/detail/ideal_path__functions.c.o\x1b[0m\n'}
[0.888643] (amp_msgs) StdoutLine: {'line': b'[  6%] Built target amp_msgs__cpp\n'}
[0.888677] (amp_msgs) StdoutLine: {'line': b'[  7%] \x1b[32mBuilding C object CMakeFiles/amp_msgs__rosidl_generator_c.dir/rosidl_generator_c/amp_msgs/msg/detail/ball_trajectory__functions.c.o\x1b[0m\n'}
[0.889797] (amp_msgs) StdoutLine: {'line': b'[  9%] \x1b[32mBuilding C object CMakeFiles/amp_msgs__rosidl_generator_c.dir/rosidl_generator_c/amp_msgs/msg/detail/launch_ball__functions.c.o\x1b[0m\n'}
[0.889898] (amp_msgs) StdoutLine: {'line': b'[ 11%] \x1b[32mBuilding C object CMakeFiles/amp_msgs__rosidl_generator_c.dir/rosidl_generator_c/amp_msgs/msg/detail/set_pose__functions.c.o\x1b[0m\n'}
[0.896431] (amp_msgs) StdoutLine: {'line': b'[ 12%] \x1b[34m\x1b[1mGenerating C++ introspection for ROS interfaces\x1b[0m\n'}
[0.896546] (amp_msgs) StdoutLine: {'line': b'[ 14%] \x1b[34m\x1b[1mGenerating C++ type support for eProsima Fast-RTPS\x1b[0m\n'}
[0.896591] (amp_msgs) StdoutLine: {'line': b'[ 15%] \x1b[34m\x1b[1mGenerating C++ type support dispatch for ROS interfaces\x1b[0m\n'}
[0.897354] (amp_msgs) StderrLine: {'line': b'In file included from \x1b[01m\x1b[K/home/hollis/cu/5254_final/build/amp_msgs/rosidl_generator_c/amp_msgs/msg/detail/ideal_path__functions.h:19\x1b[m\x1b[K,\n'}
[0.897446] (amp_msgs) StderrLine: {'line': b'                 from \x1b[01m\x1b[K/home/hollis/cu/5254_final/build/amp_msgs/rosidl_generator_c/amp_msgs/msg/detail/ideal_path__functions.c:4\x1b[m\x1b[K:\n'}
[0.897488] (amp_msgs) StderrLine: {'line': b'\x1b[01m\x1b[K/home/hollis/cu/5254_final/build/amp_msgs/rosidl_generator_c/amp_msgs/msg/detail/ideal_path__struct.h:26:10:\x1b[m\x1b[K \x1b[01;31m\x1b[Kfatal error: \x1b[m\x1b[Kbuiltin_interfaces/msg/detail/time__struct.h: No such file or directory\n'}
[0.897538] (amp_msgs) StderrLine: {'line': b'   26 | #include \x1b[01;31m\x1b[K"builtin_interfaces/msg/detail/time__struct.h"\x1b[m\x1b[K\n'}
[0.897588] (amp_msgs) StderrLine: {'line': b'      |          \x1b[01;31m\x1b[K^~~~~~~~~~~~~~~~~~~~~~~~~~~~~~~~~~~~~~~~~~~~~~\x1b[m\x1b[K\n'}
[0.897626] (amp_msgs) StderrLine: {'line': b'compilation terminated.\n'}
[0.897938] (amp_msgs) StderrLine: {'line': b'gmake[2]: *** [CMakeFiles/amp_msgs__rosidl_generator_c.dir/build.make:197: CMakeFiles/amp_msgs__rosidl_generator_c.dir/rosidl_generator_c/amp_msgs/msg/detail/ideal_path__functions.c.o] Error 1\n'}
[0.897999] (amp_msgs) StderrLine: {'line': b'gmake[2]: *** Waiting for unfinished jobs....\n'}
[0.902367] (-) TimerEvent: {}
[0.923337] (amp_msgs) StderrLine: {'line': b'gmake[1]: *** [CMakeFiles/Makefile2:213: CMakeFiles/amp_msgs__rosidl_generator_c.dir/all] Error 2\n'}
[0.923495] (amp_msgs) StderrLine: {'line': b'gmake[1]: *** Waiting for unfinished jobs....\n'}
[1.002883] (-) TimerEvent: {}
[1.099350] (amp_msgs) StdoutLine: {'line': b'\x1b[35m\x1b[1mConsolidate compiler generated dependencies of target amp_msgs__rosidl_typesupport_cpp\x1b[0m\n'}
[1.102940] (-) TimerEvent: {}
[1.107627] (amp_msgs) StdoutLine: {'line': b'[ 19%] \x1b[32mBuilding CXX object CMakeFiles/amp_msgs__rosidl_typesupport_cpp.dir/rosidl_typesupport_cpp/amp_msgs/msg/ideal_path__type_support.cpp.o\x1b[0m\n'}
[1.108203] (amp_msgs) StdoutLine: {'line': b'[ 20%] \x1b[32mBuilding CXX object CMakeFiles/amp_msgs__rosidl_typesupport_cpp.dir/rosidl_typesupport_cpp/amp_msgs/msg/agent_control__type_support.cpp.o\x1b[0m\n'}
[1.108293] (amp_msgs) StdoutLine: {'line': b'[ 19%] \x1b[32mBuilding CXX object CMakeFiles/amp_msgs__rosidl_typesupport_cpp.dir/rosidl_typesupport_cpp/amp_msgs/msg/ball_trajectory__type_support.cpp.o\x1b[0m\n'}
[1.108343] (amp_msgs) StdoutLine: {'line': b'[ 22%] \x1b[32mBuilding CXX object CMakeFiles/amp_msgs__rosidl_typesupport_cpp.dir/rosidl_typesupport_cpp/amp_msgs/msg/launch_ball__type_support.cpp.o\x1b[0m\n'}
[1.108388] (amp_msgs) StdoutLine: {'line': b'[ 23%] \x1b[32mBuilding CXX object CMakeFiles/amp_msgs__rosidl_typesupport_cpp.dir/rosidl_typesupport_cpp/amp_msgs/msg/set_pose__type_support.cpp.o\x1b[0m\n'}
[1.140605] (amp_msgs) StdoutLine: {'line': b'\x1b[35m\x1b[1mConsolidate compiler generated dependencies of target amp_msgs__rosidl_typesupport_introspection_cpp\x1b[0m\n'}
[1.151804] (amp_msgs) StderrLine: {'line': b'In file included from \x1b[01m\x1b[K/home/hollis/cu/5254_final/build/amp_msgs/rosidl_typesupport_cpp/amp_msgs/msg/ideal_path__type_support.cpp:7\x1b[m\x1b[K:\n'}
[1.151972] (amp_msgs) StderrLine: {'line': b'\x1b[01m\x1b[K/home/hollis/cu/5254_final/build/amp_msgs/rosidl_generator_cpp/amp_msgs/msg/detail/ideal_path__struct.hpp:22:10:\x1b[m\x1b[K \x1b[01;31m\x1b[Kfatal error: \x1b[m\x1b[Kbuiltin_interfaces/msg/detail/time__struct.hpp: No such file or directory\n'}
[1.152035] (amp_msgs) StderrLine: {'line': b'   22 | #include \x1b[01;31m\x1b[K"builtin_interfaces/msg/detail/time__struct.hpp"\x1b[m\x1b[K\n'}
[1.152088] (amp_msgs) StderrLine: {'line': b'      |          \x1b[01;31m\x1b[K^~~~~~~~~~~~~~~~~~~~~~~~~~~~~~~~~~~~~~~~~~~~~~~~\x1b[m\x1b[K\n'}
[1.152137] (amp_msgs) StderrLine: {'line': b'compilation terminated.\n'}
[1.152382] (amp_msgs) StderrLine: {'line': b'gmake[2]: *** [CMakeFiles/amp_msgs__rosidl_typesupport_cpp.dir/build.make:130: CMakeFiles/amp_msgs__rosidl_typesupport_cpp.dir/rosidl_typesupport_cpp/amp_msgs/msg/ideal_path__type_support.cpp.o] Error 1\n'}
[1.152438] (amp_msgs) StderrLine: {'line': b'gmake[2]: *** Waiting for unfinished jobs....\n'}
[1.154402] (amp_msgs) StdoutLine: {'line': b'[ 25%] \x1b[32mBuilding CXX object CMakeFiles/amp_msgs__rosidl_typesupport_introspection_cpp.dir/rosidl_typesupport_introspection_cpp/amp_msgs/msg/detail/agent_control__type_support.cpp.o\x1b[0m\n'}
[1.156063] (amp_msgs) StdoutLine: {'line': b'[ 30%] \x1b[32mBuilding CXX object CMakeFiles/amp_msgs__rosidl_typesupport_introspection_cpp.dir/rosidl_typesupport_introspection_cpp/amp_msgs/msg/detail/set_pose__type_support.cpp.o\x1b[0m\n'}
[1.156218] (amp_msgs) StdoutLine: {'line': b'[ 30%] \x1b[32mBuilding CXX object CMakeFiles/amp_msgs__rosidl_typesupport_introspection_cpp.dir/rosidl_typesupport_introspection_cpp/amp_msgs/msg/detail/ball_trajectory__type_support.cpp.o\x1b[0m\n'}
[1.156282] (amp_msgs) StdoutLine: {'line': b'[ 30%] \x1b[32mBuilding CXX object CMakeFiles/amp_msgs__rosidl_typesupport_introspection_cpp.dir/rosidl_typesupport_introspection_cpp/amp_msgs/msg/detail/launch_ball__type_support.cpp.o\x1b[0m\n'}
[1.156348] (amp_msgs) StdoutLine: {'line': b'[ 31%] \x1b[32mBuilding CXX object CMakeFiles/amp_msgs__rosidl_typesupport_introspection_cpp.dir/rosidl_typesupport_introspection_cpp/amp_msgs/msg/detail/ideal_path__type_support.cpp.o\x1b[0m\n'}
[1.181339] (amp_msgs) StdoutLine: {'line': b'\x1b[35m\x1b[1mConsolidate compiler generated dependencies of target amp_msgs__rosidl_typesupport_fastrtps_cpp\x1b[0m\n'}
[1.195177] (amp_msgs) StdoutLine: {'line': b'[ 36%] \x1b[32mBuilding CXX object CMakeFiles/amp_msgs__rosidl_typesupport_fastrtps_cpp.dir/rosidl_typesupport_fastrtps_cpp/amp_msgs/msg/detail/dds_fastrtps/ball_trajectory__type_support.cpp.o\x1b[0m\n'}
[1.195393] (amp_msgs) StdoutLine: {'line': b'[ 36%] \x1b[32mBuilding CXX object CMakeFiles/amp_msgs__rosidl_typesupport_fastrtps_cpp.dir/rosidl_typesupport_fastrtps_cpp/amp_msgs/msg/detail/dds_fastrtps/agent_control__type_support.cpp.o\x1b[0m\n'}
[1.195476] (amp_msgs) StdoutLine: {'line': b'[ 36%] \x1b[32mBuilding CXX object CMakeFiles/amp_msgs__rosidl_typesupport_fastrtps_cpp.dir/rosidl_typesupport_fastrtps_cpp/amp_msgs/msg/detail/dds_fastrtps/ideal_path__type_support.cpp.o\x1b[0m\n'}
[1.197202] (amp_msgs) StdoutLine: {'line': b'[ 38%] \x1b[32mBuilding CXX object CMakeFiles/amp_msgs__rosidl_typesupport_fastrtps_cpp.dir/rosidl_typesupport_fastrtps_cpp/amp_msgs/msg/detail/dds_fastrtps/set_pose__type_support.cpp.o\x1b[0m\n'}
[1.197343] (amp_msgs) StdoutLine: {'line': b'[ 39%] \x1b[32mBuilding CXX object CMakeFiles/amp_msgs__rosidl_typesupport_fastrtps_cpp.dir/rosidl_typesupport_fastrtps_cpp/amp_msgs/msg/detail/dds_fastrtps/launch_ball__type_support.cpp.o\x1b[0m\n'}
[1.203056] (-) TimerEvent: {}
[1.210937] (amp_msgs) StderrLine: {'line': b'In file included from \x1b[01m\x1b[K/home/hollis/cu/5254_final/build/amp_msgs/rosidl_typesupport_introspection_cpp/amp_msgs/msg/detail/ideal_path__type_support.cpp:12\x1b[m\x1b[K:\n'}
[1.211130] (amp_msgs) StderrLine: {'line': b'\x1b[01m\x1b[K/home/hollis/cu/5254_final/build/amp_msgs/rosidl_generator_cpp/amp_msgs/msg/detail/ideal_path__struct.hpp:22:10:\x1b[m\x1b[K \x1b[01;31m\x1b[Kfatal error: \x1b[m\x1b[Kbuiltin_interfaces/msg/detail/time__struct.hpp: No such file or directory\n'}
[1.211198] (amp_msgs) StderrLine: {'line': b'   22 | #include \x1b[01;31m\x1b[K"builtin_interfaces/msg/detail/time__struct.hpp"\x1b[m\x1b[K\n'}
[1.211259] (amp_msgs) StderrLine: {'line': b'      |          \x1b[01;31m\x1b[K^~~~~~~~~~~~~~~~~~~~~~~~~~~~~~~~~~~~~~~~~~~~~~~~\x1b[m\x1b[K\n'}
[1.211319] (amp_msgs) StderrLine: {'line': b'compilation terminated.\n'}
[1.218023] (amp_msgs) StderrLine: {'line': b'gmake[2]: *** [CMakeFiles/amp_msgs__rosidl_typesupport_introspection_cpp.dir/build.make:147: CMakeFiles/amp_msgs__rosidl_typesupport_introspection_cpp.dir/rosidl_typesupport_introspection_cpp/amp_msgs/msg/detail/ideal_path__type_support.cpp.o] Error 1\n'}
[1.218154] (amp_msgs) StderrLine: {'line': b'gmake[2]: *** Waiting for unfinished jobs....\n'}
[1.259714] (amp_msgs) StderrLine: {'line': b'In file included from \x1b[01m\x1b[K/home/hollis/cu/5254_final/build/amp_msgs/rosidl_typesupport_fastrtps_cpp/amp_msgs/msg/detail/ideal_path__rosidl_typesupport_fastrtps_cpp.hpp:11\x1b[m\x1b[K,\n'}
[1.259874] (amp_msgs) StderrLine: {'line': b'                 from \x1b[01m\x1b[K/home/hollis/cu/5254_final/build/amp_msgs/rosidl_typesupport_fastrtps_cpp/amp_msgs/msg/detail/dds_fastrtps/ideal_path__type_support.cpp:4\x1b[m\x1b[K:\n'}
[1.259939] (amp_msgs) StderrLine: {'line': b'\x1b[01m\x1b[K/home/hollis/cu/5254_final/build/amp_msgs/rosidl_generator_cpp/amp_msgs/msg/detail/ideal_path__struct.hpp:22:10:\x1b[m\x1b[K \x1b[01;31m\x1b[Kfatal error: \x1b[m\x1b[Kbuiltin_interfaces/msg/detail/time__struct.hpp: No such file or directory\n'}
[1.259999] (amp_msgs) StderrLine: {'line': b'   22 | #include \x1b[01;31m\x1b[K"builtin_interfaces/msg/detail/time__struct.hpp"\x1b[m\x1b[K\n'}
[1.260055] (amp_msgs) StderrLine: {'line': b'      |          \x1b[01;31m\x1b[K^~~~~~~~~~~~~~~~~~~~~~~~~~~~~~~~~~~~~~~~~~~~~~~~\x1b[m\x1b[K\n'}
[1.260110] (amp_msgs) StderrLine: {'line': b'compilation terminated.\n'}
[1.264089] (amp_msgs) StderrLine: {'line': b'gmake[2]: *** [CMakeFiles/amp_msgs__rosidl_typesupport_fastrtps_cpp.dir/build.make:147: CMakeFiles/amp_msgs__rosidl_typesupport_fastrtps_cpp.dir/rosidl_typesupport_fastrtps_cpp/amp_msgs/msg/detail/dds_fastrtps/ideal_path__type_support.cpp.o] Error 1\n'}
[1.264234] (amp_msgs) StderrLine: {'line': b'gmake[2]: *** Waiting for unfinished jobs....\n'}
[1.303184] (-) TimerEvent: {}
[1.360461] (amp_msgs) StderrLine: {'line': b'gmake[1]: *** [CMakeFiles/Makefile2:395: CMakeFiles/amp_msgs__rosidl_typesupport_cpp.dir/all] Error 2\n'}
[1.403366] (-) TimerEvent: {}
[1.494385] (amp_msgs) StderrLine: {'line': b'gmake[1]: *** [CMakeFiles/Makefile2:369: CMakeFiles/amp_msgs__rosidl_typesupport_introspection_cpp.dir/all] Error 2\n'}
[1.503463] (-) TimerEvent: {}
[1.540769] (amp_msgs) StderrLine: {'line': b'gmake[1]: *** [CMakeFiles/Makefile2:291: CMakeFiles/amp_msgs__rosidl_typesupport_fastrtps_cpp.dir/all] Error 2\n'}
[1.540980] (amp_msgs) StderrLine: {'line': b'gmake: *** [Makefile:146: all] Error 2\n'}
[1.543775] (amp_msgs) CommandEnded: {'returncode': 2}
[1.550807] (amp_msgs) JobEnded: {'identifier': 'amp_msgs', 'rc': 2}
[1.561472] (amp_sim) JobSkipped: {'identifier': 'amp_sim'}
[1.561881] (amp_agents) JobSkipped: {'identifier': 'amp_agents'}
[1.561903] (amp_viz) JobSkipped: {'identifier': 'amp_viz'}
[1.561922] (-) EventReactorShutdown: {}
