[ 25%] [34m[1mAutomatic MOC for target template_panel[0m
[ 25%] Built target template_panel_autogen
[35m[1mConsolidate compiler generated dependencies of target template_panel[0m
[ 50%] [32mBuilding CXX object CMakeFiles/template_panel.dir/src/template_panel.cpp.o[0m
In file included from [01m[K/opt/ros/humble/include/class_loader/class_loader/class_loader.hpp:56[m[K,
                 from [01m[K/opt/ros/humble/include/pluginlib/pluginlib/class_list_macros.hpp:40[m[K,
                 from [01m[K/home/hollis/cu/5254_final/src/amp_viz/src/template_panel.cpp:9[m[K:
[01m[K/home/hollis/cu/5254_final/src/amp_viz/src/template_panel.cpp:10:39:[m[K [01;31m[Kerror: [m[Kâ€˜[01m[Krviz[m[Kâ€™ does not name a type
   10 | PLUGINLIB_EXPORT_CLASS(TemplatePanel, [01;31m[Krviz[m[K::common::Panel)
      |                                       [01;31m[K^~~~[m[K
[01m[K/home/hollis/cu/5254_final/src/amp_viz/src/template_panel.cpp:[m[K In constructor â€˜[01m[K{anonymous}::ProxyExec0::ProxyExec0()[m[Kâ€™:
[01m[K/home/hollis/cu/5254_final/src/amp_viz/src/template_panel.cpp:10:1:[m[K [01;31m[Kerror: [m[Kâ€˜[01m[K_base[m[Kâ€™ was not declared in this scope
   10 | [01;31m[KPLUGINLIB_EXPORT_CLASS[m[K(TemplatePanel, rviz::common::Panel)
      | [01;31m[K^~~~~~~~~~~~~~~~~~~~~~[m[K
[01m[K/home/hollis/cu/5254_final/src/amp_viz/src/template_panel.cpp:10:1:[m[K [01;31m[Kerror: [m[Kno matching function for call to â€˜[01m[KregisterPlugin<{anonymous}::ProxyExec0::_derived, <expression error> >(const char [14], const char [20])[m[Kâ€™
   10 | [01;31m[KPLUGINLIB_EXPORT_CLASS[m[K(TemplatePanel, rviz::common::Panel)
      | [01;31m[K^~~~~~~~~~~~~~~~~~~~~~[m[K
In file included from [01m[K/opt/ros/humble/include/class_loader/class_loader/class_loader.hpp:55[m[K,
                 from [01m[K/opt/ros/humble/include/pluginlib/pluginlib/class_list_macros.hpp:40[m[K,
                 from [01m[K/home/hollis/cu/5254_final/src/amp_viz/src/template_panel.cpp:9[m[K:
[01m[K/opt/ros/humble/include/class_loader/class_loader/class_loader_core.hpp:210:6:[m[K [01;36m[Knote: [m[Kcandidate: â€˜[01m[Ktemplate<class Derived, class Base> void class_loader::impl::registerPlugin(const string&, const string&)[m[Kâ€™
  210 | void [01;36m[KregisterPlugin[m[K(const std::string & class_name, const std::string & base_class_name)
      |      [01;36m[K^~~~~~~~~~~~~~[m[K
[01m[K/opt/ros/humble/include/class_loader/class_loader/class_loader_core.hpp:210:6:[m[K [01;36m[Knote: [m[K  template argument deduction/substitution failed:
In file included from [01m[K/opt/ros/humble/include/class_loader/class_loader/class_loader.hpp:56[m[K,
                 from [01m[K/opt/ros/humble/include/pluginlib/pluginlib/class_list_macros.hpp:40[m[K,
                 from [01m[K/home/hollis/cu/5254_final/src/amp_viz/src/template_panel.cpp:9[m[K:
[01m[K/home/hollis/cu/5254_final/src/amp_viz/src/template_panel.cpp:10:1:[m[K [01;31m[Kerror: [m[Ktemplate argument 2 is invalid
   10 | [01;31m[KPLUGINLIB_EXPORT_CLASS[m[K(TemplatePanel, rviz::common::Panel)
      | [01;31m[K^~~~~~~~~~~~~~~~~~~~~~[m[K
gmake[2]: *** [CMakeFiles/template_panel.dir/build.make:90: CMakeFiles/template_panel.dir/src/template_panel.cpp.o] Error 1
gmake[1]: *** [CMakeFiles/Makefile2:138: CMakeFiles/template_panel.dir/all] Error 2
gmake: *** [Makefile:146: all] Error 2
