[0.005s] Invoking command in '/home/hollis/cu/5254_final/build/amp_agents': CMAKE_PREFIX_PATH=/home/hollis/cu/5254_final/install/amp_sim:/home/hollis/cu/5254_final/install/amp_msgs:/home/hollis/cu/5254_final/install/amp_viz:/home/hollis/cu/5254_final/install/amp_agents:/opt/ros/humble LD_LIBRARY_PATH=/home/hollis/cu/5254_final/install/amp_msgs/lib:/home/hollis/cu/5254_final/install/amp_viz/lib:/home/hollis/cu/5254_final/install/amp_sim/lib:/opt/ros/humble/opt/rviz_ogre_vendor/lib:/opt/ros/humble/lib/x86_64-linux-gnu:/opt/ros/humble/lib /usr/bin/cmake --build /home/hollis/cu/5254_final/build/amp_agents -- -j24 -l24
[0.020s] -- Found ament_cmake: 1.3.12 (/opt/ros/humble/share/ament_cmake/cmake)
[0.086s] -- Found rclcpp: 16.0.15 (/opt/ros/humble/share/rclcpp/cmake)
[0.100s] -- Found rosidl_generator_c: 3.1.7 (/opt/ros/humble/share/rosidl_generator_c/cmake)
[0.101s] -- Found rosidl_adapter: 3.1.7 (/opt/ros/humble/share/rosidl_adapter/cmake)
[0.104s] -- Found rosidl_generator_cpp: 3.1.7 (/opt/ros/humble/share/rosidl_generator_cpp/cmake)
[0.109s] -- Using all available rosidl_typesupport_c: rosidl_typesupport_fastrtps_c;rosidl_typesupport_introspection_c
[0.114s] -- Using all available rosidl_typesupport_cpp: rosidl_typesupport_fastrtps_cpp;rosidl_typesupport_introspection_cpp
[0.130s] -- Found rmw_implementation_cmake: 6.1.2 (/opt/ros/humble/share/rmw_implementation_cmake/cmake)
[0.130s] -- Found rmw_fastrtps_cpp: 6.2.8 (/opt/ros/humble/share/rmw_fastrtps_cpp/cmake)
[0.174s] -- Using RMW implementation 'rmw_fastrtps_cpp' as default
[0.196s] -- Found geometry_msgs: 4.9.0 (/opt/ros/humble/share/geometry_msgs/cmake)
[0.201s] -- Found tf2: 0.25.16 (/opt/ros/humble/share/tf2/cmake)
[0.203s] -- Found tf2_ros: 0.25.16 (/opt/ros/humble/share/tf2_ros/cmake)
[0.245s] -- Found amp_msgs: 0.0.0 (/home/hollis/cu/5254_final/install/amp_msgs/share/amp_msgs/cmake)
[0.249s] -- Found amp_sim: 0.0.0 (/home/hollis/cu/5254_final/install/amp_sim/share/amp_sim/cmake)
[0.255s] -- Found ament_lint_auto: 0.12.14 (/opt/ros/humble/share/ament_lint_auto/cmake)
[0.294s] -- Added test 'cppcheck' to perform static code analysis on C / C++ code
[0.295s] -- Configured cppcheck include dirs: $<BUILD_INTERFACE:/home/hollis/cu/5254_final/src/amp_agents/include>
[0.295s] -- Configured cppcheck exclude dirs and/or files: 
[0.295s] -- Added test 'lint_cmake' to check CMake code style
[0.295s] -- Added test 'uncrustify' to check C / C++ code style
[0.295s] -- Configured uncrustify additional arguments: 
[0.295s] -- Added test 'xmllint' to check XML markup files
[0.296s] -- Configuring done
[0.305s] -- Generating done
[0.308s] -- Build files have been written to: /home/hollis/cu/5254_final/build/amp_agents
[0.329s] [35m[1mConsolidate compiler generated dependencies of target tree_visualizer[0m
[0.329s] [35m[1mConsolidate compiler generated dependencies of target sst_tree[0m
[0.329s] [35m[1mConsolidate compiler generated dependencies of target run[0m
[0.336s] [ 25%] Built target tree_visualizer
[0.336s] [ 50%] Built target sst_tree
[0.342s] [ 62%] [32mBuilding CXX object CMakeFiles/run.dir/src/run_agent.cpp.o[0m
[0.345s] [35m[1mConsolidate compiler generated dependencies of target backend[0m
[0.358s] [ 87%] Built target backend
[0.675s] In file included from [01m[K/home/hollis/cu/5254_final/src/amp_agents/src/run_agent.cpp:3[m[K:
[0.675s] [01m[K/home/hollis/cu/5254_final/src/amp_agents/include/amp_agents/agent_backend.hpp:11:10:[m[K [01;31m[Kfatal error: [m[Ktf2_ros/transform_listener.h: No such file or directory
[0.675s]    11 | #include [01;31m[K"tf2_ros/transform_listener.h"[m[K
[0.675s]       |          [01;31m[K^~~~~~~~~~~~~~~~~~~~~~~~~~~~~~[m[K
[0.675s] compilation terminated.
[0.682s] gmake[2]: *** [CMakeFiles/run.dir/build.make:76: CMakeFiles/run.dir/src/run_agent.cpp.o] Error 1
[0.683s] gmake[1]: *** [CMakeFiles/Makefile2:221: CMakeFiles/run.dir/all] Error 2
[0.683s] gmake: *** [Makefile:146: all] Error 2
[0.684s] Invoked command in '/home/hollis/cu/5254_final/build/amp_agents' returned '2': CMAKE_PREFIX_PATH=/home/hollis/cu/5254_final/install/amp_sim:/home/hollis/cu/5254_final/install/amp_msgs:/home/hollis/cu/5254_final/install/amp_viz:/home/hollis/cu/5254_final/install/amp_agents:/opt/ros/humble LD_LIBRARY_PATH=/home/hollis/cu/5254_final/install/amp_msgs/lib:/home/hollis/cu/5254_final/install/amp_viz/lib:/home/hollis/cu/5254_final/install/amp_sim/lib:/opt/ros/humble/opt/rviz_ogre_vendor/lib:/opt/ros/humble/lib/x86_64-linux-gnu:/opt/ros/humble/lib /usr/bin/cmake --build /home/hollis/cu/5254_final/build/amp_agents -- -j24 -l24
