[0.008s] Invoking command in '/home/hollis/cu/5254_final/build/amp_viz': CMAKE_PREFIX_PATH=/home/hollis/cu/5254_final/install/amp_sim:/home/hollis/cu/5254_final/install/amp_msgs:/home/hollis/cu/5254_final/install/amp_viz:/home/hollis/cu/5254_final/install/amp_agents:/opt/ros/humble LD_LIBRARY_PATH=/home/hollis/cu/5254_final/install/amp_msgs/lib:/home/hollis/cu/5254_final/install/amp_viz/lib:/home/hollis/cu/5254_final/install/amp_sim/lib:/opt/ros/humble/opt/rviz_ogre_vendor/lib:/opt/ros/humble/lib/x86_64-linux-gnu:/opt/ros/humble/lib /usr/bin/cmake --build /home/hollis/cu/5254_final/build/amp_viz -- -j24 -l24
[0.042s] [ 16%] [34m[1mAutomatic MOC and UIC for target template_panel[0m
[0.054s] [ 16%] Built target template_panel_autogen
[0.066s] [35m[1mConsolidate compiler generated dependencies of target template_panel[0m
[0.081s] [ 33%] [32mBuilding CXX object CMakeFiles/template_panel.dir/src/template_panel.cpp.o[0m
[2.454s] [01m[K/home/hollis/cu/5254_final/src/amp_viz/src/template_panel.cpp:[m[K In member function â€˜[01m[Kvoid TemplatePanel::updateCannonPose()[m[Kâ€™:
[2.454s] [01m[K/home/hollis/cu/5254_final/src/amp_viz/src/template_panel.cpp:86:5:[m[K [01;31m[Kerror: [m[Kexpected â€˜[01m[K;[m[Kâ€™ before â€˜[01m[Kt[m[Kâ€™
[2.454s]    86 |     [01;31m[Kt[m[K.transform.translation.x = ui->launch_x->text().toFloat();;
[2.454s]       |     [01;31m[K^[m[K
[3.250s] gmake[2]: *** [CMakeFiles/template_panel.dir/build.make:94: CMakeFiles/template_panel.dir/src/template_panel.cpp.o] Error 1
[3.250s] gmake[1]: *** [CMakeFiles/Makefile2:138: CMakeFiles/template_panel.dir/all] Error 2
[3.250s] gmake: *** [Makefile:146: all] Error 2
[3.252s] Invoked command in '/home/hollis/cu/5254_final/build/amp_viz' returned '2': CMAKE_PREFIX_PATH=/home/hollis/cu/5254_final/install/amp_sim:/home/hollis/cu/5254_final/install/amp_msgs:/home/hollis/cu/5254_final/install/amp_viz:/home/hollis/cu/5254_final/install/amp_agents:/opt/ros/humble LD_LIBRARY_PATH=/home/hollis/cu/5254_final/install/amp_msgs/lib:/home/hollis/cu/5254_final/install/amp_viz/lib:/home/hollis/cu/5254_final/install/amp_sim/lib:/opt/ros/humble/opt/rviz_ogre_vendor/lib:/opt/ros/humble/lib/x86_64-linux-gnu:/opt/ros/humble/lib /usr/bin/cmake --build /home/hollis/cu/5254_final/build/amp_viz -- -j24 -l24
