[0.007s] Invoking command in '/home/hollis/cu/5254_final/build/amp_viz': CMAKE_PREFIX_PATH=/home/hollis/cu/5254_final/install/amp_sim:/home/hollis/cu/5254_final/install/amp_viz:/opt/ros/humble /usr/bin/cmake --build /home/hollis/cu/5254_final/build/amp_viz -- -j24 -l24
[0.056s] [ 16%] [34m[1mAutomatic MOC and UIC for target template_panel[0m
[0.078s] [ 16%] Built target template_panel_autogen
[0.085s] [ 33%] [34m[1mGenerating include/amp_viz/moc_template_panel.cpp[0m
[0.096s] [35m[1mConsolidate compiler generated dependencies of target template_panel[0m
[0.111s] [ 50%] [32mBuilding CXX object CMakeFiles/template_panel.dir/src/template_panel.cpp.o[0m
[0.111s] [ 66%] [32mBuilding CXX object CMakeFiles/template_panel.dir/include/amp_viz/moc_template_panel.cpp.o[0m
[2.076s] [01m[K/home/hollis/cu/5254_final/src/amp_viz/src/template_panel.cpp:[m[K In member function â€˜[01m[Kvirtual void TemplatePanel::onInitialize()[m[Kâ€™:
[2.077s] [01m[K/home/hollis/cu/5254_final/src/amp_viz/src/template_panel.cpp:16:36:[m[K [01;31m[Kerror: [m[Kinvalid use of incomplete type â€˜[01m[Kclass rviz_common::DisplayContext[m[Kâ€™
[2.077s]    16 |     node_ptr_ = getDisplayContext()[01;31m[K->[m[KgetRosNodeAbstraction().lock();
[2.077s]       |                                    [01;31m[K^~[m[K
[2.077s] In file included from [01m[K/home/hollis/cu/5254_final/src/amp_viz/include/amp_viz/template_panel.hpp:3[m[K,
[2.077s]                  from [01m[K/home/hollis/cu/5254_final/src/amp_viz/src/template_panel.cpp:1[m[K:
[2.077s] [01m[K/opt/ros/humble/include/rviz_common/rviz_common/panel.hpp:42:7:[m[K [01;36m[Knote: [m[Kforward declaration of â€˜[01m[Kclass rviz_common::DisplayContext[m[Kâ€™
[2.077s]    42 | class [01;36m[KDisplayContext[m[K;
[2.077s]       |       [01;36m[K^~~~~~~~~~~~~~[m[K
[2.082s] [01m[K/home/hollis/cu/5254_final/src/amp_viz/src/template_panel.cpp:[m[K In member function â€˜[01m[Krclcpp::Node::SharedPtr TemplatePanel::getRosNode()[m[Kâ€™:
[2.082s] [01m[K/home/hollis/cu/5254_final/src/amp_viz/src/template_panel.cpp:32:12:[m[K [01;31m[Kerror: [m[Kâ€˜[01m[Knode[m[Kâ€™ was not declared in this scope
[2.082s]    32 |     return [01;31m[Knode[m[K = node_ptr_->get_raw_node();
[2.082s]       |            [01;31m[K^~~~[m[K
[2.686s] gmake[2]: *** [CMakeFiles/template_panel.dir/build.make:94: CMakeFiles/template_panel.dir/src/template_panel.cpp.o] Error 1
[2.686s] gmake[2]: *** Waiting for unfinished jobs....
[2.699s] gmake[1]: *** [CMakeFiles/Makefile2:138: CMakeFiles/template_panel.dir/all] Error 2
[2.700s] gmake: *** [Makefile:146: all] Error 2
[2.702s] Invoked command in '/home/hollis/cu/5254_final/build/amp_viz' returned '2': CMAKE_PREFIX_PATH=/home/hollis/cu/5254_final/install/amp_sim:/home/hollis/cu/5254_final/install/amp_viz:/opt/ros/humble /usr/bin/cmake --build /home/hollis/cu/5254_final/build/amp_viz -- -j24 -l24
