[0.010s] Invoking command in '/home/hollis/cu/5254_final/build/amp_agents': CMAKE_PREFIX_PATH=/home/hollis/cu/5254_final/install/amp_sim:/home/hollis/cu/5254_final/install/amp_msgs:/home/hollis/cu/5254_final/install/amp_viz:/home/hollis/cu/5254_final/install/amp_agents:/opt/ros/humble LD_LIBRARY_PATH=/home/hollis/cu/5254_final/install/amp_msgs/lib:/home/hollis/cu/5254_final/install/amp_viz/lib:/home/hollis/cu/5254_final/install/amp_sim/lib:/opt/ros/humble/opt/rviz_ogre_vendor/lib:/opt/ros/humble/lib/x86_64-linux-gnu:/opt/ros/humble/lib /usr/bin/cmake /home/hollis/cu/5254_final/src/amp_agents -DCMAKE_INSTALL_PREFIX=/home/hollis/cu/5254_final/install/amp_agents
[0.063s] -- The C compiler identification is GNU 11.4.0
[0.114s] -- The CXX compiler identification is GNU 11.4.0
[0.120s] -- Detecting C compiler ABI info
[0.189s] -- Detecting C compiler ABI info - done
[0.196s] -- Check for working C compiler: /usr/bin/cc - skipped
[0.196s] -- Detecting C compile features
[0.197s] -- Detecting C compile features - done
[0.201s] -- Detecting CXX compiler ABI info
[0.285s] -- Detecting CXX compiler ABI info - done
[0.293s] -- Check for working CXX compiler: /usr/bin/c++ - skipped
[0.293s] -- Detecting CXX compile features
[0.293s] -- Detecting CXX compile features - done
[0.293s] -- Found ament_cmake: 1.3.12 (/opt/ros/humble/share/ament_cmake/cmake)
[0.406s] -- Found Python3: /usr/bin/python3 (found version "3.10.12") found components: Interpreter 
[0.487s] -- Found rclcpp: 16.0.15 (/opt/ros/humble/share/rclcpp/cmake)
[0.518s] -- Found rosidl_generator_c: 3.1.7 (/opt/ros/humble/share/rosidl_generator_c/cmake)
[0.521s] -- Found rosidl_adapter: 3.1.7 (/opt/ros/humble/share/rosidl_adapter/cmake)
[0.528s] -- Found rosidl_generator_cpp: 3.1.7 (/opt/ros/humble/share/rosidl_generator_cpp/cmake)
[0.537s] -- Using all available rosidl_typesupport_c: rosidl_typesupport_fastrtps_c;rosidl_typesupport_introspection_c
[0.550s] -- Using all available rosidl_typesupport_cpp: rosidl_typesupport_fastrtps_cpp;rosidl_typesupport_introspection_cpp
[0.584s] -- Found rmw_implementation_cmake: 6.1.2 (/opt/ros/humble/share/rmw_implementation_cmake/cmake)
[0.586s] -- Found rmw_fastrtps_cpp: 6.2.8 (/opt/ros/humble/share/rmw_fastrtps_cpp/cmake)
[0.665s] -- Found OpenSSL: /usr/lib/x86_64-linux-gnu/libcrypto.so (found version "3.0.2")  
[0.686s] -- Found FastRTPS: /opt/ros/humble/include  
[0.719s] -- Using RMW implementation 'rmw_fastrtps_cpp' as default
[0.726s] -- Looking for pthread.h
[0.790s] -- Looking for pthread.h - found
[0.791s] -- Performing Test CMAKE_HAVE_LIBC_PTHREAD
[0.869s] -- Performing Test CMAKE_HAVE_LIBC_PTHREAD - Success
[0.869s] -- Found Threads: TRUE  
[0.907s] -- Found geometry_msgs: 4.9.0 (/opt/ros/humble/share/geometry_msgs/cmake)
[0.919s] -- Found tf2: 0.25.16 (/opt/ros/humble/share/tf2/cmake)
[0.927s] -- Found tf2_ros: 0.25.16 (/opt/ros/humble/share/tf2_ros/cmake)
[1.001s] -- Found amp_msgs: 0.0.0 (/home/hollis/cu/5254_final/install/amp_msgs/share/amp_msgs/cmake)
[1.008s] -- Found amp_sim: 0.0.0 (/home/hollis/cu/5254_final/install/amp_sim/share/amp_sim/cmake)
[1.015s] -- Found OpenCV: /usr (found version "4.5.4") 
[1.021s] -- Found ament_lint_auto: 0.12.14 (/opt/ros/humble/share/ament_lint_auto/cmake)
[1.085s] -- Added test 'cppcheck' to perform static code analysis on C / C++ code
[1.085s] -- Configured cppcheck include dirs: $<BUILD_INTERFACE:/home/hollis/cu/5254_final/src/amp_agents/include>
[1.085s] -- Configured cppcheck exclude dirs and/or files: 
[1.085s] -- Added test 'lint_cmake' to check CMake code style
[1.086s] -- Added test 'uncrustify' to check C / C++ code style
[1.086s] -- Configured uncrustify additional arguments: 
[1.087s] -- Added test 'xmllint' to check XML markup files
[1.088s] -- Configuring done
[1.115s] -- Generating done
[1.120s] -- Build files have been written to: /home/hollis/cu/5254_final/build/amp_agents
[1.137s] Invoked command in '/home/hollis/cu/5254_final/build/amp_agents' returned '0': CMAKE_PREFIX_PATH=/home/hollis/cu/5254_final/install/amp_sim:/home/hollis/cu/5254_final/install/amp_msgs:/home/hollis/cu/5254_final/install/amp_viz:/home/hollis/cu/5254_final/install/amp_agents:/opt/ros/humble LD_LIBRARY_PATH=/home/hollis/cu/5254_final/install/amp_msgs/lib:/home/hollis/cu/5254_final/install/amp_viz/lib:/home/hollis/cu/5254_final/install/amp_sim/lib:/opt/ros/humble/opt/rviz_ogre_vendor/lib:/opt/ros/humble/lib/x86_64-linux-gnu:/opt/ros/humble/lib /usr/bin/cmake /home/hollis/cu/5254_final/src/amp_agents -DCMAKE_INSTALL_PREFIX=/home/hollis/cu/5254_final/install/amp_agents
[1.138s] Invoking command in '/home/hollis/cu/5254_final/build/amp_agents': CMAKE_PREFIX_PATH=/home/hollis/cu/5254_final/install/amp_sim:/home/hollis/cu/5254_final/install/amp_msgs:/home/hollis/cu/5254_final/install/amp_viz:/home/hollis/cu/5254_final/install/amp_agents:/opt/ros/humble LD_LIBRARY_PATH=/home/hollis/cu/5254_final/install/amp_msgs/lib:/home/hollis/cu/5254_final/install/amp_viz/lib:/home/hollis/cu/5254_final/install/amp_sim/lib:/opt/ros/humble/opt/rviz_ogre_vendor/lib:/opt/ros/humble/lib/x86_64-linux-gnu:/opt/ros/humble/lib /usr/bin/cmake --build /home/hollis/cu/5254_final/build/amp_agents -- -j24 -l24
[1.186s] [  8%] [32mBuilding CXX object CMakeFiles/collision_checker.dir/src/collision_checker.cpp.o[0m
[1.186s] [ 16%] [32mBuilding CXX object CMakeFiles/tree_visualizer.dir/src/visualize_tree.cpp.o[0m
[1.487s] In file included from [01m[K/home/hollis/cu/5254_final/src/amp_agents/include/amp_agents/visualize_tree.hpp:7[m[K,
[1.487s]                  from [01m[K/home/hollis/cu/5254_final/src/amp_agents/src/visualize_tree.cpp:1[m[K:
[1.487s] [01m[K/home/hollis/cu/5254_final/src/amp_agents/include/amp_agents/propagate_sst.hpp:22:10:[m[K [01;31m[Kfatal error: [m[Kamp_msgs/msg/ideal_path.hpp: No such file or directory
[1.487s]    22 | #include [01;31m[K"amp_msgs/msg/ideal_path.hpp"[m[K
[1.487s]       |          [01;31m[K^~~~~~~~~~~~~~~~~~~~~~~~~~~~~[m[K
[1.487s] compilation terminated.
[1.494s] gmake[2]: *** [CMakeFiles/tree_visualizer.dir/build.make:76: CMakeFiles/tree_visualizer.dir/src/visualize_tree.cpp.o] Error 1
[1.494s] gmake[1]: *** [CMakeFiles/Makefile2:173: CMakeFiles/tree_visualizer.dir/all] Error 2
[1.494s] gmake[1]: *** Waiting for unfinished jobs....
[2.008s] [01m[K/home/hollis/cu/5254_final/src/amp_agents/src/collision_checker.cpp:[m[K In member function â€˜[01m[Kbool RectPrism::checkPrismCollision(RectPrism)[m[Kâ€™:
[2.008s] [01m[K/home/hollis/cu/5254_final/src/amp_agents/src/collision_checker.cpp:185:22:[m[K [01;35m[Kwarning: [m[Kcomparison of integer expressions of different signedness: â€˜[01m[Kint[m[Kâ€™ and â€˜[01m[Kstd::vector<Plane>::size_type[m[Kâ€™ {aka â€˜[01m[Klong unsigned int[m[Kâ€™} [[01;35m[K]8;;https://gcc.gnu.org/onlinedocs/gcc/Warning-Options.html#index-Wsign-compare-Wsign-compare]8;;[m[K]
[2.008s]   185 |     for(int i = 0; [01;35m[Ki < planes.size()[m[K; i++){
[2.008s]       |                    [01;35m[K~~^~~~~~~~~~~~~~~[m[K
[2.008s] [01m[K/home/hollis/cu/5254_final/src/amp_agents/src/collision_checker.cpp:188:26:[m[K [01;35m[Kwarning: [m[Kcomparison of integer expressions of different signedness: â€˜[01m[Kint[m[Kâ€™ and â€˜[01m[Kstd::vector<std::pair<Eigen::Matrix<double, 3, 1>, Eigen::Matrix<double, 3, 1> > >::size_type[m[Kâ€™ {aka â€˜[01m[Klong unsigned int[m[Kâ€™} [[01;35m[K]8;;https://gcc.gnu.org/onlinedocs/gcc/Warning-Options.html#index-Wsign-compare-Wsign-compare]8;;[m[K]
[2.008s]   188 |         for(int j = 0; [01;35m[Kj < segments.size()[m[K; j++){
[2.008s]       |                        [01;35m[K~~^~~~~~~~~~~~~~~~~[m[K
[2.008s] [01m[K/home/hollis/cu/5254_final/src/amp_agents/src/collision_checker.cpp:201:22:[m[K [01;35m[Kwarning: [m[Kcomparison of integer expressions of different signedness: â€˜[01m[Kint[m[Kâ€™ and â€˜[01m[Kstd::vector<Plane>::size_type[m[Kâ€™ {aka â€˜[01m[Klong unsigned int[m[Kâ€™} [[01;35m[K]8;;https://gcc.gnu.org/onlinedocs/gcc/Warning-Options.html#index-Wsign-compare-Wsign-compare]8;;[m[K]
[2.008s]   201 |     for(int i = 0; [01;35m[Ki < planes.size()[m[K; i++){
[2.008s]       |                    [01;35m[K~~^~~~~~~~~~~~~~~[m[K
[2.008s] [01m[K/home/hollis/cu/5254_final/src/amp_agents/src/collision_checker.cpp:204:26:[m[K [01;35m[Kwarning: [m[Kcomparison of integer expressions of different signedness: â€˜[01m[Kint[m[Kâ€™ and â€˜[01m[Kstd::vector<std::pair<Eigen::Matrix<double, 3, 1>, Eigen::Matrix<double, 3, 1> > >::size_type[m[Kâ€™ {aka â€˜[01m[Klong unsigned int[m[Kâ€™} [[01;35m[K]8;;https://gcc.gnu.org/onlinedocs/gcc/Warning-Options.html#index-Wsign-compare-Wsign-compare]8;;[m[K]
[2.008s]   204 |         for(int j = 0; [01;35m[Kj < segments.size()[m[K; j++){
[2.008s]       |                        [01;35m[K~~^~~~~~~~~~~~~~~~~[m[K
[2.008s] [01m[K/home/hollis/cu/5254_final/src/amp_agents/src/collision_checker.cpp:[m[K In member function â€˜[01m[Kbool RectPrism::checkPrismsCollision(std::vector<RectPrism>)[m[Kâ€™:
[2.008s] [01m[K/home/hollis/cu/5254_final/src/amp_agents/src/collision_checker.cpp:222:22:[m[K [01;35m[Kwarning: [m[Kcomparison of integer expressions of different signedness: â€˜[01m[Kint[m[Kâ€™ and â€˜[01m[Kstd::vector<RectPrism>::size_type[m[Kâ€™ {aka â€˜[01m[Klong unsigned int[m[Kâ€™} [[01;35m[K]8;;https://gcc.gnu.org/onlinedocs/gcc/Warning-Options.html#index-Wsign-compare-Wsign-compare]8;;[m[K]
[2.008s]   222 |     for(int i = 0; [01;35m[Ki < prisms.size()[m[K; i++){
[2.008s]       |                    [01;35m[K~~^~~~~~~~~~~~~~~[m[K
[3.117s] [ 25%] [32m[1mLinking CXX static library libcollision_checker.a[0m
[3.166s] [ 25%] Built target collision_checker
[3.168s] gmake: *** [Makefile:146: all] Error 2
[3.170s] Invoked command in '/home/hollis/cu/5254_final/build/amp_agents' returned '2': CMAKE_PREFIX_PATH=/home/hollis/cu/5254_final/install/amp_sim:/home/hollis/cu/5254_final/install/amp_msgs:/home/hollis/cu/5254_final/install/amp_viz:/home/hollis/cu/5254_final/install/amp_agents:/opt/ros/humble LD_LIBRARY_PATH=/home/hollis/cu/5254_final/install/amp_msgs/lib:/home/hollis/cu/5254_final/install/amp_viz/lib:/home/hollis/cu/5254_final/install/amp_sim/lib:/opt/ros/humble/opt/rviz_ogre_vendor/lib:/opt/ros/humble/lib/x86_64-linux-gnu:/opt/ros/humble/lib /usr/bin/cmake --build /home/hollis/cu/5254_final/build/amp_agents -- -j24 -l24
