[0.004s] Invoking command in '/home/hollis/cu/5254_final/build/amp_sim': CMAKE_PREFIX_PATH=/home/hollis/cu/5254_final/install/amp_msgs:/home/hollis/cu/5254_final/install/amp_viz:/home/hollis/cu/5254_final/install/amp_sim:/opt/ros/humble LD_LIBRARY_PATH=/home/hollis/cu/5254_final/install/amp_msgs/lib:/home/hollis/cu/5254_final/install/amp_viz/lib:/opt/ros/humble/opt/rviz_ogre_vendor/lib:/opt/ros/humble/lib/x86_64-linux-gnu:/opt/ros/humble/lib /usr/bin/cmake --build /home/hollis/cu/5254_final/build/amp_sim -- -j24 -l24
[0.046s] [ 16%] [32mBuilding CXX object CMakeFiles/dynamic_object.dir/src/dynamic_object.cpp.o[0m
[0.591s] [01m[K/home/hollis/cu/5254_final/src/amp_sim/src/dynamic_object.cpp:[m[K In constructor â€˜[01m[KDynamicObject::DynamicObject(double, std::vector<int>, std::string, bool)[m[Kâ€™:
[0.591s] [01m[K/home/hollis/cu/5254_final/src/amp_sim/src/dynamic_object.cpp:15:22:[m[K [01;35m[Kwarning: [m[Kcomparison of integer expressions of different signedness: â€˜[01m[Kint[m[Kâ€™ and â€˜[01m[Kstd::vector<int>::size_type[m[Kâ€™ {aka â€˜[01m[Klong unsigned int[m[Kâ€™} [[01;35m[K]8;;https://gcc.gnu.org/onlinedocs/gcc/Warning-Options.html#index-Wsign-compare-Wsign-compare]8;;[m[K]
[0.591s]    15 |     for(int i = 0; [01;35m[Ki < lockedStates.size()[m[K; i++){
[0.592s]       |                    [01;35m[K~~^~~~~~~~~~~~~~~~~~~~~[m[K
[0.734s] [01m[K/home/hollis/cu/5254_final/src/amp_sim/src/dynamic_object.cpp:[m[K In member function â€˜[01m[Kvirtual M12d DynamicObject::getAMatrix(V12d)[m[Kâ€™:
[0.734s] [01m[K/home/hollis/cu/5254_final/src/amp_sim/src/dynamic_object.cpp:93:37:[m[K [01;35m[Kwarning: [m[Kunused parameter â€˜[01m[Kcurrent_state[m[Kâ€™ [[01;35m[K]8;;https://gcc.gnu.org/onlinedocs/gcc/Warning-Options.html#index-Wunused-parameter-Wunused-parameter]8;;[m[K]
[0.734s]    93 | M12d DynamicObject::getAMatrix([01;35m[KV12d current_state[m[K){
[0.734s]       |                                [01;35m[K~~~~~^~~~~~~~~~~~~[m[K
[0.734s] [01m[K/home/hollis/cu/5254_final/src/amp_sim/src/dynamic_object.cpp:[m[K In member function â€˜[01m[Kvirtual M12d DynamicObject::getBMatrix(V12d)[m[Kâ€™:
[0.734s] [01m[K/home/hollis/cu/5254_final/src/amp_sim/src/dynamic_object.cpp:109:37:[m[K [01;35m[Kwarning: [m[Kunused parameter â€˜[01m[Kcurrent_state[m[Kâ€™ [[01;35m[K]8;;https://gcc.gnu.org/onlinedocs/gcc/Warning-Options.html#index-Wunused-parameter-Wunused-parameter]8;;[m[K]
[0.734s]   109 | M12d DynamicObject::getBMatrix([01;35m[KV12d current_state[m[K){
[0.734s]       |                                [01;35m[K~~~~~^~~~~~~~~~~~~[m[K
[1.493s] [ 33%] [32m[1mLinking CXX static library libdynamic_object.a[0m
[1.530s] [ 33%] Built target dynamic_object
[1.545s] [ 50%] [32mBuilding CXX object CMakeFiles/dynamic_ball.dir/src/dynamic_ball.cpp.o[0m
[2.069s] In file included from [01m[K/home/hollis/cu/5254_final/src/amp_sim/src/dynamic_ball.cpp:1[m[K:
[2.069s] [01m[K/home/hollis/cu/5254_final/src/amp_sim/include/amp_sim/dynamic_ball.hpp:18:9:[m[K [01;31m[Kerror: [m[Kdeclaration of â€˜[01m[K~DynamicObject[m[Kâ€™ as member of â€˜[01m[KDynamicBall[m[Kâ€™
[2.069s]    18 |         [01;31m[K~[m[KDynamicObject(){}
[2.069s]       |         [01;31m[K^[m[K
[2.085s] [01m[K/home/hollis/cu/5254_final/src/amp_sim/src/dynamic_ball.cpp:[m[K In member function â€˜[01m[Kvirtual M12d DynamicBall::getAMatrix(V12d)[m[Kâ€™:
[2.085s] [01m[K/home/hollis/cu/5254_final/src/amp_sim/src/dynamic_ball.cpp:8:35:[m[K [01;35m[Kwarning: [m[Kunused parameter â€˜[01m[Kcurrent_state[m[Kâ€™ [[01;35m[K]8;;https://gcc.gnu.org/onlinedocs/gcc/Warning-Options.html#index-Wunused-parameter-Wunused-parameter]8;;[m[K]
[2.085s]     8 | M12d DynamicBall::getAMatrix([01;35m[KV12d current_state[m[K) {
[2.085s]       |                              [01;35m[K~~~~~^~~~~~~~~~~~~[m[K
[2.085s] [01m[K/home/hollis/cu/5254_final/src/amp_sim/src/dynamic_ball.cpp:[m[K In member function â€˜[01m[Kvirtual M12d DynamicBall::getBMatrix(V12d)[m[Kâ€™:
[2.085s] [01m[K/home/hollis/cu/5254_final/src/amp_sim/src/dynamic_ball.cpp:31:35:[m[K [01;35m[Kwarning: [m[Kunused parameter â€˜[01m[Kcurrent_state[m[Kâ€™ [[01;35m[K]8;;https://gcc.gnu.org/onlinedocs/gcc/Warning-Options.html#index-Wunused-parameter-Wunused-parameter]8;;[m[K]
[2.085s]    31 | M12d DynamicBall::getBMatrix([01;35m[KV12d current_state[m[K) {
[2.085s]       |                              [01;35m[K~~~~~^~~~~~~~~~~~~[m[K
[2.159s] gmake[2]: *** [CMakeFiles/dynamic_ball.dir/build.make:76: CMakeFiles/dynamic_ball.dir/src/dynamic_ball.cpp.o] Error 1
[2.164s] gmake[1]: *** [CMakeFiles/Makefile2:167: CMakeFiles/dynamic_ball.dir/all] Error 2
[2.164s] gmake: *** [Makefile:146: all] Error 2
[2.166s] Invoked command in '/home/hollis/cu/5254_final/build/amp_sim' returned '2': CMAKE_PREFIX_PATH=/home/hollis/cu/5254_final/install/amp_msgs:/home/hollis/cu/5254_final/install/amp_viz:/home/hollis/cu/5254_final/install/amp_sim:/opt/ros/humble LD_LIBRARY_PATH=/home/hollis/cu/5254_final/install/amp_msgs/lib:/home/hollis/cu/5254_final/install/amp_viz/lib:/opt/ros/humble/opt/rviz_ogre_vendor/lib:/opt/ros/humble/lib/x86_64-linux-gnu:/opt/ros/humble/lib /usr/bin/cmake --build /home/hollis/cu/5254_final/build/amp_sim -- -j24 -l24
