[0.005s] Invoking command in '/home/hollis/cu/5254_final/build/amp_viz': CMAKE_PREFIX_PATH=/home/hollis/cu/5254_final/install/amp_sim:/home/hollis/cu/5254_final/install/amp_viz:/opt/ros/humble /usr/bin/cmake --build /home/hollis/cu/5254_final/build/amp_viz -- -j24 -l24
[0.030s] [ 16%] [34m[1mAutomatic MOC and UIC for target template_panel[0m
[0.042s] [ 16%] Built target template_panel_autogen
[0.047s] [ 33%] [34m[1mGenerating include/amp_viz/moc_template_panel.cpp[0m
[0.054s] [35m[1mConsolidate compiler generated dependencies of target template_panel[0m
[0.061s] [ 66%] [32mBuilding CXX object CMakeFiles/template_panel.dir/include/amp_viz/moc_template_panel.cpp.o[0m
[0.061s] [ 66%] [32mBuilding CXX object CMakeFiles/template_panel.dir/src/template_panel.cpp.o[0m
[0.532s] [01m[K/home/hollis/cu/5254_final/src/amp_viz/src/template_panel.cpp:[m[K In constructor â€˜[01m[KTemplatePanel::TemplatePanel(QWidget*)[m[Kâ€™:
[0.532s] [01m[K/home/hollis/cu/5254_final/src/amp_viz/src/template_panel.cpp:4:71:[m[K [01;31m[Kerror: [m[Kâ€˜[01m[Kui[m[Kâ€™ does not name a type; did you mean â€˜[01m[Kuint[m[Kâ€™?
[0.532s]     4 | nel::TemplatePanel(QWidget* parent) : Panel(parent), ui(new [01;31m[Kui[m[K::Template_Panel){
[0.532s]       |                                                             [01;31m[K^~[m[K
[0.532s]       |                                                             [32m[Kuint[m[K
[0.532s] [01m[K/home/hollis/cu/5254_final/src/amp_viz/src/template_panel.cpp:5:8:[m[K [01;31m[Kerror: [m[Krequest for member â€˜[01m[KsetupUi[m[Kâ€™ in â€˜[01m[K((TemplatePanel*)this)->TemplatePanel::ui[m[Kâ€™, which is of pointer type â€˜[01m[KUi::Template_Panel*[m[Kâ€™ (maybe you meant to use â€˜[01m[K->[m[Kâ€™ ?)
[0.532s]     5 |     ui.[01;31m[KsetupUi[m[K(Panel);
[0.532s]       |        [01;31m[K^~~~~~~[m[K
[0.532s] [01m[K/home/hollis/cu/5254_final/src/amp_viz/src/template_panel.cpp:5:21:[m[K [01;31m[Kerror: [m[Kexpected primary-expression before â€˜[01m[K)[m[Kâ€™ token
[0.532s]     5 |     ui.setupUi(Panel[01;31m[K)[m[K;
[0.532s]       |                     [01;31m[K^[m[K
[0.622s] gmake[2]: *** [CMakeFiles/template_panel.dir/build.make:94: CMakeFiles/template_panel.dir/src/template_panel.cpp.o] Error 1
[0.622s] gmake[1]: *** [CMakeFiles/Makefile2:138: CMakeFiles/template_panel.dir/all] Error 2
[0.622s] gmake: *** [Makefile:146: all] Error 2
[0.624s] Invoked command in '/home/hollis/cu/5254_final/build/amp_viz' returned '2': CMAKE_PREFIX_PATH=/home/hollis/cu/5254_final/install/amp_sim:/home/hollis/cu/5254_final/install/amp_viz:/opt/ros/humble /usr/bin/cmake --build /home/hollis/cu/5254_final/build/amp_viz -- -j24 -l24
