[ 16%] [34m[1mAutomatic MOC and UIC for target template_panel[0m
[ 16%] Built target template_panel_autogen
[ 33%] [34m[1mGenerating include/amp_viz/moc_template_panel.cpp[0m
[35m[1mConsolidate compiler generated dependencies of target template_panel[0m
[ 50%] [32mBuilding CXX object CMakeFiles/template_panel.dir/src/template_panel.cpp.o[0m
[ 66%] [32mBuilding CXX object CMakeFiles/template_panel.dir/include/amp_viz/moc_template_panel.cpp.o[0m
In file included from [01m[K/home/hollis/cu/5254_final/build/amp_viz/include/amp_viz/moc_template_panel.cpp:10[m[K:
[01m[K/home/hollis/cu/5254_final/build/amp_viz/include/amp_viz/../../../../src/amp_viz/include/amp_viz/template_panel.hpp:12:9:[m[K [01;31m[Kerror: [m[Kâ€˜[01m[KUi[m[Kâ€™ does not name a type
   12 |         [01;31m[KUi[m[K::Template_Panel *ui;
      |         [01;31m[K^~[m[K
In file included from [01m[K/home/hollis/cu/5254_final/src/amp_viz/src/template_panel.cpp:1[m[K:
[01m[K/home/hollis/cu/5254_final/src/amp_viz/include/amp_viz/template_panel.hpp:12:9:[m[K [01;31m[Kerror: [m[Kâ€˜[01m[KUi[m[Kâ€™ does not name a type
   12 |         [01;31m[KUi[m[K::Template_Panel *ui;
      |         [01;31m[K^~[m[K
[01m[K/home/hollis/cu/5254_final/src/amp_viz/src/template_panel.cpp:[m[K In constructor â€˜[01m[KTemplatePanel::TemplatePanel(QWidget*)[m[Kâ€™:
[01m[K/home/hollis/cu/5254_final/src/amp_viz/src/template_panel.cpp:4:64:[m[K [01;31m[Kerror: [m[Kclass â€˜[01m[KTemplatePanel[m[Kâ€™ does not have any field named â€˜[01m[Kui[m[Kâ€™
    4 | platePanel::TemplatePanel(QWidget* parent) : Panel(parent), [01;31m[Kui[m[K(new ui::Template_Panel){
      |                                                             [01;31m[K^~[m[K

[01m[K/home/hollis/cu/5254_final/src/amp_viz/src/template_panel.cpp:4:71:[m[K [01;31m[Kerror: [m[Kâ€˜[01m[Kui[m[Kâ€™ does not name a type; did you mean â€˜[01m[Kuint[m[Kâ€™?
    4 | nel::TemplatePanel(QWidget* parent) : Panel(parent), ui(new [01;31m[Kui[m[K::Template_Panel){
      |                                                             [01;31m[K^~[m[K
      |                                                             [32m[Kuint[m[K
[01m[K/home/hollis/cu/5254_final/src/amp_viz/src/template_panel.cpp:5:5:[m[K [01;31m[Kerror: [m[Kâ€˜[01m[Kui[m[Kâ€™ was not declared in this scope; did you mean â€˜[01m[KUi[m[Kâ€™?
    5 |     [01;31m[Kui[m[K.setupUi(Panel);
      |     [01;31m[K^~[m[K
      |     [32m[KUi[m[K
[01m[K/home/hollis/cu/5254_final/src/amp_viz/src/template_panel.cpp:5:21:[m[K [01;31m[Kerror: [m[Kexpected primary-expression before â€˜[01m[K)[m[Kâ€™ token
    5 |     ui.setupUi(Panel[01;31m[K)[m[K;
      |                     [01;31m[K^[m[K
gmake[2]: *** [CMakeFiles/template_panel.dir/build.make:108: CMakeFiles/template_panel.dir/include/amp_viz/moc_template_panel.cpp.o] Error 1
gmake[2]: *** Waiting for unfinished jobs....
gmake[2]: *** [CMakeFiles/template_panel.dir/build.make:94: CMakeFiles/template_panel.dir/src/template_panel.cpp.o] Error 1
gmake[1]: *** [CMakeFiles/Makefile2:138: CMakeFiles/template_panel.dir/all] Error 2
gmake: *** [Makefile:146: all] Error 2
