[0.013s] Invoking command in '/home/hollis/cu/5254_final/build/amp_viz': CMAKE_PREFIX_PATH=/home/hollis/cu/5254_final/install/amp_sim:/home/hollis/cu/5254_final/install/amp_viz:/opt/ros/humble /usr/bin/cmake --build /home/hollis/cu/5254_final/build/amp_viz -- -j24 -l24
[0.056s] [ 16%] [34m[1mAutomatic MOC and UIC for target template_panel[0m
[0.074s] [ 16%] Built target template_panel_autogen
[0.084s] [35m[1mConsolidate compiler generated dependencies of target template_panel[0m
[0.098s] [ 33%] [32mBuilding CXX object CMakeFiles/template_panel.dir/src/template_panel.cpp.o[0m
[1.811s] [01m[K/home/hollis/cu/5254_final/src/amp_viz/src/template_panel.cpp:[m[K In member function â€˜[01m[Kvirtual void TemplatePanel::onInitialize()[m[Kâ€™:
[1.811s] [01m[K/home/hollis/cu/5254_final/src/amp_viz/src/template_panel.cpp:16:36:[m[K [01;31m[Kerror: [m[Kinvalid use of incomplete type â€˜[01m[Kclass rviz_common::DisplayContext[m[Kâ€™
[1.811s]    16 |     node_ptr_ = getDisplayContext()[01;31m[K->[m[KgetRosNodeAbstraction().lock();
[1.811s]       |                                    [01;31m[K^~[m[K
[1.811s] In file included from [01m[K/home/hollis/cu/5254_final/src/amp_viz/include/amp_viz/template_panel.hpp:3[m[K,
[1.811s]                  from [01m[K/home/hollis/cu/5254_final/src/amp_viz/src/template_panel.cpp:1[m[K:
[1.811s] [01m[K/opt/ros/humble/include/rviz_common/rviz_common/panel.hpp:42:7:[m[K [01;36m[Knote: [m[Kforward declaration of â€˜[01m[Kclass rviz_common::DisplayContext[m[Kâ€™
[1.811s]    42 | class [01;36m[KDisplayContext[m[K;
[1.811s]       |       [01;36m[K^~~~~~~~~~~~~~[m[K
[2.375s] gmake[2]: *** [CMakeFiles/template_panel.dir/build.make:94: CMakeFiles/template_panel.dir/src/template_panel.cpp.o] Error 1
[2.375s] gmake[1]: *** [CMakeFiles/Makefile2:138: CMakeFiles/template_panel.dir/all] Error 2
[2.377s] gmake: *** [Makefile:146: all] Error 2
[2.379s] Invoked command in '/home/hollis/cu/5254_final/build/amp_viz' returned '2': CMAKE_PREFIX_PATH=/home/hollis/cu/5254_final/install/amp_sim:/home/hollis/cu/5254_final/install/amp_viz:/opt/ros/humble /usr/bin/cmake --build /home/hollis/cu/5254_final/build/amp_viz -- -j24 -l24
