[01m[K/home/hollis/cu/5254_final/src/amp_sim/src/run_sim.cpp:[m[K In member function â€˜[01m[Kvoid SimNode::tic_cb()[m[Kâ€™:
[01m[K/home/hollis/cu/5254_final/src/amp_sim/src/run_sim.cpp:67:30:[m[K [01;35m[Kwarning: [m[Kcomparison of integer expressions of different signedness: â€˜[01m[Kint[m[Kâ€™ and â€˜[01m[Kstd::vector<std::_List_iterator<DynamicObject*> >::size_type[m[Kâ€™ {aka â€˜[01m[Klong unsigned int[m[Kâ€™} [[01;35m[K]8;;https://gcc.gnu.org/onlinedocs/gcc/Warning-Options.html#index-Wsign-compare-Wsign-compare]8;;[m[K]
   67 |             for(int i = 0; [01;35m[Ki < to_erase.size()[m[K; i++){
      |                            [01;35m[K~~^~~~~~~~~~~~~~~~~[m[K
[01m[K/home/hollis/cu/5254_final/src/amp_sim/src/run_sim.cpp:[m[K In member function â€˜[01m[Kvoid SimNode::launch_ball_cb(amp_msgs::msg::LaunchBall)[m[Kâ€™:
[01m[K/home/hollis/cu/5254_final/src/amp_sim/src/run_sim.cpp:94:55:[m[K [01;31m[Kerror: [m[Kâ€˜[01m[Kball_damping[m[Kâ€™ was not declared in this scope
   94 |             dynamic_objects.push_back(new DynamicBall([01;31m[Kball_damping[m[K, 1, "ball_1", empty));
      |                                                       [01;31m[K^~~~~~~~~~~~[m[K
[01m[K/home/hollis/cu/5254_final/src/amp_sim/src/run_sim.cpp:95:29:[m[K [01;31m[Kerror: [m[Kâ€˜[01m[Kclass std::__cxx11::list<DynamicObject*>[m[Kâ€™ has no member named â€˜[01m[Kstate[m[Kâ€™
   95 |             dynamic_objects.[01;31m[Kstate[m[K[7] = launch_vector(0);
      |                             [01;31m[K^~~~~[m[K
[01m[K/home/hollis/cu/5254_final/src/amp_sim/src/run_sim.cpp:96:29:[m[K [01;31m[Kerror: [m[Kâ€˜[01m[Kclass std::__cxx11::list<DynamicObject*>[m[Kâ€™ has no member named â€˜[01m[Kstate[m[Kâ€™
   96 |             dynamic_objects.[01;31m[Kstate[m[K[8] = launch_vector(1);
      |                             [01;31m[K^~~~~[m[K
[01m[K/home/hollis/cu/5254_final/src/amp_sim/src/run_sim.cpp:97:29:[m[K [01;31m[Kerror: [m[Kâ€˜[01m[Kclass std::__cxx11::list<DynamicObject*>[m[Kâ€™ has no member named â€˜[01m[Kstate[m[Kâ€™
   97 |             dynamic_objects.[01;31m[Kstate[m[K[9] = launch_vector(2);
      |                             [01;31m[K^~~~~[m[K
gmake[2]: *** [CMakeFiles/sim_node.dir/build.make:76: CMakeFiles/sim_node.dir/src/run_sim.cpp.o] Error 1
gmake[1]: *** [CMakeFiles/Makefile2:194: CMakeFiles/sim_node.dir/all] Error 2
gmake: *** [Makefile:146: all] Error 2
