[0.008s] Invoking command in '/home/hollis/cu/5254_final/build/amp_viz': CMAKE_PREFIX_PATH=/home/hollis/cu/5254_final/install/amp_sim:/home/hollis/cu/5254_final/install/amp_viz:/opt/ros/humble /usr/bin/cmake --build /home/hollis/cu/5254_final/build/amp_viz -- -j24 -l24
[0.049s] [ 16%] [34m[1mAutomatic MOC and UIC for target template_panel[0m
[0.059s] [ 16%] Built target template_panel_autogen
[0.069s] [35m[1mConsolidate compiler generated dependencies of target template_panel[0m
[0.077s] [ 50%] [32mBuilding CXX object CMakeFiles/template_panel.dir/include/amp_viz/moc_template_panel.cpp.o[0m
[0.077s] [ 50%] [32mBuilding CXX object CMakeFiles/template_panel.dir/src/template_panel.cpp.o[0m
[0.682s] In file included from [01m[K/home/hollis/cu/5254_final/build/amp_viz/include/amp_viz/moc_template_panel.cpp:10[m[K:
[0.682s] [01m[K/home/hollis/cu/5254_final/build/amp_viz/include/amp_viz/../../../../src/amp_viz/include/amp_viz/template_panel.hpp:18:36:[m[K [01;31m[Kerror: [m[Kâ€˜[01m[Kros_integration[m[Kâ€™ is not a member of â€˜[01m[Krviz_common[m[Kâ€™
[0.682s]    18 |       std::shared_ptr<rviz_common::[01;31m[Kros_integration[m[K::RosNodeAbstractionIface> node_ptr_;
[0.682s]       |                                    [01;31m[K^~~~~~~~~~~~~~~[m[K
[0.682s] [01m[K/home/hollis/cu/5254_final/build/amp_viz/include/amp_viz/../../../../src/amp_viz/include/amp_viz/template_panel.hpp:18:76:[m[K [01;31m[Kerror: [m[Ktemplate argument 1 is invalid
[0.682s]    18 |       std::shared_ptr<rviz_common::ros_integration::RosNodeAbstractionIface[01;31m[K>[m[K node_ptr_;
[0.682s]       |                                                                            [01;31m[K^[m[K
[0.684s] [01m[K/home/hollis/cu/5254_final/build/amp_viz/include/amp_viz/../../../../src/amp_viz/include/amp_viz/template_panel.hpp:20:7:[m[K [01;31m[Kerror: [m[Kâ€˜[01m[Krclcpp[m[Kâ€™ does not name a type
[0.684s]    20 |       [01;31m[Krclcpp[m[K::Node::SharedPtr getRosNode();
[0.684s]       |       [01;31m[K^~~~~~[m[K
[0.687s] In file included from [01m[K/home/hollis/cu/5254_final/src/amp_viz/src/template_panel.cpp:1[m[K:
[0.687s] [01m[K/home/hollis/cu/5254_final/src/amp_viz/include/amp_viz/template_panel.hpp:18:36:[m[K [01;31m[Kerror: [m[Kâ€˜[01m[Kros_integration[m[Kâ€™ is not a member of â€˜[01m[Krviz_common[m[Kâ€™
[0.687s]    18 |       std::shared_ptr<rviz_common::[01;31m[Kros_integration[m[K::RosNodeAbstractionIface> node_ptr_;
[0.688s]       |                                    [01;31m[K^~~~~~~~~~~~~~~[m[K
[0.688s] [01m[K/home/hollis/cu/5254_final/src/amp_viz/include/amp_viz/template_panel.hpp:18:76:[m[K [01;31m[Kerror: [m[Ktemplate argument 1 is invalid
[0.688s]    18 |       std::shared_ptr<rviz_common::ros_integration::RosNodeAbstractionIface[01;31m[K>[m[K node_ptr_;
[0.688s]       |                                                                            [01;31m[K^[m[K
[0.691s] [01m[K/home/hollis/cu/5254_final/src/amp_viz/include/amp_viz/template_panel.hpp:20:7:[m[K [01;31m[Kerror: [m[Kâ€˜[01m[Krclcpp[m[Kâ€™ does not name a type
[0.691s]    20 |       [01;31m[Krclcpp[m[K::Node::SharedPtr getRosNode();
[0.691s]       |       [01;31m[K^~~~~~[m[K
[0.691s] [01m[K/home/hollis/cu/5254_final/src/amp_viz/src/template_panel.cpp:[m[K In member function â€˜[01m[Kvirtual void TemplatePanel::onInitialize()[m[Kâ€™:
[0.691s] [01m[K/home/hollis/cu/5254_final/src/amp_viz/src/template_panel.cpp:16:36:[m[K [01;31m[Kerror: [m[Kinvalid use of incomplete type â€˜[01m[Kclass rviz_common::DisplayContext[m[Kâ€™
[0.691s]    16 |     node_ptr_ = getDisplayContext()[01;31m[K->[m[KgetRosNodeAbstraction().lock();
[0.691s]       |                                    [01;31m[K^~[m[K
[0.691s] In file included from [01m[K/home/hollis/cu/5254_final/src/amp_viz/include/amp_viz/template_panel.hpp:3[m[K,
[0.691s]                  from [01m[K/home/hollis/cu/5254_final/src/amp_viz/src/template_panel.cpp:1[m[K:
[0.691s] [01m[K/opt/ros/humble/include/rviz_common/rviz_common/panel.hpp:42:7:[m[K [01;36m[Knote: [m[Kforward declaration of â€˜[01m[Kclass rviz_common::DisplayContext[m[Kâ€™
[0.692s]    42 | class [01;36m[KDisplayContext[m[K;
[0.692s]       |       [01;36m[K^~~~~~~~~~~~~~[m[K
[0.692s] [01m[K/home/hollis/cu/5254_final/src/amp_viz/src/template_panel.cpp:20:5:[m[K [01;31m[Kerror: [m[Kâ€˜[01m[Krclcpp[m[Kâ€™ has not been declared
[0.692s]    20 |     [01;31m[Krclcpp[m[K::Node::SharedPtr node = getRosNode();
[0.692s]       |     [01;31m[K^~~~~~[m[K
[0.692s] [01m[K/home/hollis/cu/5254_final/src/amp_viz/src/template_panel.cpp:[m[K At global scope:
[0.692s] [01m[K/home/hollis/cu/5254_final/src/amp_viz/src/template_panel.cpp:31:1:[m[K [01;31m[Kerror: [m[Kâ€˜[01m[Krclcpp[m[Kâ€™ does not name a type
[0.692s]    31 | [01;31m[Krclcpp[m[K::Node::SharedPtr TemplatePanel::getRosNode(){
[0.692s]       | [01;31m[K^~~~~~[m[K
[0.777s] gmake[2]: *** [CMakeFiles/template_panel.dir/build.make:108: CMakeFiles/template_panel.dir/include/amp_viz/moc_template_panel.cpp.o] Error 1
[0.777s] gmake[2]: *** Waiting for unfinished jobs....
[0.814s] gmake[2]: *** [CMakeFiles/template_panel.dir/build.make:94: CMakeFiles/template_panel.dir/src/template_panel.cpp.o] Error 1
[0.815s] gmake[1]: *** [CMakeFiles/Makefile2:138: CMakeFiles/template_panel.dir/all] Error 2
[0.815s] gmake: *** [Makefile:146: all] Error 2
[0.817s] Invoked command in '/home/hollis/cu/5254_final/build/amp_viz' returned '2': CMAKE_PREFIX_PATH=/home/hollis/cu/5254_final/install/amp_sim:/home/hollis/cu/5254_final/install/amp_viz:/opt/ros/humble /usr/bin/cmake --build /home/hollis/cu/5254_final/build/amp_viz -- -j24 -l24
