[0.006s] Invoking command in '/home/hollis/cu/5254_final/build/amp_agents': CMAKE_PREFIX_PATH=/home/hollis/cu/5254_final/install/amp_sim:/home/hollis/cu/5254_final/install/amp_msgs:/home/hollis/cu/5254_final/install/amp_viz:/home/hollis/cu/5254_final/install/amp_agents:/opt/ros/humble LD_LIBRARY_PATH=/home/hollis/cu/5254_final/install/amp_msgs/lib:/home/hollis/cu/5254_final/install/amp_viz/lib:/home/hollis/cu/5254_final/install/amp_sim/lib:/opt/ros/humble/opt/rviz_ogre_vendor/lib:/opt/ros/humble/lib/x86_64-linux-gnu:/opt/ros/humble/lib /usr/bin/cmake --build /home/hollis/cu/5254_final/build/amp_agents -- -j24 -l24
[0.038s] [ 16%] Built target collision_checker
[0.043s] [ 33%] Built target tree_visualizer
[0.048s] [35m[1mConsolidate compiler generated dependencies of target sst_tree[0m
[0.059s] [ 41%] [32mBuilding CXX object CMakeFiles/sst_tree.dir/src/propagate_sst.cpp.o[0m
[1.410s] [01m[K/home/hollis/cu/5254_final/src/amp_agents/src/propagate_sst.cpp:[m[K In member function â€˜[01m[Kbool SstTree::parse_line(std::string)[m[Kâ€™:
[1.410s] [01m[K/home/hollis/cu/5254_final/src/amp_agents/src/propagate_sst.cpp:74:30:[m[K [01;35m[Kwarning: [m[Kcomparison of integer expressions of different signedness: â€˜[01m[Kint[m[Kâ€™ and â€˜[01m[Kstd::vector<int>::size_type[m[Kâ€™ {aka â€˜[01m[Klong unsigned int[m[Kâ€™} [[01;35m[K]8;;https://gcc.gnu.org/onlinedocs/gcc/Warning-Options.html#index-Wsign-compare-Wsign-compare]8;;[m[K]
[1.410s]    74 |             for(int i = 0; [01;35m[Ki < top_level_nodes.size()[m[K; i++){
[1.410s]       |                            [01;35m[K~~^~~~~~~~~~~~~~~~~~~~~~~~[m[K
[1.412s] [01m[K/home/hollis/cu/5254_final/src/amp_agents/src/propagate_sst.cpp:33:9:[m[K [01;35m[Kwarning: [m[Kvariable â€˜[01m[Kn[m[Kâ€™ set but not used [[01;35m[K]8;;https://gcc.gnu.org/onlinedocs/gcc/Warning-Options.html#index-Wunused-but-set-variable-Wunused-but-set-variable]8;;[m[K]
[1.412s]    33 |     int [01;35m[Kn[m[K = 0;
[1.412s]       |         [01;35m[K^[m[K
[1.421s] [01m[K/home/hollis/cu/5254_final/src/amp_agents/src/propagate_sst.cpp:[m[K In member function â€˜[01m[KV12d SstTree::generate_random_controls()[m[Kâ€™:
[1.421s] [01m[K/home/hollis/cu/5254_final/src/amp_agents/src/propagate_sst.cpp:278:22:[m[K [01;35m[Kwarning: [m[Kcomparison of integer expressions of different signedness: â€˜[01m[Kint[m[Kâ€™ and â€˜[01m[Kstd::vector<std::pair<double, double> >::size_type[m[Kâ€™ {aka â€˜[01m[Klong unsigned int[m[Kâ€™} [[01;35m[K]8;;https://gcc.gnu.org/onlinedocs/gcc/Warning-Options.html#index-Wsign-compare-Wsign-compare]8;;[m[K]
[1.421s]   278 |     for(int i = 0; [01;35m[Ki < env->control_limits.size()[m[K; i++){
[1.421s]       |                    [01;35m[K~~^~~~~~~~~~~~~~~~~~~~~~~~~~~~[m[K
[1.423s] [01m[K/home/hollis/cu/5254_final/src/amp_agents/src/propagate_sst.cpp:[m[K In constructor â€˜[01m[KSstPath::SstPath(SstNode, DynamicObject*, bool)[m[Kâ€™:
[1.424s] [01m[K/home/hollis/cu/5254_final/src/amp_agents/src/propagate_sst.cpp:458:22:[m[K [01;35m[Kwarning: [m[Kcomparison of integer expressions of different signedness: â€˜[01m[Kint[m[Kâ€™ and â€˜[01m[Kstd::vector<std::pair<double, Eigen::Matrix<double, 13, 1> > >::size_type[m[Kâ€™ {aka â€˜[01m[Klong unsigned int[m[Kâ€™} [[01;35m[K]8;;https://gcc.gnu.org/onlinedocs/gcc/Warning-Options.html#index-Wsign-compare-Wsign-compare]8;;[m[K]
[1.424s]   458 |     for(int i = 0; [01;35m[Ki < states.size()[m[K; i++){
[1.424s]       |                    [01;35m[K~~^~~~~~~~~~~~~~~[m[K
[1.424s] [01m[K/home/hollis/cu/5254_final/src/amp_agents/src/propagate_sst.cpp:464:22:[m[K [01;35m[Kwarning: [m[Kcomparison of integer expressions of different signedness: â€˜[01m[Kint[m[Kâ€™ and â€˜[01m[Kstd::vector<Eigen::Matrix<double, 12, 1> >::size_type[m[Kâ€™ {aka â€˜[01m[Klong unsigned int[m[Kâ€™} [[01;35m[K]8;;https://gcc.gnu.org/onlinedocs/gcc/Warning-Options.html#index-Wsign-compare-Wsign-compare]8;;[m[K]
[1.424s]   464 |     for(int i = 0; [01;35m[Ki < controls.size()[m[K; i++){
[1.424s]       |                    [01;35m[K~~^~~~~~~~~~~~~~~~~[m[K
[1.424s] [01m[K/home/hollis/cu/5254_final/src/amp_agents/src/propagate_sst.cpp:[m[K In member function â€˜[01m[Kvoid SstPath::create_forward_path(SstNode)[m[Kâ€™:
[1.424s] [01m[K/home/hollis/cu/5254_final/src/amp_agents/src/propagate_sst.cpp:477:5:[m[K [01;31m[Kerror: [m[Kexpected primary-expression before â€˜[01m[Kif[m[Kâ€™
[1.424s]   477 |     [01;31m[Kif[m[K(current->parent == nullptr || current == nullptr){
[1.424s]       |     [01;31m[K^~[m[K
[1.424s] [01m[K/home/hollis/cu/5254_final/src/amp_agents/src/propagate_sst.cpp:475:11:[m[K [01;31m[Kerror: [m[Kexpected â€˜[01m[K;[m[Kâ€™ before â€˜[01m[Kif[m[Kâ€™
[1.424s]   475 |     return
[1.424s]       |           [01;31m[K^[m[K
[1.424s]       |           [32m[K;[m[K
[1.424s]   476 | 
[1.424s]   477 |     [32m[Kif[m[K(current->parent == nullptr || current == nullptr){
[1.424s]       |     [32m[K~~[m[K     
[1.426s] [01m[K/home/hollis/cu/5254_final/src/amp_agents/src/propagate_sst.cpp:[m[K In member function â€˜[01m[Kvoid SstPath::generate_msg()[m[Kâ€™:
[1.426s] [01m[K/home/hollis/cu/5254_final/src/amp_agents/src/propagate_sst.cpp:570:22:[m[K [01;35m[Kwarning: [m[Kcomparison of integer expressions of different signedness: â€˜[01m[Kint[m[Kâ€™ and â€˜[01m[Kstd::vector<Eigen::Matrix<double, 12, 1> >::size_type[m[Kâ€™ {aka â€˜[01m[Klong unsigned int[m[Kâ€™} [[01;35m[K]8;;https://gcc.gnu.org/onlinedocs/gcc/Warning-Options.html#index-Wsign-compare-Wsign-compare]8;;[m[K]
[1.426s]   570 |     for(int i = 0; [01;35m[Ki < controls.size()[m[K; i++){
[1.426s]       |                    [01;35m[K~~^~~~~~~~~~~~~~~~~[m[K
[1.970s] gmake[2]: *** [CMakeFiles/sst_tree.dir/build.make:76: CMakeFiles/sst_tree.dir/src/propagate_sst.cpp.o] Error 1
[1.970s] gmake[1]: *** [CMakeFiles/Makefile2:199: CMakeFiles/sst_tree.dir/all] Error 2
[1.970s] gmake: *** [Makefile:146: all] Error 2
[1.972s] Invoked command in '/home/hollis/cu/5254_final/build/amp_agents' returned '2': CMAKE_PREFIX_PATH=/home/hollis/cu/5254_final/install/amp_sim:/home/hollis/cu/5254_final/install/amp_msgs:/home/hollis/cu/5254_final/install/amp_viz:/home/hollis/cu/5254_final/install/amp_agents:/opt/ros/humble LD_LIBRARY_PATH=/home/hollis/cu/5254_final/install/amp_msgs/lib:/home/hollis/cu/5254_final/install/amp_viz/lib:/home/hollis/cu/5254_final/install/amp_sim/lib:/opt/ros/humble/opt/rviz_ogre_vendor/lib:/opt/ros/humble/lib/x86_64-linux-gnu:/opt/ros/humble/lib /usr/bin/cmake --build /home/hollis/cu/5254_final/build/amp_agents -- -j24 -l24
