[0.010s] Invoking command in '/home/hollis/cu/5254_final/build/amp_sim': CMAKE_PREFIX_PATH=/home/hollis/cu/5254_final/install/amp_msgs:/home/hollis/cu/5254_final/install/amp_viz:/home/hollis/cu/5254_final/install/amp_sim:/opt/ros/humble LD_LIBRARY_PATH=/home/hollis/cu/5254_final/install/amp_msgs/lib:/home/hollis/cu/5254_final/install/amp_viz/lib:/opt/ros/humble/opt/rviz_ogre_vendor/lib:/opt/ros/humble/lib/x86_64-linux-gnu:/opt/ros/humble/lib /usr/bin/cmake --build /home/hollis/cu/5254_final/build/amp_sim -- -j24 -l24
[0.066s] [ 33%] Built target dynamic_object
[0.086s] [ 66%] Built target dynamic_ball
[0.099s] [35m[1mConsolidate compiler generated dependencies of target sim_node[0m
[0.121s] [ 83%] [32mBuilding CXX object CMakeFiles/sim_node.dir/src/run_sim.cpp.o[0m
[2.041s] [01m[K/home/hollis/cu/5254_final/src/amp_sim/src/run_sim.cpp:[m[K In constructor â€˜[01m[KSimNode::SimNode()[m[Kâ€™:
[2.041s] [01m[K/home/hollis/cu/5254_final/src/amp_sim/src/run_sim.cpp:33:13:[m[K [01;31m[Kerror: [m[Kexpected â€˜[01m[K;[m[Kâ€™ before â€˜[01m[KV6d[m[Kâ€™
[2.041s]    33 |             [01;31m[KV6d[m[K ball_damping;
[2.042s]       |             [01;31m[K^~~[m[K
[2.048s] [01m[K/home/hollis/cu/5254_final/src/amp_sim/src/run_sim.cpp:34:13:[m[K [01;31m[Kerror: [m[Kâ€˜[01m[Kball_damping[m[Kâ€™ was not declared in this scope
[2.048s]    34 |             [01;31m[Kball_damping[m[K << 2.0, 2.0, 5.0, 2.0, 2.0, 2.0;
[2.048s]       |             [01;31m[K^~~~~~~~~~~~[m[K
[2.049s] [01m[K/home/hollis/cu/5254_final/src/amp_sim/src/run_sim.cpp:36:82:[m[K [01;31m[Kerror: [m[Kâ€˜[01m[Kempty[m[Kâ€™ was not declared in this scope; did you mean â€˜[01m[Kstd::empty[m[Kâ€™?
[2.049s]    36 |             dynamic_objects.push_back(new DynamicBall(ball_damping, 1, "ball_1", [01;31m[Kempty[m[K));
[2.049s]       |                                                                                  [01;31m[K^~~~~[m[K
[2.049s]       |                                                                                  [32m[Kstd::empty[m[K
[2.049s] In file included from [01m[K/usr/include/c++/11/string:54[m[K,
[2.049s]                  from [01m[K/usr/include/c++/11/bits/locale_classes.h:40[m[K,
[2.049s]                  from [01m[K/usr/include/c++/11/bits/ios_base.h:41[m[K,
[2.049s]                  from [01m[K/usr/include/c++/11/ios:42[m[K,
[2.049s]                  from [01m[K/usr/include/c++/11/istream:38[m[K,
[2.049s]                  from [01m[K/usr/include/c++/11/sstream:38[m[K,
[2.049s]                  from [01m[K/usr/include/c++/11/complex:45[m[K,
[2.049s]                  from [01m[K/usr/include/eigen3/Eigen/Core:50[m[K,
[2.049s]                  from [01m[K/usr/include/eigen3/Eigen/Dense:1[m[K,
[2.049s]                  from [01m[K/home/hollis/cu/5254_final/src/amp_sim/include/amp_sim/dynamic_ball.hpp:3[m[K,
[2.049s]                  from [01m[K/home/hollis/cu/5254_final/src/amp_sim/src/run_sim.cpp:3[m[K:
[2.049s] [01m[K/usr/include/c++/11/bits/range_access.h:281:5:[m[K [01;36m[Knote: [m[Kâ€˜[01m[Kstd::empty[m[Kâ€™ declared here
[2.049s]   281 |     [01;36m[Kempty[m[K(initializer_list<_Tp> __il) noexcept
[2.049s]       |     [01;36m[K^~~~~[m[K
[2.063s] [01m[K/home/hollis/cu/5254_final/src/amp_sim/src/run_sim.cpp:[m[K In member function â€˜[01m[Kvoid SimNode::launch_ball_cb(amp_msgs::msg::LaunchBall)[m[Kâ€™:
[2.063s] [01m[K/home/hollis/cu/5254_final/src/amp_sim/src/run_sim.cpp:74:55:[m[K [01;35m[Kwarning: [m[Kunused parameter â€˜[01m[Kmsg[m[Kâ€™ [[01;35m[K]8;;https://gcc.gnu.org/onlinedocs/gcc/Warning-Options.html#index-Wunused-parameter-Wunused-parameter]8;;[m[K]
[2.063s]    74 |         void launch_ball_cb([01;35m[Kamp_msgs::msg::LaunchBall msg[m[K){
[2.063s]       |                             [01;35m[K~~~~~~~~~~~~~~~~~~~~~~~~~~^~~[m[K
[3.794s] gmake[2]: *** [CMakeFiles/sim_node.dir/build.make:76: CMakeFiles/sim_node.dir/src/run_sim.cpp.o] Error 1
[3.794s] gmake[1]: *** [CMakeFiles/Makefile2:194: CMakeFiles/sim_node.dir/all] Error 2
[3.795s] gmake: *** [Makefile:146: all] Error 2
[3.797s] Invoked command in '/home/hollis/cu/5254_final/build/amp_sim' returned '2': CMAKE_PREFIX_PATH=/home/hollis/cu/5254_final/install/amp_msgs:/home/hollis/cu/5254_final/install/amp_viz:/home/hollis/cu/5254_final/install/amp_sim:/opt/ros/humble LD_LIBRARY_PATH=/home/hollis/cu/5254_final/install/amp_msgs/lib:/home/hollis/cu/5254_final/install/amp_viz/lib:/opt/ros/humble/opt/rviz_ogre_vendor/lib:/opt/ros/humble/lib/x86_64-linux-gnu:/opt/ros/humble/lib /usr/bin/cmake --build /home/hollis/cu/5254_final/build/amp_sim -- -j24 -l24
