In file included from [01m[K/home/hollis/cu/5254_final/build/amp_msgs/rosidl_generator_c/amp_msgs/msg/detail/ideal_path__functions.h:19[m[K,
                 from [01m[K/home/hollis/cu/5254_final/build/amp_msgs/rosidl_generator_c/amp_msgs/msg/detail/ideal_path__functions.c:4[m[K:
[01m[K/home/hollis/cu/5254_final/build/amp_msgs/rosidl_generator_c/amp_msgs/msg/detail/ideal_path__struct.h:26:10:[m[K [01;31m[Kfatal error: [m[Kbuiltin_interfaces/msg/detail/time__struct.h: No such file or directory
   26 | #include [01;31m[K"builtin_interfaces/msg/detail/time__struct.h"[m[K
      |          [01;31m[K^~~~~~~~~~~~~~~~~~~~~~~~~~~~~~~~~~~~~~~~~~~~~~[m[K
compilation terminated.
gmake[2]: *** [CMakeFiles/amp_msgs__rosidl_generator_c.dir/build.make:197: CMakeFiles/amp_msgs__rosidl_generator_c.dir/rosidl_generator_c/amp_msgs/msg/detail/ideal_path__functions.c.o] Error 1
gmake[2]: *** Waiting for unfinished jobs....
gmake[1]: *** [CMakeFiles/Makefile2:213: CMakeFiles/amp_msgs__rosidl_generator_c.dir/all] Error 2
gmake[1]: *** Waiting for unfinished jobs....
In file included from [01m[K/home/hollis/cu/5254_final/build/amp_msgs/rosidl_typesupport_cpp/amp_msgs/msg/ideal_path__type_support.cpp:7[m[K:
[01m[K/home/hollis/cu/5254_final/build/amp_msgs/rosidl_generator_cpp/amp_msgs/msg/detail/ideal_path__struct.hpp:22:10:[m[K [01;31m[Kfatal error: [m[Kbuiltin_interfaces/msg/detail/time__struct.hpp: No such file or directory
   22 | #include [01;31m[K"builtin_interfaces/msg/detail/time__struct.hpp"[m[K
      |          [01;31m[K^~~~~~~~~~~~~~~~~~~~~~~~~~~~~~~~~~~~~~~~~~~~~~~~[m[K
compilation terminated.
gmake[2]: *** [CMakeFiles/amp_msgs__rosidl_typesupport_cpp.dir/build.make:130: CMakeFiles/amp_msgs__rosidl_typesupport_cpp.dir/rosidl_typesupport_cpp/amp_msgs/msg/ideal_path__type_support.cpp.o] Error 1
gmake[2]: *** Waiting for unfinished jobs....
In file included from [01m[K/home/hollis/cu/5254_final/build/amp_msgs/rosidl_typesupport_introspection_cpp/amp_msgs/msg/detail/ideal_path__type_support.cpp:12[m[K:
[01m[K/home/hollis/cu/5254_final/build/amp_msgs/rosidl_generator_cpp/amp_msgs/msg/detail/ideal_path__struct.hpp:22:10:[m[K [01;31m[Kfatal error: [m[Kbuiltin_interfaces/msg/detail/time__struct.hpp: No such file or directory
   22 | #include [01;31m[K"builtin_interfaces/msg/detail/time__struct.hpp"[m[K
      |          [01;31m[K^~~~~~~~~~~~~~~~~~~~~~~~~~~~~~~~~~~~~~~~~~~~~~~~[m[K
compilation terminated.
gmake[2]: *** [CMakeFiles/amp_msgs__rosidl_typesupport_introspection_cpp.dir/build.make:147: CMakeFiles/amp_msgs__rosidl_typesupport_introspection_cpp.dir/rosidl_typesupport_introspection_cpp/amp_msgs/msg/detail/ideal_path__type_support.cpp.o] Error 1
gmake[2]: *** Waiting for unfinished jobs....
In file included from [01m[K/home/hollis/cu/5254_final/build/amp_msgs/rosidl_typesupport_fastrtps_cpp/amp_msgs/msg/detail/ideal_path__rosidl_typesupport_fastrtps_cpp.hpp:11[m[K,
                 from [01m[K/home/hollis/cu/5254_final/build/amp_msgs/rosidl_typesupport_fastrtps_cpp/amp_msgs/msg/detail/dds_fastrtps/ideal_path__type_support.cpp:4[m[K:
[01m[K/home/hollis/cu/5254_final/build/amp_msgs/rosidl_generator_cpp/amp_msgs/msg/detail/ideal_path__struct.hpp:22:10:[m[K [01;31m[Kfatal error: [m[Kbuiltin_interfaces/msg/detail/time__struct.hpp: No such file or directory
   22 | #include [01;31m[K"builtin_interfaces/msg/detail/time__struct.hpp"[m[K
      |          [01;31m[K^~~~~~~~~~~~~~~~~~~~~~~~~~~~~~~~~~~~~~~~~~~~~~~~[m[K
compilation terminated.
gmake[2]: *** [CMakeFiles/amp_msgs__rosidl_typesupport_fastrtps_cpp.dir/build.make:147: CMakeFiles/amp_msgs__rosidl_typesupport_fastrtps_cpp.dir/rosidl_typesupport_fastrtps_cpp/amp_msgs/msg/detail/dds_fastrtps/ideal_path__type_support.cpp.o] Error 1
gmake[2]: *** Waiting for unfinished jobs....
gmake[1]: *** [CMakeFiles/Makefile2:395: CMakeFiles/amp_msgs__rosidl_typesupport_cpp.dir/all] Error 2
gmake[1]: *** [CMakeFiles/Makefile2:369: CMakeFiles/amp_msgs__rosidl_typesupport_introspection_cpp.dir/all] Error 2
gmake[1]: *** [CMakeFiles/Makefile2:291: CMakeFiles/amp_msgs__rosidl_typesupport_fastrtps_cpp.dir/all] Error 2
gmake: *** [Makefile:146: all] Error 2
