[0.010s] Invoking command in '/home/hollis/cu/5254_final/build/amp_msgs': CMAKE_PREFIX_PATH=${CMAKE_PREFIX_PATH}:/opt/ros/humble /usr/bin/cmake --build /home/hollis/cu/5254_final/build/amp_msgs -- -j24 -l24
[0.020s] -- Found ament_cmake: 1.3.12 (/opt/ros/humble/share/ament_cmake/cmake)
[0.094s] -- Found builtin_interfaces: 1.2.2 (/opt/ros/humble/share/builtin_interfaces/cmake)
[0.107s] -- Found rosidl_generator_c: 3.1.7 (/opt/ros/humble/share/rosidl_generator_c/cmake)
[0.107s] -- Found rosidl_adapter: 3.1.7 (/opt/ros/humble/share/rosidl_adapter/cmake)
[0.110s] -- Found rosidl_generator_cpp: 3.1.7 (/opt/ros/humble/share/rosidl_generator_cpp/cmake)
[0.115s] -- Using all available rosidl_typesupport_c: rosidl_typesupport_fastrtps_c;rosidl_typesupport_introspection_c
[0.122s] -- Using all available rosidl_typesupport_cpp: rosidl_typesupport_fastrtps_cpp;rosidl_typesupport_introspection_cpp
[0.130s] -- Found rosidl_default_generators: 1.2.0 (/opt/ros/humble/share/rosidl_default_generators/cmake)
[0.281s] -- Found ament_cmake_ros: 0.10.0 (/opt/ros/humble/share/ament_cmake_ros/cmake)
[0.441s] -- Using all available rosidl_typesupport_c: rosidl_typesupport_fastrtps_c;rosidl_typesupport_introspection_c
[0.515s] -- Using all available rosidl_typesupport_cpp: rosidl_typesupport_fastrtps_cpp;rosidl_typesupport_introspection_cpp
[0.526s] -- Found python_cmake_module: 0.10.0 (/opt/ros/humble/share/python_cmake_module/cmake)
[0.541s] -- Using PYTHON_EXECUTABLE: /usr/bin/python3
[0.541s] -- Using PYTHON_INCLUDE_DIRS: /usr/include/python3.10
[0.541s] -- Using PYTHON_LIBRARIES: /usr/lib/x86_64-linux-gnu/libpython3.10.so
[0.547s] -- Found ament_lint_auto: 0.12.14 (/opt/ros/humble/share/ament_lint_auto/cmake)
[0.551s] -- Added test 'lint_cmake' to check CMake code style
[0.552s] -- Added test 'xmllint' to check XML markup files
[0.553s] -- Configuring done
[0.573s] -- Generating done
[0.579s] -- Build files have been written to: /home/hollis/cu/5254_final/build/amp_msgs
[0.596s] [  1%] [34m[1mGenerating C code for ROS interfaces[0m
[0.606s] [  3%] [34m[1mGenerating C++ code for ROS interfaces[0m
[0.613s] [  3%] Built target ament_cmake_python_copy_amp_msgs
[0.762s] running egg_info
[0.762s] writing amp_msgs.egg-info/PKG-INFO
[0.763s] writing dependency_links to amp_msgs.egg-info/dependency_links.txt
[0.763s] writing top-level names to amp_msgs.egg-info/top_level.txt
[0.766s] reading manifest file 'amp_msgs.egg-info/SOURCES.txt'
[0.766s] writing manifest file 'amp_msgs.egg-info/SOURCES.txt'
[0.800s] [  3%] Built target ament_cmake_python_build_amp_msgs_egg
[0.879s] [35m[1mConsolidate compiler generated dependencies of target amp_msgs__rosidl_generator_c[0m
[0.888s] [  4%] [32mBuilding C object CMakeFiles/amp_msgs__rosidl_generator_c.dir/rosidl_generator_c/amp_msgs/msg/detail/agent_control__functions.c.o[0m
[0.888s] [  6%] [32mBuilding C object CMakeFiles/amp_msgs__rosidl_generator_c.dir/rosidl_generator_c/amp_msgs/msg/detail/ideal_path__functions.c.o[0m
[0.888s] [  6%] Built target amp_msgs__cpp
[0.888s] [  7%] [32mBuilding C object CMakeFiles/amp_msgs__rosidl_generator_c.dir/rosidl_generator_c/amp_msgs/msg/detail/ball_trajectory__functions.c.o[0m
[0.889s] [  9%] [32mBuilding C object CMakeFiles/amp_msgs__rosidl_generator_c.dir/rosidl_generator_c/amp_msgs/msg/detail/launch_ball__functions.c.o[0m
[0.889s] [ 11%] [32mBuilding C object CMakeFiles/amp_msgs__rosidl_generator_c.dir/rosidl_generator_c/amp_msgs/msg/detail/set_pose__functions.c.o[0m
[0.896s] [ 12%] [34m[1mGenerating C++ introspection for ROS interfaces[0m
[0.896s] [ 14%] [34m[1mGenerating C++ type support for eProsima Fast-RTPS[0m
[0.896s] [ 15%] [34m[1mGenerating C++ type support dispatch for ROS interfaces[0m
[0.897s] In file included from [01m[K/home/hollis/cu/5254_final/build/amp_msgs/rosidl_generator_c/amp_msgs/msg/detail/ideal_path__functions.h:19[m[K,
[0.897s]                  from [01m[K/home/hollis/cu/5254_final/build/amp_msgs/rosidl_generator_c/amp_msgs/msg/detail/ideal_path__functions.c:4[m[K:
[0.897s] [01m[K/home/hollis/cu/5254_final/build/amp_msgs/rosidl_generator_c/amp_msgs/msg/detail/ideal_path__struct.h:26:10:[m[K [01;31m[Kfatal error: [m[Kbuiltin_interfaces/msg/detail/time__struct.h: No such file or directory
[0.897s]    26 | #include [01;31m[K"builtin_interfaces/msg/detail/time__struct.h"[m[K
[0.897s]       |          [01;31m[K^~~~~~~~~~~~~~~~~~~~~~~~~~~~~~~~~~~~~~~~~~~~~~[m[K
[0.897s] compilation terminated.
[0.897s] gmake[2]: *** [CMakeFiles/amp_msgs__rosidl_generator_c.dir/build.make:197: CMakeFiles/amp_msgs__rosidl_generator_c.dir/rosidl_generator_c/amp_msgs/msg/detail/ideal_path__functions.c.o] Error 1
[0.898s] gmake[2]: *** Waiting for unfinished jobs....
[0.923s] gmake[1]: *** [CMakeFiles/Makefile2:213: CMakeFiles/amp_msgs__rosidl_generator_c.dir/all] Error 2
[0.923s] gmake[1]: *** Waiting for unfinished jobs....
[1.099s] [35m[1mConsolidate compiler generated dependencies of target amp_msgs__rosidl_typesupport_cpp[0m
[1.107s] [ 19%] [32mBuilding CXX object CMakeFiles/amp_msgs__rosidl_typesupport_cpp.dir/rosidl_typesupport_cpp/amp_msgs/msg/ideal_path__type_support.cpp.o[0m
[1.108s] [ 20%] [32mBuilding CXX object CMakeFiles/amp_msgs__rosidl_typesupport_cpp.dir/rosidl_typesupport_cpp/amp_msgs/msg/agent_control__type_support.cpp.o[0m
[1.108s] [ 19%] [32mBuilding CXX object CMakeFiles/amp_msgs__rosidl_typesupport_cpp.dir/rosidl_typesupport_cpp/amp_msgs/msg/ball_trajectory__type_support.cpp.o[0m
[1.108s] [ 22%] [32mBuilding CXX object CMakeFiles/amp_msgs__rosidl_typesupport_cpp.dir/rosidl_typesupport_cpp/amp_msgs/msg/launch_ball__type_support.cpp.o[0m
[1.108s] [ 23%] [32mBuilding CXX object CMakeFiles/amp_msgs__rosidl_typesupport_cpp.dir/rosidl_typesupport_cpp/amp_msgs/msg/set_pose__type_support.cpp.o[0m
[1.140s] [35m[1mConsolidate compiler generated dependencies of target amp_msgs__rosidl_typesupport_introspection_cpp[0m
[1.151s] In file included from [01m[K/home/hollis/cu/5254_final/build/amp_msgs/rosidl_typesupport_cpp/amp_msgs/msg/ideal_path__type_support.cpp:7[m[K:
[1.151s] [01m[K/home/hollis/cu/5254_final/build/amp_msgs/rosidl_generator_cpp/amp_msgs/msg/detail/ideal_path__struct.hpp:22:10:[m[K [01;31m[Kfatal error: [m[Kbuiltin_interfaces/msg/detail/time__struct.hpp: No such file or directory
[1.152s]    22 | #include [01;31m[K"builtin_interfaces/msg/detail/time__struct.hpp"[m[K
[1.152s]       |          [01;31m[K^~~~~~~~~~~~~~~~~~~~~~~~~~~~~~~~~~~~~~~~~~~~~~~~[m[K
[1.152s] compilation terminated.
[1.152s] gmake[2]: *** [CMakeFiles/amp_msgs__rosidl_typesupport_cpp.dir/build.make:130: CMakeFiles/amp_msgs__rosidl_typesupport_cpp.dir/rosidl_typesupport_cpp/amp_msgs/msg/ideal_path__type_support.cpp.o] Error 1
[1.152s] gmake[2]: *** Waiting for unfinished jobs....
[1.154s] [ 25%] [32mBuilding CXX object CMakeFiles/amp_msgs__rosidl_typesupport_introspection_cpp.dir/rosidl_typesupport_introspection_cpp/amp_msgs/msg/detail/agent_control__type_support.cpp.o[0m
[1.156s] [ 30%] [32mBuilding CXX object CMakeFiles/amp_msgs__rosidl_typesupport_introspection_cpp.dir/rosidl_typesupport_introspection_cpp/amp_msgs/msg/detail/set_pose__type_support.cpp.o[0m
[1.156s] [ 30%] [32mBuilding CXX object CMakeFiles/amp_msgs__rosidl_typesupport_introspection_cpp.dir/rosidl_typesupport_introspection_cpp/amp_msgs/msg/detail/ball_trajectory__type_support.cpp.o[0m
[1.156s] [ 30%] [32mBuilding CXX object CMakeFiles/amp_msgs__rosidl_typesupport_introspection_cpp.dir/rosidl_typesupport_introspection_cpp/amp_msgs/msg/detail/launch_ball__type_support.cpp.o[0m
[1.156s] [ 31%] [32mBuilding CXX object CMakeFiles/amp_msgs__rosidl_typesupport_introspection_cpp.dir/rosidl_typesupport_introspection_cpp/amp_msgs/msg/detail/ideal_path__type_support.cpp.o[0m
[1.181s] [35m[1mConsolidate compiler generated dependencies of target amp_msgs__rosidl_typesupport_fastrtps_cpp[0m
[1.195s] [ 36%] [32mBuilding CXX object CMakeFiles/amp_msgs__rosidl_typesupport_fastrtps_cpp.dir/rosidl_typesupport_fastrtps_cpp/amp_msgs/msg/detail/dds_fastrtps/ball_trajectory__type_support.cpp.o[0m
[1.195s] [ 36%] [32mBuilding CXX object CMakeFiles/amp_msgs__rosidl_typesupport_fastrtps_cpp.dir/rosidl_typesupport_fastrtps_cpp/amp_msgs/msg/detail/dds_fastrtps/agent_control__type_support.cpp.o[0m
[1.195s] [ 36%] [32mBuilding CXX object CMakeFiles/amp_msgs__rosidl_typesupport_fastrtps_cpp.dir/rosidl_typesupport_fastrtps_cpp/amp_msgs/msg/detail/dds_fastrtps/ideal_path__type_support.cpp.o[0m
[1.197s] [ 38%] [32mBuilding CXX object CMakeFiles/amp_msgs__rosidl_typesupport_fastrtps_cpp.dir/rosidl_typesupport_fastrtps_cpp/amp_msgs/msg/detail/dds_fastrtps/set_pose__type_support.cpp.o[0m
[1.197s] [ 39%] [32mBuilding CXX object CMakeFiles/amp_msgs__rosidl_typesupport_fastrtps_cpp.dir/rosidl_typesupport_fastrtps_cpp/amp_msgs/msg/detail/dds_fastrtps/launch_ball__type_support.cpp.o[0m
[1.211s] In file included from [01m[K/home/hollis/cu/5254_final/build/amp_msgs/rosidl_typesupport_introspection_cpp/amp_msgs/msg/detail/ideal_path__type_support.cpp:12[m[K:
[1.211s] [01m[K/home/hollis/cu/5254_final/build/amp_msgs/rosidl_generator_cpp/amp_msgs/msg/detail/ideal_path__struct.hpp:22:10:[m[K [01;31m[Kfatal error: [m[Kbuiltin_interfaces/msg/detail/time__struct.hpp: No such file or directory
[1.211s]    22 | #include [01;31m[K"builtin_interfaces/msg/detail/time__struct.hpp"[m[K
[1.211s]       |          [01;31m[K^~~~~~~~~~~~~~~~~~~~~~~~~~~~~~~~~~~~~~~~~~~~~~~~[m[K
[1.211s] compilation terminated.
[1.218s] gmake[2]: *** [CMakeFiles/amp_msgs__rosidl_typesupport_introspection_cpp.dir/build.make:147: CMakeFiles/amp_msgs__rosidl_typesupport_introspection_cpp.dir/rosidl_typesupport_introspection_cpp/amp_msgs/msg/detail/ideal_path__type_support.cpp.o] Error 1
[1.218s] gmake[2]: *** Waiting for unfinished jobs....
[1.259s] In file included from [01m[K/home/hollis/cu/5254_final/build/amp_msgs/rosidl_typesupport_fastrtps_cpp/amp_msgs/msg/detail/ideal_path__rosidl_typesupport_fastrtps_cpp.hpp:11[m[K,
[1.259s]                  from [01m[K/home/hollis/cu/5254_final/build/amp_msgs/rosidl_typesupport_fastrtps_cpp/amp_msgs/msg/detail/dds_fastrtps/ideal_path__type_support.cpp:4[m[K:
[1.259s] [01m[K/home/hollis/cu/5254_final/build/amp_msgs/rosidl_generator_cpp/amp_msgs/msg/detail/ideal_path__struct.hpp:22:10:[m[K [01;31m[Kfatal error: [m[Kbuiltin_interfaces/msg/detail/time__struct.hpp: No such file or directory
[1.260s]    22 | #include [01;31m[K"builtin_interfaces/msg/detail/time__struct.hpp"[m[K
[1.260s]       |          [01;31m[K^~~~~~~~~~~~~~~~~~~~~~~~~~~~~~~~~~~~~~~~~~~~~~~~[m[K
[1.260s] compilation terminated.
[1.264s] gmake[2]: *** [CMakeFiles/amp_msgs__rosidl_typesupport_fastrtps_cpp.dir/build.make:147: CMakeFiles/amp_msgs__rosidl_typesupport_fastrtps_cpp.dir/rosidl_typesupport_fastrtps_cpp/amp_msgs/msg/detail/dds_fastrtps/ideal_path__type_support.cpp.o] Error 1
[1.264s] gmake[2]: *** Waiting for unfinished jobs....
[1.360s] gmake[1]: *** [CMakeFiles/Makefile2:395: CMakeFiles/amp_msgs__rosidl_typesupport_cpp.dir/all] Error 2
[1.494s] gmake[1]: *** [CMakeFiles/Makefile2:369: CMakeFiles/amp_msgs__rosidl_typesupport_introspection_cpp.dir/all] Error 2
[1.540s] gmake[1]: *** [CMakeFiles/Makefile2:291: CMakeFiles/amp_msgs__rosidl_typesupport_fastrtps_cpp.dir/all] Error 2
[1.540s] gmake: *** [Makefile:146: all] Error 2
[1.543s] Invoked command in '/home/hollis/cu/5254_final/build/amp_msgs' returned '2': CMAKE_PREFIX_PATH=${CMAKE_PREFIX_PATH}:/opt/ros/humble /usr/bin/cmake --build /home/hollis/cu/5254_final/build/amp_msgs -- -j24 -l24
