[0.008s] Invoking command in '/home/hollis/cu/5254_final/build/amp_agents': CMAKE_PREFIX_PATH=/home/hollis/cu/5254_final/install/amp_sim:/home/hollis/cu/5254_final/install/amp_msgs:/home/hollis/cu/5254_final/install/amp_viz:/home/hollis/cu/5254_final/install/amp_agents:/opt/ros/humble LD_LIBRARY_PATH=/home/hollis/cu/5254_final/install/amp_msgs/lib:/home/hollis/cu/5254_final/install/amp_viz/lib:/home/hollis/cu/5254_final/install/amp_sim/lib:/opt/ros/humble/opt/rviz_ogre_vendor/lib:/opt/ros/humble/lib/x86_64-linux-gnu:/opt/ros/humble/lib /usr/bin/cmake --build /home/hollis/cu/5254_final/build/amp_agents -- -j24 -l24
[0.040s] [35m[1mConsolidate compiler generated dependencies of target tree_visualizer[0m
[0.049s] [ 16%] Built target collision_checker
[0.057s] [35m[1mConsolidate compiler generated dependencies of target sst_tree[0m
[0.058s] [ 25%] [32mBuilding CXX object CMakeFiles/tree_visualizer.dir/src/visualize_tree.cpp.o[0m
[0.070s] [ 33%] [32mBuilding CXX object CMakeFiles/sst_tree.dir/src/propagate_sst.cpp.o[0m
[1.729s] [01m[K/home/hollis/cu/5254_final/src/amp_agents/src/propagate_sst.cpp:[m[K In member function â€˜[01m[KV12d SstTree::generate_random_controls()[m[Kâ€™:
[1.729s] [01m[K/home/hollis/cu/5254_final/src/amp_agents/src/propagate_sst.cpp:141:22:[m[K [01;35m[Kwarning: [m[Kcomparison of integer expressions of different signedness: â€˜[01m[Kint[m[Kâ€™ and â€˜[01m[Kstd::vector<std::pair<double, double> >::size_type[m[Kâ€™ {aka â€˜[01m[Klong unsigned int[m[Kâ€™} [[01;35m[K]8;;https://gcc.gnu.org/onlinedocs/gcc/Warning-Options.html#index-Wsign-compare-Wsign-compare]8;;[m[K]
[1.729s]   141 |     for(int i = 0; [01;35m[Ki < env->control_limits.size()[m[K; i++){
[1.729s]       |                    [01;35m[K~~^~~~~~~~~~~~~~~~~~~~~~~~~~~~[m[K
[1.733s] [01m[K/home/hollis/cu/5254_final/src/amp_agents/src/propagate_sst.cpp:[m[K In constructor â€˜[01m[KSstPath::SstPath(SstNode, DynamicObject*, bool)[m[Kâ€™:
[1.733s] [01m[K/home/hollis/cu/5254_final/src/amp_agents/src/propagate_sst.cpp:306:22:[m[K [01;35m[Kwarning: [m[Kcomparison of integer expressions of different signedness: â€˜[01m[Kint[m[Kâ€™ and â€˜[01m[Kstd::vector<std::pair<double, Eigen::Matrix<double, 13, 1> > >::size_type[m[Kâ€™ {aka â€˜[01m[Klong unsigned int[m[Kâ€™} [[01;35m[K]8;;https://gcc.gnu.org/onlinedocs/gcc/Warning-Options.html#index-Wsign-compare-Wsign-compare]8;;[m[K]
[1.733s]   306 |     for(int i = 0; [01;35m[Ki < states.size()[m[K; i++){
[1.733s]       |                    [01;35m[K~~^~~~~~~~~~~~~~~[m[K
[1.734s] [01m[K/home/hollis/cu/5254_final/src/amp_agents/src/propagate_sst.cpp:312:22:[m[K [01;35m[Kwarning: [m[Kcomparison of integer expressions of different signedness: â€˜[01m[Kint[m[Kâ€™ and â€˜[01m[Kstd::vector<Eigen::Matrix<double, 12, 1> >::size_type[m[Kâ€™ {aka â€˜[01m[Klong unsigned int[m[Kâ€™} [[01;35m[K]8;;https://gcc.gnu.org/onlinedocs/gcc/Warning-Options.html#index-Wsign-compare-Wsign-compare]8;;[m[K]
[1.734s]   312 |     for(int i = 0; [01;35m[Ki < controls.size()[m[K; i++){
[1.734s]       |                    [01;35m[K~~^~~~~~~~~~~~~~~~~[m[K
[1.734s] [01m[K/home/hollis/cu/5254_final/src/amp_agents/src/propagate_sst.cpp:[m[K In member function â€˜[01m[Kvoid SstPath::create_forward_path(SstNode)[m[Kâ€™:
[1.734s] [01m[K/home/hollis/cu/5254_final/src/amp_agents/src/propagate_sst.cpp:329:26:[m[K [01;35m[Kwarning: [m[Kcomparison of integer expressions of different signedness: â€˜[01m[Kint[m[Kâ€™ and â€˜[01m[Kstd::vector<std::pair<double, Eigen::Matrix<double, 13, 1> > >::size_type[m[Kâ€™ {aka â€˜[01m[Klong unsigned int[m[Kâ€™} [[01;35m[K]8;;https://gcc.gnu.org/onlinedocs/gcc/Warning-Options.html#index-Wsign-compare-Wsign-compare]8;;[m[K]
[1.734s]   329 |         for(int i = 0; [01;35m[Ki < current->sub_states.size()[m[K; i++){
[1.734s]       |                        [01;35m[K~~^~~~~~~~~~~~~~~~~~~~~~~~~~~~[m[K
[1.735s] [01m[K/home/hollis/cu/5254_final/src/amp_agents/src/propagate_sst.cpp:[m[K In member function â€˜[01m[Kvoid SstTree::save_tree_to_file(std::string)[m[Kâ€™:
[1.735s] [01m[K/home/hollis/cu/5254_final/src/amp_agents/src/propagate_sst.cpp:341:45:[m[K [01;35m[Kwarning: [m[Kunused parameter â€˜[01m[Kfilename[m[Kâ€™ [[01;35m[K]8;;https://gcc.gnu.org/onlinedocs/gcc/Warning-Options.html#index-Wunused-parameter-Wunused-parameter]8;;[m[K]
[1.735s]   341 | void SstTree::save_tree_to_file([01;35m[Kstd::string filename[m[K){
[1.735s]       |                                 [01;35m[K~~~~~~~~~~~~^~~~~~~~[m[K
[1.735s] [01m[K/home/hollis/cu/5254_final/src/amp_agents/src/propagate_sst.cpp:[m[K In member function â€˜[01m[Kvoid SstTree::load_tree_from_file(std::string)[m[Kâ€™:
[1.735s] [01m[K/home/hollis/cu/5254_final/src/amp_agents/src/propagate_sst.cpp:400:47:[m[K [01;35m[Kwarning: [m[Kunused parameter â€˜[01m[Kfilename[m[Kâ€™ [[01;35m[K]8;;https://gcc.gnu.org/onlinedocs/gcc/Warning-Options.html#index-Wunused-parameter-Wunused-parameter]8;;[m[K]
[1.735s]   400 | void SstTree::load_tree_from_file([01;35m[Kstd::string filename[m[K){
[1.735s]       |                                   [01;35m[K~~~~~~~~~~~~^~~~~~~~[m[K
[2.310s] [01m[K/home/hollis/cu/5254_final/src/amp_agents/src/visualize_tree.cpp:[m[K In member function â€˜[01m[Kvoid TreeVisualizer::displayTree(std::__cxx11::list<SstNode*>)[m[Kâ€™:
[2.310s] [01m[K/home/hollis/cu/5254_final/src/amp_agents/src/visualize_tree.cpp:17:20:[m[K [01;35m[Kwarning: [m[Kempty parentheses were disambiguated as a function declaration [[01;35m[K]8;;https://gcc.gnu.org/onlinedocs/gcc/Warning-Options.html#index-Wvexing-parse-Wvexing-parse]8;;[m[K]
[2.310s]    17 |     V13d root_state[01;35m[K()[m[K;
[2.310s]       |                    [01;35m[K^~[m[K
[2.310s] [01m[K/home/hollis/cu/5254_final/src/amp_agents/src/visualize_tree.cpp:17:20:[m[K [01;36m[Knote: [m[Kremove parentheses to default-initialize a variable
[2.310s]    17 |     V13d root_state[01;36m[K()[m[K;
[2.310s]       |                    [01;36m[K^~[m[K
[2.310s]       |                    [31m[K--[m[K
[2.310s] [01m[K/home/hollis/cu/5254_final/src/amp_agents/src/visualize_tree.cpp:18:56:[m[K [01;31m[Kerror: [m[Kcannot convert â€˜[01m[KV13d (*)()[m[Kâ€™ {aka â€˜[01m[KEigen::Matrix<double, 13, 1> (*)()[m[Kâ€™} to â€˜[01m[KV13d*[m[Kâ€™ {aka â€˜[01m[KEigen::Matrix<double, 13, 1>*[m[Kâ€™}
[2.310s]    18 |     std::pair<int, int> center_pos = getPixelFromState([01;31m[K&root_state[m[K);
[2.310s]       |                                                        [01;31m[K^~~~~~~~~~~[m[K
[2.310s]       |                                                        [01;31m[K|[m[K
[2.310s]       |                                                        [01;31m[KV13d (*)() {aka Eigen::Matrix<double, 13, 1> (*)()}[m[K
[2.310s] In file included from [01m[K/home/hollis/cu/5254_final/src/amp_agents/src/visualize_tree.cpp:1[m[K:
[2.310s] [01m[K/home/hollis/cu/5254_final/src/amp_agents/include/amp_agents/visualize_tree.hpp:26:53:[m[K [01;36m[Knote: [m[K  initializing argument 1 of â€˜[01m[Kstd::pair<int, int> TreeVisualizer::getPixelFromState(V13d*)[m[Kâ€™
[2.311s]    26 |         std::pair<int, int> getPixelFromState([01;36m[KV13d* node[m[K);
[2.311s]       |                                               [01;36m[K~~~~~~^~~~[m[K
[2.311s] [01m[K/home/hollis/cu/5254_final/src/amp_agents/src/visualize_tree.cpp:[m[K In member function â€˜[01m[Kvoid TreeVisualizer::drawNode(SstNode*)[m[Kâ€™:
[2.311s] [01m[K/home/hollis/cu/5254_final/src/amp_agents/src/visualize_tree.cpp:50:26:[m[K [01;35m[Kwarning: [m[Kcomparison of integer expressions of different signedness: â€˜[01m[Kint[m[Kâ€™ and â€˜[01m[Kstd::vector<std::pair<double, Eigen::Matrix<double, 13, 1> > >::size_type[m[Kâ€™ {aka â€˜[01m[Klong unsigned int[m[Kâ€™} [[01;35m[K]8;;https://gcc.gnu.org/onlinedocs/gcc/Warning-Options.html#index-Wsign-compare-Wsign-compare]8;;[m[K]
[2.311s]    50 |         for(int i = 0; [01;35m[Ki < node->sub_states.size()[m[K; i++){
[2.311s]       |                        [01;35m[K~~^~~~~~~~~~~~~~~~~~~~~~~~~[m[K
[2.556s] [ 41%] [32m[1mLinking CXX static library libsst_tree.a[0m
[2.580s] [ 41%] Built target sst_tree
[2.601s] [ 50%] [32mBuilding CXX object CMakeFiles/backend.dir/src/agent_backend.cpp.o[0m
[2.767s] gmake[2]: *** [CMakeFiles/tree_visualizer.dir/build.make:76: CMakeFiles/tree_visualizer.dir/src/visualize_tree.cpp.o] Error 1
[2.767s] gmake[1]: *** [CMakeFiles/Makefile2:173: CMakeFiles/tree_visualizer.dir/all] Error 2
[2.767s] gmake[1]: *** Waiting for unfinished jobs....
[4.658s] [01m[K/home/hollis/cu/5254_final/src/amp_agents/src/agent_backend.cpp:[m[K In member function â€˜[01m[Kgeometry_msgs::msg::TransformStamped AgentBackend::getBallTransform(int)[m[Kâ€™:
[4.658s] [01m[K/home/hollis/cu/5254_final/src/amp_agents/src/agent_backend.cpp:76:26:[m[K [01;35m[Kwarning: [m[Kcomparison of integer expressions of different signedness: â€˜[01m[Kint[m[Kâ€™ and â€˜[01m[Kstd::vector<int>::size_type[m[Kâ€™ {aka â€˜[01m[Klong unsigned int[m[Kâ€™} [[01;35m[K]8;;https://gcc.gnu.org/onlinedocs/gcc/Warning-Options.html#index-Wsign-compare-Wsign-compare]8;;[m[K]
[4.658s]    76 |         for(int i = 0; [01;35m[Ki < valid_ball_frames.size()[m[K; i++){
[4.658s]       |                        [01;35m[K~~^~~~~~~~~~~~~~~~~~~~~~~~~~[m[K
[4.658s] In file included from [01m[K/opt/ros/humble/include/rclcpp/rclcpp/logging.hpp:24[m[K,
[4.658s]                  from [01m[K/opt/ros/humble/include/rclcpp/rclcpp/client.hpp:40[m[K,
[4.658s]                  from [01m[K/opt/ros/humble/include/rclcpp/rclcpp/callback_group.hpp:24[m[K,
[4.658s]                  from [01m[K/opt/ros/humble/include/rclcpp/rclcpp/any_executable.hpp:20[m[K,
[4.658s]                  from [01m[K/opt/ros/humble/include/rclcpp/rclcpp/memory_strategy.hpp:25[m[K,
[4.658s]                  from [01m[K/opt/ros/humble/include/rclcpp/rclcpp/memory_strategies.hpp:18[m[K,
[4.659s]                  from [01m[K/opt/ros/humble/include/rclcpp/rclcpp/executor_options.hpp:20[m[K,
[4.659s]                  from [01m[K/opt/ros/humble/include/rclcpp/rclcpp/executor.hpp:37[m[K,
[4.659s]                  from [01m[K/opt/ros/humble/include/rclcpp/rclcpp/executors/multi_threaded_executor.hpp:25[m[K,
[4.659s]                  from [01m[K/opt/ros/humble/include/rclcpp/rclcpp/executors.hpp:21[m[K,
[4.659s]                  from [01m[K/opt/ros/humble/include/rclcpp/rclcpp/rclcpp.hpp:155[m[K,
[4.659s]                  from [01m[K/home/hollis/cu/5254_final/src/amp_agents/include/amp_agents/agent_backend.hpp:9[m[K,
[4.659s]                  from [01m[K/home/hollis/cu/5254_final/src/amp_agents/src/agent_backend.cpp:1[m[K:
[4.659s] [01m[K/home/hollis/cu/5254_final/src/amp_agents/src/agent_backend.cpp:[m[K In member function â€˜[01m[Kgeometry_msgs::msg::TransformStamped AgentBackend::getTransform(std::string, std::string)[m[Kâ€™:
[4.659s] [01m[K/home/hollis/cu/5254_final/src/amp_agents/src/agent_backend.cpp:105:35:[m[K [01;35m[Kwarning: [m[Kformat â€˜[01m[K%s[m[Kâ€™ expects argument of type â€˜[01m[Kchar*[m[Kâ€™, but argument 5 has type â€˜[01m[Kstd::string[m[Kâ€™ {aka â€˜[01m[Kstd::__cxx11::basic_string<char>[m[Kâ€™} [[01;35m[K]8;;https://gcc.gnu.org/onlinedocs/gcc/Warning-Options.html#index-Wformat=-Wformat=]8;;[m[K]
[4.659s]   105 |         RCLCPP_WARN(get_logger(), [01;35m[K"Could not transform %s to %s: %s"[m[K, to_frame, from_frame, ex.what());
[4.659s]       |                                   [01;35m[K^~~~~~~~~~~~~~~~~~~~~~~~~~~~~~~~~~[m[K
[4.659s] [01m[K/home/hollis/cu/5254_final/src/amp_agents/src/agent_backend.cpp:105:57:[m[K [01;36m[Knote: [m[Kformat string is defined here
[4.659s]   105 |         RCLCPP_WARN(get_logger(), "Could not transform [01;36m[K%s[m[K to %s: %s", to_frame, from_frame, ex.what());
[4.659s]       |                                                        [01;36m[K~^[m[K
[4.659s]       |                                                         [01;36m[K|[m[K
[4.659s]       |                                                         [01;36m[Kchar*[m[K
[4.659s] In file included from [01m[K/opt/ros/humble/include/rclcpp/rclcpp/logging.hpp:24[m[K,
[4.659s]                  from [01m[K/opt/ros/humble/include/rclcpp/rclcpp/client.hpp:40[m[K,
[4.659s]                  from [01m[K/opt/ros/humble/include/rclcpp/rclcpp/callback_group.hpp:24[m[K,
[4.659s]                  from [01m[K/opt/ros/humble/include/rclcpp/rclcpp/any_executable.hpp:20[m[K,
[4.659s]                  from [01m[K/opt/ros/humble/include/rclcpp/rclcpp/memory_strategy.hpp:25[m[K,
[4.659s]                  from [01m[K/opt/ros/humble/include/rclcpp/rclcpp/memory_strategies.hpp:18[m[K,
[4.659s]                  from [01m[K/opt/ros/humble/include/rclcpp/rclcpp/executor_options.hpp:20[m[K,
[4.659s]                  from [01m[K/opt/ros/humble/include/rclcpp/rclcpp/executor.hpp:37[m[K,
[4.659s]                  from [01m[K/opt/ros/humble/include/rclcpp/rclcpp/executors/multi_threaded_executor.hpp:25[m[K,
[4.659s]                  from [01m[K/opt/ros/humble/include/rclcpp/rclcpp/executors.hpp:21[m[K,
[4.659s]                  from [01m[K/opt/ros/humble/include/rclcpp/rclcpp/rclcpp.hpp:155[m[K,
[4.659s]                  from [01m[K/home/hollis/cu/5254_final/src/amp_agents/include/amp_agents/agent_backend.hpp:9[m[K,
[4.659s]                  from [01m[K/home/hollis/cu/5254_final/src/amp_agents/src/agent_backend.cpp:1[m[K:
[4.659s] [01m[K/home/hollis/cu/5254_final/src/amp_agents/src/agent_backend.cpp:105:35:[m[K [01;35m[Kwarning: [m[Kformat â€˜[01m[K%s[m[Kâ€™ expects argument of type â€˜[01m[Kchar*[m[Kâ€™, but argument 6 has type â€˜[01m[Kstd::string[m[Kâ€™ {aka â€˜[01m[Kstd::__cxx11::basic_string<char>[m[Kâ€™} [[01;35m[K]8;;https://gcc.gnu.org/onlinedocs/gcc/Warning-Options.html#index-Wformat=-Wformat=]8;;[m[K]
[4.659s]   105 |         RCLCPP_WARN(get_logger(), [01;35m[K"Could not transform %s to %s: %s"[m[K, to_frame, from_frame, ex.what());
[4.659s]       |                                   [01;35m[K^~~~~~~~~~~~~~~~~~~~~~~~~~~~~~~~~~[m[K
[4.659s] [01m[K/home/hollis/cu/5254_final/src/amp_agents/src/agent_backend.cpp:105:63:[m[K [01;36m[Knote: [m[Kformat string is defined here
[4.659s]   105 |         RCLCPP_WARN(get_logger(), "Could not transform %s to [01;36m[K%s[m[K: %s", to_frame, from_frame, ex.what());
[4.659s]       |                                                              [01;36m[K~^[m[K
[4.659s]       |                                                               [01;36m[K|[m[K
[4.659s]       |                                                               [01;36m[Kchar*[m[K
[4.669s] [01m[K/home/hollis/cu/5254_final/src/amp_agents/src/agent_backend.cpp:[m[K In member function â€˜[01m[Kvirtual void AgentBackend::generate_tree(double)[m[Kâ€™:
[4.669s] [01m[K/home/hollis/cu/5254_final/src/amp_agents/src/agent_backend.cpp:152:41:[m[K [01;35m[Kwarning: [m[Kunused parameter â€˜[01m[Kpropagation_time[m[Kâ€™ [[01;35m[K]8;;https://gcc.gnu.org/onlinedocs/gcc/Warning-Options.html#index-Wunused-parameter-Wunused-parameter]8;;[m[K]
[4.669s]   152 | void AgentBackend::generate_tree([01;35m[Kdouble propagation_time[m[K){
[4.669s]       |                                  [01;35m[K~~~~~~~^~~~~~~~~~~~~~~~[m[K
[8.363s] [ 58%] [32m[1mLinking CXX static library libbackend.a[0m
[8.457s] [ 58%] Built target backend
[8.458s] gmake: *** [Makefile:146: all] Error 2
[8.460s] Invoked command in '/home/hollis/cu/5254_final/build/amp_agents' returned '2': CMAKE_PREFIX_PATH=/home/hollis/cu/5254_final/install/amp_sim:/home/hollis/cu/5254_final/install/amp_msgs:/home/hollis/cu/5254_final/install/amp_viz:/home/hollis/cu/5254_final/install/amp_agents:/opt/ros/humble LD_LIBRARY_PATH=/home/hollis/cu/5254_final/install/amp_msgs/lib:/home/hollis/cu/5254_final/install/amp_viz/lib:/home/hollis/cu/5254_final/install/amp_sim/lib:/opt/ros/humble/opt/rviz_ogre_vendor/lib:/opt/ros/humble/lib/x86_64-linux-gnu:/opt/ros/humble/lib /usr/bin/cmake --build /home/hollis/cu/5254_final/build/amp_agents -- -j24 -l24
