[0.005s] Invoking command in '/home/hollis/cu/5254_final/build/amp_viz': AMENT_PREFIX_PATH=/home/hollis/cu/5254_final/install/amp_sim:${AMENT_PREFIX_PATH} CMAKE_PREFIX_PATH=/home/hollis/cu/5254_final/install/amp_sim:/opt/ros/humble /usr/bin/cmake --build /home/hollis/cu/5254_final/build/amp_viz -- -j24 -l24
[0.015s] -- Found ament_cmake: 1.3.12 (/opt/ros/humble/share/ament_cmake/cmake)
[0.071s] -- Found rclpy: 3.3.17 (/opt/ros/humble/share/rclpy/cmake)
[0.071s] -- Found rviz_common: 11.2.20 (/opt/ros/humble/share/rviz_common/cmake)
[0.078s] -- Setting assimp_DIR to: '/opt/ros/humble/share/rviz_assimp_vendor/cmake/../../../opt/rviz_assimp_vendor/lib/cmake/assimp-4.1'
[0.079s] -- Setting OGRE_DIR to: '/opt/ros/humble/share/rviz_ogre_vendor/cmake/../../../opt/rviz_ogre_vendor/lib/OGRE/cmake'
[0.080s] -- Found OGRE
[0.080s] --   static     : OFF
[0.080s] --   components : HLMS;MeshLodGenerator;Overlay;Paging;Property;RTShaderSystem;Terrain;Volume
[0.080s] --   plugins    : Plugin_BSPSceneManager;Plugin_OctreeSceneManager;Plugin_PCZSceneManager;Plugin_ParticleFX;RenderSystem_GL;RenderSystem_GL3Plus;Codec_STBI
[0.080s] --   media      : /opt/ros/humble/opt/rviz_ogre_vendor/share/OGRE/Media
[0.080s] -- OGRE_LIBRARIES: OgreHLMS;OgreMeshLodGenerator;OgreOverlay;OgrePaging;OgreProperty;OgreRTShaderSystem;OgreTerrain;OgreVolume;OgreMain
[0.080s] -- OGRE_LIBRARY_DIRS: /opt/ros/humble/opt/rviz_ogre_vendor/lib
[0.080s] -- OGRE_PLUGINS: Plugin_BSPSceneManager;Plugin_OctreeSceneManager;Plugin_PCZSceneManager;Plugin_ParticleFX;RenderSystem_GL;RenderSystem_GL3Plus;Codec_STBI
[0.080s] -- OGRE_PLUGIN_DIR: /opt/ros/humble/opt/rviz_ogre_vendor/lib/OGRE
[0.080s] -- rviz_ogre_vendor::OgreOverlay for IMPORTED_LOCATION_RELEASE: /opt/ros/humble/opt/rviz_ogre_vendor/lib/libOgreOverlay.so
[0.080s] -- rviz_ogre_vendor::OgreOverlay for IMPORTED_LOCATION_DEBUG: /opt/ros/humble/opt/rviz_ogre_vendor/lib/libOgreOverlay.so
[0.080s] -- rviz_ogre_vendor::OgreMain for IMPORTED_LOCATION_RELEASE: /opt/ros/humble/opt/rviz_ogre_vendor/lib/libOgreMain.so
[0.080s] -- rviz_ogre_vendor::OgreMain for IMPORTED_LOCATION_DEBUG: /opt/ros/humble/opt/rviz_ogre_vendor/lib/libOgreMain.so
[0.081s] -- Could not find freeimage library
[0.107s] -- library: /usr/lib/x86_64-linux-gnu/libcurl.so
[0.115s] -- Found rosidl_generator_c: 3.1.7 (/opt/ros/humble/share/rosidl_generator_c/cmake)
[0.116s] -- Found rosidl_adapter: 3.1.7 (/opt/ros/humble/share/rosidl_adapter/cmake)
[0.119s] -- Found rosidl_generator_cpp: 3.1.7 (/opt/ros/humble/share/rosidl_generator_cpp/cmake)
[0.123s] -- Using all available rosidl_typesupport_c: rosidl_typesupport_fastrtps_c;rosidl_typesupport_introspection_c
[0.128s] -- Using all available rosidl_typesupport_cpp: rosidl_typesupport_fastrtps_cpp;rosidl_typesupport_introspection_cpp
[0.159s] -- Found rmw_implementation_cmake: 6.1.2 (/opt/ros/humble/share/rmw_implementation_cmake/cmake)
[0.160s] -- Found rmw_fastrtps_cpp: 6.2.8 (/opt/ros/humble/share/rmw_fastrtps_cpp/cmake)
[0.168s] -- Found TinyXML2 via Config file: TinyXML2_DIR-NOTFOUND
[0.172s] -- Found TinyXML2 via Config file: TinyXML2_DIR-NOTFOUND
[0.178s] -- Found TinyXML2 via Config file: TinyXML2_DIR-NOTFOUND
[0.181s] -- Found TinyXML2 via Config file: TinyXML2_DIR-NOTFOUND
[0.186s] -- Using RMW implementation 'rmw_fastrtps_cpp' as default
[0.212s] -- Ensuring Eigen3 include directory is part of orocos-kdl CMake target
[0.248s] -- Found ament_cmake_ros: 0.10.0 (/opt/ros/humble/share/ament_cmake_ros/cmake)
[0.250s] -- Found ament_lint_auto: 0.12.14 (/opt/ros/humble/share/ament_lint_auto/cmake)
[0.280s] -- Added test 'cppcheck' to perform static code analysis on C / C++ code
[0.280s] -- Configured cppcheck include dirs: $<BUILD_INTERFACE:/home/hollis/cu/5254_final/src/amp_viz/include>
[0.280s] -- Configured cppcheck exclude dirs and/or files: 
[0.280s] -- Added test 'flake8' to check Python code syntax and style conventions
[0.280s] -- Added test 'lint_cmake' to check CMake code style
[0.281s] -- Added test 'pep257' to check Python code against some of the docstring style conventions in PEP 257
[0.281s] -- Added test 'uncrustify' to check C / C++ code style
[0.281s] -- Configured uncrustify additional arguments: 
[0.281s] -- Added test 'xmllint' to check XML markup files
[0.282s] -- Configuring done
[0.295s] -- Generating done
[0.296s] -- Build files have been written to: /home/hollis/cu/5254_final/build/amp_viz
[0.316s] [ 25%] [34m[1mAutomatic MOC for target template_panel[0m
[0.326s] [ 25%] Built target template_panel_autogen
[0.330s] [35m[1mConsolidate compiler generated dependencies of target template_panel[0m
[0.335s] [ 50%] [32mBuilding CXX object CMakeFiles/template_panel.dir/src/template_panel.cpp.o[0m
[0.731s] [01m[K/home/hollis/cu/5254_final/src/amp_viz/src/template_panel.cpp:7:1:[m[K [01;31m[Kerror: [m[Kâ€˜[01m[KDemoPanel[m[Kâ€™ does not name a type
[0.731s]     7 | [01;31m[KDemoPanel[m[K::~DemoPanel() = default;
[0.731s]       | [01;31m[K^~~~~~~~~[m[K
[0.746s] In file included from [01m[K/opt/ros/humble/include/class_loader/class_loader/class_loader.hpp:56[m[K,
[0.746s]                  from [01m[K/opt/ros/humble/include/pluginlib/pluginlib/class_list_macros.hpp:40[m[K,
[0.746s]                  from [01m[K/home/hollis/cu/5254_final/src/amp_viz/src/template_panel.cpp:9[m[K:
[0.746s] [01m[K/home/hollis/cu/5254_final/src/amp_viz/src/template_panel.cpp:10:39:[m[K [01;31m[Kerror: [m[Kâ€˜[01m[Krviz[m[Kâ€™ does not name a type
[0.746s]    10 | PLUGINLIB_EXPORT_CLASS(TemplatePanel, [01;31m[Krviz[m[K::common::Panel)
[0.746s]       |                                       [01;31m[K^~~~[m[K
[0.746s] [01m[K/home/hollis/cu/5254_final/src/amp_viz/src/template_panel.cpp:[m[K In constructor â€˜[01m[K{anonymous}::ProxyExec0::ProxyExec0()[m[Kâ€™:
[0.746s] [01m[K/home/hollis/cu/5254_final/src/amp_viz/src/template_panel.cpp:10:1:[m[K [01;31m[Kerror: [m[Kâ€˜[01m[K_base[m[Kâ€™ was not declared in this scope
[0.746s]    10 | [01;31m[KPLUGINLIB_EXPORT_CLASS[m[K(TemplatePanel, rviz::common::Panel)
[0.746s]       | [01;31m[K^~~~~~~~~~~~~~~~~~~~~~[m[K
[0.747s] [01m[K/home/hollis/cu/5254_final/src/amp_viz/src/template_panel.cpp:10:1:[m[K [01;31m[Kerror: [m[Kno matching function for call to â€˜[01m[KregisterPlugin<{anonymous}::ProxyExec0::_derived, <expression error> >(const char [14], const char [20])[m[Kâ€™
[0.747s]    10 | [01;31m[KPLUGINLIB_EXPORT_CLASS[m[K(TemplatePanel, rviz::common::Panel)
[0.747s]       | [01;31m[K^~~~~~~~~~~~~~~~~~~~~~[m[K
[0.747s] In file included from [01m[K/opt/ros/humble/include/class_loader/class_loader/class_loader.hpp:55[m[K,
[0.747s]                  from [01m[K/opt/ros/humble/include/pluginlib/pluginlib/class_list_macros.hpp:40[m[K,
[0.747s]                  from [01m[K/home/hollis/cu/5254_final/src/amp_viz/src/template_panel.cpp:9[m[K:
[0.747s] [01m[K/opt/ros/humble/include/class_loader/class_loader/class_loader_core.hpp:210:6:[m[K [01;36m[Knote: [m[Kcandidate: â€˜[01m[Ktemplate<class Derived, class Base> void class_loader::impl::registerPlugin(const string&, const string&)[m[Kâ€™
[0.747s]   210 | void [01;36m[KregisterPlugin[m[K(const std::string & class_name, const std::string & base_class_name)
[0.747s]       |      [01;36m[K^~~~~~~~~~~~~~[m[K
[0.747s] [01m[K/opt/ros/humble/include/class_loader/class_loader/class_loader_core.hpp:210:6:[m[K [01;36m[Knote: [m[K  template argument deduction/substitution failed:
[0.747s] In file included from [01m[K/opt/ros/humble/include/class_loader/class_loader/class_loader.hpp:56[m[K,
[0.747s]                  from [01m[K/opt/ros/humble/include/pluginlib/pluginlib/class_list_macros.hpp:40[m[K,
[0.747s]                  from [01m[K/home/hollis/cu/5254_final/src/amp_viz/src/template_panel.cpp:9[m[K:
[0.747s] [01m[K/home/hollis/cu/5254_final/src/amp_viz/src/template_panel.cpp:10:1:[m[K [01;31m[Kerror: [m[Ktemplate argument 2 is invalid
[0.747s]    10 | [01;31m[KPLUGINLIB_EXPORT_CLASS[m[K(TemplatePanel, rviz::common::Panel)
[0.747s]       | [01;31m[K^~~~~~~~~~~~~~~~~~~~~~[m[K
[0.796s] gmake[2]: *** [CMakeFiles/template_panel.dir/build.make:90: CMakeFiles/template_panel.dir/src/template_panel.cpp.o] Error 1
[0.796s] gmake[1]: *** [CMakeFiles/Makefile2:138: CMakeFiles/template_panel.dir/all] Error 2
[0.796s] gmake: *** [Makefile:146: all] Error 2
[0.799s] Invoked command in '/home/hollis/cu/5254_final/build/amp_viz' returned '2': AMENT_PREFIX_PATH=/home/hollis/cu/5254_final/install/amp_sim:${AMENT_PREFIX_PATH} CMAKE_PREFIX_PATH=/home/hollis/cu/5254_final/install/amp_sim:/opt/ros/humble /usr/bin/cmake --build /home/hollis/cu/5254_final/build/amp_viz -- -j24 -l24
