[0.007s] Invoking command in '/home/hollis/cu/5254_final/build/amp_sim': CMAKE_PREFIX_PATH=/home/hollis/cu/5254_final/install/amp_msgs:/home/hollis/cu/5254_final/install/amp_viz:/home/hollis/cu/5254_final/install/amp_agents:/home/hollis/cu/5254_final/install/amp_sim:/opt/ros/humble LD_LIBRARY_PATH=/home/hollis/cu/5254_final/install/amp_msgs/lib:/home/hollis/cu/5254_final/install/amp_viz/lib:/home/hollis/cu/5254_final/install/amp_sim/lib:/opt/ros/humble/opt/rviz_ogre_vendor/lib:/opt/ros/humble/lib/x86_64-linux-gnu:/opt/ros/humble/lib /usr/bin/cmake --build /home/hollis/cu/5254_final/build/amp_sim -- -j24 -l24
[0.057s] [ 25%] Built target dynamic_object
[0.079s] [ 50%] Built target omni_agent
[0.079s] [ 75%] Built target dynamic_ball
[0.095s] [35m[1mConsolidate compiler generated dependencies of target sim_node[0m
[0.111s] [ 87%] [32mBuilding CXX object CMakeFiles/sim_node.dir/src/run_sim.cpp.o[0m
[2.152s] [01m[K/home/hollis/cu/5254_final/src/amp_sim/src/run_sim.cpp:[m[K In constructor â€˜[01m[KSimNode::SimNode()[m[Kâ€™:
[2.152s] [01m[K/home/hollis/cu/5254_final/src/amp_sim/src/run_sim.cpp:77:1:[m[K [01;31m[Kerror: [m[Kexpected primary-expression before â€˜[01m[K)[m[Kâ€™ token
[2.152s]    77 | [01;31m[K)[m[K;
[2.152s]       | [01;31m[K^[m[K
[2.409s] [01m[K/home/hollis/cu/5254_final/src/amp_sim/src/run_sim.cpp:[m[K In member function â€˜[01m[Kvoid SimNode::handle_new_agent_path(amp_msgs::msg::IdealPath)[m[Kâ€™:
[2.410s] [01m[K/home/hollis/cu/5254_final/src/amp_sim/src/run_sim.cpp:105:30:[m[K [01;35m[Kwarning: [m[Kcomparison of integer expressions of different signedness: â€˜[01m[Kint[m[Kâ€™ and â€˜[01m[Kstd::vector<float>::size_type[m[Kâ€™ {aka â€˜[01m[Klong unsigned int[m[Kâ€™} [[01;35m[K]8;;https://gcc.gnu.org/onlinedocs/gcc/Warning-Options.html#index-Wsign-compare-Wsign-compare]8;;[m[K]
[2.410s]   105 |             for(int i = 0; [01;35m[Ki < msg.duration_array.size()[m[K; i++){
[2.410s]       |                            [01;35m[K~~^~~~~~~~~~~~~~~~~~~~~~~~~~~[m[K
[2.453s] [01m[K/home/hollis/cu/5254_final/src/amp_sim/src/run_sim.cpp:[m[K In member function â€˜[01m[Kstd::vector<std::pair<double, Eigen::Matrix<double, 12, 1> > > SimNode::get_current_agent_control(double)[m[Kâ€™:
[2.453s] [01m[K/home/hollis/cu/5254_final/src/amp_sim/src/run_sim.cpp:151:40:[m[K [01;35m[Kwarning: [m[Kcomparison of integer expressions of different signedness: â€˜[01m[Kint[m[Kâ€™ and â€˜[01m[Kstd::vector<double, std::allocator<double> >::size_type[m[Kâ€™ {aka â€˜[01m[Klong unsigned int[m[Kâ€™} [[01;35m[K]8;;https://gcc.gnu.org/onlinedocs/gcc/Warning-Options.html#index-Wsign-compare-Wsign-compare]8;;[m[K]
[2.453s]   151 |                     if([01;35m[Kagent_path_step == agent_path_step_times.size()[m[K){
[2.453s]       |                        [01;35m[K~~~~~~~~~~~~~~~~^~~~~~~~~~~~~~~~~~~~~~~~~~~~~~~[m[K
[2.457s] [01m[K/home/hollis/cu/5254_final/src/amp_sim/src/run_sim.cpp:[m[K In member function â€˜[01m[Kvoid SimNode::tic_cb()[m[Kâ€™:
[2.457s] [01m[K/home/hollis/cu/5254_final/src/amp_sim/src/run_sim.cpp:190:38:[m[K [01;35m[Kwarning: [m[Kcomparison of integer expressions of different signedness: â€˜[01m[Kint[m[Kâ€™ and â€˜[01m[Kstd::vector<std::pair<double, Eigen::Matrix<double, 12, 1> > >::size_type[m[Kâ€™ {aka â€˜[01m[Klong unsigned int[m[Kâ€™} [[01;35m[K]8;;https://gcc.gnu.org/onlinedocs/gcc/Warning-Options.html#index-Wsign-compare-Wsign-compare]8;;[m[K]
[2.457s]   190 |                     for(int i = 0; [01;35m[Ki < controls.size()[m[K; i++){
[2.457s]       |                                    [01;35m[K~~^~~~~~~~~~~~~~~~~[m[K
[2.457s] [01m[K/home/hollis/cu/5254_final/src/amp_sim/src/run_sim.cpp:202:30:[m[K [01;35m[Kwarning: [m[Kcomparison of integer expressions of different signedness: â€˜[01m[Kint[m[Kâ€™ and â€˜[01m[Kstd::vector<std::_List_iterator<DynamicObject*> >::size_type[m[Kâ€™ {aka â€˜[01m[Klong unsigned int[m[Kâ€™} [[01;35m[K]8;;https://gcc.gnu.org/onlinedocs/gcc/Warning-Options.html#index-Wsign-compare-Wsign-compare]8;;[m[K]
[2.457s]   202 |             for(int i = 0; [01;35m[Ki < to_erase.size()[m[K; i++){
[2.457s]       |                            [01;35m[K~~^~~~~~~~~~~~~~~~~[m[K
[6.211s] gmake[2]: *** [CMakeFiles/sim_node.dir/build.make:76: CMakeFiles/sim_node.dir/src/run_sim.cpp.o] Error 1
[6.211s] gmake[1]: *** [CMakeFiles/Makefile2:223: CMakeFiles/sim_node.dir/all] Error 2
[6.212s] gmake: *** [Makefile:146: all] Error 2
[6.218s] Invoked command in '/home/hollis/cu/5254_final/build/amp_sim' returned '2': CMAKE_PREFIX_PATH=/home/hollis/cu/5254_final/install/amp_msgs:/home/hollis/cu/5254_final/install/amp_viz:/home/hollis/cu/5254_final/install/amp_agents:/home/hollis/cu/5254_final/install/amp_sim:/opt/ros/humble LD_LIBRARY_PATH=/home/hollis/cu/5254_final/install/amp_msgs/lib:/home/hollis/cu/5254_final/install/amp_viz/lib:/home/hollis/cu/5254_final/install/amp_sim/lib:/opt/ros/humble/opt/rviz_ogre_vendor/lib:/opt/ros/humble/lib/x86_64-linux-gnu:/opt/ros/humble/lib /usr/bin/cmake --build /home/hollis/cu/5254_final/build/amp_sim -- -j24 -l24
