[0.010s] Invoking command in '/home/hollis/cu/5254_final/build/amp_agents': CMAKE_PREFIX_PATH=/home/hollis/cu/5254_final/install/amp_sim:/home/hollis/cu/5254_final/install/amp_msgs:/home/hollis/cu/5254_final/install/amp_viz:/home/hollis/cu/5254_final/install/amp_agents:/opt/ros/humble LD_LIBRARY_PATH=/home/hollis/cu/5254_final/install/amp_msgs/lib:/home/hollis/cu/5254_final/install/amp_viz/lib:/home/hollis/cu/5254_final/install/amp_sim/lib:/opt/ros/humble/opt/rviz_ogre_vendor/lib:/opt/ros/humble/lib/x86_64-linux-gnu:/opt/ros/humble/lib /usr/bin/cmake --build /home/hollis/cu/5254_final/build/amp_agents -- -j24 -l24
[0.047s] [  8%] [32mBuilding CXX object CMakeFiles/tree_visualizer.dir/src/visualize_tree.cpp.o[0m
[0.047s] [ 25%] Built target collision_checker
[0.062s] [ 33%] [32mBuilding CXX object CMakeFiles/sst_tree.dir/src/propagate_sst.cpp.o[0m
[1.625s] In file included from [01m[K/home/hollis/cu/5254_final/src/amp_agents/src/propagate_sst.cpp:1[m[K:
[1.625s] [01m[K/home/hollis/cu/5254_final/src/amp_agents/include/amp_agents/propagate_sst.hpp:59:13:[m[K [01;31m[Kerror: [m[Kexpected â€˜[01m[K;[m[Kâ€™ at end of member declaration
[1.625s]    59 |         int [01;31m[Knode_index[m[K
[1.625s]       |             [01;31m[K^~~~~~~~~~[m[K
[1.625s]       |                       [32m[K;[m[K
[1.657s] [01m[K/home/hollis/cu/5254_final/src/amp_agents/src/propagate_sst.cpp:[m[K In member function â€˜[01m[KV12d SstTree::generate_random_controls()[m[Kâ€™:
[1.657s] [01m[K/home/hollis/cu/5254_final/src/amp_agents/src/propagate_sst.cpp:141:22:[m[K [01;35m[Kwarning: [m[Kcomparison of integer expressions of different signedness: â€˜[01m[Kint[m[Kâ€™ and â€˜[01m[Kstd::vector<std::pair<double, double> >::size_type[m[Kâ€™ {aka â€˜[01m[Klong unsigned int[m[Kâ€™} [[01;35m[K]8;;https://gcc.gnu.org/onlinedocs/gcc/Warning-Options.html#index-Wsign-compare-Wsign-compare]8;;[m[K]
[1.657s]   141 |     for(int i = 0; [01;35m[Ki < env->control_limits.size()[m[K; i++){
[1.657s]       |                    [01;35m[K~~^~~~~~~~~~~~~~~~~~~~~~~~~~~~[m[K
[1.661s] [01m[K/home/hollis/cu/5254_final/src/amp_agents/src/propagate_sst.cpp:[m[K In constructor â€˜[01m[KSstPath::SstPath(SstNode, DynamicObject*, bool)[m[Kâ€™:
[1.661s] [01m[K/home/hollis/cu/5254_final/src/amp_agents/src/propagate_sst.cpp:306:22:[m[K [01;35m[Kwarning: [m[Kcomparison of integer expressions of different signedness: â€˜[01m[Kint[m[Kâ€™ and â€˜[01m[Kstd::vector<std::pair<double, Eigen::Matrix<double, 13, 1> > >::size_type[m[Kâ€™ {aka â€˜[01m[Klong unsigned int[m[Kâ€™} [[01;35m[K]8;;https://gcc.gnu.org/onlinedocs/gcc/Warning-Options.html#index-Wsign-compare-Wsign-compare]8;;[m[K]
[1.661s]   306 |     for(int i = 0; [01;35m[Ki < states.size()[m[K; i++){
[1.661s]       |                    [01;35m[K~~^~~~~~~~~~~~~~~[m[K
[1.661s] [01m[K/home/hollis/cu/5254_final/src/amp_agents/src/propagate_sst.cpp:312:22:[m[K [01;35m[Kwarning: [m[Kcomparison of integer expressions of different signedness: â€˜[01m[Kint[m[Kâ€™ and â€˜[01m[Kstd::vector<Eigen::Matrix<double, 12, 1> >::size_type[m[Kâ€™ {aka â€˜[01m[Klong unsigned int[m[Kâ€™} [[01;35m[K]8;;https://gcc.gnu.org/onlinedocs/gcc/Warning-Options.html#index-Wsign-compare-Wsign-compare]8;;[m[K]
[1.661s]   312 |     for(int i = 0; [01;35m[Ki < controls.size()[m[K; i++){
[1.661s]       |                    [01;35m[K~~^~~~~~~~~~~~~~~~~[m[K
[1.662s] [01m[K/home/hollis/cu/5254_final/src/amp_agents/src/propagate_sst.cpp:[m[K In member function â€˜[01m[Kvoid SstPath::create_forward_path(SstNode)[m[Kâ€™:
[1.662s] [01m[K/home/hollis/cu/5254_final/src/amp_agents/src/propagate_sst.cpp:329:26:[m[K [01;35m[Kwarning: [m[Kcomparison of integer expressions of different signedness: â€˜[01m[Kint[m[Kâ€™ and â€˜[01m[Kstd::vector<std::pair<double, Eigen::Matrix<double, 13, 1> > >::size_type[m[Kâ€™ {aka â€˜[01m[Klong unsigned int[m[Kâ€™} [[01;35m[K]8;;https://gcc.gnu.org/onlinedocs/gcc/Warning-Options.html#index-Wsign-compare-Wsign-compare]8;;[m[K]
[1.662s]   329 |         for(int i = 0; [01;35m[Ki < current->sub_states.size()[m[K; i++){
[1.662s]       |                        [01;35m[K~~^~~~~~~~~~~~~~~~~~~~~~~~~~~~[m[K
[1.662s] [01m[K/home/hollis/cu/5254_final/src/amp_agents/src/propagate_sst.cpp:[m[K In member function â€˜[01m[Kvoid SstTree::save_tree_to_file(std::string)[m[Kâ€™:
[1.662s] [01m[K/home/hollis/cu/5254_final/src/amp_agents/src/propagate_sst.cpp:341:45:[m[K [01;35m[Kwarning: [m[Kunused parameter â€˜[01m[Kfilename[m[Kâ€™ [[01;35m[K]8;;https://gcc.gnu.org/onlinedocs/gcc/Warning-Options.html#index-Wunused-parameter-Wunused-parameter]8;;[m[K]
[1.662s]   341 | void SstTree::save_tree_to_file([01;35m[Kstd::string filename[m[K){
[1.662s]       |                                 [01;35m[K~~~~~~~~~~~~^~~~~~~~[m[K
[1.662s] [01m[K/home/hollis/cu/5254_final/src/amp_agents/src/propagate_sst.cpp:[m[K In member function â€˜[01m[Kvoid SstTree::load_tree_from_file(std::string)[m[Kâ€™:
[1.662s] [01m[K/home/hollis/cu/5254_final/src/amp_agents/src/propagate_sst.cpp:400:47:[m[K [01;35m[Kwarning: [m[Kunused parameter â€˜[01m[Kfilename[m[Kâ€™ [[01;35m[K]8;;https://gcc.gnu.org/onlinedocs/gcc/Warning-Options.html#index-Wunused-parameter-Wunused-parameter]8;;[m[K]
[1.662s]   400 | void SstTree::load_tree_from_file([01;35m[Kstd::string filename[m[K){
[1.662s]       |                                   [01;35m[K~~~~~~~~~~~~^~~~~~~~[m[K
[2.225s] In file included from [01m[K/home/hollis/cu/5254_final/src/amp_agents/include/amp_agents/visualize_tree.hpp:7[m[K,
[2.225s]                  from [01m[K/home/hollis/cu/5254_final/src/amp_agents/src/visualize_tree.cpp:1[m[K:
[2.225s] [01m[K/home/hollis/cu/5254_final/src/amp_agents/include/amp_agents/propagate_sst.hpp:59:13:[m[K [01;31m[Kerror: [m[Kexpected â€˜[01m[K;[m[Kâ€™ at end of member declaration
[2.225s]    59 |         int [01;31m[Knode_index[m[K
[2.225s]       |             [01;31m[K^~~~~~~~~~[m[K
[2.225s]       |                       [32m[K;[m[K
[2.239s] gmake[2]: *** [CMakeFiles/sst_tree.dir/build.make:76: CMakeFiles/sst_tree.dir/src/propagate_sst.cpp.o] Error 1
[2.239s] gmake[1]: *** [CMakeFiles/Makefile2:199: CMakeFiles/sst_tree.dir/all] Error 2
[2.239s] gmake[1]: *** Waiting for unfinished jobs....
[2.265s] [01m[K/home/hollis/cu/5254_final/src/amp_agents/src/visualize_tree.cpp:[m[K In member function â€˜[01m[Kvoid TreeVisualizer::displayTree(std::__cxx11::list<SstNode*>)[m[Kâ€™:
[2.265s] [01m[K/home/hollis/cu/5254_final/src/amp_agents/src/visualize_tree.cpp:17:20:[m[K [01;35m[Kwarning: [m[Kempty parentheses were disambiguated as a function declaration [[01;35m[K]8;;https://gcc.gnu.org/onlinedocs/gcc/Warning-Options.html#index-Wvexing-parse-Wvexing-parse]8;;[m[K]
[2.265s]    17 |     V13d root_state[01;35m[K()[m[K;
[2.265s]       |                    [01;35m[K^~[m[K
[2.265s] [01m[K/home/hollis/cu/5254_final/src/amp_agents/src/visualize_tree.cpp:17:20:[m[K [01;36m[Knote: [m[Kremove parentheses to default-initialize a variable
[2.265s]    17 |     V13d root_state[01;36m[K()[m[K;
[2.265s]       |                    [01;36m[K^~[m[K
[2.265s]       |                    [31m[K--[m[K
[2.266s] [01m[K/home/hollis/cu/5254_final/src/amp_agents/src/visualize_tree.cpp:18:56:[m[K [01;31m[Kerror: [m[Kcannot convert â€˜[01m[KV13d (*)()[m[Kâ€™ {aka â€˜[01m[KEigen::Matrix<double, 13, 1> (*)()[m[Kâ€™} to â€˜[01m[KV13d*[m[Kâ€™ {aka â€˜[01m[KEigen::Matrix<double, 13, 1>*[m[Kâ€™}
[2.266s]    18 |     std::pair<int, int> center_pos = getPixelFromState([01;31m[K&root_state[m[K);
[2.266s]       |                                                        [01;31m[K^~~~~~~~~~~[m[K
[2.266s]       |                                                        [01;31m[K|[m[K
[2.266s]       |                                                        [01;31m[KV13d (*)() {aka Eigen::Matrix<double, 13, 1> (*)()}[m[K
[2.266s] In file included from [01m[K/home/hollis/cu/5254_final/src/amp_agents/src/visualize_tree.cpp:1[m[K:
[2.266s] [01m[K/home/hollis/cu/5254_final/src/amp_agents/include/amp_agents/visualize_tree.hpp:26:53:[m[K [01;36m[Knote: [m[K  initializing argument 1 of â€˜[01m[Kstd::pair<int, int> TreeVisualizer::getPixelFromState(V13d*)[m[Kâ€™
[2.266s]    26 |         std::pair<int, int> getPixelFromState([01;36m[KV13d* node[m[K);
[2.266s]       |                                               [01;36m[K~~~~~~^~~~[m[K
[2.267s] [01m[K/home/hollis/cu/5254_final/src/amp_agents/src/visualize_tree.cpp:[m[K In member function â€˜[01m[Kvoid TreeVisualizer::drawNode(SstNode*)[m[Kâ€™:
[2.267s] [01m[K/home/hollis/cu/5254_final/src/amp_agents/src/visualize_tree.cpp:50:26:[m[K [01;35m[Kwarning: [m[Kcomparison of integer expressions of different signedness: â€˜[01m[Kint[m[Kâ€™ and â€˜[01m[Kstd::vector<std::pair<double, Eigen::Matrix<double, 13, 1> > >::size_type[m[Kâ€™ {aka â€˜[01m[Klong unsigned int[m[Kâ€™} [[01;35m[K]8;;https://gcc.gnu.org/onlinedocs/gcc/Warning-Options.html#index-Wsign-compare-Wsign-compare]8;;[m[K]
[2.267s]    50 |         for(int i = 0; [01;35m[Ki < node->sub_states.size()[m[K; i++){
[2.267s]       |                        [01;35m[K~~^~~~~~~~~~~~~~~~~~~~~~~~~[m[K
[2.680s] gmake[2]: *** [CMakeFiles/tree_visualizer.dir/build.make:76: CMakeFiles/tree_visualizer.dir/src/visualize_tree.cpp.o] Error 1
[2.680s] gmake[1]: *** [CMakeFiles/Makefile2:173: CMakeFiles/tree_visualizer.dir/all] Error 2
[2.680s] gmake: *** [Makefile:146: all] Error 2
[2.682s] Invoked command in '/home/hollis/cu/5254_final/build/amp_agents' returned '2': CMAKE_PREFIX_PATH=/home/hollis/cu/5254_final/install/amp_sim:/home/hollis/cu/5254_final/install/amp_msgs:/home/hollis/cu/5254_final/install/amp_viz:/home/hollis/cu/5254_final/install/amp_agents:/opt/ros/humble LD_LIBRARY_PATH=/home/hollis/cu/5254_final/install/amp_msgs/lib:/home/hollis/cu/5254_final/install/amp_viz/lib:/home/hollis/cu/5254_final/install/amp_sim/lib:/opt/ros/humble/opt/rviz_ogre_vendor/lib:/opt/ros/humble/lib/x86_64-linux-gnu:/opt/ros/humble/lib /usr/bin/cmake --build /home/hollis/cu/5254_final/build/amp_agents -- -j24 -l24
