[0.005s] Invoking command in '/home/hollis/cu/5254_final/build/amp_viz': CMAKE_PREFIX_PATH=/home/hollis/cu/5254_final/install/amp_sim:/home/hollis/cu/5254_final/install/amp_viz:/opt/ros/humble /usr/bin/cmake --build /home/hollis/cu/5254_final/build/amp_viz -- -j24 -l24
[0.029s] [ 16%] [34m[1mAutomatic MOC and UIC for target template_panel[0m
[0.049s] [ 16%] Built target template_panel_autogen
[0.054s] [ 33%] [34m[1mGenerating include/amp_viz/moc_template_panel.cpp[0m
[0.060s] [35m[1mConsolidate compiler generated dependencies of target template_panel[0m
[0.067s] [ 50%] [32mBuilding CXX object CMakeFiles/template_panel.dir/include/amp_viz/moc_template_panel.cpp.o[0m
[0.067s] [ 66%] [32mBuilding CXX object CMakeFiles/template_panel.dir/src/template_panel.cpp.o[0m
[0.503s] In file included from [01m[K/home/hollis/cu/5254_final/build/amp_viz/include/amp_viz/moc_template_panel.cpp:10[m[K:
[0.503s] [01m[K/home/hollis/cu/5254_final/build/amp_viz/include/amp_viz/../../../../src/amp_viz/include/amp_viz/template_panel.hpp:12:9:[m[K [01;31m[Kerror: [m[Kâ€˜[01m[KUi[m[Kâ€™ does not name a type
[0.504s]    12 |         [01;31m[KUi[m[K::template_panel *ui;
[0.504s]       |         [01;31m[K^~[m[K
[0.534s] In file included from [01m[K/home/hollis/cu/5254_final/src/amp_viz/src/template_panel.cpp:1[m[K:
[0.534s] [01m[K/home/hollis/cu/5254_final/src/amp_viz/include/amp_viz/template_panel.hpp:12:9:[m[K [01;31m[Kerror: [m[Kâ€˜[01m[KUi[m[Kâ€™ does not name a type
[0.534s]    12 |         [01;31m[KUi[m[K::template_panel *ui;
[0.534s]       |         [01;31m[K^~[m[K
[0.550s] [01m[K/home/hollis/cu/5254_final/src/amp_viz/src/template_panel.cpp:[m[K In constructor â€˜[01m[KTemplatePanel::TemplatePanel(QWidget*)[m[Kâ€™:
[0.550s] [01m[K/home/hollis/cu/5254_final/src/amp_viz/src/template_panel.cpp:4:64:[m[K [01;31m[Kerror: [m[Kclass â€˜[01m[KTemplatePanel[m[Kâ€™ does not have any field named â€˜[01m[Kui[m[Kâ€™
[0.550s]     4 | platePanel::TemplatePanel(QWidget* parent) : Panel(parent), [01;31m[Kui[m[K(new ui::Template_Panel){
[0.551s]       |                                                             [01;31m[K^~[m[K
[0.551s] 
[0.551s] [01m[K/home/hollis/cu/5254_final/src/amp_viz/src/template_panel.cpp:4:71:[m[K [01;31m[Kerror: [m[Kâ€˜[01m[Kui[m[Kâ€™ does not name a type; did you mean â€˜[01m[Kuint[m[Kâ€™?
[0.551s]     4 | nel::TemplatePanel(QWidget* parent) : Panel(parent), ui(new [01;31m[Kui[m[K::Template_Panel){
[0.551s]       |                                                             [01;31m[K^~[m[K
[0.551s]       |                                                             [32m[Kuint[m[K
[0.553s] [01m[K/home/hollis/cu/5254_final/src/amp_viz/src/template_panel.cpp:5:5:[m[K [01;31m[Kerror: [m[Kâ€˜[01m[Kui[m[Kâ€™ was not declared in this scope; did you mean â€˜[01m[KUi[m[Kâ€™?
[0.553s]     5 |     [01;31m[Kui[m[K.setupUi(Panel);
[0.553s]       |     [01;31m[K^~[m[K
[0.553s]       |     [32m[KUi[m[K
[0.553s] [01m[K/home/hollis/cu/5254_final/src/amp_viz/src/template_panel.cpp:5:21:[m[K [01;31m[Kerror: [m[Kexpected primary-expression before â€˜[01m[K)[m[Kâ€™ token
[0.553s]     5 |     ui.setupUi(Panel[01;31m[K)[m[K;
[0.553s]       |                     [01;31m[K^[m[K
[0.565s] gmake[2]: *** [CMakeFiles/template_panel.dir/build.make:108: CMakeFiles/template_panel.dir/include/amp_viz/moc_template_panel.cpp.o] Error 1
[0.566s] gmake[2]: *** Waiting for unfinished jobs....
[0.634s] gmake[2]: *** [CMakeFiles/template_panel.dir/build.make:94: CMakeFiles/template_panel.dir/src/template_panel.cpp.o] Error 1
[0.635s] gmake[1]: *** [CMakeFiles/Makefile2:138: CMakeFiles/template_panel.dir/all] Error 2
[0.635s] gmake: *** [Makefile:146: all] Error 2
[0.637s] Invoked command in '/home/hollis/cu/5254_final/build/amp_viz' returned '2': CMAKE_PREFIX_PATH=/home/hollis/cu/5254_final/install/amp_sim:/home/hollis/cu/5254_final/install/amp_viz:/opt/ros/humble /usr/bin/cmake --build /home/hollis/cu/5254_final/build/amp_viz -- -j24 -l24
