[0.004s] Invoking command in '/home/hollis/cu/5254_final/build/amp_viz': CMAKE_PREFIX_PATH=/home/hollis/cu/5254_final/install/amp_sim:/home/hollis/cu/5254_final/install/amp_viz:/opt/ros/humble /usr/bin/cmake --build /home/hollis/cu/5254_final/build/amp_viz -- -j24 -l24
[0.029s] [ 16%] [34m[1mAutomatic MOC for target template_panel[0m
[0.039s] [ 16%] Built target template_panel_autogen
[0.045s] [ 33%] [34m[1mGenerating include/amp_viz/moc_template_panel.cpp[0m
[0.052s] [35m[1mConsolidate compiler generated dependencies of target template_panel[0m
[0.064s] [ 50%] [32mBuilding CXX object CMakeFiles/template_panel.dir/src/template_panel.cpp.o[0m
[0.065s] [ 66%] [32mBuilding CXX object CMakeFiles/template_panel.dir/include/amp_viz/moc_template_panel.cpp.o[0m
[0.156s] [01m[K/home/hollis/cu/5254_final/src/amp_viz/src/template_panel.cpp:2:10:[m[K [01;31m[Kfatal error: [m[Kui/ui_template_panel.h: No such file or directory
[0.156s]     2 | #include [01;31m[K"ui/ui_template_panel.h"[m[K
[0.156s]       |          [01;31m[K^~~~~~~~~~~~~~~~~~~~~~~~[m[K
[0.156s] compilation terminated.
[0.159s] gmake[2]: *** [CMakeFiles/template_panel.dir/build.make:94: CMakeFiles/template_panel.dir/src/template_panel.cpp.o] Error 1
[0.159s] gmake[2]: *** Waiting for unfinished jobs....
[0.470s] In file included from [01m[K/home/hollis/cu/5254_final/build/amp_viz/include/amp_viz/moc_template_panel.cpp:10[m[K:
[0.470s] [01m[K/home/hollis/cu/5254_final/build/amp_viz/include/amp_viz/../../../../src/amp_viz/include/amp_viz/template_panel.hpp:12:9:[m[K [01;31m[Kerror: [m[Kâ€˜[01m[KUi[m[Kâ€™ does not name a type
[0.470s]    12 |         [01;31m[KUi[m[K::teamplate_panel *ui;
[0.470s]       |         [01;31m[K^~[m[K
[0.524s] gmake[2]: *** [CMakeFiles/template_panel.dir/build.make:108: CMakeFiles/template_panel.dir/include/amp_viz/moc_template_panel.cpp.o] Error 1
[0.525s] gmake[1]: *** [CMakeFiles/Makefile2:138: CMakeFiles/template_panel.dir/all] Error 2
[0.525s] gmake: *** [Makefile:146: all] Error 2
[0.526s] Invoked command in '/home/hollis/cu/5254_final/build/amp_viz' returned '2': CMAKE_PREFIX_PATH=/home/hollis/cu/5254_final/install/amp_sim:/home/hollis/cu/5254_final/install/amp_viz:/opt/ros/humble /usr/bin/cmake --build /home/hollis/cu/5254_final/build/amp_viz -- -j24 -l24
