[0.014s] Invoking command in '/home/hollis/cu/5254_final/build/amp_agents': CMAKE_PREFIX_PATH=/home/hollis/cu/5254_final/install/amp_sim:/home/hollis/cu/5254_final/install/amp_msgs:/home/hollis/cu/5254_final/install/amp_viz:/home/hollis/cu/5254_final/install/amp_agents:/opt/ros/humble LD_LIBRARY_PATH=/home/hollis/cu/5254_final/install/amp_msgs/lib:/home/hollis/cu/5254_final/install/amp_viz/lib:/home/hollis/cu/5254_final/install/amp_sim/lib:/opt/ros/humble/opt/rviz_ogre_vendor/lib:/opt/ros/humble/lib/x86_64-linux-gnu:/opt/ros/humble/lib /usr/bin/cmake --build /home/hollis/cu/5254_final/build/amp_agents -- -j24 -l24
[0.058s] [35m[1mConsolidate compiler generated dependencies of target sst_tree[0m
[0.070s] [ 10%] [32mBuilding CXX object CMakeFiles/tree_visualizer.dir/src/visualize_tree.cpp.o[0m
[0.074s] [ 20%] [32mBuilding CXX object CMakeFiles/sst_tree.dir/src/propagate_sst.cpp.o[0m
[0.290s] In file included from [01m[K/home/hollis/cu/5254_final/src/amp_agents/src/propagate_sst.cpp:1[m[K:
[0.290s] [01m[K/home/hollis/cu/5254_final/src/amp_agents/include/amp_agents/propagate_sst.hpp:20:10:[m[K [01;31m[Kfatal error: [m[Kcollision_checker.hpp: No such file or directory
[0.290s]    20 | #include [01;31m[K"collision_checker.hpp"[m[K
[0.290s]       |          [01;31m[K^~~~~~~~~~~~~~~~~~~~~~~[m[K
[0.290s] compilation terminated.
[0.298s] gmake[2]: *** [CMakeFiles/sst_tree.dir/build.make:76: CMakeFiles/sst_tree.dir/src/propagate_sst.cpp.o] Error 1
[0.298s] gmake[1]: *** [CMakeFiles/Makefile2:171: CMakeFiles/sst_tree.dir/all] Error 2
[0.298s] gmake[1]: *** Waiting for unfinished jobs....
[0.341s] In file included from [01m[K/home/hollis/cu/5254_final/src/amp_agents/include/amp_agents/visualize_tree.hpp:7[m[K,
[0.341s]                  from [01m[K/home/hollis/cu/5254_final/src/amp_agents/src/visualize_tree.cpp:1[m[K:
[0.341s] [01m[K/home/hollis/cu/5254_final/src/amp_agents/include/amp_agents/propagate_sst.hpp:20:10:[m[K [01;31m[Kfatal error: [m[Kcollision_checker.hpp: No such file or directory
[0.341s]    20 | #include [01;31m[K"collision_checker.hpp"[m[K
[0.341s]       |          [01;31m[K^~~~~~~~~~~~~~~~~~~~~~~[m[K
[0.341s] compilation terminated.
[0.346s] gmake[2]: *** [CMakeFiles/tree_visualizer.dir/build.make:76: CMakeFiles/tree_visualizer.dir/src/visualize_tree.cpp.o] Error 1
[0.346s] gmake[1]: *** [CMakeFiles/Makefile2:145: CMakeFiles/tree_visualizer.dir/all] Error 2
[0.350s] gmake: *** [Makefile:146: all] Error 2
[0.350s] Invoked command in '/home/hollis/cu/5254_final/build/amp_agents' returned '2': CMAKE_PREFIX_PATH=/home/hollis/cu/5254_final/install/amp_sim:/home/hollis/cu/5254_final/install/amp_msgs:/home/hollis/cu/5254_final/install/amp_viz:/home/hollis/cu/5254_final/install/amp_agents:/opt/ros/humble LD_LIBRARY_PATH=/home/hollis/cu/5254_final/install/amp_msgs/lib:/home/hollis/cu/5254_final/install/amp_viz/lib:/home/hollis/cu/5254_final/install/amp_sim/lib:/opt/ros/humble/opt/rviz_ogre_vendor/lib:/opt/ros/humble/lib/x86_64-linux-gnu:/opt/ros/humble/lib /usr/bin/cmake --build /home/hollis/cu/5254_final/build/amp_agents -- -j24 -l24
