[0.009s] Invoking command in '/home/hollis/cu/5254_final/build/amp_viz': CMAKE_PREFIX_PATH=/home/hollis/cu/5254_final/install/amp_sim:/home/hollis/cu/5254_final/install/amp_msgs:/home/hollis/cu/5254_final/install/amp_viz:/home/hollis/cu/5254_final/install/amp_agents:/opt/ros/humble LD_LIBRARY_PATH=/home/hollis/cu/5254_final/install/amp_msgs/lib:/home/hollis/cu/5254_final/install/amp_viz/lib:/opt/ros/humble/opt/rviz_ogre_vendor/lib:/opt/ros/humble/lib/x86_64-linux-gnu:/opt/ros/humble/lib /usr/bin/cmake --build /home/hollis/cu/5254_final/build/amp_viz -- -j24 -l24
[0.070s] [ 16%] [34m[1mAutomatic MOC and UIC for target template_panel[0m
[0.088s] [ 16%] Built target template_panel_autogen
[0.103s] [35m[1mConsolidate compiler generated dependencies of target template_panel[0m
[0.132s] [ 33%] [32mBuilding CXX object CMakeFiles/template_panel.dir/src/template_panel.cpp.o[0m
[3.789s] [01m[K/home/hollis/cu/5254_final/src/amp_viz/src/template_panel.cpp:[m[K In member function â€˜[01m[Kvirtual void TemplatePanel::onInitialize()[m[Kâ€™:
[3.789s] [01m[K/home/hollis/cu/5254_final/src/amp_viz/src/template_panel.cpp:35:25:[m[K [01;31m[Kerror: [m[Kâ€˜[01m[Kusing SharedPtr = class std::shared_ptr<rclcpp::TimerBase>[m[Kâ€™ {aka â€˜[01m[Kclass std::shared_ptr<rclcpp::TimerBase>[m[Kâ€™} has no member named â€˜[01m[Kcancel[m[Kâ€™
[3.789s]    35 |     cannon_update_timer.[01;31m[Kcancel[m[K();
[3.790s]       |                         [01;31m[K^~~~~~[m[K
[3.792s] [01m[K/home/hollis/cu/5254_final/src/amp_viz/src/template_panel.cpp:[m[K In member function â€˜[01m[Kvoid TemplatePanel::updateCannonPose()[m[Kâ€™:
[3.792s] [01m[K/home/hollis/cu/5254_final/src/amp_viz/src/template_panel.cpp:69:28:[m[K [01;31m[Kerror: [m[Kâ€˜[01m[Kusing SharedPtr = class std::shared_ptr<rclcpp::TimerBase>[m[Kâ€™ {aka â€˜[01m[Kclass std::shared_ptr<rclcpp::TimerBase>[m[Kâ€™} has no member named â€˜[01m[Kis_canceled[m[Kâ€™
[3.792s]    69 |     if(cannon_update_timer.[01;31m[Kis_canceled[m[K()){
[3.792s]       |                            [01;31m[K^~~~~~~~~~~[m[K
[3.801s] [01m[K/home/hollis/cu/5254_final/src/amp_viz/src/template_panel.cpp:70:31:[m[K [01;31m[Kerror: [m[Kâ€˜[01m[Knode[m[Kâ€™ was not declared in this scope
[3.801s]    70 |         cannon_update_timer = [01;31m[Knode[m[K->create_wall_timer(2.0s, std::bind(&TemplatePanel::updateCannonPose, this));
[3.801s]       |                               [01;31m[K^~~~[m[K
[5.166s] gmake[2]: *** [CMakeFiles/template_panel.dir/build.make:94: CMakeFiles/template_panel.dir/src/template_panel.cpp.o] Error 1
[5.166s] gmake[1]: *** [CMakeFiles/Makefile2:138: CMakeFiles/template_panel.dir/all] Error 2
[5.166s] gmake: *** [Makefile:146: all] Error 2
[5.169s] Invoked command in '/home/hollis/cu/5254_final/build/amp_viz' returned '2': CMAKE_PREFIX_PATH=/home/hollis/cu/5254_final/install/amp_sim:/home/hollis/cu/5254_final/install/amp_msgs:/home/hollis/cu/5254_final/install/amp_viz:/home/hollis/cu/5254_final/install/amp_agents:/opt/ros/humble LD_LIBRARY_PATH=/home/hollis/cu/5254_final/install/amp_msgs/lib:/home/hollis/cu/5254_final/install/amp_viz/lib:/opt/ros/humble/opt/rviz_ogre_vendor/lib:/opt/ros/humble/lib/x86_64-linux-gnu:/opt/ros/humble/lib /usr/bin/cmake --build /home/hollis/cu/5254_final/build/amp_viz -- -j24 -l24
