[0.008s] Invoking command in '/home/hollis/cu/5254_final/build/amp_sim': CMAKE_PREFIX_PATH=/home/hollis/cu/5254_final/install/amp_msgs:/home/hollis/cu/5254_final/install/amp_viz:/home/hollis/cu/5254_final/install/amp_sim:/opt/ros/humble LD_LIBRARY_PATH=/home/hollis/cu/5254_final/install/amp_msgs/lib:/home/hollis/cu/5254_final/install/amp_viz/lib:/opt/ros/humble/opt/rviz_ogre_vendor/lib:/opt/ros/humble/lib/x86_64-linux-gnu:/opt/ros/humble/lib /usr/bin/cmake --build /home/hollis/cu/5254_final/build/amp_sim -- -j24 -l24
[0.051s] [ 33%] Built target dynamic_object
[0.072s] [ 66%] Built target dynamic_ball
[0.080s] [35m[1mConsolidate compiler generated dependencies of target sim_node[0m
[0.093s] [ 83%] [32mBuilding CXX object CMakeFiles/sim_node.dir/src/run_sim.cpp.o[0m
[1.926s] [01m[K/home/hollis/cu/5254_final/src/amp_sim/src/run_sim.cpp:[m[K In member function â€˜[01m[Kvoid SimNode::tic_cb()[m[Kâ€™:
[1.927s] [01m[K/home/hollis/cu/5254_final/src/amp_sim/src/run_sim.cpp:66:30:[m[K [01;35m[Kwarning: [m[Kcomparison of integer expressions of different signedness: â€˜[01m[Kint[m[Kâ€™ and â€˜[01m[Kstd::vector<std::_List_iterator<DynamicObject*> >::size_type[m[Kâ€™ {aka â€˜[01m[Klong unsigned int[m[Kâ€™} [[01;35m[K]8;;https://gcc.gnu.org/onlinedocs/gcc/Warning-Options.html#index-Wsign-compare-Wsign-compare]8;;[m[K]
[1.927s]    66 |             for(int i = 0; [01;35m[Ki < to_erase.size()[m[K; i++){
[1.927s]       |                            [01;35m[K~~^~~~~~~~~~~~~~~~~[m[K
[1.950s] [01m[K/home/hollis/cu/5254_final/src/amp_sim/src/run_sim.cpp:[m[K In member function â€˜[01m[Kvoid SimNode::launch_ball_cb(amp_msgs::msg::LaunchBall)[m[Kâ€™:
[1.950s] [01m[K/home/hollis/cu/5254_final/src/amp_sim/src/run_sim.cpp:94:36:[m[K [01;31m[Kerror: [m[Krequest for member â€˜[01m[Kstate[m[Kâ€™ in â€˜[01m[K((SimNode*)this)->SimNode::dynamic_objects.std::__cxx11::list<DynamicObject*>::back()[m[Kâ€™, which is of pointer type â€˜[01m[K__gnu_cxx::__alloc_traits<std::allocator<DynamicObject*>, DynamicObject*>::value_type[m[Kâ€™ {aka â€˜[01m[KDynamicObject*[m[Kâ€™} (maybe you meant to use â€˜[01m[K->[m[Kâ€™ ?)
[1.950s]    94 |             dynamic_objects.back().[01;31m[Kstate[m[K[7] = launch_vector(0);
[1.950s]       |                                    [01;31m[K^~~~~[m[K
[1.950s] [01m[K/home/hollis/cu/5254_final/src/amp_sim/src/run_sim.cpp:95:36:[m[K [01;31m[Kerror: [m[Krequest for member â€˜[01m[Kstate[m[Kâ€™ in â€˜[01m[K((SimNode*)this)->SimNode::dynamic_objects.std::__cxx11::list<DynamicObject*>::back()[m[Kâ€™, which is of pointer type â€˜[01m[K__gnu_cxx::__alloc_traits<std::allocator<DynamicObject*>, DynamicObject*>::value_type[m[Kâ€™ {aka â€˜[01m[KDynamicObject*[m[Kâ€™} (maybe you meant to use â€˜[01m[K->[m[Kâ€™ ?)
[1.950s]    95 |             dynamic_objects.back().[01;31m[Kstate[m[K[8] = launch_vector(1);
[1.950s]       |                                    [01;31m[K^~~~~[m[K
[1.950s] [01m[K/home/hollis/cu/5254_final/src/amp_sim/src/run_sim.cpp:96:36:[m[K [01;31m[Kerror: [m[Krequest for member â€˜[01m[Kstate[m[Kâ€™ in â€˜[01m[K((SimNode*)this)->SimNode::dynamic_objects.std::__cxx11::list<DynamicObject*>::back()[m[Kâ€™, which is of pointer type â€˜[01m[K__gnu_cxx::__alloc_traits<std::allocator<DynamicObject*>, DynamicObject*>::value_type[m[Kâ€™ {aka â€˜[01m[KDynamicObject*[m[Kâ€™} (maybe you meant to use â€˜[01m[K->[m[Kâ€™ ?)
[1.950s]    96 |             dynamic_objects.back().[01;31m[Kstate[m[K[9] = launch_vector(2);
[1.950s]       |                                    [01;31m[K^~~~~[m[K
[3.642s] gmake[2]: *** [CMakeFiles/sim_node.dir/build.make:76: CMakeFiles/sim_node.dir/src/run_sim.cpp.o] Error 1
[3.642s] gmake[1]: *** [CMakeFiles/Makefile2:194: CMakeFiles/sim_node.dir/all] Error 2
[3.642s] gmake: *** [Makefile:146: all] Error 2
[3.647s] Invoked command in '/home/hollis/cu/5254_final/build/amp_sim' returned '2': CMAKE_PREFIX_PATH=/home/hollis/cu/5254_final/install/amp_msgs:/home/hollis/cu/5254_final/install/amp_viz:/home/hollis/cu/5254_final/install/amp_sim:/opt/ros/humble LD_LIBRARY_PATH=/home/hollis/cu/5254_final/install/amp_msgs/lib:/home/hollis/cu/5254_final/install/amp_viz/lib:/opt/ros/humble/opt/rviz_ogre_vendor/lib:/opt/ros/humble/lib/x86_64-linux-gnu:/opt/ros/humble/lib /usr/bin/cmake --build /home/hollis/cu/5254_final/build/amp_sim -- -j24 -l24
