[0.006s] Invoking command in '/home/hollis/cu/5254_final/build/amp_sim': CMAKE_PREFIX_PATH=/home/hollis/cu/5254_final/install/amp_msgs:/home/hollis/cu/5254_final/install/amp_viz:/home/hollis/cu/5254_final/install/amp_sim:/opt/ros/humble LD_LIBRARY_PATH=/home/hollis/cu/5254_final/install/amp_msgs/lib:/home/hollis/cu/5254_final/install/amp_viz/lib:/opt/ros/humble/opt/rviz_ogre_vendor/lib:/opt/ros/humble/lib/x86_64-linux-gnu:/opt/ros/humble/lib /usr/bin/cmake --build /home/hollis/cu/5254_final/build/amp_sim -- -j24 -l24
[0.060s] [ 33%] Built target dynamic_object
[0.078s] [ 66%] Built target dynamic_ball
[0.091s] [35m[1mConsolidate compiler generated dependencies of target sim_node[0m
[0.106s] [ 83%] [32mBuilding CXX object CMakeFiles/sim_node.dir/src/run_sim.cpp.o[0m
[2.055s] [01m[K/home/hollis/cu/5254_final/src/amp_sim/src/run_sim.cpp:[m[K In constructor â€˜[01m[KSimNode::SimNode()[m[Kâ€™:
[2.055s] [01m[K/home/hollis/cu/5254_final/src/amp_sim/src/run_sim.cpp:38:92:[m[K [01;31m[Kerror: [m[Kno matching function for call to â€˜[01m[KDynamicBall::DynamicBall(V6d&, int, const char [7], <unresolved overloaded function type>)[m[Kâ€™
[2.055s]    38 |             dynamic_objects.push_back(new DynamicBall(ball_damping, 1, "ball_1", std::empty[01;31m[K)[m[K);
[2.055s]       |                                                                                            [01;31m[K^[m[K
[2.055s] In file included from [01m[K/home/hollis/cu/5254_final/src/amp_sim/src/run_sim.cpp:3[m[K:
[2.055s] [01m[K/home/hollis/cu/5254_final/src/amp_sim/include/amp_sim/dynamic_ball.hpp:11:9:[m[K [01;36m[Knote: [m[Kcandidate: â€˜[01m[KDynamicBall::DynamicBall(V6d, double, std::string, std::vector<int>, bool)[m[Kâ€™
[2.055s]    11 |         [01;36m[KDynamicBall[m[K(V6d Damping, double Mass, std::string name, std::vector<int> lockedStates, bool gravity=true);
[2.055s]       |         [01;36m[K^~~~~~~~~~~[m[K
[2.055s] [01m[K/home/hollis/cu/5254_final/src/amp_sim/include/amp_sim/dynamic_ball.hpp:11:82:[m[K [01;36m[Knote: [m[K  no known conversion for argument 4 from â€˜[01m[K<unresolved overloaded function type>[m[Kâ€™ to â€˜[01m[Kstd::vector<int>[m[Kâ€™
[2.055s]    11 |         DynamicBall(V6d Damping, double Mass, std::string name, [01;36m[Kstd::vector<int> lockedStates[m[K, bool gravity=true);
[2.055s]       |                                                                 [01;36m[K~~~~~~~~~~~~~~~~~^~~~~~~~~~~~[m[K
[2.055s] [01m[K/home/hollis/cu/5254_final/src/amp_sim/include/amp_sim/dynamic_ball.hpp:8:7:[m[K [01;36m[Knote: [m[Kcandidate: â€˜[01m[KDynamicBall::DynamicBall(const DynamicBall&)[m[Kâ€™
[2.055s]     8 | class [01;36m[KDynamicBall[m[K : public DynamicObject{
[2.055s]       |       [01;36m[K^~~~~~~~~~~[m[K
[2.056s] [01m[K/home/hollis/cu/5254_final/src/amp_sim/include/amp_sim/dynamic_ball.hpp:8:7:[m[K [01;36m[Knote: [m[K  candidate expects 1 argument, 4 provided
[2.056s] [01m[K/home/hollis/cu/5254_final/src/amp_sim/include/amp_sim/dynamic_ball.hpp:8:7:[m[K [01;36m[Knote: [m[Kcandidate: â€˜[01m[KDynamicBall::DynamicBall(DynamicBall&&)[m[Kâ€™
[2.056s] [01m[K/home/hollis/cu/5254_final/src/amp_sim/include/amp_sim/dynamic_ball.hpp:8:7:[m[K [01;36m[Knote: [m[K  candidate expects 1 argument, 4 provided
[2.069s] [01m[K/home/hollis/cu/5254_final/src/amp_sim/src/run_sim.cpp:[m[K In member function â€˜[01m[Kvoid SimNode::launch_ball_cb(amp_msgs::msg::LaunchBall)[m[Kâ€™:
[2.070s] [01m[K/home/hollis/cu/5254_final/src/amp_sim/src/run_sim.cpp:76:55:[m[K [01;35m[Kwarning: [m[Kunused parameter â€˜[01m[Kmsg[m[Kâ€™ [[01;35m[K]8;;https://gcc.gnu.org/onlinedocs/gcc/Warning-Options.html#index-Wunused-parameter-Wunused-parameter]8;;[m[K]
[2.070s]    76 |         void launch_ball_cb([01;35m[Kamp_msgs::msg::LaunchBall msg[m[K){
[2.070s]       |                             [01;35m[K~~~~~~~~~~~~~~~~~~~~~~~~~~^~~[m[K
[3.827s] gmake[2]: *** [CMakeFiles/sim_node.dir/build.make:76: CMakeFiles/sim_node.dir/src/run_sim.cpp.o] Error 1
[3.827s] gmake[1]: *** [CMakeFiles/Makefile2:194: CMakeFiles/sim_node.dir/all] Error 2
[3.827s] gmake: *** [Makefile:146: all] Error 2
[3.834s] Invoked command in '/home/hollis/cu/5254_final/build/amp_sim' returned '2': CMAKE_PREFIX_PATH=/home/hollis/cu/5254_final/install/amp_msgs:/home/hollis/cu/5254_final/install/amp_viz:/home/hollis/cu/5254_final/install/amp_sim:/opt/ros/humble LD_LIBRARY_PATH=/home/hollis/cu/5254_final/install/amp_msgs/lib:/home/hollis/cu/5254_final/install/amp_viz/lib:/opt/ros/humble/opt/rviz_ogre_vendor/lib:/opt/ros/humble/lib/x86_64-linux-gnu:/opt/ros/humble/lib /usr/bin/cmake --build /home/hollis/cu/5254_final/build/amp_sim -- -j24 -l24
