[ 33%] Built target dynamic_object
[ 66%] Built target dynamic_ball
[35m[1mConsolidate compiler generated dependencies of target sim_node[0m
[ 83%] [32mBuilding CXX object CMakeFiles/sim_node.dir/src/run_sim.cpp.o[0m
[01m[K/home/hollis/cu/5254_final/src/amp_sim/src/run_sim.cpp:10:10:[m[K [01;31m[Kfatal error: [m[Kamp_msgs/msg/launch_ball.hpp: No such file or directory
   10 | #include [01;31m[K"amp_msgs/msg/launch_ball.hpp"[m[K
      |          [01;31m[K^~~~~~~~~~~~~~~~~~~~~~~~~~~~~~[m[K
compilation terminated.
gmake[2]: *** [CMakeFiles/sim_node.dir/build.make:76: CMakeFiles/sim_node.dir/src/run_sim.cpp.o] Error 1
gmake[1]: *** [CMakeFiles/Makefile2:194: CMakeFiles/sim_node.dir/all] Error 2
gmake: *** [Makefile:146: all] Error 2
