[0.008s] Invoking command in '/home/hollis/cu/5254_final/build/amp_sim': CMAKE_PREFIX_PATH=${CMAKE_PREFIX_PATH}:/opt/ros/humble /usr/bin/cmake --build /home/hollis/cu/5254_final/build/amp_sim -- -j24 -l24
[0.055s] [ 33%] Built target dynamic_object
[0.079s] [ 66%] Built target dynamic_ball
[0.094s] [35m[1mConsolidate compiler generated dependencies of target sim_node[0m
[0.110s] [ 83%] [32mBuilding CXX object CMakeFiles/sim_node.dir/src/run_sim.cpp.o[0m
[0.357s] [01m[K/home/hollis/cu/5254_final/src/amp_sim/src/run_sim.cpp:10:10:[m[K [01;31m[Kfatal error: [m[Kamp_msgs/msg/launch_ball.hpp: No such file or directory
[0.357s]    10 | #include [01;31m[K"amp_msgs/msg/launch_ball.hpp"[m[K
[0.357s]       |          [01;31m[K^~~~~~~~~~~~~~~~~~~~~~~~~~~~~~[m[K
[0.357s] compilation terminated.
[0.367s] gmake[2]: *** [CMakeFiles/sim_node.dir/build.make:76: CMakeFiles/sim_node.dir/src/run_sim.cpp.o] Error 1
[0.369s] gmake[1]: *** [CMakeFiles/Makefile2:194: CMakeFiles/sim_node.dir/all] Error 2
[0.369s] gmake: *** [Makefile:146: all] Error 2
[0.380s] Invoked command in '/home/hollis/cu/5254_final/build/amp_sim' returned '2': CMAKE_PREFIX_PATH=${CMAKE_PREFIX_PATH}:/opt/ros/humble /usr/bin/cmake --build /home/hollis/cu/5254_final/build/amp_sim -- -j24 -l24
