[0.012s] Invoking command in '/home/hollis/cu/5254_final/build/amp_sim': CMAKE_PREFIX_PATH=${CMAKE_PREFIX_PATH}:/opt/ros/humble /usr/bin/cmake --build /home/hollis/cu/5254_final/build/amp_sim -- -j24 -l24
[0.051s] [35m[1mConsolidate compiler generated dependencies of target dynamic_object[0m
[0.065s] [ 16%] [32mBuilding CXX object CMakeFiles/dynamic_object.dir/src/dynamic_object.cpp.o[0m
[0.659s] [01m[K/home/hollis/cu/5254_final/src/amp_sim/src/dynamic_object.cpp:[m[K In constructor â€˜[01m[KDynamicObject::DynamicObject(double, std::vector<int>, std::string, bool)[m[Kâ€™:
[0.659s] [01m[K/home/hollis/cu/5254_final/src/amp_sim/src/dynamic_object.cpp:15:22:[m[K [01;35m[Kwarning: [m[Kcomparison of integer expressions of different signedness: â€˜[01m[Kint[m[Kâ€™ and â€˜[01m[Kstd::vector<int>::size_type[m[Kâ€™ {aka â€˜[01m[Klong unsigned int[m[Kâ€™} [[01;35m[K]8;;https://gcc.gnu.org/onlinedocs/gcc/Warning-Options.html#index-Wsign-compare-Wsign-compare]8;;[m[K]
[0.659s]    15 |     for(int i = 0; [01;35m[Ki < lockedStates.size()[m[K; i++){
[0.659s]       |                    [01;35m[K~~^~~~~~~~~~~~~~~~~~~~~[m[K
[0.809s] [01m[K/home/hollis/cu/5254_final/src/amp_sim/src/dynamic_object.cpp:[m[K In member function â€˜[01m[Kvirtual M12d DynamicObject::getAMatrix(V12d)[m[Kâ€™:
[0.809s] [01m[K/home/hollis/cu/5254_final/src/amp_sim/src/dynamic_object.cpp:93:37:[m[K [01;35m[Kwarning: [m[Kunused parameter â€˜[01m[Kcurrent_state[m[Kâ€™ [[01;35m[K]8;;https://gcc.gnu.org/onlinedocs/gcc/Warning-Options.html#index-Wunused-parameter-Wunused-parameter]8;;[m[K]
[0.809s]    93 | M12d DynamicObject::getAMatrix([01;35m[KV12d current_state[m[K){
[0.809s]       |                                [01;35m[K~~~~~^~~~~~~~~~~~~[m[K
[0.809s] [01m[K/home/hollis/cu/5254_final/src/amp_sim/src/dynamic_object.cpp:[m[K In member function â€˜[01m[Kvirtual M12d DynamicObject::getBMatrix(V12d)[m[Kâ€™:
[0.809s] [01m[K/home/hollis/cu/5254_final/src/amp_sim/src/dynamic_object.cpp:109:37:[m[K [01;35m[Kwarning: [m[Kunused parameter â€˜[01m[Kcurrent_state[m[Kâ€™ [[01;35m[K]8;;https://gcc.gnu.org/onlinedocs/gcc/Warning-Options.html#index-Wunused-parameter-Wunused-parameter]8;;[m[K]
[0.809s]   109 | M12d DynamicObject::getBMatrix([01;35m[KV12d current_state[m[K){
[0.809s]       |                                [01;35m[K~~~~~^~~~~~~~~~~~~[m[K
[1.561s] [ 33%] [32m[1mLinking CXX static library libdynamic_object.a[0m
[1.601s] [ 33%] Built target dynamic_object
[1.616s] [ 50%] [32mBuilding CXX object CMakeFiles/dynamic_ball.dir/src/dynamic_ball.cpp.o[0m
[2.144s] [01m[K/home/hollis/cu/5254_final/src/amp_sim/src/dynamic_ball.cpp:[m[K In member function â€˜[01m[Kvirtual M12d DynamicBall::getAMatrix(V12d)[m[Kâ€™:
[2.144s] [01m[K/home/hollis/cu/5254_final/src/amp_sim/src/dynamic_ball.cpp:8:35:[m[K [01;35m[Kwarning: [m[Kunused parameter â€˜[01m[Kcurrent_state[m[Kâ€™ [[01;35m[K]8;;https://gcc.gnu.org/onlinedocs/gcc/Warning-Options.html#index-Wunused-parameter-Wunused-parameter]8;;[m[K]
[2.144s]     8 | M12d DynamicBall::getAMatrix([01;35m[KV12d current_state[m[K) {
[2.144s]       |                              [01;35m[K~~~~~^~~~~~~~~~~~~[m[K
[2.144s] [01m[K/home/hollis/cu/5254_final/src/amp_sim/src/dynamic_ball.cpp:[m[K In member function â€˜[01m[Kvirtual M12d DynamicBall::getBMatrix(V12d)[m[Kâ€™:
[2.144s] [01m[K/home/hollis/cu/5254_final/src/amp_sim/src/dynamic_ball.cpp:31:35:[m[K [01;35m[Kwarning: [m[Kunused parameter â€˜[01m[Kcurrent_state[m[Kâ€™ [[01;35m[K]8;;https://gcc.gnu.org/onlinedocs/gcc/Warning-Options.html#index-Wunused-parameter-Wunused-parameter]8;;[m[K]
[2.144s]    31 | M12d DynamicBall::getBMatrix([01;35m[KV12d current_state[m[K) {
[2.144s]       |                              [01;35m[K~~~~~^~~~~~~~~~~~~[m[K
[2.274s] [ 66%] [32m[1mLinking CXX static library libdynamic_ball.a[0m
[2.295s] [ 66%] Built target dynamic_ball
[2.319s] [ 83%] [32mBuilding CXX object CMakeFiles/sim_node.dir/src/run_sim.cpp.o[0m
[4.046s] [01m[K/home/hollis/cu/5254_final/src/amp_sim/src/run_sim.cpp:[m[K In member function â€˜[01m[Kvoid SimNode::tic_cb()[m[Kâ€™:
[4.046s] [01m[K/home/hollis/cu/5254_final/src/amp_sim/src/run_sim.cpp:50:21:[m[K [01;31m[Kerror: [m[Krequest for member â€˜[01m[Ktic[m[Kâ€™ in â€˜[01m[K* it.std::_List_iterator<DynamicBall*>::operator->()[m[Kâ€™, which is of pointer type â€˜[01m[KDynamicBall*[m[Kâ€™ (maybe you meant to use â€˜[01m[K->[m[Kâ€™ ?)
[4.046s]    50 |                 it->[01;31m[Ktic[m[K(control, current_time);
[4.046s]       |                     [01;31m[K^~~[m[K
[4.046s] [01m[K/home/hollis/cu/5254_final/src/amp_sim/src/run_sim.cpp:52:26:[m[K [01;31m[Kerror: [m[Krequest for member â€˜[01m[Kcheck_state_bounds[m[Kâ€™ in â€˜[01m[K* it.std::_List_iterator<DynamicBall*>::operator->()[m[Kâ€™, which is of pointer type â€˜[01m[KDynamicBall*[m[Kâ€™ (maybe you meant to use â€˜[01m[K->[m[Kâ€™ ?)
[4.046s]    52 |                 if(!(it->[01;31m[Kcheck_state_bounds[m[K)){
[4.046s]       |                          [01;31m[K^~~~~~~~~~~~~~~~~~[m[K
[4.046s] [01m[K/home/hollis/cu/5254_final/src/amp_sim/src/run_sim.cpp:58:34:[m[K [01;35m[Kwarning: [m[Kcomparison of integer expressions of different signedness: â€˜[01m[Kint[m[Kâ€™ and â€˜[01m[Kstd::__cxx11::list<DynamicBall*>::size_type[m[Kâ€™ {aka â€˜[01m[Klong unsigned int[m[Kâ€™} [[01;35m[K]8;;https://gcc.gnu.org/onlinedocs/gcc/Warning-Options.html#index-Wsign-compare-Wsign-compare]8;;[m[K]
[4.046s]    58 |                 for(int i = 0; [01;35m[Ki < dynamic_objects.size()[m[K; i++){
[4.046s]       |                                [01;35m[K~~^~~~~~~~~~~~~~~~~~~~~~~~[m[K
[4.046s] [01m[K/home/hollis/cu/5254_final/src/amp_sim/src/run_sim.cpp:59:53:[m[K [01;31m[Kerror: [m[Kâ€˜[01m[Kclass std::__cxx11::list<DynamicBall*>[m[Kâ€™ has no member named â€˜[01m[Kat[m[Kâ€™
[4.046s]    59 |                     publish_tf_pose(dynamic_objects.[01;31m[Kat[m[K(i)->state, dynamic_objects.at(i)->object_name);
[4.046s]       |                                                     [01;31m[K^~[m[K
[4.046s] [01m[K/home/hollis/cu/5254_final/src/amp_sim/src/run_sim.cpp:59:83:[m[K [01;31m[Kerror: [m[Kâ€˜[01m[Kclass std::__cxx11::list<DynamicBall*>[m[Kâ€™ has no member named â€˜[01m[Kat[m[Kâ€™
[4.046s]    59 |                     publish_tf_pose(dynamic_objects.at(i)->state, dynamic_objects.[01;31m[Kat[m[K(i)->object_name);
[4.046s]       |                                                                                   [01;31m[K^~[m[K
[4.876s] gmake[2]: *** [CMakeFiles/sim_node.dir/build.make:76: CMakeFiles/sim_node.dir/src/run_sim.cpp.o] Error 1
[4.876s] gmake[1]: *** [CMakeFiles/Makefile2:194: CMakeFiles/sim_node.dir/all] Error 2
[4.877s] gmake: *** [Makefile:146: all] Error 2
[4.881s] Invoked command in '/home/hollis/cu/5254_final/build/amp_sim' returned '2': CMAKE_PREFIX_PATH=${CMAKE_PREFIX_PATH}:/opt/ros/humble /usr/bin/cmake --build /home/hollis/cu/5254_final/build/amp_sim -- -j24 -l24
