[01m[K/home/hollis/cu/5254_final/src/amp_viz/src/template_panel.cpp:[m[K In member function â€˜[01m[Kvirtual void TemplatePanel::onInitialize()[m[Kâ€™:
[01m[K/home/hollis/cu/5254_final/src/amp_viz/src/template_panel.cpp:11:17:[m[K [01;31m[Kerror: [m[Kinvalid use of non-static member function â€˜[01m[KQObject* QObject::parent() const[m[Kâ€™
   11 |     ui->setupUi([01;31m[Kparent[m[K);
      |                 [01;31m[K^~~~~~[m[K
In file included from [01m[K/usr/include/x86_64-linux-gnu/qt5/QtWidgets/qwidget.h:45[m[K,
                 from [01m[K/usr/include/x86_64-linux-gnu/qt5/QtWidgets/QWidget:1[m[K,
                 from [01m[K/opt/ros/humble/include/rviz_common/rviz_common/panel.hpp:35[m[K,
                 from [01m[K/home/hollis/cu/5254_final/src/amp_viz/include/amp_viz/template_panel.hpp:3[m[K,
                 from [01m[K/home/hollis/cu/5254_final/src/amp_viz/src/template_panel.cpp:1[m[K:
[01m[K/usr/include/x86_64-linux-gnu/qt5/QtCore/qobject.h:425:21:[m[K [01;36m[Knote: [m[Kdeclared here
  425 |     inline QObject *[01;36m[Kparent[m[K() const { return d_ptr->parent; }
      |                     [01;36m[K^~~~~~[m[K
gmake[2]: *** [CMakeFiles/template_panel.dir/build.make:94: CMakeFiles/template_panel.dir/src/template_panel.cpp.o] Error 1
gmake[1]: *** [CMakeFiles/Makefile2:138: CMakeFiles/template_panel.dir/all] Error 2
gmake: *** [Makefile:146: all] Error 2
