[0.009s] Invoking command in '/home/hollis/cu/5254_final/build/amp_sim': CMAKE_PREFIX_PATH=/home/hollis/cu/5254_final/install/amp_msgs:/home/hollis/cu/5254_final/install/amp_viz:/home/hollis/cu/5254_final/install/amp_agents:/home/hollis/cu/5254_final/install/amp_sim:/opt/ros/humble LD_LIBRARY_PATH=/home/hollis/cu/5254_final/install/amp_msgs/lib:/home/hollis/cu/5254_final/install/amp_viz/lib:/home/hollis/cu/5254_final/install/amp_sim/lib:/opt/ros/humble/opt/rviz_ogre_vendor/lib:/opt/ros/humble/lib/x86_64-linux-gnu:/opt/ros/humble/lib /usr/bin/cmake --build /home/hollis/cu/5254_final/build/amp_sim -- -j24 -l24
[0.053s] [ 25%] Built target dynamic_object
[0.077s] [ 50%] Built target dynamic_ball
[0.077s] [ 75%] Built target omni_agent
[0.092s] [35m[1mConsolidate compiler generated dependencies of target sim_node[0m
[0.105s] [ 87%] [32mBuilding CXX object CMakeFiles/sim_node.dir/src/run_sim.cpp.o[0m
[2.318s] [01m[K/home/hollis/cu/5254_final/src/amp_sim/src/run_sim.cpp:[m[K In member function â€˜[01m[Kvoid SimNode::handle_new_agent_path(amp_msgs::msg::IdealPath)[m[Kâ€™:
[2.319s] [01m[K/home/hollis/cu/5254_final/src/amp_sim/src/run_sim.cpp:93:30:[m[K [01;35m[Kwarning: [m[Kcomparison of integer expressions of different signedness: â€˜[01m[Kint[m[Kâ€™ and â€˜[01m[Kstd::vector<float>::size_type[m[Kâ€™ {aka â€˜[01m[Klong unsigned int[m[Kâ€™} [[01;35m[K]8;;https://gcc.gnu.org/onlinedocs/gcc/Warning-Options.html#index-Wsign-compare-Wsign-compare]8;;[m[K]
[2.319s]    93 |             for(int i = 0; [01;35m[Ki < msg.duration_array.size()[m[K; i++){
[2.319s]       |                            [01;35m[K~~^~~~~~~~~~~~~~~~~~~~~~~~~~~[m[K
[2.365s] [01m[K/home/hollis/cu/5254_final/src/amp_sim/src/run_sim.cpp:[m[K In member function â€˜[01m[Kstd::vector<std::pair<double, Eigen::Matrix<double, 12, 1> > > SimNode::get_current_agent_control(double)[m[Kâ€™:
[2.365s] [01m[K/home/hollis/cu/5254_final/src/amp_sim/src/run_sim.cpp:132:40:[m[K [01;35m[Kwarning: [m[Kcomparison of integer expressions of different signedness: â€˜[01m[Kint[m[Kâ€™ and â€˜[01m[Kstd::vector<double, std::allocator<double> >::size_type[m[Kâ€™ {aka â€˜[01m[Klong unsigned int[m[Kâ€™} [[01;35m[K]8;;https://gcc.gnu.org/onlinedocs/gcc/Warning-Options.html#index-Wsign-compare-Wsign-compare]8;;[m[K]
[2.365s]   132 |                     if([01;35m[Kagent_path_step == agent_path_step_times.size()[m[K){
[2.365s]       |                        [01;35m[K~~~~~~~~~~~~~~~~^~~~~~~~~~~~~~~~~~~~~~~~~~~~~~~[m[K
[2.368s] [01m[K/home/hollis/cu/5254_final/src/amp_sim/src/run_sim.cpp:[m[K In member function â€˜[01m[Kvoid SimNode::tic_cb()[m[Kâ€™:
[2.368s] [01m[K/home/hollis/cu/5254_final/src/amp_sim/src/run_sim.cpp:171:38:[m[K [01;35m[Kwarning: [m[Kcomparison of integer expressions of different signedness: â€˜[01m[Kint[m[Kâ€™ and â€˜[01m[Kstd::vector<std::pair<double, Eigen::Matrix<double, 12, 1> > >::size_type[m[Kâ€™ {aka â€˜[01m[Klong unsigned int[m[Kâ€™} [[01;35m[K]8;;https://gcc.gnu.org/onlinedocs/gcc/Warning-Options.html#index-Wsign-compare-Wsign-compare]8;;[m[K]
[2.368s]   171 |                     for(int i = 0; [01;35m[Ki < controls.size()[m[K; i++){
[2.368s]       |                                    [01;35m[K~~^~~~~~~~~~~~~~~~~[m[K
[2.369s] [01m[K/home/hollis/cu/5254_final/src/amp_sim/src/run_sim.cpp:183:30:[m[K [01;35m[Kwarning: [m[Kcomparison of integer expressions of different signedness: â€˜[01m[Kint[m[Kâ€™ and â€˜[01m[Kstd::vector<std::_List_iterator<DynamicObject*> >::size_type[m[Kâ€™ {aka â€˜[01m[Klong unsigned int[m[Kâ€™} [[01;35m[K]8;;https://gcc.gnu.org/onlinedocs/gcc/Warning-Options.html#index-Wsign-compare-Wsign-compare]8;;[m[K]
[2.369s]   183 |             for(int i = 0; [01;35m[Ki < to_erase.size()[m[K; i++){
[2.369s]       |                            [01;35m[K~~^~~~~~~~~~~~~~~~~[m[K
[9.798s] gmake[2]: *** wait: No child processes.  Stop.
[9.798s] gmake[2]: *** Waiting for unfinished jobs....
[9.798s] gmake[2]: *** wait: No child processes.  Stop.
[9.799s] gmake[1]: *** [CMakeFiles/Makefile2:223: CMakeFiles/sim_node.dir/all] Error 2
[9.799s] gmake: *** [Makefile:146: all] Interrupt
[9.869s] Invoked command in '/home/hollis/cu/5254_final/build/amp_sim' returned '-2': CMAKE_PREFIX_PATH=/home/hollis/cu/5254_final/install/amp_msgs:/home/hollis/cu/5254_final/install/amp_viz:/home/hollis/cu/5254_final/install/amp_agents:/home/hollis/cu/5254_final/install/amp_sim:/opt/ros/humble LD_LIBRARY_PATH=/home/hollis/cu/5254_final/install/amp_msgs/lib:/home/hollis/cu/5254_final/install/amp_viz/lib:/home/hollis/cu/5254_final/install/amp_sim/lib:/opt/ros/humble/opt/rviz_ogre_vendor/lib:/opt/ros/humble/lib/x86_64-linux-gnu:/opt/ros/humble/lib /usr/bin/cmake --build /home/hollis/cu/5254_final/build/amp_sim -- -j24 -l24
