[0.005s] Invoking command in '/home/hollis/cu/5254_final/build/amp_sim': CMAKE_PREFIX_PATH=/home/hollis/cu/5254_final/install/amp_msgs:/home/hollis/cu/5254_final/install/amp_viz:/home/hollis/cu/5254_final/install/amp_agents:/home/hollis/cu/5254_final/install/amp_sim:/opt/ros/humble LD_LIBRARY_PATH=/home/hollis/cu/5254_final/install/amp_msgs/lib:/home/hollis/cu/5254_final/install/amp_viz/lib:/home/hollis/cu/5254_final/install/amp_sim/lib:/opt/ros/humble/opt/rviz_ogre_vendor/lib:/opt/ros/humble/lib/x86_64-linux-gnu:/opt/ros/humble/lib /usr/bin/cmake --build /home/hollis/cu/5254_final/build/amp_sim -- -j24 -l24
[0.049s] [ 25%] Built target dynamic_object
[0.064s] [ 50%] Built target dynamic_ball
[0.066s] [ 75%] Built target omni_agent
[0.080s] [35m[1mConsolidate compiler generated dependencies of target sim_node[0m
[0.094s] [ 87%] [32mBuilding CXX object CMakeFiles/sim_node.dir/src/run_sim.cpp.o[0m
[2.125s] [01m[K/home/hollis/cu/5254_final/src/amp_sim/src/run_sim.cpp:[m[K In constructor â€˜[01m[KSimNode::SimNode()[m[Kâ€™:
[2.125s] [01m[K/home/hollis/cu/5254_final/src/amp_sim/src/run_sim.cpp:80:47:[m[K [01;31m[Kerror: [m[Kexpected primary-expression before â€˜[01m[K([m[Kâ€™ token
[2.125s]    80 |             agent_path_controls.push_back(V12d[01;31m[K([m[K:-1.429148,1.811355,-0.580033,-1.295919, 0, 0,0,0,0, 0,0,0));
[2.126s]       |                                               [01;31m[K^[m[K
[2.126s] [01m[K/home/hollis/cu/5254_final/src/amp_sim/src/run_sim.cpp:80:48:[m[K [01;31m[Kerror: [m[Kexpected primary-expression before â€˜[01m[K:[m[Kâ€™ token
[2.126s]    80 |             agent_path_controls.push_back(V12d([01;31m[K:[m[K-1.429148,1.811355,-0.580033,-1.295919, 0, 0,0,0,0, 0,0,0));
[2.126s]       |                                                [01;31m[K^[m[K
[2.379s] [01m[K/home/hollis/cu/5254_final/src/amp_sim/src/run_sim.cpp:[m[K In member function â€˜[01m[Kvoid SimNode::handle_new_agent_path(amp_msgs::msg::IdealPath)[m[Kâ€™:
[2.379s] [01m[K/home/hollis/cu/5254_final/src/amp_sim/src/run_sim.cpp:109:30:[m[K [01;35m[Kwarning: [m[Kcomparison of integer expressions of different signedness: â€˜[01m[Kint[m[Kâ€™ and â€˜[01m[Kstd::vector<float>::size_type[m[Kâ€™ {aka â€˜[01m[Klong unsigned int[m[Kâ€™} [[01;35m[K]8;;https://gcc.gnu.org/onlinedocs/gcc/Warning-Options.html#index-Wsign-compare-Wsign-compare]8;;[m[K]
[2.379s]   109 |             for(int i = 0; [01;35m[Ki < msg.duration_array.size()[m[K; i++){
[2.379s]       |                            [01;35m[K~~^~~~~~~~~~~~~~~~~~~~~~~~~~~[m[K
[2.423s] [01m[K/home/hollis/cu/5254_final/src/amp_sim/src/run_sim.cpp:[m[K In member function â€˜[01m[Kstd::vector<std::pair<double, Eigen::Matrix<double, 12, 1> > > SimNode::get_current_agent_control(double)[m[Kâ€™:
[2.423s] [01m[K/home/hollis/cu/5254_final/src/amp_sim/src/run_sim.cpp:155:40:[m[K [01;35m[Kwarning: [m[Kcomparison of integer expressions of different signedness: â€˜[01m[Kint[m[Kâ€™ and â€˜[01m[Kstd::vector<double, std::allocator<double> >::size_type[m[Kâ€™ {aka â€˜[01m[Klong unsigned int[m[Kâ€™} [[01;35m[K]8;;https://gcc.gnu.org/onlinedocs/gcc/Warning-Options.html#index-Wsign-compare-Wsign-compare]8;;[m[K]
[2.423s]   155 |                     if([01;35m[Kagent_path_step == agent_path_step_times.size()[m[K){
[2.423s]       |                        [01;35m[K~~~~~~~~~~~~~~~~^~~~~~~~~~~~~~~~~~~~~~~~~~~~~~~[m[K
[2.426s] [01m[K/home/hollis/cu/5254_final/src/amp_sim/src/run_sim.cpp:[m[K In member function â€˜[01m[Kvoid SimNode::tic_cb()[m[Kâ€™:
[2.426s] [01m[K/home/hollis/cu/5254_final/src/amp_sim/src/run_sim.cpp:194:38:[m[K [01;35m[Kwarning: [m[Kcomparison of integer expressions of different signedness: â€˜[01m[Kint[m[Kâ€™ and â€˜[01m[Kstd::vector<std::pair<double, Eigen::Matrix<double, 12, 1> > >::size_type[m[Kâ€™ {aka â€˜[01m[Klong unsigned int[m[Kâ€™} [[01;35m[K]8;;https://gcc.gnu.org/onlinedocs/gcc/Warning-Options.html#index-Wsign-compare-Wsign-compare]8;;[m[K]
[2.426s]   194 |                     for(int i = 0; [01;35m[Ki < controls.size()[m[K; i++){
[2.426s]       |                                    [01;35m[K~~^~~~~~~~~~~~~~~~~[m[K
[2.426s] [01m[K/home/hollis/cu/5254_final/src/amp_sim/src/run_sim.cpp:206:30:[m[K [01;35m[Kwarning: [m[Kcomparison of integer expressions of different signedness: â€˜[01m[Kint[m[Kâ€™ and â€˜[01m[Kstd::vector<std::_List_iterator<DynamicObject*> >::size_type[m[Kâ€™ {aka â€˜[01m[Klong unsigned int[m[Kâ€™} [[01;35m[K]8;;https://gcc.gnu.org/onlinedocs/gcc/Warning-Options.html#index-Wsign-compare-Wsign-compare]8;;[m[K]
[2.426s]   206 |             for(int i = 0; [01;35m[Ki < to_erase.size()[m[K; i++){
[2.426s]       |                            [01;35m[K~~^~~~~~~~~~~~~~~~~[m[K
[6.763s] gmake[2]: *** [CMakeFiles/sim_node.dir/build.make:76: CMakeFiles/sim_node.dir/src/run_sim.cpp.o] Error 1
[6.765s] gmake[1]: *** [CMakeFiles/Makefile2:223: CMakeFiles/sim_node.dir/all] Error 2
[6.765s] gmake: *** [Makefile:146: all] Error 2
[6.770s] Invoked command in '/home/hollis/cu/5254_final/build/amp_sim' returned '2': CMAKE_PREFIX_PATH=/home/hollis/cu/5254_final/install/amp_msgs:/home/hollis/cu/5254_final/install/amp_viz:/home/hollis/cu/5254_final/install/amp_agents:/home/hollis/cu/5254_final/install/amp_sim:/opt/ros/humble LD_LIBRARY_PATH=/home/hollis/cu/5254_final/install/amp_msgs/lib:/home/hollis/cu/5254_final/install/amp_viz/lib:/home/hollis/cu/5254_final/install/amp_sim/lib:/opt/ros/humble/opt/rviz_ogre_vendor/lib:/opt/ros/humble/lib/x86_64-linux-gnu:/opt/ros/humble/lib /usr/bin/cmake --build /home/hollis/cu/5254_final/build/amp_sim -- -j24 -l24
