[ 16%] Built target collision_checker
[ 33%] Built target tree_visualizer
[ 41%] [32mBuilding CXX object CMakeFiles/sst_tree.dir/src/propagate_sst.cpp.o[0m
[01m[K/home/hollis/cu/5254_final/src/amp_agents/src/propagate_sst.cpp:[m[K In member function â€˜[01m[Kbool SstTree::parse_line(std::string)[m[Kâ€™:
[01m[K/home/hollis/cu/5254_final/src/amp_agents/src/propagate_sst.cpp:74:30:[m[K [01;35m[Kwarning: [m[Kcomparison of integer expressions of different signedness: â€˜[01m[Kint[m[Kâ€™ and â€˜[01m[Kstd::vector<int>::size_type[m[Kâ€™ {aka â€˜[01m[Klong unsigned int[m[Kâ€™} [[01;35m[K]8;;https://gcc.gnu.org/onlinedocs/gcc/Warning-Options.html#index-Wsign-compare-Wsign-compare]8;;[m[K]
   74 |             for(int i = 0; [01;35m[Ki < top_level_nodes.size()[m[K; i++){
      |                            [01;35m[K~~^~~~~~~~~~~~~~~~~~~~~~~~[m[K
[01m[K/home/hollis/cu/5254_final/src/amp_agents/src/propagate_sst.cpp:33:9:[m[K [01;35m[Kwarning: [m[Kvariable â€˜[01m[Kn[m[Kâ€™ set but not used [[01;35m[K]8;;https://gcc.gnu.org/onlinedocs/gcc/Warning-Options.html#index-Wunused-but-set-variable-Wunused-but-set-variable]8;;[m[K]
   33 |     int [01;35m[Kn[m[K = 0;
      |         [01;35m[K^[m[K
[01m[K/home/hollis/cu/5254_final/src/amp_agents/src/propagate_sst.cpp:[m[K In member function â€˜[01m[KV12d SstTree::generate_random_controls()[m[Kâ€™:
[01m[K/home/hollis/cu/5254_final/src/amp_agents/src/propagate_sst.cpp:274:22:[m[K [01;35m[Kwarning: [m[Kcomparison of integer expressions of different signedness: â€˜[01m[Kint[m[Kâ€™ and â€˜[01m[Kstd::vector<std::pair<double, double> >::size_type[m[Kâ€™ {aka â€˜[01m[Klong unsigned int[m[Kâ€™} [[01;35m[K]8;;https://gcc.gnu.org/onlinedocs/gcc/Warning-Options.html#index-Wsign-compare-Wsign-compare]8;;[m[K]
  274 |     for(int i = 0; [01;35m[Ki < env->control_limits.size()[m[K; i++){
      |                    [01;35m[K~~^~~~~~~~~~~~~~~~~~~~~~~~~~~~[m[K
In file included from [01m[K/opt/ros/humble/include/rclcpp/rclcpp/client.hpp:40[m[K,
                 from [01m[K/opt/ros/humble/include/rclcpp/rclcpp/callback_group.hpp:24[m[K,
                 from [01m[K/opt/ros/humble/include/rclcpp/rclcpp/any_executable.hpp:20[m[K,
                 from [01m[K/opt/ros/humble/include/rclcpp/rclcpp/memory_strategy.hpp:25[m[K,
                 from [01m[K/opt/ros/humble/include/rclcpp/rclcpp/memory_strategies.hpp:18[m[K,
                 from [01m[K/opt/ros/humble/include/rclcpp/rclcpp/executor_options.hpp:20[m[K,
                 from [01m[K/opt/ros/humble/include/rclcpp/rclcpp/executor.hpp:37[m[K,
                 from [01m[K/opt/ros/humble/include/rclcpp/rclcpp/executors/multi_threaded_executor.hpp:25[m[K,
                 from [01m[K/opt/ros/humble/include/rclcpp/rclcpp/executors.hpp:21[m[K,
                 from [01m[K/opt/ros/humble/include/rclcpp/rclcpp/rclcpp.hpp:155[m[K,
                 from [01m[K/home/hollis/cu/5254_final/src/amp_agents/include/amp_agents/propagate_sst.hpp:14[m[K,
                 from [01m[K/home/hollis/cu/5254_final/src/amp_agents/src/propagate_sst.cpp:1[m[K:
[01m[K/home/hollis/cu/5254_final/src/amp_agents/src/propagate_sst.cpp:[m[K In member function â€˜[01m[Kbool SstTree::propagate_agent(V12d, double, std::vector<std::pair<double, Eigen::Matrix<double, 13, 1> > >*)[m[Kâ€™:
[01m[K/home/hollis/cu/5254_final/src/amp_agents/src/propagate_sst.cpp:309:13:[m[K [01;31m[Kerror: [m[Kinvalid use of non-static member function â€˜[01m[Krclcpp::Logger rclcpp::Node::get_logger() const[m[Kâ€™
  309 |             [01;31m[KRCLCPP_INFO[m[K(node_ptr->get_logger, "There are %d obstacles", env->obstalces.size());
      |             [01;31m[K^~~~~~~~~~~[m[K
In file included from [01m[K/opt/ros/humble/include/rclcpp/rclcpp/executors/single_threaded_executor.hpp:28[m[K,
                 from [01m[K/opt/ros/humble/include/rclcpp/rclcpp/executors.hpp:22[m[K,
                 from [01m[K/opt/ros/humble/include/rclcpp/rclcpp/rclcpp.hpp:155[m[K,
                 from [01m[K/home/hollis/cu/5254_final/src/amp_agents/include/amp_agents/propagate_sst.hpp:14[m[K,
                 from [01m[K/home/hollis/cu/5254_final/src/amp_agents/src/propagate_sst.cpp:1[m[K:
[01m[K/opt/ros/humble/include/rclcpp/rclcpp/node.hpp:142:3:[m[K [01;36m[Knote: [m[Kdeclared here
  142 |   [01;36m[Kget_logger[m[K() const;
      |   [01;36m[K^~~~~~~~~~[m[K
In file included from [01m[K/opt/ros/humble/include/rclcpp/rclcpp/client.hpp:40[m[K,
                 from [01m[K/opt/ros/humble/include/rclcpp/rclcpp/callback_group.hpp:24[m[K,
                 from [01m[K/opt/ros/humble/include/rclcpp/rclcpp/any_executable.hpp:20[m[K,
                 from [01m[K/opt/ros/humble/include/rclcpp/rclcpp/memory_strategy.hpp:25[m[K,
                 from [01m[K/opt/ros/humble/include/rclcpp/rclcpp/memory_strategies.hpp:18[m[K,
                 from [01m[K/opt/ros/humble/include/rclcpp/rclcpp/executor_options.hpp:20[m[K,
                 from [01m[K/opt/ros/humble/include/rclcpp/rclcpp/executor.hpp:37[m[K,
                 from [01m[K/opt/ros/humble/include/rclcpp/rclcpp/executors/multi_threaded_executor.hpp:25[m[K,
                 from [01m[K/opt/ros/humble/include/rclcpp/rclcpp/executors.hpp:21[m[K,
                 from [01m[K/opt/ros/humble/include/rclcpp/rclcpp/rclcpp.hpp:155[m[K,
                 from [01m[K/home/hollis/cu/5254_final/src/amp_agents/include/amp_agents/propagate_sst.hpp:14[m[K,
                 from [01m[K/home/hollis/cu/5254_final/src/amp_agents/src/propagate_sst.cpp:1[m[K:
[01m[K/home/hollis/cu/5254_final/src/amp_agents/src/propagate_sst.cpp:309:13:[m[K [01;31m[Kerror: [m[Ktemplate argument 1 is invalid
  309 |             [01;31m[KRCLCPP_INFO[m[K(node_ptr->get_logger, "There are %d obstacles", env->obstalces.size());
      |             [01;31m[K^~~~~~~~~~~[m[K
In file included from [01m[K/opt/ros/humble/include/rclcpp/rclcpp/logging.hpp:24[m[K,
                 from [01m[K/opt/ros/humble/include/rclcpp/rclcpp/client.hpp:40[m[K,
                 from [01m[K/opt/ros/humble/include/rclcpp/rclcpp/callback_group.hpp:24[m[K,
                 from [01m[K/opt/ros/humble/include/rclcpp/rclcpp/any_executable.hpp:20[m[K,
                 from [01m[K/opt/ros/humble/include/rclcpp/rclcpp/memory_strategy.hpp:25[m[K,
                 from [01m[K/opt/ros/humble/include/rclcpp/rclcpp/memory_strategies.hpp:18[m[K,
                 from [01m[K/opt/ros/humble/include/rclcpp/rclcpp/executor_options.hpp:20[m[K,
                 from [01m[K/opt/ros/humble/include/rclcpp/rclcpp/executor.hpp:37[m[K,
                 from [01m[K/opt/ros/humble/include/rclcpp/rclcpp/executors/multi_threaded_executor.hpp:25[m[K,
                 from [01m[K/opt/ros/humble/include/rclcpp/rclcpp/executors.hpp:21[m[K,
                 from [01m[K/opt/ros/humble/include/rclcpp/rclcpp/rclcpp.hpp:155[m[K,
                 from [01m[K/home/hollis/cu/5254_final/src/amp_agents/include/amp_agents/propagate_sst.hpp:14[m[K,
                 from [01m[K/home/hollis/cu/5254_final/src/amp_agents/src/propagate_sst.cpp:1[m[K:
[01m[K/home/hollis/cu/5254_final/src/amp_agents/src/propagate_sst.cpp:309:35:[m[K [01;31m[Kerror: [m[Kinvalid use of member function â€˜[01m[Krclcpp::Logger rclcpp::Node::get_logger() const[m[Kâ€™ (did you forget the â€˜[01m[K()[m[Kâ€™ ?)
  309 |             RCLCPP_INFO(node_ptr->[01;31m[Kg[m[Ket_logger, "There are %d obstacles", env->obstalces.size());
      |                                   [01;31m[K^[m[K
[01m[K/home/hollis/cu/5254_final/src/amp_agents/src/propagate_sst.cpp:309:35:[m[K [01;31m[Kerror: [m[Kinvalid use of member function â€˜[01m[Krclcpp::Logger rclcpp::Node::get_logger() const[m[Kâ€™ (did you forget the â€˜[01m[K()[m[Kâ€™ ?)
  309 |             RCLCPP_INFO(node_ptr->[01;31m[Kg[m[Ket_logger, "There are %d obstacles", env->obstalces.size());
      |                                   [01;31m[K^[m[K
[01m[K/home/hollis/cu/5254_final/src/amp_agents/src/propagate_sst.cpp:[m[K In constructor â€˜[01m[KSstPath::SstPath(SstNode, DynamicObject*, bool)[m[Kâ€™:
[01m[K/home/hollis/cu/5254_final/src/amp_agents/src/propagate_sst.cpp:441:22:[m[K [01;35m[Kwarning: [m[Kcomparison of integer expressions of different signedness: â€˜[01m[Kint[m[Kâ€™ and â€˜[01m[Kstd::vector<std::pair<double, Eigen::Matrix<double, 13, 1> > >::size_type[m[Kâ€™ {aka â€˜[01m[Klong unsigned int[m[Kâ€™} [[01;35m[K]8;;https://gcc.gnu.org/onlinedocs/gcc/Warning-Options.html#index-Wsign-compare-Wsign-compare]8;;[m[K]
  441 |     for(int i = 0; [01;35m[Ki < states.size()[m[K; i++){
      |                    [01;35m[K~~^~~~~~~~~~~~~~~[m[K
[01m[K/home/hollis/cu/5254_final/src/amp_agents/src/propagate_sst.cpp:447:22:[m[K [01;35m[Kwarning: [m[Kcomparison of integer expressions of different signedness: â€˜[01m[Kint[m[Kâ€™ and â€˜[01m[Kstd::vector<Eigen::Matrix<double, 12, 1> >::size_type[m[Kâ€™ {aka â€˜[01m[Klong unsigned int[m[Kâ€™} [[01;35m[K]8;;https://gcc.gnu.org/onlinedocs/gcc/Warning-Options.html#index-Wsign-compare-Wsign-compare]8;;[m[K]
  447 |     for(int i = 0; [01;35m[Ki < controls.size()[m[K; i++){
      |                    [01;35m[K~~^~~~~~~~~~~~~~~~~[m[K
[01m[K/home/hollis/cu/5254_final/src/amp_agents/src/propagate_sst.cpp:[m[K In member function â€˜[01m[Kvoid SstPath::create_forward_path(SstNode)[m[Kâ€™:
[01m[K/home/hollis/cu/5254_final/src/amp_agents/src/propagate_sst.cpp:464:26:[m[K [01;35m[Kwarning: [m[Kcomparison of integer expressions of different signedness: â€˜[01m[Kint[m[Kâ€™ and â€˜[01m[Kstd::vector<std::pair<double, Eigen::Matrix<double, 13, 1> > >::size_type[m[Kâ€™ {aka â€˜[01m[Klong unsigned int[m[Kâ€™} [[01;35m[K]8;;https://gcc.gnu.org/onlinedocs/gcc/Warning-Options.html#index-Wsign-compare-Wsign-compare]8;;[m[K]
  464 |         for(int i = 0; [01;35m[Ki < current->sub_states.size()[m[K; i++){
      |                        [01;35m[K~~^~~~~~~~~~~~~~~~~~~~~~~~~~~~[m[K
gmake[2]: *** [CMakeFiles/sst_tree.dir/build.make:76: CMakeFiles/sst_tree.dir/src/propagate_sst.cpp.o] Error 1
gmake[1]: *** [CMakeFiles/Makefile2:199: CMakeFiles/sst_tree.dir/all] Error 2
gmake: *** [Makefile:146: all] Error 2
