[0.007s] Invoking command in '/home/hollis/cu/5254_final/build/amp_agents': CMAKE_PREFIX_PATH=/home/hollis/cu/5254_final/install/amp_sim:/home/hollis/cu/5254_final/install/amp_msgs:/home/hollis/cu/5254_final/install/amp_viz:/home/hollis/cu/5254_final/install/amp_agents:/opt/ros/humble LD_LIBRARY_PATH=/home/hollis/cu/5254_final/install/amp_msgs/lib:/home/hollis/cu/5254_final/install/amp_viz/lib:/home/hollis/cu/5254_final/install/amp_sim/lib:/opt/ros/humble/opt/rviz_ogre_vendor/lib:/opt/ros/humble/lib/x86_64-linux-gnu:/opt/ros/humble/lib /usr/bin/cmake --build /home/hollis/cu/5254_final/build/amp_agents -- -j24 -l24
[0.041s] [35m[1mConsolidate compiler generated dependencies of target sst_tree[0m
[0.051s] [ 12%] [32mBuilding CXX object CMakeFiles/backend.dir/src/agent_backend.cpp.o[0m
[0.051s] [ 25%] [32mBuilding CXX object CMakeFiles/tree_visualizer.dir/src/visualize_tree.cpp.o[0m
[0.052s] [ 37%] [32mBuilding CXX object CMakeFiles/sst_tree.dir/src/propagate_sst.cpp.o[0m
[0.726s] [01m[K/home/hollis/cu/5254_final/src/amp_agents/src/propagate_sst.cpp:[m[K In member function â€˜[01m[KV13d SstTree::generate_random_sample()[m[Kâ€™:
[0.726s] [01m[K/home/hollis/cu/5254_final/src/amp_agents/src/propagate_sst.cpp:47:1:[m[K [01;35m[Kwarning: [m[Kno return statement in function returning non-void [[01;35m[K]8;;https://gcc.gnu.org/onlinedocs/gcc/Warning-Options.html#index-Wreturn-type-Wreturn-type]8;;[m[K]
[0.728s]    47 | [01;35m[K}[m[K
[0.729s]       | [01;35m[K^[m[K
[0.752s] [01m[K/home/hollis/cu/5254_final/src/amp_agents/src/propagate_sst.cpp:[m[K In member function â€˜[01m[KV12d SstTree::generate_random_controls()[m[Kâ€™:
[0.752s] [01m[K/home/hollis/cu/5254_final/src/amp_agents/src/propagate_sst.cpp:122:22:[m[K [01;35m[Kwarning: [m[Kcomparison of integer expressions of different signedness: â€˜[01m[Kint[m[Kâ€™ and â€˜[01m[Kstd::vector<std::pair<double, double> >::size_type[m[Kâ€™ {aka â€˜[01m[Klong unsigned int[m[Kâ€™} [[01;35m[K]8;;https://gcc.gnu.org/onlinedocs/gcc/Warning-Options.html#index-Wsign-compare-Wsign-compare]8;;[m[K]
[0.752s]   122 |     for(int i = 0; [01;35m[Ki < env.control_limits.size()[m[K; i++){
[0.752s]       |                    [01;35m[K~~^~~~~~~~~~~~~~~~~~~~~~~~~~~[m[K
[0.757s] [01m[K/home/hollis/cu/5254_final/src/amp_agents/src/propagate_sst.cpp:[m[K In constructor â€˜[01m[KSstPath::SstPath(SstNode, DynamicObject*, bool)[m[Kâ€™:
[0.757s] [01m[K/home/hollis/cu/5254_final/src/amp_agents/src/propagate_sst.cpp:276:22:[m[K [01;35m[Kwarning: [m[Kcomparison of integer expressions of different signedness: â€˜[01m[Kint[m[Kâ€™ and â€˜[01m[Kstd::vector<std::pair<double, Eigen::Matrix<double, 13, 1> > >::size_type[m[Kâ€™ {aka â€˜[01m[Klong unsigned int[m[Kâ€™} [[01;35m[K]8;;https://gcc.gnu.org/onlinedocs/gcc/Warning-Options.html#index-Wsign-compare-Wsign-compare]8;;[m[K]
[0.757s]   276 |     for(int i = 0; [01;35m[Ki < states.size()[m[K; i++){
[0.757s]       |                    [01;35m[K~~^~~~~~~~~~~~~~~[m[K
[0.757s] [01m[K/home/hollis/cu/5254_final/src/amp_agents/src/propagate_sst.cpp:282:22:[m[K [01;35m[Kwarning: [m[Kcomparison of integer expressions of different signedness: â€˜[01m[Kint[m[Kâ€™ and â€˜[01m[Kstd::vector<Eigen::Matrix<double, 12, 1> >::size_type[m[Kâ€™ {aka â€˜[01m[Klong unsigned int[m[Kâ€™} [[01;35m[K]8;;https://gcc.gnu.org/onlinedocs/gcc/Warning-Options.html#index-Wsign-compare-Wsign-compare]8;;[m[K]
[0.757s]   282 |     for(int i = 0; [01;35m[Ki < controls.size()[m[K; i++){
[0.757s]       |                    [01;35m[K~~^~~~~~~~~~~~~~~~~[m[K
[0.757s] [01m[K/home/hollis/cu/5254_final/src/amp_agents/src/propagate_sst.cpp:[m[K In member function â€˜[01m[Kvoid SstPath::create_forward_path(SstNode)[m[Kâ€™:
[0.757s] [01m[K/home/hollis/cu/5254_final/src/amp_agents/src/propagate_sst.cpp:299:26:[m[K [01;35m[Kwarning: [m[Kcomparison of integer expressions of different signedness: â€˜[01m[Kint[m[Kâ€™ and â€˜[01m[Kstd::vector<std::pair<double, Eigen::Matrix<double, 13, 1> > >::size_type[m[Kâ€™ {aka â€˜[01m[Klong unsigned int[m[Kâ€™} [[01;35m[K]8;;https://gcc.gnu.org/onlinedocs/gcc/Warning-Options.html#index-Wsign-compare-Wsign-compare]8;;[m[K]
[0.757s]   299 |         for(int i = 0; [01;35m[Ki < current->sub_states.size()[m[K; i++){
[0.757s]       |                        [01;35m[K~~^~~~~~~~~~~~~~~~~~~~~~~~~~~~[m[K
[1.314s] [ 50%] [32m[1mLinking CXX static library libsst_tree.a[0m
[1.354s] [ 50%] Built target sst_tree
[1.357s] [01m[K/home/hollis/cu/5254_final/src/amp_agents/src/visualize_tree.cpp:[m[K In member function â€˜[01m[Kvoid TreeVisualizer::displayTree(std::__cxx11::list<SstNode*>)[m[Kâ€™:
[1.357s] [01m[K/home/hollis/cu/5254_final/src/amp_agents/src/visualize_tree.cpp:10:49:[m[K [01;31m[Kerror: [m[Kcould not convert â€˜[01m[K(((void)std::operator!=(it, tree.std::__cxx11::list<SstNode*>::end())), it.std::_List_iterator<SstNode*>::operator++())[m[Kâ€™ from â€˜[01m[Kstd::_List_iterator<SstNode*>::_Self[m[Kâ€™ to â€˜[01m[Kbool[m[Kâ€™
[1.357s]    10 |     for(auto it = tree.begin(); [01;31m[Kit != tree.end(), ++it[m[K){
[1.357s]       |                                 [01;31m[K~~~~~~~~~~~~~~~~^~~~~~[m[K
[1.357s]       |                                                 [01;31m[K|[m[K
[1.357s]       |                                                 [01;31m[Kstd::_List_iterator<SstNode*>::_Self[m[K
[1.358s] [01m[K/home/hollis/cu/5254_final/src/amp_agents/src/visualize_tree.cpp:10:55:[m[K [01;31m[Kerror: [m[Kexpected â€˜[01m[K;[m[Kâ€™ before â€˜[01m[K)[m[Kâ€™ token
[1.358s]    10 |     for(auto it = tree.begin(); it != tree.end(), ++it[01;31m[K)[m[K{
[1.358s]       |                                                       [01;31m[K^[m[K
[1.358s]       |                                                       [32m[K;[m[K
[1.649s] gmake[2]: *** [CMakeFiles/tree_visualizer.dir/build.make:76: CMakeFiles/tree_visualizer.dir/src/visualize_tree.cpp.o] Error 1
[1.649s] gmake[1]: *** [CMakeFiles/Makefile2:195: CMakeFiles/tree_visualizer.dir/all] Error 2
[1.649s] gmake[1]: *** Waiting for unfinished jobs....
[2.702s] [01m[K/home/hollis/cu/5254_final/src/amp_agents/src/agent_backend.cpp:[m[K In member function â€˜[01m[Kgeometry_msgs::msg::TransformStamped AgentBackend::getBallTransform(int)[m[Kâ€™:
[2.702s] [01m[K/home/hollis/cu/5254_final/src/amp_agents/src/agent_backend.cpp:77:26:[m[K [01;35m[Kwarning: [m[Kcomparison of integer expressions of different signedness: â€˜[01m[Kint[m[Kâ€™ and â€˜[01m[Kstd::vector<int>::size_type[m[Kâ€™ {aka â€˜[01m[Klong unsigned int[m[Kâ€™} [[01;35m[K]8;;https://gcc.gnu.org/onlinedocs/gcc/Warning-Options.html#index-Wsign-compare-Wsign-compare]8;;[m[K]
[2.702s]    77 |         for(int i = 0; [01;35m[Ki < valid_ball_frames.size()[m[K; i++){
[2.702s]       |                        [01;35m[K~~^~~~~~~~~~~~~~~~~~~~~~~~~~[m[K
[2.703s] In file included from [01m[K/opt/ros/humble/include/rclcpp/rclcpp/logging.hpp:24[m[K,
[2.703s]                  from [01m[K/opt/ros/humble/include/rclcpp/rclcpp/client.hpp:40[m[K,
[2.703s]                  from [01m[K/opt/ros/humble/include/rclcpp/rclcpp/callback_group.hpp:24[m[K,
[2.703s]                  from [01m[K/opt/ros/humble/include/rclcpp/rclcpp/any_executable.hpp:20[m[K,
[2.703s]                  from [01m[K/opt/ros/humble/include/rclcpp/rclcpp/memory_strategy.hpp:25[m[K,
[2.703s]                  from [01m[K/opt/ros/humble/include/rclcpp/rclcpp/memory_strategies.hpp:18[m[K,
[2.703s]                  from [01m[K/opt/ros/humble/include/rclcpp/rclcpp/executor_options.hpp:20[m[K,
[2.703s]                  from [01m[K/opt/ros/humble/include/rclcpp/rclcpp/executor.hpp:37[m[K,
[2.703s]                  from [01m[K/opt/ros/humble/include/rclcpp/rclcpp/executors/multi_threaded_executor.hpp:25[m[K,
[2.703s]                  from [01m[K/opt/ros/humble/include/rclcpp/rclcpp/executors.hpp:21[m[K,
[2.703s]                  from [01m[K/opt/ros/humble/include/rclcpp/rclcpp/rclcpp.hpp:155[m[K,
[2.703s]                  from [01m[K/home/hollis/cu/5254_final/src/amp_agents/include/amp_agents/agent_backend.hpp:9[m[K,
[2.703s]                  from [01m[K/home/hollis/cu/5254_final/src/amp_agents/src/agent_backend.cpp:1[m[K:
[2.703s] [01m[K/home/hollis/cu/5254_final/src/amp_agents/src/agent_backend.cpp:[m[K In member function â€˜[01m[Kgeometry_msgs::msg::TransformStamped AgentBackend::getTransform(std::string, std::string)[m[Kâ€™:
[2.703s] [01m[K/home/hollis/cu/5254_final/src/amp_agents/src/agent_backend.cpp:106:35:[m[K [01;35m[Kwarning: [m[Kformat â€˜[01m[K%s[m[Kâ€™ expects argument of type â€˜[01m[Kchar*[m[Kâ€™, but argument 5 has type â€˜[01m[Kstd::string[m[Kâ€™ {aka â€˜[01m[Kstd::__cxx11::basic_string<char>[m[Kâ€™} [[01;35m[K]8;;https://gcc.gnu.org/onlinedocs/gcc/Warning-Options.html#index-Wformat=-Wformat=]8;;[m[K]
[2.703s]   106 |         RCLCPP_WARN(get_logger(), [01;35m[K"Could not transform %s to %s: %s"[m[K, to_frame, from_frame, ex.what());
[2.703s]       |                                   [01;35m[K^~~~~~~~~~~~~~~~~~~~~~~~~~~~~~~~~~[m[K
[2.703s] [01m[K/home/hollis/cu/5254_final/src/amp_agents/src/agent_backend.cpp:106:57:[m[K [01;36m[Knote: [m[Kformat string is defined here
[2.703s]   106 |         RCLCPP_WARN(get_logger(), "Could not transform [01;36m[K%s[m[K to %s: %s", to_frame, from_frame, ex.what());
[2.705s]       |                                                        [01;36m[K~^[m[K
[2.705s]       |                                                         [01;36m[K|[m[K
[2.705s]       |                                                         [01;36m[Kchar*[m[K
[2.705s] In file included from [01m[K/opt/ros/humble/include/rclcpp/rclcpp/logging.hpp:24[m[K,
[2.705s]                  from [01m[K/opt/ros/humble/include/rclcpp/rclcpp/client.hpp:40[m[K,
[2.705s]                  from [01m[K/opt/ros/humble/include/rclcpp/rclcpp/callback_group.hpp:24[m[K,
[2.705s]                  from [01m[K/opt/ros/humble/include/rclcpp/rclcpp/any_executable.hpp:20[m[K,
[2.705s]                  from [01m[K/opt/ros/humble/include/rclcpp/rclcpp/memory_strategy.hpp:25[m[K,
[2.705s]                  from [01m[K/opt/ros/humble/include/rclcpp/rclcpp/memory_strategies.hpp:18[m[K,
[2.705s]                  from [01m[K/opt/ros/humble/include/rclcpp/rclcpp/executor_options.hpp:20[m[K,
[2.705s]                  from [01m[K/opt/ros/humble/include/rclcpp/rclcpp/executor.hpp:37[m[K,
[2.705s]                  from [01m[K/opt/ros/humble/include/rclcpp/rclcpp/executors/multi_threaded_executor.hpp:25[m[K,
[2.705s]                  from [01m[K/opt/ros/humble/include/rclcpp/rclcpp/executors.hpp:21[m[K,
[2.705s]                  from [01m[K/opt/ros/humble/include/rclcpp/rclcpp/rclcpp.hpp:155[m[K,
[2.705s]                  from [01m[K/home/hollis/cu/5254_final/src/amp_agents/include/amp_agents/agent_backend.hpp:9[m[K,
[2.705s]                  from [01m[K/home/hollis/cu/5254_final/src/amp_agents/src/agent_backend.cpp:1[m[K:
[2.705s] [01m[K/home/hollis/cu/5254_final/src/amp_agents/src/agent_backend.cpp:106:35:[m[K [01;35m[Kwarning: [m[Kformat â€˜[01m[K%s[m[Kâ€™ expects argument of type â€˜[01m[Kchar*[m[Kâ€™, but argument 6 has type â€˜[01m[Kstd::string[m[Kâ€™ {aka â€˜[01m[Kstd::__cxx11::basic_string<char>[m[Kâ€™} [[01;35m[K]8;;https://gcc.gnu.org/onlinedocs/gcc/Warning-Options.html#index-Wformat=-Wformat=]8;;[m[K]
[2.705s]   106 |         RCLCPP_WARN(get_logger(), [01;35m[K"Could not transform %s to %s: %s"[m[K, to_frame, from_frame, ex.what());
[2.705s]       |                                   [01;35m[K^~~~~~~~~~~~~~~~~~~~~~~~~~~~~~~~~~[m[K
[2.705s] [01m[K/home/hollis/cu/5254_final/src/amp_agents/src/agent_backend.cpp:106:63:[m[K [01;36m[Knote: [m[Kformat string is defined here
[2.705s]   106 |         RCLCPP_WARN(get_logger(), "Could not transform %s to [01;36m[K%s[m[K: %s", to_frame, from_frame, ex.what());
[2.705s]       |                                                              [01;36m[K~^[m[K
[2.705s]       |                                                               [01;36m[K|[m[K
[2.705s]       |                                                               [01;36m[Kchar*[m[K
[2.716s] [01m[K/home/hollis/cu/5254_final/src/amp_agents/src/agent_backend.cpp:[m[K In member function â€˜[01m[Kvirtual void AgentBackend::generate_tree(int, BallCatchEnvironment)[m[Kâ€™:
[2.717s] [01m[K/home/hollis/cu/5254_final/src/amp_agents/src/agent_backend.cpp:153:38:[m[K [01;35m[Kwarning: [m[Kunused parameter â€˜[01m[Knumber_of_nodes[m[Kâ€™ [[01;35m[K]8;;https://gcc.gnu.org/onlinedocs/gcc/Warning-Options.html#index-Wunused-parameter-Wunused-parameter]8;;[m[K]
[2.717s]   153 | void AgentBackend::generate_tree([01;35m[Kint number_of_nodes[m[K, BallCatchEnvironment env){
[2.717s]       |                                  [01;35m[K~~~~^~~~~~~~~~~~~~~[m[K
[2.717s] [01m[K/home/hollis/cu/5254_final/src/amp_agents/src/agent_backend.cpp:153:76:[m[K [01;35m[Kwarning: [m[Kunused parameter â€˜[01m[Kenv[m[Kâ€™ [[01;35m[K]8;;https://gcc.gnu.org/onlinedocs/gcc/Warning-Options.html#index-Wunused-parameter-Wunused-parameter]8;;[m[K]
[2.717s]   153 | void AgentBackend::generate_tree(int number_of_nodes, [01;35m[KBallCatchEnvironment env[m[K){
[2.717s]       |                                                       [01;35m[K~~~~~~~~~~~~~~~~~~~~~^~~[m[K
[7.175s] [ 62%] [32m[1mLinking CXX static library libbackend.a[0m
[7.285s] [ 62%] Built target backend
[7.287s] gmake: *** [Makefile:146: all] Error 2
[7.288s] Invoked command in '/home/hollis/cu/5254_final/build/amp_agents' returned '2': CMAKE_PREFIX_PATH=/home/hollis/cu/5254_final/install/amp_sim:/home/hollis/cu/5254_final/install/amp_msgs:/home/hollis/cu/5254_final/install/amp_viz:/home/hollis/cu/5254_final/install/amp_agents:/opt/ros/humble LD_LIBRARY_PATH=/home/hollis/cu/5254_final/install/amp_msgs/lib:/home/hollis/cu/5254_final/install/amp_viz/lib:/home/hollis/cu/5254_final/install/amp_sim/lib:/opt/ros/humble/opt/rviz_ogre_vendor/lib:/opt/ros/humble/lib/x86_64-linux-gnu:/opt/ros/humble/lib /usr/bin/cmake --build /home/hollis/cu/5254_final/build/amp_agents -- -j24 -l24
