In file included from [01m[K/home/hollis/cu/5254_final/build/amp_viz/include/amp_viz/moc_template_panel.cpp:10[m[K:
[01m[K/home/hollis/cu/5254_final/build/amp_viz/include/amp_viz/../../../../src/amp_viz/include/amp_viz/template_panel.hpp:8:10:[m[K [01;31m[Kfatal error: [m[Kamp_msgs/msg/launch_ball.hpp: No such file or directory
    8 | #include [01;31m[K"amp_msgs/msg/launch_ball.hpp"[m[K
      |          [01;31m[K^~~~~~~~~~~~~~~~~~~~~~~~~~~~~~[m[K
compilation terminated.
In file included from [01m[K/home/hollis/cu/5254_final/src/amp_viz/src/template_panel.cpp:1[m[K:
[01m[K/home/hollis/cu/5254_final/src/amp_viz/include/amp_viz/template_panel.hpp:8:10:[m[K [01;31m[Kfatal error: [m[Kamp_msgs/msg/launch_ball.hpp: No such file or directory
    8 | #include [01;31m[K"amp_msgs/msg/launch_ball.hpp"[m[K
      |          [01;31m[K^~~~~~~~~~~~~~~~~~~~~~~~~~~~~~[m[K
compilation terminated.
gmake[2]: *** [CMakeFiles/template_panel.dir/build.make:108: CMakeFiles/template_panel.dir/include/amp_viz/moc_template_panel.cpp.o] Error 1
gmake[2]: *** Waiting for unfinished jobs....
gmake[2]: *** [CMakeFiles/template_panel.dir/build.make:94: CMakeFiles/template_panel.dir/src/template_panel.cpp.o] Error 1
gmake[1]: *** [CMakeFiles/Makefile2:138: CMakeFiles/template_panel.dir/all] Error 2
gmake: *** [Makefile:146: all] Error 2
