[0.004s] Invoking command in '/home/hollis/cu/5254_final/build/amp_viz': CMAKE_PREFIX_PATH=/home/hollis/cu/5254_final/install/amp_sim:/home/hollis/cu/5254_final/install/amp_viz:/opt/ros/humble /usr/bin/cmake --build /home/hollis/cu/5254_final/build/amp_viz -- -j24 -l24
[0.027s] [ 16%] [34m[1mAutomatic MOC and UIC for target template_panel[0m
[0.035s] [ 16%] Built target template_panel_autogen
[0.041s] [ 33%] [34m[1mGenerating include/amp_viz/moc_template_panel.cpp[0m
[0.046s] [35m[1mConsolidate compiler generated dependencies of target template_panel[0m
[0.053s] [ 50%] [32mBuilding CXX object CMakeFiles/template_panel.dir/src/template_panel.cpp.o[0m
[0.053s] [ 66%] [32mBuilding CXX object CMakeFiles/template_panel.dir/include/amp_viz/moc_template_panel.cpp.o[0m
[0.535s] [01m[K/home/hollis/cu/5254_final/src/amp_viz/src/template_panel.cpp:8:6:[m[K [01;31m[Kerror: [m[Kâ€˜[01m[KDemoPanel[m[Kâ€™ has not been declared
[0.535s]     8 | void [01;31m[KDemoPanel[m[K::onInitialize()
[0.535s]       |      [01;31m[K^~~~~~~~~[m[K
[0.537s] [01m[K/home/hollis/cu/5254_final/src/amp_viz/src/template_panel.cpp:[m[K In function â€˜[01m[Kvoid onInitialize()[m[Kâ€™:
[0.537s] [01m[K/home/hollis/cu/5254_final/src/amp_viz/src/template_panel.cpp:11:5:[m[K [01;31m[Kerror: [m[Kâ€˜[01m[Kui[m[Kâ€™ was not declared in this scope; did you mean â€˜[01m[KUi[m[Kâ€™?
[0.537s]    11 |     [01;31m[Kui[m[K->setupUi(Panel);
[0.537s]       |     [01;31m[K^~[m[K
[0.537s]       |     [32m[KUi[m[K
[0.537s] [01m[K/home/hollis/cu/5254_final/src/amp_viz/src/template_panel.cpp:11:17:[m[K [01;31m[Kerror: [m[Kâ€˜[01m[KPanel[m[Kâ€™ was not declared in this scope; did you mean â€˜[01m[Krviz_common::Panel[m[Kâ€™?
[0.537s]    11 |     ui->setupUi([01;31m[KPanel[m[K);
[0.537s]       |                 [01;31m[K^~~~~[m[K
[0.537s]       |                 [32m[Krviz_common::Panel[m[K
[0.537s] In file included from [01m[K/home/hollis/cu/5254_final/src/amp_viz/include/amp_viz/template_panel.hpp:3[m[K,
[0.537s]                  from [01m[K/home/hollis/cu/5254_final/src/amp_viz/src/template_panel.cpp:1[m[K:
[0.537s] [01m[K/opt/ros/humble/include/rviz_common/rviz_common/panel.hpp:44:26:[m[K [01;36m[Knote: [m[Kâ€˜[01m[Krviz_common::Panel[m[Kâ€™ declared here
[0.537s]    44 | class RVIZ_COMMON_PUBLIC [01;36m[KPanel[m[K : public QWidget
[0.537s]       |                          [01;36m[K^~~~~[m[K
[0.635s] gmake[2]: *** [CMakeFiles/template_panel.dir/build.make:94: CMakeFiles/template_panel.dir/src/template_panel.cpp.o] Error 1
[0.635s] gmake[1]: *** [CMakeFiles/Makefile2:138: CMakeFiles/template_panel.dir/all] Error 2
[0.635s] gmake: *** [Makefile:146: all] Error 2
[0.637s] Invoked command in '/home/hollis/cu/5254_final/build/amp_viz' returned '2': CMAKE_PREFIX_PATH=/home/hollis/cu/5254_final/install/amp_sim:/home/hollis/cu/5254_final/install/amp_viz:/opt/ros/humble /usr/bin/cmake --build /home/hollis/cu/5254_final/build/amp_viz -- -j24 -l24
