[0.011s] Invoking command in '/home/hollis/cu/5254_final/build/amp_agents': CMAKE_PREFIX_PATH=/home/hollis/cu/5254_final/install/amp_sim:/home/hollis/cu/5254_final/install/amp_msgs:/home/hollis/cu/5254_final/install/amp_viz:/home/hollis/cu/5254_final/install/amp_agents:/opt/ros/humble LD_LIBRARY_PATH=/home/hollis/cu/5254_final/install/amp_msgs/lib:/home/hollis/cu/5254_final/install/amp_viz/lib:/home/hollis/cu/5254_final/install/amp_sim/lib:/opt/ros/humble/opt/rviz_ogre_vendor/lib:/opt/ros/humble/lib/x86_64-linux-gnu:/opt/ros/humble/lib /usr/bin/cmake --build /home/hollis/cu/5254_final/build/amp_agents -- -j24 -l24
[0.059s] [ 16%] Built target collision_checker
[0.064s] [ 33%] Built target tree_visualizer
[0.093s] [ 50%] Built target sst_tree
[0.127s] [ 58%] [32mBuilding CXX object CMakeFiles/backend.dir/src/agent_backend.cpp.o[0m
[2.778s] [01m[K/home/hollis/cu/5254_final/src/amp_agents/src/agent_backend.cpp:[m[K In member function â€˜[01m[Kgeometry_msgs::msg::TransformStamped AgentBackend::getBallTransform(int)[m[Kâ€™:
[2.778s] [01m[K/home/hollis/cu/5254_final/src/amp_agents/src/agent_backend.cpp:77:26:[m[K [01;35m[Kwarning: [m[Kcomparison of integer expressions of different signedness: â€˜[01m[Kint[m[Kâ€™ and â€˜[01m[Kstd::vector<int>::size_type[m[Kâ€™ {aka â€˜[01m[Klong unsigned int[m[Kâ€™} [[01;35m[K]8;;https://gcc.gnu.org/onlinedocs/gcc/Warning-Options.html#index-Wsign-compare-Wsign-compare]8;;[m[K]
[2.778s]    77 |         for(int i = 0; [01;35m[Ki < valid_ball_frames.size()[m[K; i++){
[2.779s]       |                        [01;35m[K~~^~~~~~~~~~~~~~~~~~~~~~~~~~[m[K
[2.779s] In file included from [01m[K/opt/ros/humble/include/rclcpp/rclcpp/logging.hpp:24[m[K,
[2.779s]                  from [01m[K/opt/ros/humble/include/rclcpp/rclcpp/client.hpp:40[m[K,
[2.779s]                  from [01m[K/opt/ros/humble/include/rclcpp/rclcpp/callback_group.hpp:24[m[K,
[2.779s]                  from [01m[K/opt/ros/humble/include/rclcpp/rclcpp/any_executable.hpp:20[m[K,
[2.779s]                  from [01m[K/opt/ros/humble/include/rclcpp/rclcpp/memory_strategy.hpp:25[m[K,
[2.779s]                  from [01m[K/opt/ros/humble/include/rclcpp/rclcpp/memory_strategies.hpp:18[m[K,
[2.779s]                  from [01m[K/opt/ros/humble/include/rclcpp/rclcpp/executor_options.hpp:20[m[K,
[2.779s]                  from [01m[K/opt/ros/humble/include/rclcpp/rclcpp/executor.hpp:37[m[K,
[2.779s]                  from [01m[K/opt/ros/humble/include/rclcpp/rclcpp/executors/multi_threaded_executor.hpp:25[m[K,
[2.780s]                  from [01m[K/opt/ros/humble/include/rclcpp/rclcpp/executors.hpp:21[m[K,
[2.780s]                  from [01m[K/opt/ros/humble/include/rclcpp/rclcpp/rclcpp.hpp:155[m[K,
[2.780s]                  from [01m[K/home/hollis/cu/5254_final/src/amp_agents/include/amp_agents/agent_backend.hpp:9[m[K,
[2.780s]                  from [01m[K/home/hollis/cu/5254_final/src/amp_agents/src/agent_backend.cpp:1[m[K:
[2.780s] [01m[K/home/hollis/cu/5254_final/src/amp_agents/src/agent_backend.cpp:[m[K In member function â€˜[01m[Kgeometry_msgs::msg::TransformStamped AgentBackend::getTransform(std::string, std::string)[m[Kâ€™:
[2.780s] [01m[K/home/hollis/cu/5254_final/src/amp_agents/src/agent_backend.cpp:106:35:[m[K [01;35m[Kwarning: [m[Kformat â€˜[01m[K%s[m[Kâ€™ expects argument of type â€˜[01m[Kchar*[m[Kâ€™, but argument 5 has type â€˜[01m[Kstd::string[m[Kâ€™ {aka â€˜[01m[Kstd::__cxx11::basic_string<char>[m[Kâ€™} [[01;35m[K]8;;https://gcc.gnu.org/onlinedocs/gcc/Warning-Options.html#index-Wformat=-Wformat=]8;;[m[K]
[2.780s]   106 |         RCLCPP_WARN(get_logger(), [01;35m[K"Could not transform %s to %s: %s"[m[K, to_frame, from_frame, ex.what());
[2.780s]       |                                   [01;35m[K^~~~~~~~~~~~~~~~~~~~~~~~~~~~~~~~~~[m[K
[2.780s] [01m[K/home/hollis/cu/5254_final/src/amp_agents/src/agent_backend.cpp:106:57:[m[K [01;36m[Knote: [m[Kformat string is defined here
[2.780s]   106 |         RCLCPP_WARN(get_logger(), "Could not transform [01;36m[K%s[m[K to %s: %s", to_frame, from_frame, ex.what());
[2.780s]       |                                                        [01;36m[K~^[m[K
[2.780s]       |                                                         [01;36m[K|[m[K
[2.780s]       |                                                         [01;36m[Kchar*[m[K
[2.780s] In file included from [01m[K/opt/ros/humble/include/rclcpp/rclcpp/logging.hpp:24[m[K,
[2.780s]                  from [01m[K/opt/ros/humble/include/rclcpp/rclcpp/client.hpp:40[m[K,
[2.780s]                  from [01m[K/opt/ros/humble/include/rclcpp/rclcpp/callback_group.hpp:24[m[K,
[2.780s]                  from [01m[K/opt/ros/humble/include/rclcpp/rclcpp/any_executable.hpp:20[m[K,
[2.780s]                  from [01m[K/opt/ros/humble/include/rclcpp/rclcpp/memory_strategy.hpp:25[m[K,
[2.780s]                  from [01m[K/opt/ros/humble/include/rclcpp/rclcpp/memory_strategies.hpp:18[m[K,
[2.780s]                  from [01m[K/opt/ros/humble/include/rclcpp/rclcpp/executor_options.hpp:20[m[K,
[2.780s]                  from [01m[K/opt/ros/humble/include/rclcpp/rclcpp/executor.hpp:37[m[K,
[2.780s]                  from [01m[K/opt/ros/humble/include/rclcpp/rclcpp/executors/multi_threaded_executor.hpp:25[m[K,
[2.780s]                  from [01m[K/opt/ros/humble/include/rclcpp/rclcpp/executors.hpp:21[m[K,
[2.780s]                  from [01m[K/opt/ros/humble/include/rclcpp/rclcpp/rclcpp.hpp:155[m[K,
[2.780s]                  from [01m[K/home/hollis/cu/5254_final/src/amp_agents/include/amp_agents/agent_backend.hpp:9[m[K,
[2.780s]                  from [01m[K/home/hollis/cu/5254_final/src/amp_agents/src/agent_backend.cpp:1[m[K:
[2.780s] [01m[K/home/hollis/cu/5254_final/src/amp_agents/src/agent_backend.cpp:106:35:[m[K [01;35m[Kwarning: [m[Kformat â€˜[01m[K%s[m[Kâ€™ expects argument of type â€˜[01m[Kchar*[m[Kâ€™, but argument 6 has type â€˜[01m[Kstd::string[m[Kâ€™ {aka â€˜[01m[Kstd::__cxx11::basic_string<char>[m[Kâ€™} [[01;35m[K]8;;https://gcc.gnu.org/onlinedocs/gcc/Warning-Options.html#index-Wformat=-Wformat=]8;;[m[K]
[2.780s]   106 |         RCLCPP_WARN(get_logger(), [01;35m[K"Could not transform %s to %s: %s"[m[K, to_frame, from_frame, ex.what());
[2.780s]       |                                   [01;35m[K^~~~~~~~~~~~~~~~~~~~~~~~~~~~~~~~~~[m[K
[2.780s] [01m[K/home/hollis/cu/5254_final/src/amp_agents/src/agent_backend.cpp:106:63:[m[K [01;36m[Knote: [m[Kformat string is defined here
[2.780s]   106 |         RCLCPP_WARN(get_logger(), "Could not transform %s to [01;36m[K%s[m[K: %s", to_frame, from_frame, ex.what());
[2.780s]       |                                                              [01;36m[K~^[m[K
[2.781s]       |                                                               [01;36m[K|[m[K
[2.781s]       |                                                               [01;36m[Kchar*[m[K
[2.791s] [01m[K/home/hollis/cu/5254_final/src/amp_agents/src/agent_backend.cpp:[m[K In member function â€˜[01m[KTargetInformation AgentBackend::determine_ball_landing_location(V3d, V3d, V3d, double, double)[m[Kâ€™:
[2.791s] [01m[K/home/hollis/cu/5254_final/src/amp_agents/src/agent_backend.cpp:122:26:[m[K [01;31m[Kerror: [m[Kno matching function for call to â€˜[01m[KAgentBackend::solve_time(double&, Eigen::DenseCoeffsBase<Eigen::Matrix<double, 3, 1>, 1>::Scalar&, Eigen::DenseCoeffsBase<Eigen::Matrix<double, 3, 1>, 1>::Scalar&, Eigen::DenseCoeffsBase<Eigen::Matrix<double, 3, 1>, 1>::Scalar&, double&)[m[Kâ€™
[2.791s]   122 |     double t = [01;31m[Ksolve_time(mass, current_damping[2], current_velocities[2], current_position[2], landing_hieght)[m[K;
[2.791s]       |                [01;31m[K~~~~~~~~~~^~~~~~~~~~~~~~~~~~~~~~~~~~~~~~~~~~~~~~~~~~~~~~~~~~~~~~~~~~~~~~~~~~~~~~~~~~~~~~~~~~~~~~[m[K
[2.791s] In file included from [01m[K/home/hollis/cu/5254_final/src/amp_agents/src/agent_backend.cpp:1[m[K:
[2.792s] [01m[K/home/hollis/cu/5254_final/src/amp_agents/include/amp_agents/agent_backend.hpp:81:16:[m[K [01;36m[Knote: [m[Kcandidate: â€˜[01m[Kdouble AgentBackend::solve_time(double, double, double, double, double, double)[m[Kâ€™
[2.792s]    81 |         double [01;36m[Ksolve_time[m[K(double m, double b, double v0, double x0, double L, double g);
[2.792s]       |                [01;36m[K^~~~~~~~~~[m[K
[2.792s] [01m[K/home/hollis/cu/5254_final/src/amp_agents/include/amp_agents/agent_backend.hpp:81:16:[m[K [01;36m[Knote: [m[K  candidate expects 6 arguments, 5 provided
[2.798s] [01m[K/home/hollis/cu/5254_final/src/amp_agents/src/agent_backend.cpp:132:8:[m[K [01;31m[Kerror: [m[Kâ€˜[01m[Kdz[m[Kâ€™ was not declared in this scope
[2.798s]   132 |     if([01;31m[Kdz[m[K < 0){
[2.798s]       |        [01;31m[K^~[m[K
[2.799s] [01m[K/home/hollis/cu/5254_final/src/amp_agents/src/agent_backend.cpp:[m[K In member function â€˜[01m[Kdouble AgentBackend::solve_time(double, double, double, double, double, double)[m[Kâ€™:
[2.799s] [01m[K/home/hollis/cu/5254_final/src/amp_agents/src/agent_backend.cpp:144:18:[m[K [01;35m[Kwarning: [m[Kunused variable â€˜[01m[KA[m[Kâ€™ [[01;35m[K]8;;https://gcc.gnu.org/onlinedocs/gcc/Warning-Options.html#index-Wunused-variable-Wunused-variable]8;;[m[K]
[2.799s]   144 |     const double [01;35m[KA[m[K = v0 + g / b;
[2.799s]       |                  [01;35m[K^[m[K
[2.799s] [01m[K/home/hollis/cu/5254_final/src/amp_agents/src/agent_backend.cpp:[m[K In member function â€˜[01m[Kvirtual void AgentBackend::generate_tree(double)[m[Kâ€™:
[2.799s] [01m[K/home/hollis/cu/5254_final/src/amp_agents/src/agent_backend.cpp:173:41:[m[K [01;35m[Kwarning: [m[Kunused parameter â€˜[01m[Kpropagation_time[m[Kâ€™ [[01;35m[K]8;;https://gcc.gnu.org/onlinedocs/gcc/Warning-Options.html#index-Wunused-parameter-Wunused-parameter]8;;[m[K]
[2.799s]   173 | void AgentBackend::generate_tree([01;35m[Kdouble propagation_time[m[K){
[2.799s]       |                                  [01;35m[K~~~~~~~^~~~~~~~~~~~~~~~[m[K
[4.800s] gmake[2]: *** [CMakeFiles/backend.dir/build.make:76: CMakeFiles/backend.dir/src/agent_backend.cpp.o] Error 1
[4.801s] gmake[1]: *** [CMakeFiles/Makefile2:226: CMakeFiles/backend.dir/all] Error 2
[4.801s] gmake: *** [Makefile:146: all] Error 2
[4.804s] Invoked command in '/home/hollis/cu/5254_final/build/amp_agents' returned '2': CMAKE_PREFIX_PATH=/home/hollis/cu/5254_final/install/amp_sim:/home/hollis/cu/5254_final/install/amp_msgs:/home/hollis/cu/5254_final/install/amp_viz:/home/hollis/cu/5254_final/install/amp_agents:/opt/ros/humble LD_LIBRARY_PATH=/home/hollis/cu/5254_final/install/amp_msgs/lib:/home/hollis/cu/5254_final/install/amp_viz/lib:/home/hollis/cu/5254_final/install/amp_sim/lib:/opt/ros/humble/opt/rviz_ogre_vendor/lib:/opt/ros/humble/lib/x86_64-linux-gnu:/opt/ros/humble/lib /usr/bin/cmake --build /home/hollis/cu/5254_final/build/amp_agents -- -j24 -l24
