[0.008s] Invoking command in '/home/hollis/cu/5254_final/build/amp_viz': AMENT_PREFIX_PATH=/home/hollis/cu/5254_final/install/amp_sim:/home/hollis/cu/5254_final/install/amp_msgs:${AMENT_PREFIX_PATH} CMAKE_PREFIX_PATH=/home/hollis/cu/5254_final/install/amp_sim:/home/hollis/cu/5254_final/install/amp_msgs:/opt/ros/humble LD_LIBRARY_PATH=/home/hollis/cu/5254_final/install/amp_msgs/lib:${LD_LIBRARY_PATH} PYTHONPATH=/home/hollis/cu/5254_final/install/amp_msgs/local/lib/python3.10/dist-packages:${PYTHONPATH} /usr/bin/cmake --build /home/hollis/cu/5254_final/build/amp_viz -- -j24 -l24
[0.049s] [ 16%] [34m[1mAutomatic MOC and UIC for target template_panel[0m
[0.067s] [ 16%] Built target template_panel_autogen
[0.079s] [ 33%] [34m[1mGenerating include/amp_viz/moc_template_panel.cpp[0m
[0.099s] [ 50%] [32mBuilding CXX object CMakeFiles/template_panel.dir/include/amp_viz/moc_template_panel.cpp.o[0m
[0.099s] [ 66%] [32mBuilding CXX object CMakeFiles/template_panel.dir/src/template_panel.cpp.o[0m
[0.332s] In file included from [01m[K/home/hollis/cu/5254_final/src/amp_viz/src/template_panel.cpp:1[m[K:
[0.332s] [01m[K/home/hollis/cu/5254_final/src/amp_viz/include/amp_viz/template_panel.hpp:8:10:[m[K [01;31m[Kfatal error: [m[Kamp_msgs/msg/set_pose.hpp: No such file or directory
[0.332s]     8 | #include [01;31m[K"amp_msgs/msg/set_pose.hpp"[m[K
[0.332s]       |          [01;31m[K^~~~~~~~~~~~~~~~~~~~~~~~~~~[m[K
[0.332s] compilation terminated.
[0.339s] gmake[2]: *** [CMakeFiles/template_panel.dir/build.make:94: CMakeFiles/template_panel.dir/src/template_panel.cpp.o] Error 1
[0.340s] gmake[2]: *** Waiting for unfinished jobs....
[0.343s] In file included from [01m[K/home/hollis/cu/5254_final/build/amp_viz/include/amp_viz/moc_template_panel.cpp:10[m[K:
[0.343s] [01m[K/home/hollis/cu/5254_final/build/amp_viz/include/amp_viz/../../../../src/amp_viz/include/amp_viz/template_panel.hpp:8:10:[m[K [01;31m[Kfatal error: [m[Kamp_msgs/msg/set_pose.hpp: No such file or directory
[0.343s]     8 | #include [01;31m[K"amp_msgs/msg/set_pose.hpp"[m[K
[0.343s]       |          [01;31m[K^~~~~~~~~~~~~~~~~~~~~~~~~~~[m[K
[0.344s] compilation terminated.
[0.350s] gmake[2]: *** [CMakeFiles/template_panel.dir/build.make:108: CMakeFiles/template_panel.dir/include/amp_viz/moc_template_panel.cpp.o] Error 1
[0.350s] gmake[1]: *** [CMakeFiles/Makefile2:138: CMakeFiles/template_panel.dir/all] Error 2
[0.350s] gmake: *** [Makefile:146: all] Error 2
[0.353s] Invoked command in '/home/hollis/cu/5254_final/build/amp_viz' returned '2': AMENT_PREFIX_PATH=/home/hollis/cu/5254_final/install/amp_sim:/home/hollis/cu/5254_final/install/amp_msgs:${AMENT_PREFIX_PATH} CMAKE_PREFIX_PATH=/home/hollis/cu/5254_final/install/amp_sim:/home/hollis/cu/5254_final/install/amp_msgs:/opt/ros/humble LD_LIBRARY_PATH=/home/hollis/cu/5254_final/install/amp_msgs/lib:${LD_LIBRARY_PATH} PYTHONPATH=/home/hollis/cu/5254_final/install/amp_msgs/local/lib/python3.10/dist-packages:${PYTHONPATH} /usr/bin/cmake --build /home/hollis/cu/5254_final/build/amp_viz -- -j24 -l24
