[0.003s] Invoking command in '/home/hollis/cu/5254_final/build/amp_viz': CMAKE_PREFIX_PATH=/home/hollis/cu/5254_final/install/amp_sim:/home/hollis/cu/5254_final/install/amp_viz:/opt/ros/humble /usr/bin/cmake --build /home/hollis/cu/5254_final/build/amp_viz -- -j24 -l24
[0.028s] [ 16%] [34m[1mAutomatic MOC and UIC for target template_panel[0m
[0.036s] [ 16%] Built target template_panel_autogen
[0.042s] [35m[1mConsolidate compiler generated dependencies of target template_panel[0m
[0.049s] [ 33%] [32mBuilding CXX object CMakeFiles/template_panel.dir/src/template_panel.cpp.o[0m
[0.443s] [01m[K/home/hollis/cu/5254_final/src/amp_viz/src/template_panel.cpp:[m[K In constructor â€˜[01m[KTemplatePanel::TemplatePanel(QWidget*)[m[Kâ€™:
[0.443s] [01m[K/home/hollis/cu/5254_final/src/amp_viz/src/template_panel.cpp:5:17:[m[K [01;31m[Kerror: [m[Kinvalid conversion from â€˜[01m[KQWidget*[m[Kâ€™ to â€˜[01m[KQDialog*[m[Kâ€™ [[01;31m[K]8;;https://gcc.gnu.org/onlinedocs/gcc/Warning-Options.html#index-fpermissive-fpermissive]8;;[m[K]
[0.443s]     5 |     ui->setupUi([01;31m[Kparent[m[K);
[0.443s]       |                 [01;31m[K^~~~~~[m[K
[0.443s]       |                 [01;31m[K|[m[K
[0.443s]       |                 [01;31m[KQWidget*[m[K
[0.443s] In file included from [01m[K/home/hollis/cu/5254_final/src/amp_viz/include/amp_viz/template_panel.hpp:4[m[K,
[0.443s]                  from [01m[K/home/hollis/cu/5254_final/src/amp_viz/src/template_panel.cpp:1[m[K:
[0.445s] [01m[K/home/hollis/cu/5254_final/build/amp_viz/template_panel_autogen/include/ui/ui_template_panel.h:28:27:[m[K [01;36m[Knote: [m[K  initializing argument 1 of â€˜[01m[Kvoid Ui_Template_Panel::setupUi(QDialog*)[m[Kâ€™
[0.445s]    28 |     void setupUi([01;36m[KQDialog *Template_Panel[m[K)
[0.445s]       |                  [01;36m[K~~~~~~~~~^~~~~~~~~~~~~~[m[K
[0.522s] gmake[2]: *** [CMakeFiles/template_panel.dir/build.make:94: CMakeFiles/template_panel.dir/src/template_panel.cpp.o] Error 1
[0.522s] gmake[1]: *** [CMakeFiles/Makefile2:138: CMakeFiles/template_panel.dir/all] Error 2
[0.522s] gmake: *** [Makefile:146: all] Error 2
[0.524s] Invoked command in '/home/hollis/cu/5254_final/build/amp_viz' returned '2': CMAKE_PREFIX_PATH=/home/hollis/cu/5254_final/install/amp_sim:/home/hollis/cu/5254_final/install/amp_viz:/opt/ros/humble /usr/bin/cmake --build /home/hollis/cu/5254_final/build/amp_viz -- -j24 -l24
