[01m[K/home/hollis/cu/5254_final/src/amp_sim/src/run_sim.cpp:109:17:[m[K [01;31m[Kerror: [m[Kâ€˜[01m[Ksubscription[m[Kâ€™ in namespace â€˜[01m[Krclcpp[m[Kâ€™ does not name a template type; did you mean â€˜[01m[KSubscription[m[Kâ€™?
  109 |         rclcpp::[01;31m[Ksubscription[m[K<amp_msgs::msg::LaunchBall>::SharedPtr launch_sub;
      |                 [01;31m[K^~~~~~~~~~~~[m[K
      |                 [32m[KSubscription[m[K
[01m[K/home/hollis/cu/5254_final/src/amp_sim/src/run_sim.cpp:[m[K In constructor â€˜[01m[KSimNode::SimNode()[m[Kâ€™:
[01m[K/home/hollis/cu/5254_final/src/amp_sim/src/run_sim.cpp:30:13:[m[K [01;31m[Kerror: [m[Kâ€˜[01m[Klaunch_sub[m[Kâ€™ was not declared in this scope
   30 |             [01;31m[Klaunch_sub[m[K = create_subscription<amp_msgs::msg::LaunchBall>("/launch_ball", 10, std::bind(&SimNode::launch_ball_cb, this, std::placeholders::_1))
      |             [01;31m[K^~~~~~~~~~[m[K
[01m[K/home/hollis/cu/5254_final/src/amp_sim/src/run_sim.cpp:34:13:[m[K [01;31m[Kerror: [m[Kâ€˜[01m[Kball_damping[m[Kâ€™ was not declared in this scope
   34 |             [01;31m[Kball_damping[m[K << 2.0, 2.0, 5.0, 2.0, 2.0, 2.0;
      |             [01;31m[K^~~~~~~~~~~~[m[K
[01m[K/home/hollis/cu/5254_final/src/amp_sim/src/run_sim.cpp:36:82:[m[K [01;31m[Kerror: [m[Kâ€˜[01m[Kempty[m[Kâ€™ was not declared in this scope; did you mean â€˜[01m[Kstd::empty[m[Kâ€™?
   36 |             dynamic_objects.push_back(new DynamicBall(ball_damping, 1, "ball_1", [01;31m[Kempty[m[K));
      |                                                                                  [01;31m[K^~~~~[m[K
      |                                                                                  [32m[Kstd::empty[m[K
In file included from [01m[K/usr/include/c++/11/string:54[m[K,
                 from [01m[K/usr/include/c++/11/bits/locale_classes.h:40[m[K,
                 from [01m[K/usr/include/c++/11/bits/ios_base.h:41[m[K,
                 from [01m[K/usr/include/c++/11/ios:42[m[K,
                 from [01m[K/usr/include/c++/11/istream:38[m[K,
                 from [01m[K/usr/include/c++/11/sstream:38[m[K,
                 from [01m[K/usr/include/c++/11/complex:45[m[K,
                 from [01m[K/usr/include/eigen3/Eigen/Core:50[m[K,
                 from [01m[K/usr/include/eigen3/Eigen/Dense:1[m[K,
                 from [01m[K/home/hollis/cu/5254_final/src/amp_sim/include/amp_sim/dynamic_ball.hpp:3[m[K,
                 from [01m[K/home/hollis/cu/5254_final/src/amp_sim/src/run_sim.cpp:3[m[K:
[01m[K/usr/include/c++/11/bits/range_access.h:281:5:[m[K [01;36m[Knote: [m[Kâ€˜[01m[Kstd::empty[m[Kâ€™ declared here
  281 |     [01;36m[Kempty[m[K(initializer_list<_Tp> __il) noexcept
      |     [01;36m[K^~~~~[m[K
[01m[K/home/hollis/cu/5254_final/src/amp_sim/src/run_sim.cpp:[m[K In member function â€˜[01m[Kvoid SimNode::launch_ball_cb(amp_msgs::msg::LaunchBall)[m[Kâ€™:
[01m[K/home/hollis/cu/5254_final/src/amp_sim/src/run_sim.cpp:74:55:[m[K [01;35m[Kwarning: [m[Kunused parameter â€˜[01m[Kmsg[m[Kâ€™ [[01;35m[K]8;;https://gcc.gnu.org/onlinedocs/gcc/Warning-Options.html#index-Wunused-parameter-Wunused-parameter]8;;[m[K]
   74 |         void launch_ball_cb([01;35m[Kamp_msgs::msg::LaunchBall msg[m[K){
      |                             [01;35m[K~~~~~~~~~~~~~~~~~~~~~~~~~~^~~[m[K
gmake[2]: *** [CMakeFiles/sim_node.dir/build.make:76: CMakeFiles/sim_node.dir/src/run_sim.cpp.o] Error 1
gmake[1]: *** [CMakeFiles/Makefile2:194: CMakeFiles/sim_node.dir/all] Error 2
gmake: *** [Makefile:146: all] Error 2
