[0.005s] Invoking command in '/home/hollis/cu/5254_final/build/amp_sim': CMAKE_PREFIX_PATH=/home/hollis/cu/5254_final/install/amp_msgs:/home/hollis/cu/5254_final/install/amp_viz:/home/hollis/cu/5254_final/install/amp_sim:/opt/ros/humble LD_LIBRARY_PATH=/home/hollis/cu/5254_final/install/amp_msgs/lib:/home/hollis/cu/5254_final/install/amp_viz/lib:/opt/ros/humble/opt/rviz_ogre_vendor/lib:/opt/ros/humble/lib/x86_64-linux-gnu:/opt/ros/humble/lib /usr/bin/cmake --build /home/hollis/cu/5254_final/build/amp_sim -- -j24 -l24
[0.023s] -- Found ament_cmake: 1.3.12 (/opt/ros/humble/share/ament_cmake/cmake)
[0.109s] -- Found rclcpp: 16.0.15 (/opt/ros/humble/share/rclcpp/cmake)
[0.131s] -- Found rosidl_generator_c: 3.1.7 (/opt/ros/humble/share/rosidl_generator_c/cmake)
[0.133s] -- Found rosidl_adapter: 3.1.7 (/opt/ros/humble/share/rosidl_adapter/cmake)
[0.137s] -- Found rosidl_generator_cpp: 3.1.7 (/opt/ros/humble/share/rosidl_generator_cpp/cmake)
[0.144s] -- Using all available rosidl_typesupport_c: rosidl_typesupport_fastrtps_c;rosidl_typesupport_introspection_c
[0.152s] -- Using all available rosidl_typesupport_cpp: rosidl_typesupport_fastrtps_cpp;rosidl_typesupport_introspection_cpp
[0.170s] -- Found rmw_implementation_cmake: 6.1.2 (/opt/ros/humble/share/rmw_implementation_cmake/cmake)
[0.170s] -- Found rmw_fastrtps_cpp: 6.2.8 (/opt/ros/humble/share/rmw_fastrtps_cpp/cmake)
[0.251s] -- Using RMW implementation 'rmw_fastrtps_cpp' as default
[0.287s] -- Found geometry_msgs: 4.9.0 (/opt/ros/humble/share/geometry_msgs/cmake)
[0.301s] -- Found tf2: 0.25.16 (/opt/ros/humble/share/tf2/cmake)
[0.303s] -- Found tf2_ros: 0.25.16 (/opt/ros/humble/share/tf2_ros/cmake)
[0.346s] -- Found amp_msgs: 0.0.0 (/home/hollis/cu/5254_final/install/amp_msgs/share/amp_msgs/cmake)
[0.352s] -- Found ament_lint_auto: 0.12.14 (/opt/ros/humble/share/ament_lint_auto/cmake)
[0.408s] -- Added test 'cppcheck' to perform static code analysis on C / C++ code
[0.408s] -- Configured cppcheck include dirs: /home/hollis/cu/5254_final/src/amp_sim/include/amp_sim
[0.408s] -- Configured cppcheck exclude dirs and/or files: 
[0.409s] -- Added test 'lint_cmake' to check CMake code style
[0.409s] -- Added test 'uncrustify' to check C / C++ code style
[0.409s] -- Configured uncrustify additional arguments: 
[0.409s] -- Added test 'xmllint' to check XML markup files
[0.409s] -- Configuring done
[0.417s] -- Generating done
[0.421s] -- Build files have been written to: /home/hollis/cu/5254_final/build/amp_sim
[0.445s] [35m[1mConsolidate compiler generated dependencies of target dynamic_object[0m
[0.460s] [ 33%] Built target dynamic_object
[0.471s] [35m[1mConsolidate compiler generated dependencies of target dynamic_ball[0m
[0.481s] [ 66%] Built target dynamic_ball
[0.489s] [35m[1mConsolidate compiler generated dependencies of target sim_node[0m
[0.506s] [ 83%] [32mBuilding CXX object CMakeFiles/sim_node.dir/src/run_sim.cpp.o[0m
[2.236s] [01m[K/home/hollis/cu/5254_final/src/amp_sim/src/run_sim.cpp:109:17:[m[K [01;31m[Kerror: [m[Kâ€˜[01m[Ksubscription[m[Kâ€™ in namespace â€˜[01m[Krclcpp[m[Kâ€™ does not name a template type; did you mean â€˜[01m[KSubscription[m[Kâ€™?
[2.236s]   109 |         rclcpp::[01;31m[Ksubscription[m[K<amp_msgs::msg::LaunchBall>::SharedPtr launch_sub;
[2.236s]       |                 [01;31m[K^~~~~~~~~~~~[m[K
[2.236s]       |                 [32m[KSubscription[m[K
[2.243s] [01m[K/home/hollis/cu/5254_final/src/amp_sim/src/run_sim.cpp:[m[K In constructor â€˜[01m[KSimNode::SimNode()[m[Kâ€™:
[2.243s] [01m[K/home/hollis/cu/5254_final/src/amp_sim/src/run_sim.cpp:30:13:[m[K [01;31m[Kerror: [m[Kâ€˜[01m[Klaunch_sub[m[Kâ€™ was not declared in this scope
[2.243s]    30 |             [01;31m[Klaunch_sub[m[K = create_subscription<amp_msgs::msg::LaunchBall>("/launch_ball", 10, std::bind(&SimNode::launch_ball_cb, this, std::placeholders::_1))
[2.243s]       |             [01;31m[K^~~~~~~~~~[m[K
[2.288s] [01m[K/home/hollis/cu/5254_final/src/amp_sim/src/run_sim.cpp:34:13:[m[K [01;31m[Kerror: [m[Kâ€˜[01m[Kball_damping[m[Kâ€™ was not declared in this scope
[2.288s]    34 |             [01;31m[Kball_damping[m[K << 2.0, 2.0, 5.0, 2.0, 2.0, 2.0;
[2.288s]       |             [01;31m[K^~~~~~~~~~~~[m[K
[2.288s] [01m[K/home/hollis/cu/5254_final/src/amp_sim/src/run_sim.cpp:36:82:[m[K [01;31m[Kerror: [m[Kâ€˜[01m[Kempty[m[Kâ€™ was not declared in this scope; did you mean â€˜[01m[Kstd::empty[m[Kâ€™?
[2.288s]    36 |             dynamic_objects.push_back(new DynamicBall(ball_damping, 1, "ball_1", [01;31m[Kempty[m[K));
[2.288s]       |                                                                                  [01;31m[K^~~~~[m[K
[2.288s]       |                                                                                  [32m[Kstd::empty[m[K
[2.288s] In file included from [01m[K/usr/include/c++/11/string:54[m[K,
[2.288s]                  from [01m[K/usr/include/c++/11/bits/locale_classes.h:40[m[K,
[2.288s]                  from [01m[K/usr/include/c++/11/bits/ios_base.h:41[m[K,
[2.288s]                  from [01m[K/usr/include/c++/11/ios:42[m[K,
[2.288s]                  from [01m[K/usr/include/c++/11/istream:38[m[K,
[2.288s]                  from [01m[K/usr/include/c++/11/sstream:38[m[K,
[2.288s]                  from [01m[K/usr/include/c++/11/complex:45[m[K,
[2.288s]                  from [01m[K/usr/include/eigen3/Eigen/Core:50[m[K,
[2.288s]                  from [01m[K/usr/include/eigen3/Eigen/Dense:1[m[K,
[2.288s]                  from [01m[K/home/hollis/cu/5254_final/src/amp_sim/include/amp_sim/dynamic_ball.hpp:3[m[K,
[2.288s]                  from [01m[K/home/hollis/cu/5254_final/src/amp_sim/src/run_sim.cpp:3[m[K:
[2.289s] [01m[K/usr/include/c++/11/bits/range_access.h:281:5:[m[K [01;36m[Knote: [m[Kâ€˜[01m[Kstd::empty[m[Kâ€™ declared here
[2.289s]   281 |     [01;36m[Kempty[m[K(initializer_list<_Tp> __il) noexcept
[2.289s]       |     [01;36m[K^~~~~[m[K
[2.302s] [01m[K/home/hollis/cu/5254_final/src/amp_sim/src/run_sim.cpp:[m[K In member function â€˜[01m[Kvoid SimNode::launch_ball_cb(amp_msgs::msg::LaunchBall)[m[Kâ€™:
[2.302s] [01m[K/home/hollis/cu/5254_final/src/amp_sim/src/run_sim.cpp:74:55:[m[K [01;35m[Kwarning: [m[Kunused parameter â€˜[01m[Kmsg[m[Kâ€™ [[01;35m[K]8;;https://gcc.gnu.org/onlinedocs/gcc/Warning-Options.html#index-Wunused-parameter-Wunused-parameter]8;;[m[K]
[2.302s]    74 |         void launch_ball_cb([01;35m[Kamp_msgs::msg::LaunchBall msg[m[K){
[2.302s]       |                             [01;35m[K~~~~~~~~~~~~~~~~~~~~~~~~~~^~~[m[K
[3.842s] gmake[2]: *** [CMakeFiles/sim_node.dir/build.make:76: CMakeFiles/sim_node.dir/src/run_sim.cpp.o] Error 1
[3.842s] gmake[1]: *** [CMakeFiles/Makefile2:194: CMakeFiles/sim_node.dir/all] Error 2
[3.842s] gmake: *** [Makefile:146: all] Error 2
[3.844s] Invoked command in '/home/hollis/cu/5254_final/build/amp_sim' returned '2': CMAKE_PREFIX_PATH=/home/hollis/cu/5254_final/install/amp_msgs:/home/hollis/cu/5254_final/install/amp_viz:/home/hollis/cu/5254_final/install/amp_sim:/opt/ros/humble LD_LIBRARY_PATH=/home/hollis/cu/5254_final/install/amp_msgs/lib:/home/hollis/cu/5254_final/install/amp_viz/lib:/opt/ros/humble/opt/rviz_ogre_vendor/lib:/opt/ros/humble/lib/x86_64-linux-gnu:/opt/ros/humble/lib /usr/bin/cmake --build /home/hollis/cu/5254_final/build/amp_sim -- -j24 -l24
