[01m[K/home/hollis/cu/5254_final/src/amp_viz/src/template_panel.cpp:[m[K In constructor â€˜[01m[KTemplatePanel::TemplatePanel(QWidget*)[m[Kâ€™:
[01m[K/home/hollis/cu/5254_final/src/amp_viz/src/template_panel.cpp:5:8:[m[K [01;31m[Kerror: [m[Krequest for member â€˜[01m[KsetupUi[m[Kâ€™ in â€˜[01m[K((TemplatePanel*)this)->TemplatePanel::ui[m[Kâ€™, which is of pointer type â€˜[01m[KUi::Template_Panel*[m[Kâ€™ (maybe you meant to use â€˜[01m[K->[m[Kâ€™ ?)
    5 |     ui.[01;31m[KsetupUi[m[K(Panel);
      |        [01;31m[K^~~~~~~[m[K
[01m[K/home/hollis/cu/5254_final/src/amp_viz/src/template_panel.cpp:5:21:[m[K [01;31m[Kerror: [m[Kexpected primary-expression before â€˜[01m[K)[m[Kâ€™ token
    5 |     ui.setupUi(Panel[01;31m[K)[m[K;
      |                     [01;31m[K^[m[K
gmake[2]: *** [CMakeFiles/template_panel.dir/build.make:94: CMakeFiles/template_panel.dir/src/template_panel.cpp.o] Error 1
gmake[1]: *** [CMakeFiles/Makefile2:138: CMakeFiles/template_panel.dir/all] Error 2
gmake: *** [Makefile:146: all] Error 2
