[0.011s] Invoking command in '/home/hollis/cu/5254_final/build/amp_agents': CMAKE_PREFIX_PATH=/home/hollis/cu/5254_final/install/amp_sim:/home/hollis/cu/5254_final/install/amp_msgs:/home/hollis/cu/5254_final/install/amp_viz:/home/hollis/cu/5254_final/install/amp_agents:/opt/ros/humble LD_LIBRARY_PATH=/home/hollis/cu/5254_final/install/amp_msgs/lib:/home/hollis/cu/5254_final/install/amp_viz/lib:/home/hollis/cu/5254_final/install/amp_sim/lib:/opt/ros/humble/opt/rviz_ogre_vendor/lib:/opt/ros/humble/lib/x86_64-linux-gnu:/opt/ros/humble/lib /usr/bin/cmake --build /home/hollis/cu/5254_final/build/amp_agents -- -j24 -l24
[0.041s] [ 16%] Built target collision_checker
[0.044s] [ 33%] Built target tree_visualizer
[0.057s] [ 41%] [32mBuilding CXX object CMakeFiles/sst_tree.dir/src/propagate_sst.cpp.o[0m
[1.613s] [01m[K/home/hollis/cu/5254_final/src/amp_agents/src/propagate_sst.cpp:[m[K In member function â€˜[01m[Kbool SstTree::parse_line(std::string)[m[Kâ€™:
[1.613s] [01m[K/home/hollis/cu/5254_final/src/amp_agents/src/propagate_sst.cpp:74:30:[m[K [01;35m[Kwarning: [m[Kcomparison of integer expressions of different signedness: â€˜[01m[Kint[m[Kâ€™ and â€˜[01m[Kstd::vector<int>::size_type[m[Kâ€™ {aka â€˜[01m[Klong unsigned int[m[Kâ€™} [[01;35m[K]8;;https://gcc.gnu.org/onlinedocs/gcc/Warning-Options.html#index-Wsign-compare-Wsign-compare]8;;[m[K]
[1.613s]    74 |             for(int i = 0; [01;35m[Ki < top_level_nodes.size()[m[K; i++){
[1.613s]       |                            [01;35m[K~~^~~~~~~~~~~~~~~~~~~~~~~~[m[K
[1.613s] [01m[K/home/hollis/cu/5254_final/src/amp_agents/src/propagate_sst.cpp:33:9:[m[K [01;35m[Kwarning: [m[Kvariable â€˜[01m[Kn[m[Kâ€™ set but not used [[01;35m[K]8;;https://gcc.gnu.org/onlinedocs/gcc/Warning-Options.html#index-Wunused-but-set-variable-Wunused-but-set-variable]8;;[m[K]
[1.613s]    33 |     int [01;35m[Kn[m[K = 0;
[1.613s]       |         [01;35m[K^[m[K
[1.624s] [01m[K/home/hollis/cu/5254_final/src/amp_agents/src/propagate_sst.cpp:[m[K In member function â€˜[01m[KV12d SstTree::generate_random_controls()[m[Kâ€™:
[1.624s] [01m[K/home/hollis/cu/5254_final/src/amp_agents/src/propagate_sst.cpp:274:22:[m[K [01;35m[Kwarning: [m[Kcomparison of integer expressions of different signedness: â€˜[01m[Kint[m[Kâ€™ and â€˜[01m[Kstd::vector<std::pair<double, double> >::size_type[m[Kâ€™ {aka â€˜[01m[Klong unsigned int[m[Kâ€™} [[01;35m[K]8;;https://gcc.gnu.org/onlinedocs/gcc/Warning-Options.html#index-Wsign-compare-Wsign-compare]8;;[m[K]
[1.624s]   274 |     for(int i = 0; [01;35m[Ki < env->control_limits.size()[m[K; i++){
[1.624s]       |                    [01;35m[K~~^~~~~~~~~~~~~~~~~~~~~~~~~~~~[m[K
[1.625s] [01m[K/home/hollis/cu/5254_final/src/amp_agents/src/propagate_sst.cpp:[m[K In member function â€˜[01m[Kbool SstTree::propagate_agent(V12d, double, std::vector<std::pair<double, Eigen::Matrix<double, 13, 1> > >*)[m[Kâ€™:
[1.625s] [01m[K/home/hollis/cu/5254_final/src/amp_agents/src/propagate_sst.cpp:307:48:[m[K [01;31m[Kerror: [m[Kexpected primary-expression before â€˜[01m[K([m[Kâ€™ token
[1.625s]   307 |             RectPrism prism(env->agent_dim, v3d[01;31m[K([m[Kagent->state[0], agent->state[1], 0, 0 0);
[1.625s]       |                                                [01;31m[K^[m[K
[1.625s] [01m[K/home/hollis/cu/5254_final/src/amp_agents/src/propagate_sst.cpp:307:87:[m[K [01;31m[Kerror: [m[Kexpected â€˜[01m[K)[m[Kâ€™ before numeric constant
[1.625s]   307 | rism prism(env->agent_dim, v3d[34m[K([m[Kagent->state[0], agent->state[1], 0, 0[01;31m[K [m[K[32m[K0[m[K);
[1.625s]       |                               [34m[K~[m[K                                      [01;31m[K^[m[K[32m[K~[m[K
[1.625s]       |                                                                      [32m[K)[m[K
[1.627s] [01m[K/home/hollis/cu/5254_final/src/amp_agents/src/propagate_sst.cpp:305:20:[m[K [01;35m[Kwarning: [m[Kunused variable â€˜[01m[Kyaw[m[Kâ€™ [[01;35m[K]8;;https://gcc.gnu.org/onlinedocs/gcc/Warning-Options.html#index-Wunused-variable-Wunused-variable]8;;[m[K]
[1.627s]   305 |             double [01;35m[Kyaw[m[K = atan2(2 *(agent->state[3] * agent->state[6] + agent->state[4] * agent->state[5]), 1 - 2 *(agent->state[5] * agent->state[5] + agent->state[6] * agent->state[6]));
[1.627s]       |                    [01;35m[K^~~[m[K
[1.629s] [01m[K/home/hollis/cu/5254_final/src/amp_agents/src/propagate_sst.cpp:[m[K In constructor â€˜[01m[KSstPath::SstPath(SstNode, DynamicObject*, bool)[m[Kâ€™:
[1.629s] [01m[K/home/hollis/cu/5254_final/src/amp_agents/src/propagate_sst.cpp:444:22:[m[K [01;35m[Kwarning: [m[Kcomparison of integer expressions of different signedness: â€˜[01m[Kint[m[Kâ€™ and â€˜[01m[Kstd::vector<std::pair<double, Eigen::Matrix<double, 13, 1> > >::size_type[m[Kâ€™ {aka â€˜[01m[Klong unsigned int[m[Kâ€™} [[01;35m[K]8;;https://gcc.gnu.org/onlinedocs/gcc/Warning-Options.html#index-Wsign-compare-Wsign-compare]8;;[m[K]
[1.630s]   444 |     for(int i = 0; [01;35m[Ki < states.size()[m[K; i++){
[1.630s]       |                    [01;35m[K~~^~~~~~~~~~~~~~~[m[K
[1.630s] [01m[K/home/hollis/cu/5254_final/src/amp_agents/src/propagate_sst.cpp:450:22:[m[K [01;35m[Kwarning: [m[Kcomparison of integer expressions of different signedness: â€˜[01m[Kint[m[Kâ€™ and â€˜[01m[Kstd::vector<Eigen::Matrix<double, 12, 1> >::size_type[m[Kâ€™ {aka â€˜[01m[Klong unsigned int[m[Kâ€™} [[01;35m[K]8;;https://gcc.gnu.org/onlinedocs/gcc/Warning-Options.html#index-Wsign-compare-Wsign-compare]8;;[m[K]
[1.630s]   450 |     for(int i = 0; [01;35m[Ki < controls.size()[m[K; i++){
[1.630s]       |                    [01;35m[K~~^~~~~~~~~~~~~~~~~[m[K
[1.630s] [01m[K/home/hollis/cu/5254_final/src/amp_agents/src/propagate_sst.cpp:[m[K In member function â€˜[01m[Kvoid SstPath::create_forward_path(SstNode)[m[Kâ€™:
[1.630s] [01m[K/home/hollis/cu/5254_final/src/amp_agents/src/propagate_sst.cpp:467:26:[m[K [01;35m[Kwarning: [m[Kcomparison of integer expressions of different signedness: â€˜[01m[Kint[m[Kâ€™ and â€˜[01m[Kstd::vector<std::pair<double, Eigen::Matrix<double, 13, 1> > >::size_type[m[Kâ€™ {aka â€˜[01m[Klong unsigned int[m[Kâ€™} [[01;35m[K]8;;https://gcc.gnu.org/onlinedocs/gcc/Warning-Options.html#index-Wsign-compare-Wsign-compare]8;;[m[K]
[1.630s]   467 |         for(int i = 0; [01;35m[Ki < current->sub_states.size()[m[K; i++){
[1.630s]       |                        [01;35m[K~~^~~~~~~~~~~~~~~~~~~~~~~~~~~~[m[K
[1.689s] In file included from [01m[K/usr/include/eigen3/Eigen/Core:164[m[K,
[1.689s]                  from [01m[K/usr/include/eigen3/Eigen/Dense:1[m[K,
[1.689s]                  from [01m[K/home/hollis/cu/5254_final/src/amp_agents/include/amp_agents/propagate_sst.hpp:3[m[K,
[1.689s]                  from [01m[K/home/hollis/cu/5254_final/src/amp_agents/src/propagate_sst.cpp:1[m[K:
[1.689s] /usr/include/eigen3/Eigen/src/Core/Matrix.h: In instantiation of â€˜[01m[KEigen::Matrix<_Scalar, _Rows, _Cols, _Options, _MaxRows, _MaxCols>::Matrix(const Scalar&, const Scalar&, const Scalar&, const Scalar&) [with _Scalar = double; int _Rows = 3; int _Cols = 1; int _Options = 0; int _MaxRows = 3; int _MaxCols = 1; Eigen::Matrix<_Scalar, _Rows, _Cols, _Options, _MaxRows, _MaxCols>::Scalar = double][m[Kâ€™:
[1.689s] [01m[K/home/hollis/cu/5254_final/src/amp_agents/src/propagate_sst.cpp:307:89:[m[K   required from here
[1.689s] [01m[K/usr/include/eigen3/Eigen/src/Core/util/StaticAssert.h:158:77:[m[K [01;31m[Kerror: [m[Kstatic assertion failed: THIS_METHOD_IS_ONLY_FOR_VECTORS_OF_A_SPECIFIC_SIZE
[1.689s]   158 | IC_ASSERT(TYPE::IsVectorAtCompileTime && TYPE::SizeAtCompileTime==SIZE, \
[1.689s] 
[1.689s] [01m[K/usr/include/eigen3/Eigen/src/Core/util/StaticAssert.h:33:54:[m[K [01;36m[Knote: [m[Kin definition of macro â€˜[01m[KEIGEN_STATIC_ASSERT[m[Kâ€™
[1.689s]    33 |     #define EIGEN_STATIC_ASSERT(X,MSG) static_assert([01;36m[KX[m[K,#MSG);
[1.689s]       |                                                      [01;36m[K^[m[K
[1.689s] [01m[K/usr/include/eigen3/Eigen/src/Core/Matrix.h:404:7:[m[K [01;36m[Knote: [m[Kin expansion of macro â€˜[01m[KEIGEN_STATIC_ASSERT_VECTOR_SPECIFIC_SIZE[m[Kâ€™
[1.689s]   404 |       [01;36m[KEIGEN_STATIC_ASSERT_VECTOR_SPECIFIC_SIZE[m[K(Matrix, 4)
[1.689s]       |       [01;36m[K^~~~~~~~~~~~~~~~~~~~~~~~~~~~~~~~~~~~~~~~[m[K
[1.689s] [01m[K/usr/include/eigen3/Eigen/src/Core/util/StaticAssert.h:158:77:[m[K [01;36m[Knote: [m[Kâ€˜[01m[K(((int)Eigen::Matrix<double, 3, 1>::SizeAtCompileTime) == 4)[m[Kâ€™ evaluates to false
[1.689s]   158 | IC_ASSERT(TYPE::IsVectorAtCompileTime && TYPE::SizeAtCompileTime==SIZE, \
[1.689s] 
[1.689s] [01m[K/usr/include/eigen3/Eigen/src/Core/util/StaticAssert.h:33:54:[m[K [01;36m[Knote: [m[Kin definition of macro â€˜[01m[KEIGEN_STATIC_ASSERT[m[Kâ€™
[1.689s]    33 |     #define EIGEN_STATIC_ASSERT(X,MSG) static_assert([01;36m[KX[m[K,#MSG);
[1.689s]       |                                                      [01;36m[K^[m[K
[1.689s] [01m[K/usr/include/eigen3/Eigen/src/Core/Matrix.h:404:7:[m[K [01;36m[Knote: [m[Kin expansion of macro â€˜[01m[KEIGEN_STATIC_ASSERT_VECTOR_SPECIFIC_SIZE[m[Kâ€™
[1.689s]   404 |       [01;36m[KEIGEN_STATIC_ASSERT_VECTOR_SPECIFIC_SIZE[m[K(Matrix, 4)
[1.689s]       |       [01;36m[K^~~~~~~~~~~~~~~~~~~~~~~~~~~~~~~~~~~~~~~~[m[K
[2.250s] gmake[2]: *** [CMakeFiles/sst_tree.dir/build.make:76: CMakeFiles/sst_tree.dir/src/propagate_sst.cpp.o] Error 1
[2.250s] gmake[1]: *** [CMakeFiles/Makefile2:199: CMakeFiles/sst_tree.dir/all] Error 2
[2.250s] gmake: *** [Makefile:146: all] Error 2
[2.250s] Invoked command in '/home/hollis/cu/5254_final/build/amp_agents' returned '2': CMAKE_PREFIX_PATH=/home/hollis/cu/5254_final/install/amp_sim:/home/hollis/cu/5254_final/install/amp_msgs:/home/hollis/cu/5254_final/install/amp_viz:/home/hollis/cu/5254_final/install/amp_agents:/opt/ros/humble LD_LIBRARY_PATH=/home/hollis/cu/5254_final/install/amp_msgs/lib:/home/hollis/cu/5254_final/install/amp_viz/lib:/home/hollis/cu/5254_final/install/amp_sim/lib:/opt/ros/humble/opt/rviz_ogre_vendor/lib:/opt/ros/humble/lib/x86_64-linux-gnu:/opt/ros/humble/lib /usr/bin/cmake --build /home/hollis/cu/5254_final/build/amp_agents -- -j24 -l24
