[0.008s] Invoking command in '/home/hollis/cu/5254_final/build/amp_agents': CMAKE_PREFIX_PATH=/home/hollis/cu/5254_final/install/amp_sim:/home/hollis/cu/5254_final/install/amp_msgs:/home/hollis/cu/5254_final/install/amp_viz:/home/hollis/cu/5254_final/install/amp_agents:/opt/ros/humble LD_LIBRARY_PATH=/home/hollis/cu/5254_final/install/amp_msgs/lib:/home/hollis/cu/5254_final/install/amp_viz/lib:/home/hollis/cu/5254_final/install/amp_sim/lib:/opt/ros/humble/opt/rviz_ogre_vendor/lib:/opt/ros/humble/lib/x86_64-linux-gnu:/opt/ros/humble/lib /usr/bin/cmake --build /home/hollis/cu/5254_final/build/amp_agents -- -j24 -l24
[0.025s] -- Found ament_cmake: 1.3.12 (/opt/ros/humble/share/ament_cmake/cmake)
[0.101s] -- Found rclcpp: 16.0.15 (/opt/ros/humble/share/rclcpp/cmake)
[0.120s] -- Found rosidl_generator_c: 3.1.7 (/opt/ros/humble/share/rosidl_generator_c/cmake)
[0.122s] -- Found rosidl_adapter: 3.1.7 (/opt/ros/humble/share/rosidl_adapter/cmake)
[0.125s] -- Found rosidl_generator_cpp: 3.1.7 (/opt/ros/humble/share/rosidl_generator_cpp/cmake)
[0.133s] -- Using all available rosidl_typesupport_c: rosidl_typesupport_fastrtps_c;rosidl_typesupport_introspection_c
[0.140s] -- Using all available rosidl_typesupport_cpp: rosidl_typesupport_fastrtps_cpp;rosidl_typesupport_introspection_cpp
[0.159s] -- Found rmw_implementation_cmake: 6.1.2 (/opt/ros/humble/share/rmw_implementation_cmake/cmake)
[0.159s] -- Found rmw_fastrtps_cpp: 6.2.8 (/opt/ros/humble/share/rmw_fastrtps_cpp/cmake)
[0.220s] -- Using RMW implementation 'rmw_fastrtps_cpp' as default
[0.261s] -- Found geometry_msgs: 4.9.0 (/opt/ros/humble/share/geometry_msgs/cmake)
[0.269s] -- Found tf2: 0.25.16 (/opt/ros/humble/share/tf2/cmake)
[0.271s] -- Found tf2_ros: 0.25.16 (/opt/ros/humble/share/tf2_ros/cmake)
[0.316s] -- Found amp_msgs: 0.0.0 (/home/hollis/cu/5254_final/install/amp_msgs/share/amp_msgs/cmake)
[0.320s] -- Found amp_sim: 0.0.0 (/home/hollis/cu/5254_final/install/amp_sim/share/amp_sim/cmake)
[0.327s] -- Found ament_lint_auto: 0.12.14 (/opt/ros/humble/share/ament_lint_auto/cmake)
[0.365s] -- Added test 'cppcheck' to perform static code analysis on C / C++ code
[0.365s] -- Configured cppcheck include dirs: $<BUILD_INTERFACE:/home/hollis/cu/5254_final/src/amp_agents/include>
[0.365s] -- Configured cppcheck exclude dirs and/or files: 
[0.365s] -- Added test 'lint_cmake' to check CMake code style
[0.365s] -- Added test 'uncrustify' to check C / C++ code style
[0.366s] -- Configured uncrustify additional arguments: 
[0.366s] -- Added test 'xmllint' to check XML markup files
[0.366s] -- Configuring done
[0.378s] -- Generating done
[0.381s] -- Build files have been written to: /home/hollis/cu/5254_final/build/amp_agents
[0.399s] [35m[1mConsolidate compiler generated dependencies of target sst_tree[0m
[0.400s] [35m[1mConsolidate compiler generated dependencies of target tree_visualizer[0m
[0.408s] [ 25%] Built target sst_tree
[0.410s] [ 50%] Built target tree_visualizer
[0.415s] [35m[1mConsolidate compiler generated dependencies of target backend[0m
[0.432s] [ 75%] Built target backend
[0.439s] [35m[1mConsolidate compiler generated dependencies of target run[0m
[0.454s] [ 87%] [32m[1mLinking CXX executable run[0m
[0.488s] /usr/bin/ld: libbackend.a(agent_backend.cpp.o): in function `getYawQuat(double)':
[0.488s] agent_backend.cpp:(.text+0x69): multiple definition of `getYawQuat(double)'; CMakeFiles/run.dir/src/run_agent.cpp.o:run_agent.cpp:(.text+0x0): first defined here
[0.494s] /usr/bin/ld: libsst_tree.a(propagate_sst.cpp.o): in function `getYawQuat(double)':
[0.494s] propagate_sst.cpp:(.text+0x0): multiple definition of `getYawQuat(double)'; CMakeFiles/run.dir/src/run_agent.cpp.o:run_agent.cpp:(.text+0x0): first defined here
[0.494s] /usr/bin/ld: cannot find -ldynamic_object: No such file or directory
[0.495s] /usr/bin/ld: cannot find -lomni_agent: No such file or directory
[0.611s] collect2: error: ld returned 1 exit status
[0.612s] gmake[2]: *** [CMakeFiles/run.dir/build.make:210: run] Error 1
[0.612s] gmake[1]: *** [CMakeFiles/Makefile2:222: CMakeFiles/run.dir/all] Error 2
[0.612s] gmake: *** [Makefile:146: all] Error 2
[0.614s] Invoked command in '/home/hollis/cu/5254_final/build/amp_agents' returned '2': CMAKE_PREFIX_PATH=/home/hollis/cu/5254_final/install/amp_sim:/home/hollis/cu/5254_final/install/amp_msgs:/home/hollis/cu/5254_final/install/amp_viz:/home/hollis/cu/5254_final/install/amp_agents:/opt/ros/humble LD_LIBRARY_PATH=/home/hollis/cu/5254_final/install/amp_msgs/lib:/home/hollis/cu/5254_final/install/amp_viz/lib:/home/hollis/cu/5254_final/install/amp_sim/lib:/opt/ros/humble/opt/rviz_ogre_vendor/lib:/opt/ros/humble/lib/x86_64-linux-gnu:/opt/ros/humble/lib /usr/bin/cmake --build /home/hollis/cu/5254_final/build/amp_agents -- -j24 -l24
